[2024-11-27T10:23:01.719+0000] {local_task_job_runner.py:120} INFO - ::group::Pre task execution logs
[2024-11-27T10:23:01.727+0000] {taskinstance.py:2076} INFO - Dependencies all met for dep_context=non-requeueable deps ti=<TaskInstance: Weather_Realtime_Data_ETL.extract_weather_current_data scheduled__2024-11-27T09:30:00+00:00 [queued]>
[2024-11-27T10:23:01.732+0000] {taskinstance.py:2076} INFO - Dependencies all met for dep_context=requeueable deps ti=<TaskInstance: Weather_Realtime_Data_ETL.extract_weather_current_data scheduled__2024-11-27T09:30:00+00:00 [queued]>
[2024-11-27T10:23:01.733+0000] {taskinstance.py:2306} INFO - Starting attempt 1 of 2
[2024-11-27T10:23:01.739+0000] {taskinstance.py:2330} INFO - Executing <Task(_PythonDecoratedOperator): extract_weather_current_data> on 2024-11-27 09:30:00+00:00
[2024-11-27T10:23:01.746+0000] {logging_mixin.py:188} WARNING - /home/***/.local/lib/python3.12/site-packages/***/task/task_runner/standard_task_runner.py:61 DeprecationWarning: This process (pid=35207) is multi-threaded, use of fork() may lead to deadlocks in the child.
[2024-11-27T10:23:01.747+0000] {standard_task_runner.py:63} INFO - Started process 35211 to run task
[2024-11-27T10:23:01.746+0000] {standard_task_runner.py:90} INFO - Running: ['***', 'tasks', 'run', 'Weather_Realtime_Data_ETL', 'extract_weather_current_data', 'scheduled__2024-11-27T09:30:00+00:00', '--job-id', '328', '--raw', '--subdir', 'DAGS_FOLDER/ETL_weather_realtime.py', '--cfg-path', '/tmp/tmpog0fd3h1']
[2024-11-27T10:23:01.749+0000] {standard_task_runner.py:91} INFO - Job 328: Subtask extract_weather_current_data
[2024-11-27T10:23:01.780+0000] {task_command.py:426} INFO - Running <TaskInstance: Weather_Realtime_Data_ETL.extract_weather_current_data scheduled__2024-11-27T09:30:00+00:00 [running]> on host 5de3b6ca18a7
[2024-11-27T10:23:01.832+0000] {taskinstance.py:2648} INFO - Exporting env vars: AIRFLOW_CTX_DAG_EMAIL='shatayu.thakur@sjsu.edu' AIRFLOW_CTX_DAG_OWNER='Shatayu' AIRFLOW_CTX_DAG_ID='Weather_Realtime_Data_ETL' AIRFLOW_CTX_TASK_ID='extract_weather_current_data' AIRFLOW_CTX_EXECUTION_DATE='2024-11-27T09:30:00+00:00' AIRFLOW_CTX_TRY_NUMBER='1' AIRFLOW_CTX_DAG_RUN_ID='scheduled__2024-11-27T09:30:00+00:00'
[2024-11-27T10:23:01.833+0000] {taskinstance.py:430} INFO - ::endgroup::
[2024-11-27T10:23:02.032+0000] {logging_mixin.py:188} INFO - Raw Output in JSON {'location': {'name': 'Jersey City', 'region': 'New Jersey', 'country': 'United States of America', 'lat': 40.7281, 'lon': -74.0781, 'tz_id': 'America/New_York', 'localtime_epoch': 1732702950, 'localtime': '2024-11-27 05:22'}, 'current': {'last_updated_epoch': 1732702500, 'last_updated': '2024-11-27 05:15', 'temp_c': 3.3, 'temp_f': 37.9, 'is_day': 0, 'condition': {'text': 'Partly cloudy', 'icon': '//cdn.weatherapi.com/weather/64x64/night/116.png', 'code': 1003}, 'wind_mph': 6.5, 'wind_kph': 10.4, 'wind_degree': 263, 'wind_dir': 'W', 'pressure_mb': 1017.0, 'pressure_in': 30.02, 'precip_mm': 0.0, 'precip_in': 0.0, 'humidity': 70, 'cloud': 75, 'feelslike_c': 0.5, 'feelslike_f': 33.0, 'windchill_c': 2.8, 'windchill_f': 37.1, 'heatindex_c': 5.0, 'heatindex_f': 41.0, 'dewpoint_c': 2.4, 'dewpoint_f': 36.2, 'vis_km': 16.0, 'vis_miles': 9.0, 'uv': 0.0, 'gust_mph': 9.4, 'gust_kph': 15.1}}
[2024-11-27T10:23:02.034+0000] {logging_mixin.py:188} INFO - Current Data for Jersey City, New Jersey:
[2024-11-27T10:23:02.039+0000] {logging_mixin.py:188} INFO -         last_updated  temp_f  feelslike_f  humidity  precip_mm
0  2024-11-27 05:15    37.9         33.0        70        0.0
[2024-11-27T10:23:02.039+0000] {python.py:237} INFO - Done. Returned value was:        last_updated  temp_f  feelslike_f  humidity  precip_mm
0  2024-11-27 05:15    37.9         33.0        70        0.0
[2024-11-27T10:23:02.041+0000] {taskinstance.py:441} INFO - ::group::Post task execution logs
[2024-11-27T10:23:02.071+0000] {taskinstance.py:1206} INFO - Marking task as SUCCESS. dag_id=Weather_Realtime_Data_ETL, task_id=extract_weather_current_data, run_id=scheduled__2024-11-27T09:30:00+00:00, execution_date=20241127T093000, start_date=20241127T102301, end_date=20241127T102302
[2024-11-27T10:23:02.119+0000] {local_task_job_runner.py:240} INFO - Task exited with return code 0
[2024-11-27T10:23:02.133+0000] {taskinstance.py:3498} INFO - 1 downstream tasks scheduled from follow-on schedule check
[2024-11-27T10:23:02.134+0000] {local_task_job_runner.py:222} INFO - ::endgroup::
