[2024-11-27T20:00:00.875+0000] {local_task_job_runner.py:120} INFO - ::group::Pre task execution logs
[2024-11-27T20:00:00.883+0000] {taskinstance.py:2076} INFO - Dependencies all met for dep_context=non-requeueable deps ti=<TaskInstance: Weather_Realtime_Data_ETL.extract_weather_current_data scheduled__2024-11-27T19:30:00+00:00 [queued]>
[2024-11-27T20:00:00.887+0000] {taskinstance.py:2076} INFO - Dependencies all met for dep_context=requeueable deps ti=<TaskInstance: Weather_Realtime_Data_ETL.extract_weather_current_data scheduled__2024-11-27T19:30:00+00:00 [queued]>
[2024-11-27T20:00:00.887+0000] {taskinstance.py:2306} INFO - Starting attempt 1 of 2
[2024-11-27T20:00:00.892+0000] {taskinstance.py:2330} INFO - Executing <Task(_PythonDecoratedOperator): extract_weather_current_data> on 2024-11-27 19:30:00+00:00
[2024-11-27T20:00:00.900+0000] {logging_mixin.py:188} WARNING - /home/***/.local/lib/python3.12/site-packages/***/task/task_runner/standard_task_runner.py:61 DeprecationWarning: This process (pid=40329) is multi-threaded, use of fork() may lead to deadlocks in the child.
[2024-11-27T20:00:00.898+0000] {standard_task_runner.py:90} INFO - Running: ['***', 'tasks', 'run', 'Weather_Realtime_Data_ETL', 'extract_weather_current_data', 'scheduled__2024-11-27T19:30:00+00:00', '--job-id', '380', '--raw', '--subdir', 'DAGS_FOLDER/ETL_weather_realtime.py', '--cfg-path', '/tmp/tmpfbj_1_bi']
[2024-11-27T20:00:00.902+0000] {standard_task_runner.py:91} INFO - Job 380: Subtask extract_weather_current_data
[2024-11-27T20:00:00.902+0000] {standard_task_runner.py:63} INFO - Started process 40332 to run task
[2024-11-27T20:00:00.943+0000] {task_command.py:426} INFO - Running <TaskInstance: Weather_Realtime_Data_ETL.extract_weather_current_data scheduled__2024-11-27T19:30:00+00:00 [running]> on host 5de3b6ca18a7
[2024-11-27T20:00:01.016+0000] {taskinstance.py:2648} INFO - Exporting env vars: AIRFLOW_CTX_DAG_EMAIL='shatayu.thakur@sjsu.edu' AIRFLOW_CTX_DAG_OWNER='Shatayu' AIRFLOW_CTX_DAG_ID='Weather_Realtime_Data_ETL' AIRFLOW_CTX_TASK_ID='extract_weather_current_data' AIRFLOW_CTX_EXECUTION_DATE='2024-11-27T19:30:00+00:00' AIRFLOW_CTX_TRY_NUMBER='1' AIRFLOW_CTX_DAG_RUN_ID='scheduled__2024-11-27T19:30:00+00:00'
[2024-11-27T20:00:01.018+0000] {taskinstance.py:430} INFO - ::endgroup::
[2024-11-27T20:00:02.412+0000] {logging_mixin.py:188} INFO - Raw Output in JSON {'location': {'name': 'Jersey City', 'region': 'New Jersey', 'country': 'United States of America', 'lat': 40.7281, 'lon': -74.0781, 'tz_id': 'America/New_York', 'localtime_epoch': 1732736900, 'localtime': '2024-11-27 14:48'}, 'current': {'last_updated_epoch': 1732736700, 'last_updated': '2024-11-27 14:45', 'temp_c': 11.7, 'temp_f': 53.1, 'is_day': 1, 'condition': {'text': 'Partly cloudy', 'icon': '//cdn.weatherapi.com/weather/64x64/day/116.png', 'code': 1003}, 'wind_mph': 8.5, 'wind_kph': 13.7, 'wind_degree': 277, 'wind_dir': 'W', 'pressure_mb': 1016.0, 'pressure_in': 30.0, 'precip_mm': 0.0, 'precip_in': 0.0, 'humidity': 36, 'cloud': 75, 'feelslike_c': 10.2, 'feelslike_f': 50.3, 'windchill_c': 8.2, 'windchill_f': 46.7, 'heatindex_c': 9.8, 'heatindex_f': 49.6, 'dewpoint_c': 2.5, 'dewpoint_f': 36.6, 'vis_km': 16.0, 'vis_miles': 9.0, 'uv': 0.9, 'gust_mph': 10.0, 'gust_kph': 16.1}}
[2024-11-27T20:00:02.422+0000] {logging_mixin.py:188} INFO - Current Data for Jersey City, New Jersey:
[2024-11-27T20:00:02.438+0000] {logging_mixin.py:188} INFO -         last_updated  temp_f  feelslike_f  humidity  precip_mm
0  2024-11-27 14:45    53.1         50.3        36        0.0
[2024-11-27T20:00:02.439+0000] {python.py:237} INFO - Done. Returned value was:        last_updated  temp_f  feelslike_f  humidity  precip_mm
0  2024-11-27 14:45    53.1         50.3        36        0.0
[2024-11-27T20:00:02.443+0000] {taskinstance.py:441} INFO - ::group::Post task execution logs
[2024-11-27T20:00:02.489+0000] {taskinstance.py:1206} INFO - Marking task as SUCCESS. dag_id=Weather_Realtime_Data_ETL, task_id=extract_weather_current_data, run_id=scheduled__2024-11-27T19:30:00+00:00, execution_date=20241127T193000, start_date=20241127T200000, end_date=20241127T200002
[2024-11-27T20:00:02.510+0000] {local_task_job_runner.py:240} INFO - Task exited with return code 0
[2024-11-27T20:00:02.522+0000] {taskinstance.py:3498} INFO - 1 downstream tasks scheduled from follow-on schedule check
[2024-11-27T20:00:02.523+0000] {local_task_job_runner.py:222} INFO - ::endgroup::
