[2024-11-26T23:30:01.193+0000] {local_task_job_runner.py:120} INFO - ::group::Pre task execution logs
[2024-11-26T23:30:01.200+0000] {taskinstance.py:2076} INFO - Dependencies all met for dep_context=non-requeueable deps ti=<TaskInstance: Weather_Realtime_Data_ETL.extract_weather_current_data scheduled__2024-11-26T23:00:00+00:00 [queued]>
[2024-11-26T23:30:01.203+0000] {taskinstance.py:2076} INFO - Dependencies all met for dep_context=requeueable deps ti=<TaskInstance: Weather_Realtime_Data_ETL.extract_weather_current_data scheduled__2024-11-26T23:00:00+00:00 [queued]>
[2024-11-26T23:30:01.203+0000] {taskinstance.py:2306} INFO - Starting attempt 1 of 2
[2024-11-26T23:30:01.209+0000] {taskinstance.py:2330} INFO - Executing <Task(_PythonDecoratedOperator): extract_weather_current_data> on 2024-11-26 23:00:00+00:00
[2024-11-26T23:30:01.213+0000] {logging_mixin.py:188} WARNING - /home/***/.local/lib/python3.12/site-packages/***/task/task_runner/standard_task_runner.py:61 DeprecationWarning: This process (pid=24529) is multi-threaded, use of fork() may lead to deadlocks in the child.
[2024-11-26T23:30:01.214+0000] {standard_task_runner.py:63} INFO - Started process 24532 to run task
[2024-11-26T23:30:01.214+0000] {standard_task_runner.py:90} INFO - Running: ['***', 'tasks', 'run', 'Weather_Realtime_Data_ETL', 'extract_weather_current_data', 'scheduled__2024-11-26T23:00:00+00:00', '--job-id', '279', '--raw', '--subdir', 'DAGS_FOLDER/ETL_weather_realtime.py', '--cfg-path', '/tmp/tmplrjj8k1_']
[2024-11-26T23:30:01.215+0000] {standard_task_runner.py:91} INFO - Job 279: Subtask extract_weather_current_data
[2024-11-26T23:30:01.238+0000] {task_command.py:426} INFO - Running <TaskInstance: Weather_Realtime_Data_ETL.extract_weather_current_data scheduled__2024-11-26T23:00:00+00:00 [running]> on host 5de3b6ca18a7
[2024-11-26T23:30:01.287+0000] {taskinstance.py:2648} INFO - Exporting env vars: AIRFLOW_CTX_DAG_EMAIL='shatayu.thakur@sjsu.edu' AIRFLOW_CTX_DAG_OWNER='Shatayu' AIRFLOW_CTX_DAG_ID='Weather_Realtime_Data_ETL' AIRFLOW_CTX_TASK_ID='extract_weather_current_data' AIRFLOW_CTX_EXECUTION_DATE='2024-11-26T23:00:00+00:00' AIRFLOW_CTX_TRY_NUMBER='1' AIRFLOW_CTX_DAG_RUN_ID='scheduled__2024-11-26T23:00:00+00:00'
[2024-11-26T23:30:01.288+0000] {taskinstance.py:430} INFO - ::endgroup::
[2024-11-26T23:30:01.837+0000] {logging_mixin.py:188} INFO - Raw Output in JSON {'location': {'name': 'Jersey City', 'region': 'New Jersey', 'country': 'United States of America', 'lat': 40.7281, 'lon': -74.0781, 'tz_id': 'America/New_York', 'localtime_epoch': 1732663771, 'localtime': '2024-11-26 18:29'}, 'current': {'last_updated_epoch': 1732662900, 'last_updated': '2024-11-26 18:15', 'temp_c': 13.3, 'temp_f': 55.9, 'is_day': 0, 'condition': {'text': 'Partly cloudy', 'icon': '//cdn.weatherapi.com/weather/64x64/night/116.png', 'code': 1003}, 'wind_mph': 10.1, 'wind_kph': 16.2, 'wind_degree': 314, 'wind_dir': 'NW', 'pressure_mb': 1013.0, 'pressure_in': 29.91, 'precip_mm': 0.0, 'precip_in': 0.0, 'humidity': 47, 'cloud': 25, 'feelslike_c': 11.9, 'feelslike_f': 53.4, 'windchill_c': 11.0, 'windchill_f': 51.8, 'heatindex_c': 12.7, 'heatindex_f': 54.8, 'dewpoint_c': 6.1, 'dewpoint_f': 43.0, 'vis_km': 16.0, 'vis_miles': 9.0, 'uv': 0.0, 'gust_mph': 14.8, 'gust_kph': 23.8}}
[2024-11-26T23:30:01.845+0000] {logging_mixin.py:188} INFO - Current Data for Jersey City, New Jersey:
[2024-11-26T23:30:01.855+0000] {logging_mixin.py:188} INFO -         last_updated  temp_f  feelslike_f  humidity  precip_mm
0  2024-11-26 18:15    55.9         53.4        47        0.0
[2024-11-26T23:30:01.856+0000] {python.py:237} INFO - Done. Returned value was:        last_updated  temp_f  feelslike_f  humidity  precip_mm
0  2024-11-26 18:15    55.9         53.4        47        0.0
[2024-11-26T23:30:01.860+0000] {taskinstance.py:441} INFO - ::group::Post task execution logs
[2024-11-26T23:30:01.905+0000] {taskinstance.py:1206} INFO - Marking task as SUCCESS. dag_id=Weather_Realtime_Data_ETL, task_id=extract_weather_current_data, run_id=scheduled__2024-11-26T23:00:00+00:00, execution_date=20241126T230000, start_date=20241126T233001, end_date=20241126T233001
[2024-11-26T23:30:01.924+0000] {local_task_job_runner.py:240} INFO - Task exited with return code 0
[2024-11-26T23:30:01.936+0000] {taskinstance.py:3498} INFO - 1 downstream tasks scheduled from follow-on schedule check
[2024-11-26T23:30:01.937+0000] {local_task_job_runner.py:222} INFO - ::endgroup::
