[2024-12-05T17:26:56.009+0000] {local_task_job_runner.py:120} INFO - ::group::Pre task execution logs
[2024-12-05T17:26:56.026+0000] {taskinstance.py:2076} INFO - Dependencies all met for dep_context=non-requeueable deps ti=<TaskInstance: Citibike_Hist_Data_ETL.extract_citibike_data scheduled__2024-12-03T21:30:00+00:00 [queued]>
[2024-12-05T17:26:56.032+0000] {taskinstance.py:2076} INFO - Dependencies all met for dep_context=requeueable deps ti=<TaskInstance: Citibike_Hist_Data_ETL.extract_citibike_data scheduled__2024-12-03T21:30:00+00:00 [queued]>
[2024-12-05T17:26:56.032+0000] {taskinstance.py:2306} INFO - Starting attempt 1 of 2
[2024-12-05T17:26:56.041+0000] {taskinstance.py:2330} INFO - Executing <Task(_PythonDecoratedOperator): extract_citibike_data> on 2024-12-03 21:30:00+00:00
[2024-12-05T17:26:56.052+0000] {standard_task_runner.py:90} INFO - Running: ['***', 'tasks', 'run', 'Citibike_Hist_Data_ETL', 'extract_citibike_data', 'scheduled__2024-12-03T21:30:00+00:00', '--job-id', '439', '--raw', '--subdir', 'DAGS_FOLDER/ETL_citibike.py', '--cfg-path', '/tmp/tmpvfflwmn6']
[2024-12-05T17:26:56.055+0000] {standard_task_runner.py:91} INFO - Job 439: Subtask extract_citibike_data
[2024-12-05T17:26:56.054+0000] {logging_mixin.py:188} WARNING - /home/***/.local/lib/python3.12/site-packages/***/task/task_runner/standard_task_runner.py:61 DeprecationWarning: This process (pid=194) is multi-threaded, use of fork() may lead to deadlocks in the child.
[2024-12-05T17:26:56.058+0000] {standard_task_runner.py:63} INFO - Started process 210 to run task
[2024-12-05T17:26:56.097+0000] {task_command.py:426} INFO - Running <TaskInstance: Citibike_Hist_Data_ETL.extract_citibike_data scheduled__2024-12-03T21:30:00+00:00 [running]> on host 5de3b6ca18a7
[2024-12-05T17:26:56.168+0000] {taskinstance.py:2648} INFO - Exporting env vars: AIRFLOW_CTX_DAG_EMAIL='shatayu.thakur@sjsu.edu' AIRFLOW_CTX_DAG_OWNER='Shatayu' AIRFLOW_CTX_DAG_ID='Citibike_Hist_Data_ETL' AIRFLOW_CTX_TASK_ID='extract_citibike_data' AIRFLOW_CTX_EXECUTION_DATE='2024-12-03T21:30:00+00:00' AIRFLOW_CTX_TRY_NUMBER='1' AIRFLOW_CTX_DAG_RUN_ID='scheduled__2024-12-03T21:30:00+00:00'
[2024-12-05T17:26:56.170+0000] {taskinstance.py:430} INFO - ::endgroup::
[2024-12-05T17:26:56.170+0000] {logging_mixin.py:188} INFO - Fetching citibike ride data from 2021-10 to 2024-10
[2024-12-05T17:26:57.295+0000] {logging_mixin.py:188} INFO - Successfully processed: JC-202110-citibike-tripdata.csv
[2024-12-05T17:26:58.124+0000] {logging_mixin.py:188} INFO - Successfully processed: JC-202111-citibike-tripdata.csv
[2024-12-05T17:26:58.969+0000] {logging_mixin.py:188} INFO - Successfully processed: JC-202112-citibike-tripdata.csv
[2024-12-05T17:26:59.661+0000] {logging_mixin.py:188} INFO - Successfully processed: JC-202201-citibike-tripdata.csv
[2024-12-05T17:27:00.503+0000] {logging_mixin.py:188} INFO - Successfully processed: JC-202202-citibike-tripdata.csv
[2024-12-05T17:27:01.385+0000] {logging_mixin.py:188} INFO - Successfully processed: JC-202203-citibike-tripdata.csv
[2024-12-05T17:27:02.453+0000] {logging_mixin.py:188} INFO - Successfully processed: JC-202204-citibike-tripdata.csv
[2024-12-05T17:27:03.589+0000] {logging_mixin.py:188} INFO - Successfully processed: JC-202205-citibike-tripdata.csv
[2024-12-05T17:27:04.619+0000] {logging_mixin.py:188} INFO - Successfully processed: JC-202206-citibike-tripdata.csv
[2024-12-05T17:27:05.777+0000] {logging_mixin.py:188} INFO - Successfully processed: JC-202207-citbike-tripdata.csv
[2024-12-05T17:27:06.977+0000] {logging_mixin.py:188} INFO - Successfully processed: JC-202208-citibike-tripdata.csv
[2024-12-05T17:27:08.147+0000] {logging_mixin.py:188} INFO - Successfully processed: JC-202209-citibike-tripdata.csv
[2024-12-05T17:27:09.338+0000] {logging_mixin.py:188} INFO - Successfully processed: JC-202210-citibike-tripdata.csv
[2024-12-05T17:27:10.372+0000] {logging_mixin.py:188} INFO - Successfully processed: JC-202211-citibike-tripdata.csv
[2024-12-05T17:27:11.226+0000] {logging_mixin.py:188} INFO - Successfully processed: JC-202212-citibike-tripdata.csv
[2024-12-05T17:27:12.158+0000] {logging_mixin.py:188} INFO - Successfully processed: JC-202301-citibike-tripdata.csv
[2024-12-05T17:27:13.033+0000] {logging_mixin.py:188} INFO - Successfully processed: JC-202302-citibike-tripdata.csv
[2024-12-05T17:27:13.956+0000] {logging_mixin.py:188} INFO - Successfully processed: JC-202303-citibike-tripdata.csv
[2024-12-05T17:27:14.990+0000] {logging_mixin.py:188} INFO - Successfully processed: JC-202304-citibike-tripdata.csv
[2024-12-05T17:27:16.106+0000] {logging_mixin.py:188} INFO - Successfully processed: JC-202305-citibike-tripdata.csv
[2024-12-05T17:27:22.213+0000] {logging_mixin.py:188} INFO - Successfully processed: JC-202306-citibike-tripdata.csv
[2024-12-05T17:27:23.393+0000] {logging_mixin.py:188} INFO - Successfully processed: JC-202307-citibike-tripdata.csv
[2024-12-05T17:27:24.618+0000] {logging_mixin.py:188} INFO - Successfully processed: JC-202308-citibike-tripdata.csv
[2024-12-05T17:27:25.765+0000] {logging_mixin.py:188} INFO - Successfully processed: JC-202309-citibike-tripdata.csv
[2024-12-05T17:27:31.978+0000] {logging_mixin.py:188} INFO - Successfully processed: JC-202310-citibike-tripdata.csv
[2024-12-05T17:27:33.141+0000] {logging_mixin.py:188} INFO - Successfully processed: JC-202311-citibike-tripdata.csv
[2024-12-05T17:27:34.173+0000] {logging_mixin.py:188} INFO - Successfully processed: JC-202312-citibike-tripdata.csv
[2024-12-05T17:27:35.143+0000] {logging_mixin.py:188} INFO - Successfully processed: JC-202401-citibike-tripdata.csv
[2024-12-05T17:27:36.063+0000] {logging_mixin.py:188} INFO - Successfully processed: JC-202402-citibike-tripdata.csv
[2024-12-05T17:27:37.053+0000] {logging_mixin.py:188} INFO - Successfully processed: JC-202403-citibike-tripdata.csv
[2024-12-05T17:27:38.117+0000] {logging_mixin.py:188} INFO - Successfully processed: JC-202404-citibike-tripdata.csv
[2024-12-05T17:27:39.380+0000] {logging_mixin.py:188} INFO - Successfully processed: JC-202405-citibike-tripdata.csv
[2024-12-05T17:27:40.585+0000] {logging_mixin.py:188} INFO - Successfully processed: JC-202406-citibike-tripdata.csv
[2024-12-05T17:27:41.784+0000] {logging_mixin.py:188} INFO - Successfully processed: JC-202407-citibike-tripdata.csv
[2024-12-05T17:27:42.920+0000] {logging_mixin.py:188} INFO - Successfully processed: JC-202408-citibike-tripdata.csv
[2024-12-05T17:27:44.243+0000] {logging_mixin.py:188} INFO - Successfully processed: JC-202409-citibike-tripdata.csv
[2024-12-05T17:27:45.468+0000] {logging_mixin.py:188} INFO - Successfully processed: JC-202410-citibike-tripdata.csv
[2024-12-05T17:28:00.745+0000] {python.py:237} INFO - Done. Returned value was: /opt/***/temp_store_proj/extracted_data.csv
[2024-12-05T17:28:00.747+0000] {taskinstance.py:441} INFO - ::group::Post task execution logs
[2024-12-05T17:28:00.777+0000] {taskinstance.py:1206} INFO - Marking task as SUCCESS. dag_id=Citibike_Hist_Data_ETL, task_id=extract_citibike_data, run_id=scheduled__2024-12-03T21:30:00+00:00, execution_date=20241203T213000, start_date=20241205T172656, end_date=20241205T172800
[2024-12-05T17:28:00.834+0000] {local_task_job_runner.py:240} INFO - Task exited with return code 0
[2024-12-05T17:28:00.863+0000] {taskinstance.py:3498} INFO - 1 downstream tasks scheduled from follow-on schedule check
[2024-12-05T17:28:00.864+0000] {local_task_job_runner.py:222} INFO - ::endgroup::
