[2024-12-05T19:59:40.587+0000] {processor.py:161} INFO - Started process (PID=1381) to work on /opt/airflow/dags/ELT_metrics.py
[2024-12-05T19:59:40.588+0000] {processor.py:830} INFO - Processing file /opt/airflow/dags/ELT_metrics.py for tasks to queue
[2024-12-05T19:59:40.590+0000] {logging_mixin.py:188} INFO - [2024-12-05T19:59:40.589+0000] {dagbag.py:545} INFO - Filling up the DagBag from /opt/airflow/dags/ELT_metrics.py
[2024-12-05T19:59:40.603+0000] {logging_mixin.py:188} INFO - [2024-12-05T19:59:40.603+0000] {base.py:84} INFO - Using connection ID 'snowflake_conn' for task execution.
[2024-12-05T19:59:40.606+0000] {processor.py:840} INFO - DAG(s) 'ELT_dbt' retrieved from /opt/airflow/dags/ELT_metrics.py
[2024-12-05T19:59:40.668+0000] {logging_mixin.py:188} INFO - [2024-12-05T19:59:40.667+0000] {override.py:1829} INFO - Created Permission View: can delete on DAG:ELT_dbt
[2024-12-05T19:59:40.674+0000] {logging_mixin.py:188} INFO - [2024-12-05T19:59:40.674+0000] {override.py:1829} INFO - Created Permission View: can edit on DAG:ELT_dbt
[2024-12-05T19:59:40.678+0000] {logging_mixin.py:188} INFO - [2024-12-05T19:59:40.678+0000] {override.py:1829} INFO - Created Permission View: can read on DAG:ELT_dbt
[2024-12-05T19:59:40.678+0000] {logging_mixin.py:188} INFO - [2024-12-05T19:59:40.678+0000] {dag.py:3096} INFO - Sync 1 DAGs
[2024-12-05T19:59:40.686+0000] {logging_mixin.py:188} INFO - [2024-12-05T19:59:40.685+0000] {dag.py:3118} INFO - Creating ORM DAG for ELT_dbt
[2024-12-05T19:59:40.686+0000] {logging_mixin.py:188} INFO - [2024-12-05T19:59:40.686+0000] {dag.py:3954} INFO - Setting next_dagrun for ELT_dbt to None, run_after=None
[2024-12-05T19:59:40.696+0000] {processor.py:183} INFO - Processing /opt/airflow/dags/ELT_metrics.py took 0.113 seconds
[2024-12-05T20:00:11.044+0000] {processor.py:161} INFO - Started process (PID=1434) to work on /opt/airflow/dags/ELT_metrics.py
[2024-12-05T20:00:11.045+0000] {processor.py:830} INFO - Processing file /opt/airflow/dags/ELT_metrics.py for tasks to queue
[2024-12-05T20:00:11.048+0000] {logging_mixin.py:188} INFO - [2024-12-05T20:00:11.047+0000] {dagbag.py:545} INFO - Filling up the DagBag from /opt/airflow/dags/ELT_metrics.py
[2024-12-05T20:00:11.072+0000] {logging_mixin.py:188} INFO - [2024-12-05T20:00:11.071+0000] {base.py:84} INFO - Using connection ID 'snowflake_conn' for task execution.
[2024-12-05T20:00:11.079+0000] {processor.py:840} INFO - DAG(s) 'ELT_dbt' retrieved from /opt/airflow/dags/ELT_metrics.py
[2024-12-05T20:00:11.090+0000] {logging_mixin.py:188} INFO - [2024-12-05T20:00:11.090+0000] {dag.py:3096} INFO - Sync 1 DAGs
[2024-12-05T20:00:11.097+0000] {logging_mixin.py:188} INFO - [2024-12-05T20:00:11.097+0000] {dag.py:3954} INFO - Setting next_dagrun for ELT_dbt to None, run_after=None
[2024-12-05T20:00:11.107+0000] {processor.py:183} INFO - Processing /opt/airflow/dags/ELT_metrics.py took 0.069 seconds
[2024-12-05T20:00:41.504+0000] {processor.py:161} INFO - Started process (PID=1460) to work on /opt/airflow/dags/ELT_metrics.py
[2024-12-05T20:00:41.505+0000] {processor.py:830} INFO - Processing file /opt/airflow/dags/ELT_metrics.py for tasks to queue
[2024-12-05T20:00:41.507+0000] {logging_mixin.py:188} INFO - [2024-12-05T20:00:41.507+0000] {dagbag.py:545} INFO - Filling up the DagBag from /opt/airflow/dags/ELT_metrics.py
[2024-12-05T20:00:41.526+0000] {logging_mixin.py:188} INFO - [2024-12-05T20:00:41.526+0000] {base.py:84} INFO - Using connection ID 'snowflake_conn' for task execution.
[2024-12-05T20:00:41.532+0000] {processor.py:840} INFO - DAG(s) 'ELT_dbt' retrieved from /opt/airflow/dags/ELT_metrics.py
[2024-12-05T20:00:41.541+0000] {logging_mixin.py:188} INFO - [2024-12-05T20:00:41.541+0000] {dag.py:3096} INFO - Sync 1 DAGs
[2024-12-05T20:00:41.547+0000] {logging_mixin.py:188} INFO - [2024-12-05T20:00:41.547+0000] {dag.py:3954} INFO - Setting next_dagrun for ELT_dbt to None, run_after=None
[2024-12-05T20:00:41.554+0000] {processor.py:183} INFO - Processing /opt/airflow/dags/ELT_metrics.py took 0.057 seconds
[2024-12-05T20:00:47.582+0000] {processor.py:161} INFO - Started process (PID=1465) to work on /opt/airflow/dags/ELT_metrics.py
[2024-12-05T20:00:47.584+0000] {processor.py:830} INFO - Processing file /opt/airflow/dags/ELT_metrics.py for tasks to queue
[2024-12-05T20:00:47.586+0000] {logging_mixin.py:188} INFO - [2024-12-05T20:00:47.586+0000] {dagbag.py:545} INFO - Filling up the DagBag from /opt/airflow/dags/ELT_metrics.py
[2024-12-05T20:00:47.592+0000] {logging_mixin.py:188} INFO - [2024-12-05T20:00:47.591+0000] {dagbag.py:355} ERROR - Failed to import: /opt/airflow/dags/ELT_metrics.py
Traceback (most recent call last):
  File "/home/airflow/.local/lib/python3.12/site-packages/airflow/models/dagbag.py", line 351, in parse
    loader.exec_module(new_module)
  File "<frozen importlib._bootstrap_external>", line 991, in exec_module
  File "<frozen importlib._bootstrap_external>", line 1129, in get_code
  File "<frozen importlib._bootstrap_external>", line 1059, in source_to_code
  File "<frozen importlib._bootstrap>", line 488, in _call_with_frames_removed
  File "/opt/airflow/dags/ELT_metrics.py", line 27
    default_args={
    ^
SyntaxError: keyword argument repeated: default_args
[2024-12-05T20:00:47.593+0000] {processor.py:842} WARNING - No viable dags retrieved from /opt/airflow/dags/ELT_metrics.py
[2024-12-05T20:00:47.617+0000] {processor.py:183} INFO - Processing /opt/airflow/dags/ELT_metrics.py took 0.042 seconds
[2024-12-05T20:00:52.683+0000] {processor.py:161} INFO - Started process (PID=1470) to work on /opt/airflow/dags/ELT_metrics.py
[2024-12-05T20:00:52.684+0000] {processor.py:830} INFO - Processing file /opt/airflow/dags/ELT_metrics.py for tasks to queue
[2024-12-05T20:00:52.686+0000] {logging_mixin.py:188} INFO - [2024-12-05T20:00:52.686+0000] {dagbag.py:545} INFO - Filling up the DagBag from /opt/airflow/dags/ELT_metrics.py
[2024-12-05T20:00:52.706+0000] {logging_mixin.py:188} INFO - [2024-12-05T20:00:52.706+0000] {base.py:84} INFO - Using connection ID 'snowflake_conn' for task execution.
[2024-12-05T20:00:52.711+0000] {processor.py:840} INFO - DAG(s) 'ELT_dbt' retrieved from /opt/airflow/dags/ELT_metrics.py
[2024-12-05T20:00:52.755+0000] {logging_mixin.py:188} INFO - [2024-12-05T20:00:52.755+0000] {dag.py:3096} INFO - Sync 1 DAGs
[2024-12-05T20:00:52.760+0000] {logging_mixin.py:188} INFO - [2024-12-05T20:00:52.759+0000] {dag.py:3954} INFO - Setting next_dagrun for ELT_dbt to None, run_after=None
[2024-12-05T20:00:52.770+0000] {processor.py:183} INFO - Processing /opt/airflow/dags/ELT_metrics.py took 0.094 seconds
[2024-12-05T20:01:23.166+0000] {processor.py:161} INFO - Started process (PID=1496) to work on /opt/airflow/dags/ELT_metrics.py
[2024-12-05T20:01:23.166+0000] {processor.py:830} INFO - Processing file /opt/airflow/dags/ELT_metrics.py for tasks to queue
[2024-12-05T20:01:23.168+0000] {logging_mixin.py:188} INFO - [2024-12-05T20:01:23.167+0000] {dagbag.py:545} INFO - Filling up the DagBag from /opt/airflow/dags/ELT_metrics.py
[2024-12-05T20:01:23.181+0000] {logging_mixin.py:188} INFO - [2024-12-05T20:01:23.181+0000] {base.py:84} INFO - Using connection ID 'snowflake_conn' for task execution.
[2024-12-05T20:01:23.185+0000] {processor.py:840} INFO - DAG(s) 'ELT_dbt' retrieved from /opt/airflow/dags/ELT_metrics.py
[2024-12-05T20:01:23.193+0000] {logging_mixin.py:188} INFO - [2024-12-05T20:01:23.193+0000] {dag.py:3096} INFO - Sync 1 DAGs
[2024-12-05T20:01:23.200+0000] {logging_mixin.py:188} INFO - [2024-12-05T20:01:23.200+0000] {dag.py:3954} INFO - Setting next_dagrun for ELT_dbt to None, run_after=None
[2024-12-05T20:01:23.210+0000] {processor.py:183} INFO - Processing /opt/airflow/dags/ELT_metrics.py took 0.047 seconds
[2024-12-05T20:01:53.656+0000] {processor.py:161} INFO - Started process (PID=1522) to work on /opt/airflow/dags/ELT_metrics.py
[2024-12-05T20:01:53.657+0000] {processor.py:830} INFO - Processing file /opt/airflow/dags/ELT_metrics.py for tasks to queue
[2024-12-05T20:01:53.659+0000] {logging_mixin.py:188} INFO - [2024-12-05T20:01:53.658+0000] {dagbag.py:545} INFO - Filling up the DagBag from /opt/airflow/dags/ELT_metrics.py
[2024-12-05T20:01:53.675+0000] {logging_mixin.py:188} INFO - [2024-12-05T20:01:53.675+0000] {base.py:84} INFO - Using connection ID 'snowflake_conn' for task execution.
[2024-12-05T20:01:53.681+0000] {processor.py:840} INFO - DAG(s) 'ELT_dbt' retrieved from /opt/airflow/dags/ELT_metrics.py
[2024-12-05T20:01:53.693+0000] {logging_mixin.py:188} INFO - [2024-12-05T20:01:53.693+0000] {dag.py:3096} INFO - Sync 1 DAGs
[2024-12-05T20:01:53.700+0000] {logging_mixin.py:188} INFO - [2024-12-05T20:01:53.700+0000] {dag.py:3954} INFO - Setting next_dagrun for ELT_dbt to None, run_after=None
[2024-12-05T20:01:53.709+0000] {processor.py:183} INFO - Processing /opt/airflow/dags/ELT_metrics.py took 0.059 seconds
[2024-12-05T20:02:24.149+0000] {processor.py:161} INFO - Started process (PID=1556) to work on /opt/airflow/dags/ELT_metrics.py
[2024-12-05T20:02:24.150+0000] {processor.py:830} INFO - Processing file /opt/airflow/dags/ELT_metrics.py for tasks to queue
[2024-12-05T20:02:24.151+0000] {logging_mixin.py:188} INFO - [2024-12-05T20:02:24.151+0000] {dagbag.py:545} INFO - Filling up the DagBag from /opt/airflow/dags/ELT_metrics.py
[2024-12-05T20:02:24.166+0000] {logging_mixin.py:188} INFO - [2024-12-05T20:02:24.166+0000] {base.py:84} INFO - Using connection ID 'snowflake_conn' for task execution.
[2024-12-05T20:02:24.170+0000] {processor.py:840} INFO - DAG(s) 'ELT_dbt' retrieved from /opt/airflow/dags/ELT_metrics.py
[2024-12-05T20:02:24.181+0000] {logging_mixin.py:188} INFO - [2024-12-05T20:02:24.181+0000] {dag.py:3096} INFO - Sync 1 DAGs
[2024-12-05T20:02:24.188+0000] {logging_mixin.py:188} INFO - [2024-12-05T20:02:24.188+0000] {dag.py:3954} INFO - Setting next_dagrun for ELT_dbt to None, run_after=None
[2024-12-05T20:02:24.199+0000] {processor.py:183} INFO - Processing /opt/airflow/dags/ELT_metrics.py took 0.055 seconds
[2024-12-05T20:02:49.519+0000] {processor.py:161} INFO - Started process (PID=1579) to work on /opt/airflow/dags/ELT_metrics.py
[2024-12-05T20:02:49.520+0000] {processor.py:830} INFO - Processing file /opt/airflow/dags/ELT_metrics.py for tasks to queue
[2024-12-05T20:02:49.521+0000] {logging_mixin.py:188} INFO - [2024-12-05T20:02:49.520+0000] {dagbag.py:545} INFO - Filling up the DagBag from /opt/airflow/dags/ELT_metrics.py
[2024-12-05T20:02:49.533+0000] {logging_mixin.py:188} INFO - [2024-12-05T20:02:49.533+0000] {base.py:84} INFO - Using connection ID 'snowflake_conn' for task execution.
[2024-12-05T20:02:49.538+0000] {processor.py:840} INFO - DAG(s) 'ELT_dbt' retrieved from /opt/airflow/dags/ELT_metrics.py
[2024-12-05T20:02:49.590+0000] {logging_mixin.py:188} INFO - [2024-12-05T20:02:49.590+0000] {dag.py:3096} INFO - Sync 1 DAGs
[2024-12-05T20:02:49.595+0000] {logging_mixin.py:188} INFO - [2024-12-05T20:02:49.595+0000] {dag.py:3954} INFO - Setting next_dagrun for ELT_dbt to None, run_after=None
[2024-12-05T20:02:49.606+0000] {processor.py:183} INFO - Processing /opt/airflow/dags/ELT_metrics.py took 0.090 seconds
[2024-12-05T20:03:19.949+0000] {processor.py:161} INFO - Started process (PID=1637) to work on /opt/airflow/dags/ELT_metrics.py
[2024-12-05T20:03:19.950+0000] {processor.py:830} INFO - Processing file /opt/airflow/dags/ELT_metrics.py for tasks to queue
[2024-12-05T20:03:19.952+0000] {logging_mixin.py:188} INFO - [2024-12-05T20:03:19.951+0000] {dagbag.py:545} INFO - Filling up the DagBag from /opt/airflow/dags/ELT_metrics.py
[2024-12-05T20:03:19.963+0000] {logging_mixin.py:188} INFO - [2024-12-05T20:03:19.963+0000] {base.py:84} INFO - Using connection ID 'snowflake_conn' for task execution.
[2024-12-05T20:03:19.968+0000] {processor.py:840} INFO - DAG(s) 'ELT_dbt' retrieved from /opt/airflow/dags/ELT_metrics.py
[2024-12-05T20:03:19.977+0000] {logging_mixin.py:188} INFO - [2024-12-05T20:03:19.977+0000] {dag.py:3096} INFO - Sync 1 DAGs
[2024-12-05T20:03:19.985+0000] {logging_mixin.py:188} INFO - [2024-12-05T20:03:19.985+0000] {dag.py:3954} INFO - Setting next_dagrun for ELT_dbt to None, run_after=None
[2024-12-05T20:03:19.993+0000] {processor.py:183} INFO - Processing /opt/airflow/dags/ELT_metrics.py took 0.049 seconds
[2024-12-05T20:03:50.398+0000] {processor.py:161} INFO - Started process (PID=1663) to work on /opt/airflow/dags/ELT_metrics.py
[2024-12-05T20:03:50.399+0000] {processor.py:830} INFO - Processing file /opt/airflow/dags/ELT_metrics.py for tasks to queue
[2024-12-05T20:03:50.401+0000] {logging_mixin.py:188} INFO - [2024-12-05T20:03:50.401+0000] {dagbag.py:545} INFO - Filling up the DagBag from /opt/airflow/dags/ELT_metrics.py
[2024-12-05T20:03:50.415+0000] {logging_mixin.py:188} INFO - [2024-12-05T20:03:50.415+0000] {base.py:84} INFO - Using connection ID 'snowflake_conn' for task execution.
[2024-12-05T20:03:50.420+0000] {processor.py:840} INFO - DAG(s) 'ELT_dbt' retrieved from /opt/airflow/dags/ELT_metrics.py
[2024-12-05T20:03:50.430+0000] {logging_mixin.py:188} INFO - [2024-12-05T20:03:50.430+0000] {dag.py:3096} INFO - Sync 1 DAGs
[2024-12-05T20:03:50.439+0000] {logging_mixin.py:188} INFO - [2024-12-05T20:03:50.438+0000] {dag.py:3954} INFO - Setting next_dagrun for ELT_dbt to None, run_after=None
[2024-12-05T20:03:50.449+0000] {processor.py:183} INFO - Processing /opt/airflow/dags/ELT_metrics.py took 0.055 seconds
[2024-12-05T20:04:20.870+0000] {processor.py:161} INFO - Started process (PID=1689) to work on /opt/airflow/dags/ELT_metrics.py
[2024-12-05T20:04:20.871+0000] {processor.py:830} INFO - Processing file /opt/airflow/dags/ELT_metrics.py for tasks to queue
[2024-12-05T20:04:20.874+0000] {logging_mixin.py:188} INFO - [2024-12-05T20:04:20.873+0000] {dagbag.py:545} INFO - Filling up the DagBag from /opt/airflow/dags/ELT_metrics.py
[2024-12-05T20:04:20.892+0000] {logging_mixin.py:188} INFO - [2024-12-05T20:04:20.892+0000] {base.py:84} INFO - Using connection ID 'snowflake_conn' for task execution.
[2024-12-05T20:04:20.898+0000] {processor.py:840} INFO - DAG(s) 'ELT_dbt' retrieved from /opt/airflow/dags/ELT_metrics.py
[2024-12-05T20:04:20.908+0000] {logging_mixin.py:188} INFO - [2024-12-05T20:04:20.908+0000] {dag.py:3096} INFO - Sync 1 DAGs
[2024-12-05T20:04:20.914+0000] {logging_mixin.py:188} INFO - [2024-12-05T20:04:20.914+0000] {dag.py:3954} INFO - Setting next_dagrun for ELT_dbt to None, run_after=None
[2024-12-05T20:04:20.923+0000] {processor.py:183} INFO - Processing /opt/airflow/dags/ELT_metrics.py took 0.061 seconds
[2024-12-05T20:04:51.351+0000] {processor.py:161} INFO - Started process (PID=1715) to work on /opt/airflow/dags/ELT_metrics.py
[2024-12-05T20:04:51.352+0000] {processor.py:830} INFO - Processing file /opt/airflow/dags/ELT_metrics.py for tasks to queue
[2024-12-05T20:04:51.354+0000] {logging_mixin.py:188} INFO - [2024-12-05T20:04:51.354+0000] {dagbag.py:545} INFO - Filling up the DagBag from /opt/airflow/dags/ELT_metrics.py
[2024-12-05T20:04:51.373+0000] {logging_mixin.py:188} INFO - [2024-12-05T20:04:51.372+0000] {base.py:84} INFO - Using connection ID 'snowflake_conn' for task execution.
[2024-12-05T20:04:51.379+0000] {processor.py:840} INFO - DAG(s) 'ELT_dbt' retrieved from /opt/airflow/dags/ELT_metrics.py
[2024-12-05T20:04:51.389+0000] {logging_mixin.py:188} INFO - [2024-12-05T20:04:51.388+0000] {dag.py:3096} INFO - Sync 1 DAGs
[2024-12-05T20:04:51.394+0000] {logging_mixin.py:188} INFO - [2024-12-05T20:04:51.394+0000] {dag.py:3954} INFO - Setting next_dagrun for ELT_dbt to None, run_after=None
[2024-12-05T20:04:51.403+0000] {processor.py:183} INFO - Processing /opt/airflow/dags/ELT_metrics.py took 0.059 seconds
[2024-12-05T20:05:21.798+0000] {processor.py:161} INFO - Started process (PID=1741) to work on /opt/airflow/dags/ELT_metrics.py
[2024-12-05T20:05:21.798+0000] {processor.py:830} INFO - Processing file /opt/airflow/dags/ELT_metrics.py for tasks to queue
[2024-12-05T20:05:21.800+0000] {logging_mixin.py:188} INFO - [2024-12-05T20:05:21.800+0000] {dagbag.py:545} INFO - Filling up the DagBag from /opt/airflow/dags/ELT_metrics.py
[2024-12-05T20:05:21.815+0000] {logging_mixin.py:188} INFO - [2024-12-05T20:05:21.815+0000] {base.py:84} INFO - Using connection ID 'snowflake_conn' for task execution.
[2024-12-05T20:05:21.819+0000] {processor.py:840} INFO - DAG(s) 'ELT_dbt' retrieved from /opt/airflow/dags/ELT_metrics.py
[2024-12-05T20:05:21.827+0000] {logging_mixin.py:188} INFO - [2024-12-05T20:05:21.827+0000] {dag.py:3096} INFO - Sync 1 DAGs
[2024-12-05T20:05:21.834+0000] {logging_mixin.py:188} INFO - [2024-12-05T20:05:21.834+0000] {dag.py:3954} INFO - Setting next_dagrun for ELT_dbt to None, run_after=None
[2024-12-05T20:05:21.846+0000] {processor.py:183} INFO - Processing /opt/airflow/dags/ELT_metrics.py took 0.056 seconds
[2024-12-05T20:05:29.917+0000] {processor.py:161} INFO - Started process (PID=1751) to work on /opt/airflow/dags/ELT_metrics.py
[2024-12-05T20:05:29.918+0000] {processor.py:830} INFO - Processing file /opt/airflow/dags/ELT_metrics.py for tasks to queue
[2024-12-05T20:05:29.919+0000] {logging_mixin.py:188} INFO - [2024-12-05T20:05:29.919+0000] {dagbag.py:545} INFO - Filling up the DagBag from /opt/airflow/dags/ELT_metrics.py
[2024-12-05T20:05:29.930+0000] {logging_mixin.py:188} INFO - [2024-12-05T20:05:29.930+0000] {base.py:84} INFO - Using connection ID 'snowflake_conn' for task execution.
[2024-12-05T20:05:29.934+0000] {processor.py:840} INFO - DAG(s) 'ELT_dbt' retrieved from /opt/airflow/dags/ELT_metrics.py
[2024-12-05T20:05:29.985+0000] {logging_mixin.py:188} INFO - [2024-12-05T20:05:29.985+0000] {dag.py:3096} INFO - Sync 1 DAGs
[2024-12-05T20:05:29.990+0000] {logging_mixin.py:188} INFO - [2024-12-05T20:05:29.990+0000] {dag.py:3954} INFO - Setting next_dagrun for ELT_dbt to None, run_after=None
[2024-12-05T20:05:30.001+0000] {processor.py:183} INFO - Processing /opt/airflow/dags/ELT_metrics.py took 0.089 seconds
[2024-12-05T20:05:37.006+0000] {processor.py:161} INFO - Started process (PID=1762) to work on /opt/airflow/dags/ELT_metrics.py
[2024-12-05T20:05:37.007+0000] {processor.py:830} INFO - Processing file /opt/airflow/dags/ELT_metrics.py for tasks to queue
[2024-12-05T20:05:37.010+0000] {logging_mixin.py:188} INFO - [2024-12-05T20:05:37.010+0000] {dagbag.py:545} INFO - Filling up the DagBag from /opt/airflow/dags/ELT_metrics.py
[2024-12-05T20:05:37.030+0000] {logging_mixin.py:188} INFO - [2024-12-05T20:05:37.030+0000] {base.py:84} INFO - Using connection ID 'snowflake_conn' for task execution.
[2024-12-05T20:05:37.034+0000] {processor.py:840} INFO - DAG(s) 'ELT_dbt' retrieved from /opt/airflow/dags/ELT_metrics.py
[2024-12-05T20:05:37.036+0000] {logging_mixin.py:188} INFO - [2024-12-05T20:05:37.036+0000] {dag.py:3096} INFO - Sync 1 DAGs
[2024-12-05T20:05:37.043+0000] {logging_mixin.py:188} INFO - [2024-12-05T20:05:37.043+0000] {dag.py:3954} INFO - Setting next_dagrun for ELT_dbt to None, run_after=None
[2024-12-05T20:05:37.053+0000] {processor.py:183} INFO - Processing /opt/airflow/dags/ELT_metrics.py took 0.057 seconds
[2024-12-05T20:06:07.412+0000] {processor.py:161} INFO - Started process (PID=1825) to work on /opt/airflow/dags/ELT_metrics.py
[2024-12-05T20:06:07.412+0000] {processor.py:830} INFO - Processing file /opt/airflow/dags/ELT_metrics.py for tasks to queue
[2024-12-05T20:06:07.414+0000] {logging_mixin.py:188} INFO - [2024-12-05T20:06:07.414+0000] {dagbag.py:545} INFO - Filling up the DagBag from /opt/airflow/dags/ELT_metrics.py
[2024-12-05T20:06:07.427+0000] {logging_mixin.py:188} INFO - [2024-12-05T20:06:07.427+0000] {base.py:84} INFO - Using connection ID 'snowflake_conn' for task execution.
[2024-12-05T20:06:07.432+0000] {processor.py:840} INFO - DAG(s) 'ELT_dbt' retrieved from /opt/airflow/dags/ELT_metrics.py
[2024-12-05T20:06:07.548+0000] {logging_mixin.py:188} INFO - [2024-12-05T20:06:07.548+0000] {dag.py:3096} INFO - Sync 1 DAGs
[2024-12-05T20:06:07.566+0000] {logging_mixin.py:188} INFO - [2024-12-05T20:06:07.566+0000] {dag.py:3954} INFO - Setting next_dagrun for ELT_dbt to None, run_after=None
[2024-12-05T20:06:07.584+0000] {processor.py:183} INFO - Processing /opt/airflow/dags/ELT_metrics.py took 0.176 seconds
[2024-12-05T20:06:37.924+0000] {processor.py:161} INFO - Started process (PID=1852) to work on /opt/airflow/dags/ELT_metrics.py
[2024-12-05T20:06:37.926+0000] {processor.py:830} INFO - Processing file /opt/airflow/dags/ELT_metrics.py for tasks to queue
[2024-12-05T20:06:37.929+0000] {logging_mixin.py:188} INFO - [2024-12-05T20:06:37.929+0000] {dagbag.py:545} INFO - Filling up the DagBag from /opt/airflow/dags/ELT_metrics.py
[2024-12-05T20:06:37.942+0000] {logging_mixin.py:188} INFO - [2024-12-05T20:06:37.942+0000] {base.py:84} INFO - Using connection ID 'snowflake_conn' for task execution.
[2024-12-05T20:06:37.947+0000] {processor.py:840} INFO - DAG(s) 'ELT_dbt' retrieved from /opt/airflow/dags/ELT_metrics.py
[2024-12-05T20:06:37.955+0000] {logging_mixin.py:188} INFO - [2024-12-05T20:06:37.955+0000] {dag.py:3096} INFO - Sync 1 DAGs
[2024-12-05T20:06:37.962+0000] {logging_mixin.py:188} INFO - [2024-12-05T20:06:37.962+0000] {dag.py:3954} INFO - Setting next_dagrun for ELT_dbt to None, run_after=None
[2024-12-05T20:06:37.970+0000] {processor.py:183} INFO - Processing /opt/airflow/dags/ELT_metrics.py took 0.053 seconds
[2024-12-05T20:07:08.377+0000] {processor.py:161} INFO - Started process (PID=1878) to work on /opt/airflow/dags/ELT_metrics.py
[2024-12-05T20:07:08.378+0000] {processor.py:830} INFO - Processing file /opt/airflow/dags/ELT_metrics.py for tasks to queue
[2024-12-05T20:07:08.382+0000] {logging_mixin.py:188} INFO - [2024-12-05T20:07:08.381+0000] {dagbag.py:545} INFO - Filling up the DagBag from /opt/airflow/dags/ELT_metrics.py
[2024-12-05T20:07:08.401+0000] {logging_mixin.py:188} INFO - [2024-12-05T20:07:08.401+0000] {base.py:84} INFO - Using connection ID 'snowflake_conn' for task execution.
[2024-12-05T20:07:08.407+0000] {processor.py:840} INFO - DAG(s) 'ELT_dbt' retrieved from /opt/airflow/dags/ELT_metrics.py
[2024-12-05T20:07:08.415+0000] {logging_mixin.py:188} INFO - [2024-12-05T20:07:08.415+0000] {dag.py:3096} INFO - Sync 1 DAGs
[2024-12-05T20:07:08.422+0000] {logging_mixin.py:188} INFO - [2024-12-05T20:07:08.422+0000] {dag.py:3954} INFO - Setting next_dagrun for ELT_dbt to None, run_after=None
[2024-12-05T20:07:08.431+0000] {processor.py:183} INFO - Processing /opt/airflow/dags/ELT_metrics.py took 0.062 seconds
[2024-12-05T20:07:38.823+0000] {processor.py:161} INFO - Started process (PID=1906) to work on /opt/airflow/dags/ELT_metrics.py
[2024-12-05T20:07:38.823+0000] {processor.py:830} INFO - Processing file /opt/airflow/dags/ELT_metrics.py for tasks to queue
[2024-12-05T20:07:38.825+0000] {logging_mixin.py:188} INFO - [2024-12-05T20:07:38.825+0000] {dagbag.py:545} INFO - Filling up the DagBag from /opt/airflow/dags/ELT_metrics.py
[2024-12-05T20:07:38.835+0000] {logging_mixin.py:188} INFO - [2024-12-05T20:07:38.834+0000] {base.py:84} INFO - Using connection ID 'snowflake_conn' for task execution.
[2024-12-05T20:07:38.838+0000] {processor.py:840} INFO - DAG(s) 'ELT_dbt' retrieved from /opt/airflow/dags/ELT_metrics.py
[2024-12-05T20:07:38.847+0000] {logging_mixin.py:188} INFO - [2024-12-05T20:07:38.846+0000] {dag.py:3096} INFO - Sync 1 DAGs
[2024-12-05T20:07:38.855+0000] {logging_mixin.py:188} INFO - [2024-12-05T20:07:38.854+0000] {dag.py:3954} INFO - Setting next_dagrun for ELT_dbt to None, run_after=None
[2024-12-05T20:07:38.864+0000] {processor.py:183} INFO - Processing /opt/airflow/dags/ELT_metrics.py took 0.044 seconds
[2024-12-05T20:09:19.152+0000] {processor.py:161} INFO - Started process (PID=296) to work on /opt/airflow/dags/ELT_metrics.py
[2024-12-05T20:09:19.155+0000] {processor.py:830} INFO - Processing file /opt/airflow/dags/ELT_metrics.py for tasks to queue
[2024-12-05T20:09:19.157+0000] {logging_mixin.py:188} INFO - [2024-12-05T20:09:19.157+0000] {dagbag.py:545} INFO - Filling up the DagBag from /opt/airflow/dags/ELT_metrics.py
[2024-12-05T20:09:19.169+0000] {logging_mixin.py:188} INFO - [2024-12-05T20:09:19.169+0000] {base.py:84} INFO - Using connection ID 'snowflake_conn' for task execution.
[2024-12-05T20:09:19.176+0000] {processor.py:840} INFO - DAG(s) 'ELT_dbt' retrieved from /opt/airflow/dags/ELT_metrics.py
[2024-12-05T20:09:19.299+0000] {logging_mixin.py:188} INFO - [2024-12-05T20:09:19.299+0000] {dag.py:3096} INFO - Sync 1 DAGs
[2024-12-05T20:09:19.305+0000] {logging_mixin.py:188} INFO - [2024-12-05T20:09:19.305+0000] {dag.py:3954} INFO - Setting next_dagrun for ELT_dbt to None, run_after=None
[2024-12-05T20:09:19.315+0000] {processor.py:183} INFO - Processing /opt/airflow/dags/ELT_metrics.py took 0.167 seconds
[2024-12-05T20:09:51.007+0000] {processor.py:161} INFO - Started process (PID=350) to work on /opt/airflow/dags/ELT_metrics.py
[2024-12-05T20:09:51.008+0000] {processor.py:830} INFO - Processing file /opt/airflow/dags/ELT_metrics.py for tasks to queue
[2024-12-05T20:09:51.009+0000] {logging_mixin.py:188} INFO - [2024-12-05T20:09:51.009+0000] {dagbag.py:545} INFO - Filling up the DagBag from /opt/airflow/dags/ELT_metrics.py
[2024-12-05T20:09:51.024+0000] {logging_mixin.py:188} INFO - [2024-12-05T20:09:51.024+0000] {base.py:84} INFO - Using connection ID 'snowflake_conn' for task execution.
[2024-12-05T20:09:51.028+0000] {processor.py:840} INFO - DAG(s) 'ELT_dbt' retrieved from /opt/airflow/dags/ELT_metrics.py
[2024-12-05T20:09:51.038+0000] {logging_mixin.py:188} INFO - [2024-12-05T20:09:51.037+0000] {dag.py:3096} INFO - Sync 1 DAGs
[2024-12-05T20:09:51.045+0000] {logging_mixin.py:188} INFO - [2024-12-05T20:09:51.044+0000] {dag.py:3954} INFO - Setting next_dagrun for ELT_dbt to None, run_after=None
[2024-12-05T20:09:51.054+0000] {processor.py:183} INFO - Processing /opt/airflow/dags/ELT_metrics.py took 0.053 seconds
[2024-12-05T20:10:21.463+0000] {processor.py:161} INFO - Started process (PID=376) to work on /opt/airflow/dags/ELT_metrics.py
[2024-12-05T20:10:21.464+0000] {processor.py:830} INFO - Processing file /opt/airflow/dags/ELT_metrics.py for tasks to queue
[2024-12-05T20:10:21.466+0000] {logging_mixin.py:188} INFO - [2024-12-05T20:10:21.466+0000] {dagbag.py:545} INFO - Filling up the DagBag from /opt/airflow/dags/ELT_metrics.py
[2024-12-05T20:10:21.483+0000] {logging_mixin.py:188} INFO - [2024-12-05T20:10:21.483+0000] {base.py:84} INFO - Using connection ID 'snowflake_conn' for task execution.
[2024-12-05T20:10:21.487+0000] {processor.py:840} INFO - DAG(s) 'ELT_dbt' retrieved from /opt/airflow/dags/ELT_metrics.py
[2024-12-05T20:10:21.498+0000] {logging_mixin.py:188} INFO - [2024-12-05T20:10:21.498+0000] {dag.py:3096} INFO - Sync 1 DAGs
[2024-12-05T20:10:21.508+0000] {logging_mixin.py:188} INFO - [2024-12-05T20:10:21.508+0000] {dag.py:3954} INFO - Setting next_dagrun for ELT_dbt to None, run_after=None
[2024-12-05T20:10:21.519+0000] {processor.py:183} INFO - Processing /opt/airflow/dags/ELT_metrics.py took 0.063 seconds
[2024-12-05T20:10:51.978+0000] {processor.py:161} INFO - Started process (PID=402) to work on /opt/airflow/dags/ELT_metrics.py
[2024-12-05T20:10:51.979+0000] {processor.py:830} INFO - Processing file /opt/airflow/dags/ELT_metrics.py for tasks to queue
[2024-12-05T20:10:51.982+0000] {logging_mixin.py:188} INFO - [2024-12-05T20:10:51.981+0000] {dagbag.py:545} INFO - Filling up the DagBag from /opt/airflow/dags/ELT_metrics.py
[2024-12-05T20:10:51.995+0000] {logging_mixin.py:188} INFO - [2024-12-05T20:10:51.994+0000] {base.py:84} INFO - Using connection ID 'snowflake_conn' for task execution.
[2024-12-05T20:10:52.001+0000] {processor.py:840} INFO - DAG(s) 'ELT_dbt' retrieved from /opt/airflow/dags/ELT_metrics.py
[2024-12-05T20:10:52.011+0000] {logging_mixin.py:188} INFO - [2024-12-05T20:10:52.011+0000] {dag.py:3096} INFO - Sync 1 DAGs
[2024-12-05T20:10:52.021+0000] {logging_mixin.py:188} INFO - [2024-12-05T20:10:52.021+0000] {dag.py:3954} INFO - Setting next_dagrun for ELT_dbt to None, run_after=None
[2024-12-05T20:10:52.031+0000] {processor.py:183} INFO - Processing /opt/airflow/dags/ELT_metrics.py took 0.059 seconds
[2024-12-05T20:11:22.472+0000] {processor.py:161} INFO - Started process (PID=428) to work on /opt/airflow/dags/ELT_metrics.py
[2024-12-05T20:11:22.473+0000] {processor.py:830} INFO - Processing file /opt/airflow/dags/ELT_metrics.py for tasks to queue
[2024-12-05T20:11:22.474+0000] {logging_mixin.py:188} INFO - [2024-12-05T20:11:22.474+0000] {dagbag.py:545} INFO - Filling up the DagBag from /opt/airflow/dags/ELT_metrics.py
[2024-12-05T20:11:22.488+0000] {logging_mixin.py:188} INFO - [2024-12-05T20:11:22.488+0000] {base.py:84} INFO - Using connection ID 'snowflake_conn' for task execution.
[2024-12-05T20:11:22.492+0000] {processor.py:840} INFO - DAG(s) 'ELT_dbt' retrieved from /opt/airflow/dags/ELT_metrics.py
[2024-12-05T20:11:22.506+0000] {logging_mixin.py:188} INFO - [2024-12-05T20:11:22.505+0000] {dag.py:3096} INFO - Sync 1 DAGs
[2024-12-05T20:11:22.512+0000] {logging_mixin.py:188} INFO - [2024-12-05T20:11:22.512+0000] {dag.py:3954} INFO - Setting next_dagrun for ELT_dbt to None, run_after=None
[2024-12-05T20:11:22.520+0000] {processor.py:183} INFO - Processing /opt/airflow/dags/ELT_metrics.py took 0.053 seconds
[2024-12-05T20:11:52.953+0000] {processor.py:161} INFO - Started process (PID=454) to work on /opt/airflow/dags/ELT_metrics.py
[2024-12-05T20:11:52.954+0000] {processor.py:830} INFO - Processing file /opt/airflow/dags/ELT_metrics.py for tasks to queue
[2024-12-05T20:11:52.957+0000] {logging_mixin.py:188} INFO - [2024-12-05T20:11:52.956+0000] {dagbag.py:545} INFO - Filling up the DagBag from /opt/airflow/dags/ELT_metrics.py
[2024-12-05T20:11:52.972+0000] {logging_mixin.py:188} INFO - [2024-12-05T20:11:52.972+0000] {base.py:84} INFO - Using connection ID 'snowflake_conn' for task execution.
[2024-12-05T20:11:52.979+0000] {processor.py:840} INFO - DAG(s) 'ELT_dbt' retrieved from /opt/airflow/dags/ELT_metrics.py
[2024-12-05T20:11:52.989+0000] {logging_mixin.py:188} INFO - [2024-12-05T20:11:52.988+0000] {dag.py:3096} INFO - Sync 1 DAGs
[2024-12-05T20:11:52.996+0000] {logging_mixin.py:188} INFO - [2024-12-05T20:11:52.995+0000] {dag.py:3954} INFO - Setting next_dagrun for ELT_dbt to None, run_after=None
[2024-12-05T20:11:53.004+0000] {processor.py:183} INFO - Processing /opt/airflow/dags/ELT_metrics.py took 0.059 seconds
[2024-12-05T20:12:23.428+0000] {processor.py:161} INFO - Started process (PID=488) to work on /opt/airflow/dags/ELT_metrics.py
[2024-12-05T20:12:23.429+0000] {processor.py:830} INFO - Processing file /opt/airflow/dags/ELT_metrics.py for tasks to queue
[2024-12-05T20:12:23.431+0000] {logging_mixin.py:188} INFO - [2024-12-05T20:12:23.431+0000] {dagbag.py:545} INFO - Filling up the DagBag from /opt/airflow/dags/ELT_metrics.py
[2024-12-05T20:12:23.447+0000] {logging_mixin.py:188} INFO - [2024-12-05T20:12:23.447+0000] {base.py:84} INFO - Using connection ID 'snowflake_conn' for task execution.
[2024-12-05T20:12:23.452+0000] {processor.py:840} INFO - DAG(s) 'ELT_dbt' retrieved from /opt/airflow/dags/ELT_metrics.py
[2024-12-05T20:12:23.462+0000] {logging_mixin.py:188} INFO - [2024-12-05T20:12:23.462+0000] {dag.py:3096} INFO - Sync 1 DAGs
[2024-12-05T20:12:23.471+0000] {logging_mixin.py:188} INFO - [2024-12-05T20:12:23.471+0000] {dag.py:3954} INFO - Setting next_dagrun for ELT_dbt to None, run_after=None
[2024-12-05T20:12:23.481+0000] {processor.py:183} INFO - Processing /opt/airflow/dags/ELT_metrics.py took 0.060 seconds
[2024-12-05T20:12:53.921+0000] {processor.py:161} INFO - Started process (PID=514) to work on /opt/airflow/dags/ELT_metrics.py
[2024-12-05T20:12:53.922+0000] {processor.py:830} INFO - Processing file /opt/airflow/dags/ELT_metrics.py for tasks to queue
[2024-12-05T20:12:53.925+0000] {logging_mixin.py:188} INFO - [2024-12-05T20:12:53.924+0000] {dagbag.py:545} INFO - Filling up the DagBag from /opt/airflow/dags/ELT_metrics.py
[2024-12-05T20:12:53.938+0000] {logging_mixin.py:188} INFO - [2024-12-05T20:12:53.938+0000] {base.py:84} INFO - Using connection ID 'snowflake_conn' for task execution.
[2024-12-05T20:12:53.941+0000] {processor.py:840} INFO - DAG(s) 'ELT_dbt' retrieved from /opt/airflow/dags/ELT_metrics.py
[2024-12-05T20:12:53.950+0000] {logging_mixin.py:188} INFO - [2024-12-05T20:12:53.950+0000] {dag.py:3096} INFO - Sync 1 DAGs
[2024-12-05T20:12:53.957+0000] {logging_mixin.py:188} INFO - [2024-12-05T20:12:53.957+0000] {dag.py:3954} INFO - Setting next_dagrun for ELT_dbt to None, run_after=None
[2024-12-05T20:12:53.966+0000] {processor.py:183} INFO - Processing /opt/airflow/dags/ELT_metrics.py took 0.053 seconds
[2024-12-05T20:13:24.325+0000] {processor.py:161} INFO - Started process (PID=545) to work on /opt/airflow/dags/ELT_metrics.py
[2024-12-05T20:13:24.326+0000] {processor.py:830} INFO - Processing file /opt/airflow/dags/ELT_metrics.py for tasks to queue
[2024-12-05T20:13:24.328+0000] {logging_mixin.py:188} INFO - [2024-12-05T20:13:24.328+0000] {dagbag.py:545} INFO - Filling up the DagBag from /opt/airflow/dags/ELT_metrics.py
[2024-12-05T20:13:24.353+0000] {logging_mixin.py:188} INFO - [2024-12-05T20:13:24.352+0000] {base.py:84} INFO - Using connection ID 'snowflake_conn' for task execution.
[2024-12-05T20:13:24.357+0000] {processor.py:840} INFO - DAG(s) 'ELT_dbt' retrieved from /opt/airflow/dags/ELT_metrics.py
[2024-12-05T20:13:24.368+0000] {logging_mixin.py:188} INFO - [2024-12-05T20:13:24.368+0000] {dag.py:3096} INFO - Sync 1 DAGs
[2024-12-05T20:13:24.376+0000] {logging_mixin.py:188} INFO - [2024-12-05T20:13:24.376+0000] {dag.py:3954} INFO - Setting next_dagrun for ELT_dbt to None, run_after=None
[2024-12-05T20:13:24.391+0000] {processor.py:183} INFO - Processing /opt/airflow/dags/ELT_metrics.py took 0.071 seconds
[2024-12-05T20:13:54.851+0000] {processor.py:161} INFO - Started process (PID=571) to work on /opt/airflow/dags/ELT_metrics.py
[2024-12-05T20:13:54.853+0000] {processor.py:830} INFO - Processing file /opt/airflow/dags/ELT_metrics.py for tasks to queue
[2024-12-05T20:13:54.856+0000] {logging_mixin.py:188} INFO - [2024-12-05T20:13:54.855+0000] {dagbag.py:545} INFO - Filling up the DagBag from /opt/airflow/dags/ELT_metrics.py
[2024-12-05T20:13:54.876+0000] {logging_mixin.py:188} INFO - [2024-12-05T20:13:54.876+0000] {base.py:84} INFO - Using connection ID 'snowflake_conn' for task execution.
[2024-12-05T20:13:54.880+0000] {processor.py:840} INFO - DAG(s) 'ELT_dbt' retrieved from /opt/airflow/dags/ELT_metrics.py
[2024-12-05T20:13:54.893+0000] {logging_mixin.py:188} INFO - [2024-12-05T20:13:54.893+0000] {dag.py:3096} INFO - Sync 1 DAGs
[2024-12-05T20:13:54.901+0000] {logging_mixin.py:188} INFO - [2024-12-05T20:13:54.901+0000] {dag.py:3954} INFO - Setting next_dagrun for ELT_dbt to None, run_after=None
[2024-12-05T20:13:54.914+0000] {processor.py:183} INFO - Processing /opt/airflow/dags/ELT_metrics.py took 0.071 seconds
[2024-12-05T20:14:25.365+0000] {processor.py:161} INFO - Started process (PID=597) to work on /opt/airflow/dags/ELT_metrics.py
[2024-12-05T20:14:25.366+0000] {processor.py:830} INFO - Processing file /opt/airflow/dags/ELT_metrics.py for tasks to queue
[2024-12-05T20:14:25.368+0000] {logging_mixin.py:188} INFO - [2024-12-05T20:14:25.367+0000] {dagbag.py:545} INFO - Filling up the DagBag from /opt/airflow/dags/ELT_metrics.py
[2024-12-05T20:14:25.382+0000] {logging_mixin.py:188} INFO - [2024-12-05T20:14:25.382+0000] {base.py:84} INFO - Using connection ID 'snowflake_conn' for task execution.
[2024-12-05T20:14:25.390+0000] {processor.py:840} INFO - DAG(s) 'ELT_dbt' retrieved from /opt/airflow/dags/ELT_metrics.py
[2024-12-05T20:14:25.399+0000] {logging_mixin.py:188} INFO - [2024-12-05T20:14:25.399+0000] {dag.py:3096} INFO - Sync 1 DAGs
[2024-12-05T20:14:25.406+0000] {logging_mixin.py:188} INFO - [2024-12-05T20:14:25.406+0000] {dag.py:3954} INFO - Setting next_dagrun for ELT_dbt to None, run_after=None
[2024-12-05T20:14:25.420+0000] {processor.py:183} INFO - Processing /opt/airflow/dags/ELT_metrics.py took 0.061 seconds
[2024-12-05T20:14:55.926+0000] {processor.py:161} INFO - Started process (PID=623) to work on /opt/airflow/dags/ELT_metrics.py
[2024-12-05T20:14:55.927+0000] {processor.py:830} INFO - Processing file /opt/airflow/dags/ELT_metrics.py for tasks to queue
[2024-12-05T20:14:55.929+0000] {logging_mixin.py:188} INFO - [2024-12-05T20:14:55.929+0000] {dagbag.py:545} INFO - Filling up the DagBag from /opt/airflow/dags/ELT_metrics.py
[2024-12-05T20:14:55.956+0000] {logging_mixin.py:188} INFO - [2024-12-05T20:14:55.956+0000] {base.py:84} INFO - Using connection ID 'snowflake_conn' for task execution.
[2024-12-05T20:14:55.962+0000] {processor.py:840} INFO - DAG(s) 'ELT_dbt' retrieved from /opt/airflow/dags/ELT_metrics.py
[2024-12-05T20:14:55.974+0000] {logging_mixin.py:188} INFO - [2024-12-05T20:14:55.973+0000] {dag.py:3096} INFO - Sync 1 DAGs
[2024-12-05T20:14:55.984+0000] {logging_mixin.py:188} INFO - [2024-12-05T20:14:55.983+0000] {dag.py:3954} INFO - Setting next_dagrun for ELT_dbt to None, run_after=None
[2024-12-05T20:14:55.997+0000] {processor.py:183} INFO - Processing /opt/airflow/dags/ELT_metrics.py took 0.078 seconds
[2024-12-05T20:15:26.449+0000] {processor.py:161} INFO - Started process (PID=657) to work on /opt/airflow/dags/ELT_metrics.py
[2024-12-05T20:15:26.450+0000] {processor.py:830} INFO - Processing file /opt/airflow/dags/ELT_metrics.py for tasks to queue
[2024-12-05T20:15:26.452+0000] {logging_mixin.py:188} INFO - [2024-12-05T20:15:26.452+0000] {dagbag.py:545} INFO - Filling up the DagBag from /opt/airflow/dags/ELT_metrics.py
[2024-12-05T20:15:26.468+0000] {logging_mixin.py:188} INFO - [2024-12-05T20:15:26.468+0000] {base.py:84} INFO - Using connection ID 'snowflake_conn' for task execution.
[2024-12-05T20:15:26.472+0000] {processor.py:840} INFO - DAG(s) 'ELT_dbt' retrieved from /opt/airflow/dags/ELT_metrics.py
[2024-12-05T20:15:26.482+0000] {logging_mixin.py:188} INFO - [2024-12-05T20:15:26.482+0000] {dag.py:3096} INFO - Sync 1 DAGs
[2024-12-05T20:15:26.495+0000] {logging_mixin.py:188} INFO - [2024-12-05T20:15:26.494+0000] {dag.py:3954} INFO - Setting next_dagrun for ELT_dbt to None, run_after=None
[2024-12-05T20:15:26.506+0000] {processor.py:183} INFO - Processing /opt/airflow/dags/ELT_metrics.py took 0.061 seconds
[2024-12-05T20:15:56.898+0000] {processor.py:161} INFO - Started process (PID=684) to work on /opt/airflow/dags/ELT_metrics.py
[2024-12-05T20:15:56.899+0000] {processor.py:830} INFO - Processing file /opt/airflow/dags/ELT_metrics.py for tasks to queue
[2024-12-05T20:15:56.902+0000] {logging_mixin.py:188} INFO - [2024-12-05T20:15:56.902+0000] {dagbag.py:545} INFO - Filling up the DagBag from /opt/airflow/dags/ELT_metrics.py
[2024-12-05T20:15:56.924+0000] {logging_mixin.py:188} INFO - [2024-12-05T20:15:56.924+0000] {base.py:84} INFO - Using connection ID 'snowflake_conn' for task execution.
[2024-12-05T20:15:56.929+0000] {processor.py:840} INFO - DAG(s) 'ELT_dbt' retrieved from /opt/airflow/dags/ELT_metrics.py
[2024-12-05T20:15:56.941+0000] {logging_mixin.py:188} INFO - [2024-12-05T20:15:56.941+0000] {dag.py:3096} INFO - Sync 1 DAGs
[2024-12-05T20:15:56.950+0000] {logging_mixin.py:188} INFO - [2024-12-05T20:15:56.950+0000] {dag.py:3954} INFO - Setting next_dagrun for ELT_dbt to None, run_after=None
[2024-12-05T20:15:56.964+0000] {processor.py:183} INFO - Processing /opt/airflow/dags/ELT_metrics.py took 0.073 seconds
[2024-12-05T20:16:27.517+0000] {processor.py:161} INFO - Started process (PID=709) to work on /opt/airflow/dags/ELT_metrics.py
[2024-12-05T20:16:27.518+0000] {processor.py:830} INFO - Processing file /opt/airflow/dags/ELT_metrics.py for tasks to queue
[2024-12-05T20:16:27.521+0000] {logging_mixin.py:188} INFO - [2024-12-05T20:16:27.521+0000] {dagbag.py:545} INFO - Filling up the DagBag from /opt/airflow/dags/ELT_metrics.py
[2024-12-05T20:16:27.542+0000] {logging_mixin.py:188} INFO - [2024-12-05T20:16:27.542+0000] {base.py:84} INFO - Using connection ID 'snowflake_conn' for task execution.
[2024-12-05T20:16:27.546+0000] {processor.py:840} INFO - DAG(s) 'ELT_dbt' retrieved from /opt/airflow/dags/ELT_metrics.py
[2024-12-05T20:16:27.559+0000] {logging_mixin.py:188} INFO - [2024-12-05T20:16:27.559+0000] {dag.py:3096} INFO - Sync 1 DAGs
[2024-12-05T20:16:27.571+0000] {logging_mixin.py:188} INFO - [2024-12-05T20:16:27.571+0000] {dag.py:3954} INFO - Setting next_dagrun for ELT_dbt to None, run_after=None
[2024-12-05T20:16:27.584+0000] {processor.py:183} INFO - Processing /opt/airflow/dags/ELT_metrics.py took 0.077 seconds
[2024-12-05T20:16:57.998+0000] {processor.py:161} INFO - Started process (PID=735) to work on /opt/airflow/dags/ELT_metrics.py
[2024-12-05T20:16:57.999+0000] {processor.py:830} INFO - Processing file /opt/airflow/dags/ELT_metrics.py for tasks to queue
[2024-12-05T20:16:58.002+0000] {logging_mixin.py:188} INFO - [2024-12-05T20:16:58.002+0000] {dagbag.py:545} INFO - Filling up the DagBag from /opt/airflow/dags/ELT_metrics.py
[2024-12-05T20:16:58.017+0000] {logging_mixin.py:188} INFO - [2024-12-05T20:16:58.017+0000] {base.py:84} INFO - Using connection ID 'snowflake_conn' for task execution.
[2024-12-05T20:16:58.022+0000] {processor.py:840} INFO - DAG(s) 'ELT_dbt' retrieved from /opt/airflow/dags/ELT_metrics.py
[2024-12-05T20:16:58.032+0000] {logging_mixin.py:188} INFO - [2024-12-05T20:16:58.032+0000] {dag.py:3096} INFO - Sync 1 DAGs
[2024-12-05T20:16:58.041+0000] {logging_mixin.py:188} INFO - [2024-12-05T20:16:58.041+0000] {dag.py:3954} INFO - Setting next_dagrun for ELT_dbt to None, run_after=None
[2024-12-05T20:16:58.051+0000] {processor.py:183} INFO - Processing /opt/airflow/dags/ELT_metrics.py took 0.060 seconds
[2024-12-05T20:17:28.514+0000] {processor.py:161} INFO - Started process (PID=761) to work on /opt/airflow/dags/ELT_metrics.py
[2024-12-05T20:17:28.515+0000] {processor.py:830} INFO - Processing file /opt/airflow/dags/ELT_metrics.py for tasks to queue
[2024-12-05T20:17:28.516+0000] {logging_mixin.py:188} INFO - [2024-12-05T20:17:28.516+0000] {dagbag.py:545} INFO - Filling up the DagBag from /opt/airflow/dags/ELT_metrics.py
[2024-12-05T20:17:28.530+0000] {logging_mixin.py:188} INFO - [2024-12-05T20:17:28.530+0000] {base.py:84} INFO - Using connection ID 'snowflake_conn' for task execution.
[2024-12-05T20:17:28.537+0000] {processor.py:840} INFO - DAG(s) 'ELT_dbt' retrieved from /opt/airflow/dags/ELT_metrics.py
[2024-12-05T20:17:28.547+0000] {logging_mixin.py:188} INFO - [2024-12-05T20:17:28.547+0000] {dag.py:3096} INFO - Sync 1 DAGs
[2024-12-05T20:17:28.554+0000] {logging_mixin.py:188} INFO - [2024-12-05T20:17:28.554+0000] {dag.py:3954} INFO - Setting next_dagrun for ELT_dbt to None, run_after=None
[2024-12-05T20:17:28.564+0000] {processor.py:183} INFO - Processing /opt/airflow/dags/ELT_metrics.py took 0.055 seconds
[2024-12-05T20:17:58.991+0000] {processor.py:161} INFO - Started process (PID=787) to work on /opt/airflow/dags/ELT_metrics.py
[2024-12-05T20:17:58.992+0000] {processor.py:830} INFO - Processing file /opt/airflow/dags/ELT_metrics.py for tasks to queue
[2024-12-05T20:17:58.995+0000] {logging_mixin.py:188} INFO - [2024-12-05T20:17:58.994+0000] {dagbag.py:545} INFO - Filling up the DagBag from /opt/airflow/dags/ELT_metrics.py
[2024-12-05T20:17:59.014+0000] {logging_mixin.py:188} INFO - [2024-12-05T20:17:59.014+0000] {base.py:84} INFO - Using connection ID 'snowflake_conn' for task execution.
[2024-12-05T20:17:59.020+0000] {processor.py:840} INFO - DAG(s) 'ELT_dbt' retrieved from /opt/airflow/dags/ELT_metrics.py
[2024-12-05T20:17:59.031+0000] {logging_mixin.py:188} INFO - [2024-12-05T20:17:59.031+0000] {dag.py:3096} INFO - Sync 1 DAGs
[2024-12-05T20:17:59.039+0000] {logging_mixin.py:188} INFO - [2024-12-05T20:17:59.039+0000] {dag.py:3954} INFO - Setting next_dagrun for ELT_dbt to None, run_after=None
[2024-12-05T20:17:59.049+0000] {processor.py:183} INFO - Processing /opt/airflow/dags/ELT_metrics.py took 0.066 seconds
[2024-12-05T20:18:29.513+0000] {processor.py:161} INFO - Started process (PID=813) to work on /opt/airflow/dags/ELT_metrics.py
[2024-12-05T20:18:29.514+0000] {processor.py:830} INFO - Processing file /opt/airflow/dags/ELT_metrics.py for tasks to queue
[2024-12-05T20:18:29.517+0000] {logging_mixin.py:188} INFO - [2024-12-05T20:18:29.516+0000] {dagbag.py:545} INFO - Filling up the DagBag from /opt/airflow/dags/ELT_metrics.py
[2024-12-05T20:18:29.531+0000] {logging_mixin.py:188} INFO - [2024-12-05T20:18:29.530+0000] {base.py:84} INFO - Using connection ID 'snowflake_conn' for task execution.
[2024-12-05T20:18:29.537+0000] {processor.py:840} INFO - DAG(s) 'ELT_dbt' retrieved from /opt/airflow/dags/ELT_metrics.py
[2024-12-05T20:18:29.545+0000] {logging_mixin.py:188} INFO - [2024-12-05T20:18:29.545+0000] {dag.py:3096} INFO - Sync 1 DAGs
[2024-12-05T20:18:29.552+0000] {logging_mixin.py:188} INFO - [2024-12-05T20:18:29.552+0000] {dag.py:3954} INFO - Setting next_dagrun for ELT_dbt to None, run_after=None
[2024-12-05T20:18:29.560+0000] {processor.py:183} INFO - Processing /opt/airflow/dags/ELT_metrics.py took 0.054 seconds
[2024-12-05T20:18:59.998+0000] {processor.py:161} INFO - Started process (PID=839) to work on /opt/airflow/dags/ELT_metrics.py
[2024-12-05T20:19:00.001+0000] {processor.py:830} INFO - Processing file /opt/airflow/dags/ELT_metrics.py for tasks to queue
[2024-12-05T20:19:00.005+0000] {logging_mixin.py:188} INFO - [2024-12-05T20:19:00.005+0000] {dagbag.py:545} INFO - Filling up the DagBag from /opt/airflow/dags/ELT_metrics.py
[2024-12-05T20:19:00.029+0000] {logging_mixin.py:188} INFO - [2024-12-05T20:19:00.028+0000] {base.py:84} INFO - Using connection ID 'snowflake_conn' for task execution.
[2024-12-05T20:19:00.033+0000] {processor.py:840} INFO - DAG(s) 'ELT_dbt' retrieved from /opt/airflow/dags/ELT_metrics.py
[2024-12-05T20:19:00.047+0000] {logging_mixin.py:188} INFO - [2024-12-05T20:19:00.047+0000] {dag.py:3096} INFO - Sync 1 DAGs
[2024-12-05T20:19:00.057+0000] {logging_mixin.py:188} INFO - [2024-12-05T20:19:00.057+0000] {dag.py:3954} INFO - Setting next_dagrun for ELT_dbt to None, run_after=None
[2024-12-05T20:19:00.080+0000] {processor.py:183} INFO - Processing /opt/airflow/dags/ELT_metrics.py took 0.094 seconds
[2024-12-05T20:19:30.594+0000] {processor.py:161} INFO - Started process (PID=865) to work on /opt/airflow/dags/ELT_metrics.py
[2024-12-05T20:19:30.597+0000] {processor.py:830} INFO - Processing file /opt/airflow/dags/ELT_metrics.py for tasks to queue
[2024-12-05T20:19:30.598+0000] {logging_mixin.py:188} INFO - [2024-12-05T20:19:30.598+0000] {dagbag.py:545} INFO - Filling up the DagBag from /opt/airflow/dags/ELT_metrics.py
[2024-12-05T20:19:30.619+0000] {logging_mixin.py:188} INFO - [2024-12-05T20:19:30.619+0000] {base.py:84} INFO - Using connection ID 'snowflake_conn' for task execution.
[2024-12-05T20:19:30.624+0000] {processor.py:840} INFO - DAG(s) 'ELT_dbt' retrieved from /opt/airflow/dags/ELT_metrics.py
[2024-12-05T20:19:30.634+0000] {logging_mixin.py:188} INFO - [2024-12-05T20:19:30.634+0000] {dag.py:3096} INFO - Sync 1 DAGs
[2024-12-05T20:19:30.643+0000] {logging_mixin.py:188} INFO - [2024-12-05T20:19:30.643+0000] {dag.py:3954} INFO - Setting next_dagrun for ELT_dbt to None, run_after=None
[2024-12-05T20:19:30.657+0000] {processor.py:183} INFO - Processing /opt/airflow/dags/ELT_metrics.py took 0.070 seconds
[2024-12-05T20:20:01.100+0000] {processor.py:161} INFO - Started process (PID=891) to work on /opt/airflow/dags/ELT_metrics.py
[2024-12-05T20:20:01.101+0000] {processor.py:830} INFO - Processing file /opt/airflow/dags/ELT_metrics.py for tasks to queue
[2024-12-05T20:20:01.104+0000] {logging_mixin.py:188} INFO - [2024-12-05T20:20:01.104+0000] {dagbag.py:545} INFO - Filling up the DagBag from /opt/airflow/dags/ELT_metrics.py
[2024-12-05T20:20:01.133+0000] {logging_mixin.py:188} INFO - [2024-12-05T20:20:01.133+0000] {base.py:84} INFO - Using connection ID 'snowflake_conn' for task execution.
[2024-12-05T20:20:01.140+0000] {processor.py:840} INFO - DAG(s) 'ELT_dbt' retrieved from /opt/airflow/dags/ELT_metrics.py
[2024-12-05T20:20:01.151+0000] {logging_mixin.py:188} INFO - [2024-12-05T20:20:01.151+0000] {dag.py:3096} INFO - Sync 1 DAGs
[2024-12-05T20:20:01.163+0000] {logging_mixin.py:188} INFO - [2024-12-05T20:20:01.163+0000] {dag.py:3954} INFO - Setting next_dagrun for ELT_dbt to None, run_after=None
[2024-12-05T20:20:01.176+0000] {processor.py:183} INFO - Processing /opt/airflow/dags/ELT_metrics.py took 0.084 seconds
[2024-12-05T20:20:31.553+0000] {processor.py:161} INFO - Started process (PID=917) to work on /opt/airflow/dags/ELT_metrics.py
[2024-12-05T20:20:31.554+0000] {processor.py:830} INFO - Processing file /opt/airflow/dags/ELT_metrics.py for tasks to queue
[2024-12-05T20:20:31.556+0000] {logging_mixin.py:188} INFO - [2024-12-05T20:20:31.556+0000] {dagbag.py:545} INFO - Filling up the DagBag from /opt/airflow/dags/ELT_metrics.py
[2024-12-05T20:20:31.588+0000] {logging_mixin.py:188} INFO - [2024-12-05T20:20:31.587+0000] {base.py:84} INFO - Using connection ID 'snowflake_conn' for task execution.
[2024-12-05T20:20:31.593+0000] {processor.py:840} INFO - DAG(s) 'ELT_dbt' retrieved from /opt/airflow/dags/ELT_metrics.py
[2024-12-05T20:20:31.607+0000] {logging_mixin.py:188} INFO - [2024-12-05T20:20:31.607+0000] {dag.py:3096} INFO - Sync 1 DAGs
[2024-12-05T20:20:31.616+0000] {logging_mixin.py:188} INFO - [2024-12-05T20:20:31.616+0000] {dag.py:3954} INFO - Setting next_dagrun for ELT_dbt to None, run_after=None
[2024-12-05T20:20:31.634+0000] {processor.py:183} INFO - Processing /opt/airflow/dags/ELT_metrics.py took 0.088 seconds
[2024-12-05T20:21:02.128+0000] {processor.py:161} INFO - Started process (PID=943) to work on /opt/airflow/dags/ELT_metrics.py
[2024-12-05T20:21:02.130+0000] {processor.py:830} INFO - Processing file /opt/airflow/dags/ELT_metrics.py for tasks to queue
[2024-12-05T20:21:02.133+0000] {logging_mixin.py:188} INFO - [2024-12-05T20:21:02.132+0000] {dagbag.py:545} INFO - Filling up the DagBag from /opt/airflow/dags/ELT_metrics.py
[2024-12-05T20:21:02.165+0000] {logging_mixin.py:188} INFO - [2024-12-05T20:21:02.164+0000] {base.py:84} INFO - Using connection ID 'snowflake_conn' for task execution.
[2024-12-05T20:21:02.171+0000] {processor.py:840} INFO - DAG(s) 'ELT_dbt' retrieved from /opt/airflow/dags/ELT_metrics.py
[2024-12-05T20:21:02.184+0000] {logging_mixin.py:188} INFO - [2024-12-05T20:21:02.184+0000] {dag.py:3096} INFO - Sync 1 DAGs
[2024-12-05T20:21:02.196+0000] {logging_mixin.py:188} INFO - [2024-12-05T20:21:02.196+0000] {dag.py:3954} INFO - Setting next_dagrun for ELT_dbt to None, run_after=None
[2024-12-05T20:21:02.211+0000] {processor.py:183} INFO - Processing /opt/airflow/dags/ELT_metrics.py took 0.092 seconds
[2024-12-05T20:21:32.643+0000] {processor.py:161} INFO - Started process (PID=969) to work on /opt/airflow/dags/ELT_metrics.py
[2024-12-05T20:21:32.644+0000] {processor.py:830} INFO - Processing file /opt/airflow/dags/ELT_metrics.py for tasks to queue
[2024-12-05T20:21:32.645+0000] {logging_mixin.py:188} INFO - [2024-12-05T20:21:32.645+0000] {dagbag.py:545} INFO - Filling up the DagBag from /opt/airflow/dags/ELT_metrics.py
[2024-12-05T20:21:32.668+0000] {logging_mixin.py:188} INFO - [2024-12-05T20:21:32.667+0000] {base.py:84} INFO - Using connection ID 'snowflake_conn' for task execution.
[2024-12-05T20:21:32.672+0000] {processor.py:840} INFO - DAG(s) 'ELT_dbt' retrieved from /opt/airflow/dags/ELT_metrics.py
[2024-12-05T20:21:32.682+0000] {logging_mixin.py:188} INFO - [2024-12-05T20:21:32.682+0000] {dag.py:3096} INFO - Sync 1 DAGs
[2024-12-05T20:21:32.689+0000] {logging_mixin.py:188} INFO - [2024-12-05T20:21:32.689+0000] {dag.py:3954} INFO - Setting next_dagrun for ELT_dbt to None, run_after=None
[2024-12-05T20:21:32.700+0000] {processor.py:183} INFO - Processing /opt/airflow/dags/ELT_metrics.py took 0.062 seconds
[2024-12-05T20:22:03.126+0000] {processor.py:161} INFO - Started process (PID=998) to work on /opt/airflow/dags/ELT_metrics.py
[2024-12-05T20:22:03.127+0000] {processor.py:830} INFO - Processing file /opt/airflow/dags/ELT_metrics.py for tasks to queue
[2024-12-05T20:22:03.130+0000] {logging_mixin.py:188} INFO - [2024-12-05T20:22:03.130+0000] {dagbag.py:545} INFO - Filling up the DagBag from /opt/airflow/dags/ELT_metrics.py
[2024-12-05T20:22:03.149+0000] {logging_mixin.py:188} INFO - [2024-12-05T20:22:03.149+0000] {base.py:84} INFO - Using connection ID 'snowflake_conn' for task execution.
[2024-12-05T20:22:03.154+0000] {processor.py:840} INFO - DAG(s) 'ELT_dbt' retrieved from /opt/airflow/dags/ELT_metrics.py
[2024-12-05T20:22:03.165+0000] {logging_mixin.py:188} INFO - [2024-12-05T20:22:03.165+0000] {dag.py:3096} INFO - Sync 1 DAGs
[2024-12-05T20:22:03.175+0000] {logging_mixin.py:188} INFO - [2024-12-05T20:22:03.175+0000] {dag.py:3954} INFO - Setting next_dagrun for ELT_dbt to None, run_after=None
[2024-12-05T20:22:03.194+0000] {processor.py:183} INFO - Processing /opt/airflow/dags/ELT_metrics.py took 0.079 seconds
[2024-12-05T20:22:33.693+0000] {processor.py:161} INFO - Started process (PID=1024) to work on /opt/airflow/dags/ELT_metrics.py
[2024-12-05T20:22:33.694+0000] {processor.py:830} INFO - Processing file /opt/airflow/dags/ELT_metrics.py for tasks to queue
[2024-12-05T20:22:33.696+0000] {logging_mixin.py:188} INFO - [2024-12-05T20:22:33.695+0000] {dagbag.py:545} INFO - Filling up the DagBag from /opt/airflow/dags/ELT_metrics.py
[2024-12-05T20:22:33.707+0000] {logging_mixin.py:188} INFO - [2024-12-05T20:22:33.707+0000] {base.py:84} INFO - Using connection ID 'snowflake_conn' for task execution.
[2024-12-05T20:22:33.711+0000] {processor.py:840} INFO - DAG(s) 'ELT_dbt' retrieved from /opt/airflow/dags/ELT_metrics.py
[2024-12-05T20:22:33.721+0000] {logging_mixin.py:188} INFO - [2024-12-05T20:22:33.721+0000] {dag.py:3096} INFO - Sync 1 DAGs
[2024-12-05T20:22:33.729+0000] {logging_mixin.py:188} INFO - [2024-12-05T20:22:33.729+0000] {dag.py:3954} INFO - Setting next_dagrun for ELT_dbt to None, run_after=None
[2024-12-05T20:22:33.743+0000] {processor.py:183} INFO - Processing /opt/airflow/dags/ELT_metrics.py took 0.054 seconds
[2024-12-05T20:23:04.222+0000] {processor.py:161} INFO - Started process (PID=1052) to work on /opt/airflow/dags/ELT_metrics.py
[2024-12-05T20:23:04.223+0000] {processor.py:830} INFO - Processing file /opt/airflow/dags/ELT_metrics.py for tasks to queue
[2024-12-05T20:23:04.225+0000] {logging_mixin.py:188} INFO - [2024-12-05T20:23:04.225+0000] {dagbag.py:545} INFO - Filling up the DagBag from /opt/airflow/dags/ELT_metrics.py
[2024-12-05T20:23:04.240+0000] {logging_mixin.py:188} INFO - [2024-12-05T20:23:04.240+0000] {base.py:84} INFO - Using connection ID 'snowflake_conn' for task execution.
[2024-12-05T20:23:04.245+0000] {processor.py:840} INFO - DAG(s) 'ELT_dbt' retrieved from /opt/airflow/dags/ELT_metrics.py
[2024-12-05T20:23:04.256+0000] {logging_mixin.py:188} INFO - [2024-12-05T20:23:04.256+0000] {dag.py:3096} INFO - Sync 1 DAGs
[2024-12-05T20:23:04.264+0000] {logging_mixin.py:188} INFO - [2024-12-05T20:23:04.264+0000] {dag.py:3954} INFO - Setting next_dagrun for ELT_dbt to None, run_after=None
[2024-12-05T20:23:04.279+0000] {processor.py:183} INFO - Processing /opt/airflow/dags/ELT_metrics.py took 0.063 seconds
[2024-12-05T20:24:15.872+0000] {processor.py:161} INFO - Started process (PID=298) to work on /opt/airflow/dags/ELT_metrics.py
[2024-12-05T20:24:15.875+0000] {processor.py:830} INFO - Processing file /opt/airflow/dags/ELT_metrics.py for tasks to queue
[2024-12-05T20:24:15.879+0000] {logging_mixin.py:188} INFO - [2024-12-05T20:24:15.878+0000] {dagbag.py:545} INFO - Filling up the DagBag from /opt/airflow/dags/ELT_metrics.py
[2024-12-05T20:24:15.899+0000] {logging_mixin.py:188} INFO - [2024-12-05T20:24:15.899+0000] {base.py:84} INFO - Using connection ID 'snowflake_conn' for task execution.
[2024-12-05T20:24:15.906+0000] {processor.py:840} INFO - DAG(s) 'ELT_dbt' retrieved from /opt/airflow/dags/ELT_metrics.py
[2024-12-05T20:24:16.032+0000] {logging_mixin.py:188} INFO - [2024-12-05T20:24:16.032+0000] {dag.py:3096} INFO - Sync 1 DAGs
[2024-12-05T20:24:16.037+0000] {logging_mixin.py:188} INFO - [2024-12-05T20:24:16.037+0000] {dag.py:3954} INFO - Setting next_dagrun for ELT_dbt to None, run_after=None
[2024-12-05T20:24:16.046+0000] {processor.py:183} INFO - Processing /opt/airflow/dags/ELT_metrics.py took 0.178 seconds
[2024-12-05T20:24:47.744+0000] {processor.py:161} INFO - Started process (PID=343) to work on /opt/airflow/dags/ELT_metrics.py
[2024-12-05T20:24:47.745+0000] {processor.py:830} INFO - Processing file /opt/airflow/dags/ELT_metrics.py for tasks to queue
[2024-12-05T20:24:47.747+0000] {logging_mixin.py:188} INFO - [2024-12-05T20:24:47.747+0000] {dagbag.py:545} INFO - Filling up the DagBag from /opt/airflow/dags/ELT_metrics.py
[2024-12-05T20:24:47.772+0000] {logging_mixin.py:188} INFO - [2024-12-05T20:24:47.772+0000] {base.py:84} INFO - Using connection ID 'snowflake_conn' for task execution.
[2024-12-05T20:24:47.778+0000] {processor.py:840} INFO - DAG(s) 'ELT_dbt' retrieved from /opt/airflow/dags/ELT_metrics.py
[2024-12-05T20:24:47.788+0000] {logging_mixin.py:188} INFO - [2024-12-05T20:24:47.788+0000] {dag.py:3096} INFO - Sync 1 DAGs
[2024-12-05T20:24:47.796+0000] {logging_mixin.py:188} INFO - [2024-12-05T20:24:47.796+0000] {dag.py:3954} INFO - Setting next_dagrun for ELT_dbt to None, run_after=None
[2024-12-05T20:24:47.806+0000] {processor.py:183} INFO - Processing /opt/airflow/dags/ELT_metrics.py took 0.071 seconds
[2024-12-05T20:25:18.286+0000] {processor.py:161} INFO - Started process (PID=369) to work on /opt/airflow/dags/ELT_metrics.py
[2024-12-05T20:25:18.288+0000] {processor.py:830} INFO - Processing file /opt/airflow/dags/ELT_metrics.py for tasks to queue
[2024-12-05T20:25:18.291+0000] {logging_mixin.py:188} INFO - [2024-12-05T20:25:18.290+0000] {dagbag.py:545} INFO - Filling up the DagBag from /opt/airflow/dags/ELT_metrics.py
[2024-12-05T20:25:18.307+0000] {logging_mixin.py:188} INFO - [2024-12-05T20:25:18.307+0000] {base.py:84} INFO - Using connection ID 'snowflake_conn' for task execution.
[2024-12-05T20:25:18.313+0000] {processor.py:840} INFO - DAG(s) 'ELT_dbt' retrieved from /opt/airflow/dags/ELT_metrics.py
[2024-12-05T20:25:18.323+0000] {logging_mixin.py:188} INFO - [2024-12-05T20:25:18.323+0000] {dag.py:3096} INFO - Sync 1 DAGs
[2024-12-05T20:25:18.331+0000] {logging_mixin.py:188} INFO - [2024-12-05T20:25:18.330+0000] {dag.py:3954} INFO - Setting next_dagrun for ELT_dbt to None, run_after=None
[2024-12-05T20:25:18.340+0000] {processor.py:183} INFO - Processing /opt/airflow/dags/ELT_metrics.py took 0.061 seconds
[2024-12-05T20:25:48.718+0000] {processor.py:161} INFO - Started process (PID=399) to work on /opt/airflow/dags/ELT_metrics.py
[2024-12-05T20:25:48.719+0000] {processor.py:830} INFO - Processing file /opt/airflow/dags/ELT_metrics.py for tasks to queue
[2024-12-05T20:25:48.722+0000] {logging_mixin.py:188} INFO - [2024-12-05T20:25:48.721+0000] {dagbag.py:545} INFO - Filling up the DagBag from /opt/airflow/dags/ELT_metrics.py
[2024-12-05T20:25:48.746+0000] {logging_mixin.py:188} INFO - [2024-12-05T20:25:48.745+0000] {base.py:84} INFO - Using connection ID 'snowflake_conn' for task execution.
[2024-12-05T20:25:48.758+0000] {processor.py:840} INFO - DAG(s) 'ELT_dbt' retrieved from /opt/airflow/dags/ELT_metrics.py
[2024-12-05T20:25:48.772+0000] {logging_mixin.py:188} INFO - [2024-12-05T20:25:48.772+0000] {dag.py:3096} INFO - Sync 1 DAGs
[2024-12-05T20:25:48.783+0000] {logging_mixin.py:188} INFO - [2024-12-05T20:25:48.783+0000] {dag.py:3954} INFO - Setting next_dagrun for ELT_dbt to None, run_after=None
[2024-12-05T20:25:48.810+0000] {processor.py:183} INFO - Processing /opt/airflow/dags/ELT_metrics.py took 0.099 seconds
[2024-12-05T20:26:19.289+0000] {processor.py:161} INFO - Started process (PID=472) to work on /opt/airflow/dags/ELT_metrics.py
[2024-12-05T20:26:19.291+0000] {processor.py:830} INFO - Processing file /opt/airflow/dags/ELT_metrics.py for tasks to queue
[2024-12-05T20:26:19.299+0000] {logging_mixin.py:188} INFO - [2024-12-05T20:26:19.299+0000] {dagbag.py:545} INFO - Filling up the DagBag from /opt/airflow/dags/ELT_metrics.py
[2024-12-05T20:26:19.319+0000] {logging_mixin.py:188} INFO - [2024-12-05T20:26:19.319+0000] {base.py:84} INFO - Using connection ID 'snowflake_conn' for task execution.
[2024-12-05T20:26:19.323+0000] {processor.py:840} INFO - DAG(s) 'ELT_dbt' retrieved from /opt/airflow/dags/ELT_metrics.py
[2024-12-05T20:26:19.335+0000] {logging_mixin.py:188} INFO - [2024-12-05T20:26:19.335+0000] {dag.py:3096} INFO - Sync 1 DAGs
[2024-12-05T20:26:19.344+0000] {logging_mixin.py:188} INFO - [2024-12-05T20:26:19.344+0000] {dag.py:3954} INFO - Setting next_dagrun for ELT_dbt to None, run_after=None
[2024-12-05T20:26:19.356+0000] {processor.py:183} INFO - Processing /opt/airflow/dags/ELT_metrics.py took 0.078 seconds
[2024-12-05T20:26:49.760+0000] {processor.py:161} INFO - Started process (PID=524) to work on /opt/airflow/dags/ELT_metrics.py
[2024-12-05T20:26:49.761+0000] {processor.py:830} INFO - Processing file /opt/airflow/dags/ELT_metrics.py for tasks to queue
[2024-12-05T20:26:49.764+0000] {logging_mixin.py:188} INFO - [2024-12-05T20:26:49.764+0000] {dagbag.py:545} INFO - Filling up the DagBag from /opt/airflow/dags/ELT_metrics.py
[2024-12-05T20:26:49.782+0000] {logging_mixin.py:188} INFO - [2024-12-05T20:26:49.782+0000] {base.py:84} INFO - Using connection ID 'snowflake_conn' for task execution.
[2024-12-05T20:26:49.786+0000] {processor.py:840} INFO - DAG(s) 'ELT_dbt' retrieved from /opt/airflow/dags/ELT_metrics.py
[2024-12-05T20:26:49.797+0000] {logging_mixin.py:188} INFO - [2024-12-05T20:26:49.797+0000] {dag.py:3096} INFO - Sync 1 DAGs
[2024-12-05T20:26:49.805+0000] {logging_mixin.py:188} INFO - [2024-12-05T20:26:49.805+0000] {dag.py:3954} INFO - Setting next_dagrun for ELT_dbt to None, run_after=None
[2024-12-05T20:26:49.819+0000] {processor.py:183} INFO - Processing /opt/airflow/dags/ELT_metrics.py took 0.066 seconds
[2024-12-05T20:27:20.239+0000] {processor.py:161} INFO - Started process (PID=604) to work on /opt/airflow/dags/ELT_metrics.py
[2024-12-05T20:27:20.239+0000] {processor.py:830} INFO - Processing file /opt/airflow/dags/ELT_metrics.py for tasks to queue
[2024-12-05T20:27:20.241+0000] {logging_mixin.py:188} INFO - [2024-12-05T20:27:20.240+0000] {dagbag.py:545} INFO - Filling up the DagBag from /opt/airflow/dags/ELT_metrics.py
[2024-12-05T20:27:20.253+0000] {logging_mixin.py:188} INFO - [2024-12-05T20:27:20.252+0000] {base.py:84} INFO - Using connection ID 'snowflake_conn' for task execution.
[2024-12-05T20:27:20.256+0000] {processor.py:840} INFO - DAG(s) 'ELT_dbt' retrieved from /opt/airflow/dags/ELT_metrics.py
[2024-12-05T20:27:20.264+0000] {logging_mixin.py:188} INFO - [2024-12-05T20:27:20.264+0000] {dag.py:3096} INFO - Sync 1 DAGs
[2024-12-05T20:27:20.271+0000] {logging_mixin.py:188} INFO - [2024-12-05T20:27:20.271+0000] {dag.py:3954} INFO - Setting next_dagrun for ELT_dbt to None, run_after=None
[2024-12-05T20:27:20.280+0000] {processor.py:183} INFO - Processing /opt/airflow/dags/ELT_metrics.py took 0.046 seconds
[2024-12-05T20:27:50.787+0000] {processor.py:161} INFO - Started process (PID=630) to work on /opt/airflow/dags/ELT_metrics.py
[2024-12-05T20:27:50.789+0000] {processor.py:830} INFO - Processing file /opt/airflow/dags/ELT_metrics.py for tasks to queue
[2024-12-05T20:27:50.794+0000] {logging_mixin.py:188} INFO - [2024-12-05T20:27:50.793+0000] {dagbag.py:545} INFO - Filling up the DagBag from /opt/airflow/dags/ELT_metrics.py
[2024-12-05T20:27:50.830+0000] {logging_mixin.py:188} INFO - [2024-12-05T20:27:50.830+0000] {base.py:84} INFO - Using connection ID 'snowflake_conn' for task execution.
[2024-12-05T20:27:50.836+0000] {processor.py:840} INFO - DAG(s) 'ELT_dbt' retrieved from /opt/airflow/dags/ELT_metrics.py
[2024-12-05T20:27:50.851+0000] {logging_mixin.py:188} INFO - [2024-12-05T20:27:50.851+0000] {dag.py:3096} INFO - Sync 1 DAGs
[2024-12-05T20:27:50.863+0000] {logging_mixin.py:188} INFO - [2024-12-05T20:27:50.863+0000] {dag.py:3954} INFO - Setting next_dagrun for ELT_dbt to None, run_after=None
[2024-12-05T20:27:50.878+0000] {processor.py:183} INFO - Processing /opt/airflow/dags/ELT_metrics.py took 0.104 seconds
[2024-12-05T20:28:21.422+0000] {processor.py:161} INFO - Started process (PID=656) to work on /opt/airflow/dags/ELT_metrics.py
[2024-12-05T20:28:21.424+0000] {processor.py:830} INFO - Processing file /opt/airflow/dags/ELT_metrics.py for tasks to queue
[2024-12-05T20:28:21.427+0000] {logging_mixin.py:188} INFO - [2024-12-05T20:28:21.427+0000] {dagbag.py:545} INFO - Filling up the DagBag from /opt/airflow/dags/ELT_metrics.py
[2024-12-05T20:28:21.473+0000] {logging_mixin.py:188} INFO - [2024-12-05T20:28:21.473+0000] {base.py:84} INFO - Using connection ID 'snowflake_conn' for task execution.
[2024-12-05T20:28:21.483+0000] {processor.py:840} INFO - DAG(s) 'ELT_dbt' retrieved from /opt/airflow/dags/ELT_metrics.py
[2024-12-05T20:28:21.499+0000] {logging_mixin.py:188} INFO - [2024-12-05T20:28:21.498+0000] {dag.py:3096} INFO - Sync 1 DAGs
[2024-12-05T20:28:21.522+0000] {logging_mixin.py:188} INFO - [2024-12-05T20:28:21.522+0000] {dag.py:3954} INFO - Setting next_dagrun for ELT_dbt to None, run_after=None
[2024-12-05T20:28:21.542+0000] {processor.py:183} INFO - Processing /opt/airflow/dags/ELT_metrics.py took 0.132 seconds
[2024-12-05T20:28:52.113+0000] {processor.py:161} INFO - Started process (PID=682) to work on /opt/airflow/dags/ELT_metrics.py
[2024-12-05T20:28:52.115+0000] {processor.py:830} INFO - Processing file /opt/airflow/dags/ELT_metrics.py for tasks to queue
[2024-12-05T20:28:52.125+0000] {logging_mixin.py:188} INFO - [2024-12-05T20:28:52.122+0000] {dagbag.py:545} INFO - Filling up the DagBag from /opt/airflow/dags/ELT_metrics.py
[2024-12-05T20:28:52.161+0000] {logging_mixin.py:188} INFO - [2024-12-05T20:28:52.160+0000] {base.py:84} INFO - Using connection ID 'snowflake_conn' for task execution.
[2024-12-05T20:28:52.177+0000] {processor.py:840} INFO - DAG(s) 'ELT_dbt' retrieved from /opt/airflow/dags/ELT_metrics.py
[2024-12-05T20:28:52.193+0000] {logging_mixin.py:188} INFO - [2024-12-05T20:28:52.193+0000] {dag.py:3096} INFO - Sync 1 DAGs
[2024-12-05T20:28:52.206+0000] {logging_mixin.py:188} INFO - [2024-12-05T20:28:52.206+0000] {dag.py:3954} INFO - Setting next_dagrun for ELT_dbt to None, run_after=None
[2024-12-05T20:28:52.226+0000] {processor.py:183} INFO - Processing /opt/airflow/dags/ELT_metrics.py took 0.125 seconds
[2024-12-05T20:29:22.721+0000] {processor.py:161} INFO - Started process (PID=708) to work on /opt/airflow/dags/ELT_metrics.py
[2024-12-05T20:29:22.722+0000] {processor.py:830} INFO - Processing file /opt/airflow/dags/ELT_metrics.py for tasks to queue
[2024-12-05T20:29:22.724+0000] {logging_mixin.py:188} INFO - [2024-12-05T20:29:22.724+0000] {dagbag.py:545} INFO - Filling up the DagBag from /opt/airflow/dags/ELT_metrics.py
[2024-12-05T20:29:22.740+0000] {logging_mixin.py:188} INFO - [2024-12-05T20:29:22.740+0000] {base.py:84} INFO - Using connection ID 'snowflake_conn' for task execution.
[2024-12-05T20:29:22.746+0000] {processor.py:840} INFO - DAG(s) 'ELT_dbt' retrieved from /opt/airflow/dags/ELT_metrics.py
[2024-12-05T20:29:22.755+0000] {logging_mixin.py:188} INFO - [2024-12-05T20:29:22.755+0000] {dag.py:3096} INFO - Sync 1 DAGs
[2024-12-05T20:29:22.762+0000] {logging_mixin.py:188} INFO - [2024-12-05T20:29:22.762+0000] {dag.py:3954} INFO - Setting next_dagrun for ELT_dbt to None, run_after=None
[2024-12-05T20:29:22.771+0000] {processor.py:183} INFO - Processing /opt/airflow/dags/ELT_metrics.py took 0.060 seconds
[2024-12-05T20:29:53.274+0000] {processor.py:161} INFO - Started process (PID=734) to work on /opt/airflow/dags/ELT_metrics.py
[2024-12-05T20:29:53.276+0000] {processor.py:830} INFO - Processing file /opt/airflow/dags/ELT_metrics.py for tasks to queue
[2024-12-05T20:29:53.279+0000] {logging_mixin.py:188} INFO - [2024-12-05T20:29:53.279+0000] {dagbag.py:545} INFO - Filling up the DagBag from /opt/airflow/dags/ELT_metrics.py
[2024-12-05T20:29:53.302+0000] {logging_mixin.py:188} INFO - [2024-12-05T20:29:53.302+0000] {base.py:84} INFO - Using connection ID 'snowflake_conn' for task execution.
[2024-12-05T20:29:53.310+0000] {processor.py:840} INFO - DAG(s) 'ELT_dbt' retrieved from /opt/airflow/dags/ELT_metrics.py
[2024-12-05T20:29:53.323+0000] {logging_mixin.py:188} INFO - [2024-12-05T20:29:53.323+0000] {dag.py:3096} INFO - Sync 1 DAGs
[2024-12-05T20:29:53.332+0000] {logging_mixin.py:188} INFO - [2024-12-05T20:29:53.332+0000] {dag.py:3954} INFO - Setting next_dagrun for ELT_dbt to None, run_after=None
[2024-12-05T20:29:53.347+0000] {processor.py:183} INFO - Processing /opt/airflow/dags/ELT_metrics.py took 0.083 seconds
[2024-12-05T20:30:23.766+0000] {processor.py:161} INFO - Started process (PID=826) to work on /opt/airflow/dags/ELT_metrics.py
[2024-12-05T20:30:23.766+0000] {processor.py:830} INFO - Processing file /opt/airflow/dags/ELT_metrics.py for tasks to queue
[2024-12-05T20:30:23.768+0000] {logging_mixin.py:188} INFO - [2024-12-05T20:30:23.768+0000] {dagbag.py:545} INFO - Filling up the DagBag from /opt/airflow/dags/ELT_metrics.py
[2024-12-05T20:30:23.782+0000] {logging_mixin.py:188} INFO - [2024-12-05T20:30:23.782+0000] {base.py:84} INFO - Using connection ID 'snowflake_conn' for task execution.
[2024-12-05T20:30:23.786+0000] {processor.py:840} INFO - DAG(s) 'ELT_dbt' retrieved from /opt/airflow/dags/ELT_metrics.py
[2024-12-05T20:30:23.795+0000] {logging_mixin.py:188} INFO - [2024-12-05T20:30:23.795+0000] {dag.py:3096} INFO - Sync 1 DAGs
[2024-12-05T20:30:23.804+0000] {logging_mixin.py:188} INFO - [2024-12-05T20:30:23.803+0000] {dag.py:3954} INFO - Setting next_dagrun for ELT_dbt to None, run_after=None
[2024-12-05T20:30:23.813+0000] {processor.py:183} INFO - Processing /opt/airflow/dags/ELT_metrics.py took 0.053 seconds
[2024-12-05T20:30:54.219+0000] {processor.py:161} INFO - Started process (PID=866) to work on /opt/airflow/dags/ELT_metrics.py
[2024-12-05T20:30:54.220+0000] {processor.py:830} INFO - Processing file /opt/airflow/dags/ELT_metrics.py for tasks to queue
[2024-12-05T20:30:54.223+0000] {logging_mixin.py:188} INFO - [2024-12-05T20:30:54.223+0000] {dagbag.py:545} INFO - Filling up the DagBag from /opt/airflow/dags/ELT_metrics.py
[2024-12-05T20:30:54.247+0000] {logging_mixin.py:188} INFO - [2024-12-05T20:30:54.247+0000] {base.py:84} INFO - Using connection ID 'snowflake_conn' for task execution.
[2024-12-05T20:30:54.252+0000] {processor.py:840} INFO - DAG(s) 'ELT_dbt' retrieved from /opt/airflow/dags/ELT_metrics.py
[2024-12-05T20:30:54.264+0000] {logging_mixin.py:188} INFO - [2024-12-05T20:30:54.263+0000] {dag.py:3096} INFO - Sync 1 DAGs
[2024-12-05T20:30:54.274+0000] {logging_mixin.py:188} INFO - [2024-12-05T20:30:54.274+0000] {dag.py:3954} INFO - Setting next_dagrun for ELT_dbt to None, run_after=None
[2024-12-05T20:30:54.286+0000] {processor.py:183} INFO - Processing /opt/airflow/dags/ELT_metrics.py took 0.076 seconds
[2024-12-05T20:31:24.800+0000] {processor.py:161} INFO - Started process (PID=892) to work on /opt/airflow/dags/ELT_metrics.py
[2024-12-05T20:31:24.804+0000] {processor.py:830} INFO - Processing file /opt/airflow/dags/ELT_metrics.py for tasks to queue
[2024-12-05T20:31:24.808+0000] {logging_mixin.py:188} INFO - [2024-12-05T20:31:24.807+0000] {dagbag.py:545} INFO - Filling up the DagBag from /opt/airflow/dags/ELT_metrics.py
[2024-12-05T20:31:24.842+0000] {logging_mixin.py:188} INFO - [2024-12-05T20:31:24.842+0000] {base.py:84} INFO - Using connection ID 'snowflake_conn' for task execution.
[2024-12-05T20:31:24.847+0000] {processor.py:840} INFO - DAG(s) 'ELT_dbt' retrieved from /opt/airflow/dags/ELT_metrics.py
[2024-12-05T20:31:24.866+0000] {logging_mixin.py:188} INFO - [2024-12-05T20:31:24.866+0000] {dag.py:3096} INFO - Sync 1 DAGs
[2024-12-05T20:31:24.882+0000] {logging_mixin.py:188} INFO - [2024-12-05T20:31:24.882+0000] {dag.py:3954} INFO - Setting next_dagrun for ELT_dbt to None, run_after=None
[2024-12-05T20:31:24.902+0000] {processor.py:183} INFO - Processing /opt/airflow/dags/ELT_metrics.py took 0.124 seconds
[2024-12-05T20:31:55.407+0000] {processor.py:161} INFO - Started process (PID=918) to work on /opt/airflow/dags/ELT_metrics.py
[2024-12-05T20:31:55.408+0000] {processor.py:830} INFO - Processing file /opt/airflow/dags/ELT_metrics.py for tasks to queue
[2024-12-05T20:31:55.411+0000] {logging_mixin.py:188} INFO - [2024-12-05T20:31:55.410+0000] {dagbag.py:545} INFO - Filling up the DagBag from /opt/airflow/dags/ELT_metrics.py
[2024-12-05T20:31:55.437+0000] {logging_mixin.py:188} INFO - [2024-12-05T20:31:55.437+0000] {base.py:84} INFO - Using connection ID 'snowflake_conn' for task execution.
[2024-12-05T20:31:55.443+0000] {processor.py:840} INFO - DAG(s) 'ELT_dbt' retrieved from /opt/airflow/dags/ELT_metrics.py
[2024-12-05T20:31:55.458+0000] {logging_mixin.py:188} INFO - [2024-12-05T20:31:55.458+0000] {dag.py:3096} INFO - Sync 1 DAGs
[2024-12-05T20:31:55.468+0000] {logging_mixin.py:188} INFO - [2024-12-05T20:31:55.468+0000] {dag.py:3954} INFO - Setting next_dagrun for ELT_dbt to None, run_after=None
[2024-12-05T20:31:55.482+0000] {processor.py:183} INFO - Processing /opt/airflow/dags/ELT_metrics.py took 0.090 seconds
[2024-12-05T20:32:25.885+0000] {processor.py:161} INFO - Started process (PID=944) to work on /opt/airflow/dags/ELT_metrics.py
[2024-12-05T20:32:25.887+0000] {processor.py:830} INFO - Processing file /opt/airflow/dags/ELT_metrics.py for tasks to queue
[2024-12-05T20:32:25.889+0000] {logging_mixin.py:188} INFO - [2024-12-05T20:32:25.889+0000] {dagbag.py:545} INFO - Filling up the DagBag from /opt/airflow/dags/ELT_metrics.py
[2024-12-05T20:32:25.913+0000] {logging_mixin.py:188} INFO - [2024-12-05T20:32:25.912+0000] {base.py:84} INFO - Using connection ID 'snowflake_conn' for task execution.
[2024-12-05T20:32:25.922+0000] {processor.py:840} INFO - DAG(s) 'ELT_dbt' retrieved from /opt/airflow/dags/ELT_metrics.py
[2024-12-05T20:32:25.940+0000] {logging_mixin.py:188} INFO - [2024-12-05T20:32:25.939+0000] {dag.py:3096} INFO - Sync 1 DAGs
[2024-12-05T20:32:25.948+0000] {logging_mixin.py:188} INFO - [2024-12-05T20:32:25.948+0000] {dag.py:3954} INFO - Setting next_dagrun for ELT_dbt to None, run_after=None
[2024-12-05T20:32:25.962+0000] {processor.py:183} INFO - Processing /opt/airflow/dags/ELT_metrics.py took 0.088 seconds
[2024-12-05T20:32:56.465+0000] {processor.py:161} INFO - Started process (PID=970) to work on /opt/airflow/dags/ELT_metrics.py
[2024-12-05T20:32:56.466+0000] {processor.py:830} INFO - Processing file /opt/airflow/dags/ELT_metrics.py for tasks to queue
[2024-12-05T20:32:56.471+0000] {logging_mixin.py:188} INFO - [2024-12-05T20:32:56.470+0000] {dagbag.py:545} INFO - Filling up the DagBag from /opt/airflow/dags/ELT_metrics.py
[2024-12-05T20:32:56.501+0000] {logging_mixin.py:188} INFO - [2024-12-05T20:32:56.501+0000] {base.py:84} INFO - Using connection ID 'snowflake_conn' for task execution.
[2024-12-05T20:32:56.509+0000] {processor.py:840} INFO - DAG(s) 'ELT_dbt' retrieved from /opt/airflow/dags/ELT_metrics.py
[2024-12-05T20:32:56.522+0000] {logging_mixin.py:188} INFO - [2024-12-05T20:32:56.522+0000] {dag.py:3096} INFO - Sync 1 DAGs
[2024-12-05T20:32:56.544+0000] {logging_mixin.py:188} INFO - [2024-12-05T20:32:56.544+0000] {dag.py:3954} INFO - Setting next_dagrun for ELT_dbt to None, run_after=None
[2024-12-05T20:32:56.565+0000] {processor.py:183} INFO - Processing /opt/airflow/dags/ELT_metrics.py took 0.110 seconds
[2024-12-05T20:33:27.080+0000] {processor.py:161} INFO - Started process (PID=996) to work on /opt/airflow/dags/ELT_metrics.py
[2024-12-05T20:33:27.082+0000] {processor.py:830} INFO - Processing file /opt/airflow/dags/ELT_metrics.py for tasks to queue
[2024-12-05T20:33:27.086+0000] {logging_mixin.py:188} INFO - [2024-12-05T20:33:27.086+0000] {dagbag.py:545} INFO - Filling up the DagBag from /opt/airflow/dags/ELT_metrics.py
[2024-12-05T20:33:27.117+0000] {logging_mixin.py:188} INFO - [2024-12-05T20:33:27.116+0000] {base.py:84} INFO - Using connection ID 'snowflake_conn' for task execution.
[2024-12-05T20:33:27.125+0000] {processor.py:840} INFO - DAG(s) 'ELT_dbt' retrieved from /opt/airflow/dags/ELT_metrics.py
[2024-12-05T20:33:27.141+0000] {logging_mixin.py:188} INFO - [2024-12-05T20:33:27.141+0000] {dag.py:3096} INFO - Sync 1 DAGs
[2024-12-05T20:33:27.154+0000] {logging_mixin.py:188} INFO - [2024-12-05T20:33:27.154+0000] {dag.py:3954} INFO - Setting next_dagrun for ELT_dbt to None, run_after=None
[2024-12-05T20:33:27.181+0000] {processor.py:183} INFO - Processing /opt/airflow/dags/ELT_metrics.py took 0.117 seconds
[2024-12-05T20:33:57.683+0000] {processor.py:161} INFO - Started process (PID=1022) to work on /opt/airflow/dags/ELT_metrics.py
[2024-12-05T20:33:57.684+0000] {processor.py:830} INFO - Processing file /opt/airflow/dags/ELT_metrics.py for tasks to queue
[2024-12-05T20:33:57.687+0000] {logging_mixin.py:188} INFO - [2024-12-05T20:33:57.686+0000] {dagbag.py:545} INFO - Filling up the DagBag from /opt/airflow/dags/ELT_metrics.py
[2024-12-05T20:33:57.713+0000] {logging_mixin.py:188} INFO - [2024-12-05T20:33:57.713+0000] {base.py:84} INFO - Using connection ID 'snowflake_conn' for task execution.
[2024-12-05T20:33:57.719+0000] {processor.py:840} INFO - DAG(s) 'ELT_dbt' retrieved from /opt/airflow/dags/ELT_metrics.py
[2024-12-05T20:33:57.731+0000] {logging_mixin.py:188} INFO - [2024-12-05T20:33:57.731+0000] {dag.py:3096} INFO - Sync 1 DAGs
[2024-12-05T20:33:57.743+0000] {logging_mixin.py:188} INFO - [2024-12-05T20:33:57.743+0000] {dag.py:3954} INFO - Setting next_dagrun for ELT_dbt to None, run_after=None
[2024-12-05T20:33:57.758+0000] {processor.py:183} INFO - Processing /opt/airflow/dags/ELT_metrics.py took 0.086 seconds
[2024-12-05T20:34:28.334+0000] {processor.py:161} INFO - Started process (PID=1048) to work on /opt/airflow/dags/ELT_metrics.py
[2024-12-05T20:34:28.341+0000] {processor.py:830} INFO - Processing file /opt/airflow/dags/ELT_metrics.py for tasks to queue
[2024-12-05T20:34:28.348+0000] {logging_mixin.py:188} INFO - [2024-12-05T20:34:28.348+0000] {dagbag.py:545} INFO - Filling up the DagBag from /opt/airflow/dags/ELT_metrics.py
[2024-12-05T20:34:28.381+0000] {logging_mixin.py:188} INFO - [2024-12-05T20:34:28.381+0000] {base.py:84} INFO - Using connection ID 'snowflake_conn' for task execution.
[2024-12-05T20:34:28.389+0000] {processor.py:840} INFO - DAG(s) 'ELT_dbt' retrieved from /opt/airflow/dags/ELT_metrics.py
[2024-12-05T20:34:28.412+0000] {logging_mixin.py:188} INFO - [2024-12-05T20:34:28.412+0000] {dag.py:3096} INFO - Sync 1 DAGs
[2024-12-05T20:34:28.427+0000] {logging_mixin.py:188} INFO - [2024-12-05T20:34:28.427+0000] {dag.py:3954} INFO - Setting next_dagrun for ELT_dbt to None, run_after=None
[2024-12-05T20:34:28.444+0000] {processor.py:183} INFO - Processing /opt/airflow/dags/ELT_metrics.py took 0.132 seconds
[2024-12-05T20:34:58.842+0000] {processor.py:161} INFO - Started process (PID=1074) to work on /opt/airflow/dags/ELT_metrics.py
[2024-12-05T20:34:58.842+0000] {processor.py:830} INFO - Processing file /opt/airflow/dags/ELT_metrics.py for tasks to queue
[2024-12-05T20:34:58.844+0000] {logging_mixin.py:188} INFO - [2024-12-05T20:34:58.844+0000] {dagbag.py:545} INFO - Filling up the DagBag from /opt/airflow/dags/ELT_metrics.py
[2024-12-05T20:34:58.856+0000] {logging_mixin.py:188} INFO - [2024-12-05T20:34:58.856+0000] {base.py:84} INFO - Using connection ID 'snowflake_conn' for task execution.
[2024-12-05T20:34:58.862+0000] {processor.py:840} INFO - DAG(s) 'ELT_dbt' retrieved from /opt/airflow/dags/ELT_metrics.py
[2024-12-05T20:34:58.870+0000] {logging_mixin.py:188} INFO - [2024-12-05T20:34:58.870+0000] {dag.py:3096} INFO - Sync 1 DAGs
[2024-12-05T20:34:58.876+0000] {logging_mixin.py:188} INFO - [2024-12-05T20:34:58.876+0000] {dag.py:3954} INFO - Setting next_dagrun for ELT_dbt to None, run_after=None
[2024-12-05T20:34:58.885+0000] {processor.py:183} INFO - Processing /opt/airflow/dags/ELT_metrics.py took 0.047 seconds
[2024-12-05T20:35:29.305+0000] {processor.py:161} INFO - Started process (PID=1101) to work on /opt/airflow/dags/ELT_metrics.py
[2024-12-05T20:35:29.306+0000] {processor.py:830} INFO - Processing file /opt/airflow/dags/ELT_metrics.py for tasks to queue
[2024-12-05T20:35:29.309+0000] {logging_mixin.py:188} INFO - [2024-12-05T20:35:29.308+0000] {dagbag.py:545} INFO - Filling up the DagBag from /opt/airflow/dags/ELT_metrics.py
[2024-12-05T20:35:29.333+0000] {logging_mixin.py:188} INFO - [2024-12-05T20:35:29.333+0000] {base.py:84} INFO - Using connection ID 'snowflake_conn' for task execution.
[2024-12-05T20:35:29.338+0000] {processor.py:840} INFO - DAG(s) 'ELT_dbt' retrieved from /opt/airflow/dags/ELT_metrics.py
[2024-12-05T20:35:29.352+0000] {logging_mixin.py:188} INFO - [2024-12-05T20:35:29.352+0000] {dag.py:3096} INFO - Sync 1 DAGs
[2024-12-05T20:35:29.362+0000] {logging_mixin.py:188} INFO - [2024-12-05T20:35:29.362+0000] {dag.py:3954} INFO - Setting next_dagrun for ELT_dbt to None, run_after=None
[2024-12-05T20:35:29.376+0000] {processor.py:183} INFO - Processing /opt/airflow/dags/ELT_metrics.py took 0.079 seconds
[2024-12-05T20:35:59.841+0000] {processor.py:161} INFO - Started process (PID=1127) to work on /opt/airflow/dags/ELT_metrics.py
[2024-12-05T20:35:59.843+0000] {processor.py:830} INFO - Processing file /opt/airflow/dags/ELT_metrics.py for tasks to queue
[2024-12-05T20:35:59.846+0000] {logging_mixin.py:188} INFO - [2024-12-05T20:35:59.845+0000] {dagbag.py:545} INFO - Filling up the DagBag from /opt/airflow/dags/ELT_metrics.py
[2024-12-05T20:35:59.860+0000] {logging_mixin.py:188} INFO - [2024-12-05T20:35:59.860+0000] {base.py:84} INFO - Using connection ID 'snowflake_conn' for task execution.
[2024-12-05T20:35:59.869+0000] {processor.py:840} INFO - DAG(s) 'ELT_dbt' retrieved from /opt/airflow/dags/ELT_metrics.py
[2024-12-05T20:35:59.878+0000] {logging_mixin.py:188} INFO - [2024-12-05T20:35:59.878+0000] {dag.py:3096} INFO - Sync 1 DAGs
[2024-12-05T20:35:59.886+0000] {logging_mixin.py:188} INFO - [2024-12-05T20:35:59.885+0000] {dag.py:3954} INFO - Setting next_dagrun for ELT_dbt to None, run_after=None
[2024-12-05T20:35:59.896+0000] {processor.py:183} INFO - Processing /opt/airflow/dags/ELT_metrics.py took 0.065 seconds
[2024-12-05T20:36:30.364+0000] {processor.py:161} INFO - Started process (PID=1153) to work on /opt/airflow/dags/ELT_metrics.py
[2024-12-05T20:36:30.365+0000] {processor.py:830} INFO - Processing file /opt/airflow/dags/ELT_metrics.py for tasks to queue
[2024-12-05T20:36:30.368+0000] {logging_mixin.py:188} INFO - [2024-12-05T20:36:30.368+0000] {dagbag.py:545} INFO - Filling up the DagBag from /opt/airflow/dags/ELT_metrics.py
[2024-12-05T20:36:30.391+0000] {logging_mixin.py:188} INFO - [2024-12-05T20:36:30.390+0000] {base.py:84} INFO - Using connection ID 'snowflake_conn' for task execution.
[2024-12-05T20:36:30.398+0000] {processor.py:840} INFO - DAG(s) 'ELT_dbt' retrieved from /opt/airflow/dags/ELT_metrics.py
[2024-12-05T20:36:30.410+0000] {logging_mixin.py:188} INFO - [2024-12-05T20:36:30.410+0000] {dag.py:3096} INFO - Sync 1 DAGs
[2024-12-05T20:36:30.421+0000] {logging_mixin.py:188} INFO - [2024-12-05T20:36:30.421+0000] {dag.py:3954} INFO - Setting next_dagrun for ELT_dbt to None, run_after=None
[2024-12-05T20:36:30.434+0000] {processor.py:183} INFO - Processing /opt/airflow/dags/ELT_metrics.py took 0.079 seconds
[2024-12-05T20:37:00.865+0000] {processor.py:161} INFO - Started process (PID=1179) to work on /opt/airflow/dags/ELT_metrics.py
[2024-12-05T20:37:00.867+0000] {processor.py:830} INFO - Processing file /opt/airflow/dags/ELT_metrics.py for tasks to queue
[2024-12-05T20:37:00.870+0000] {logging_mixin.py:188} INFO - [2024-12-05T20:37:00.869+0000] {dagbag.py:545} INFO - Filling up the DagBag from /opt/airflow/dags/ELT_metrics.py
[2024-12-05T20:37:00.884+0000] {logging_mixin.py:188} INFO - [2024-12-05T20:37:00.883+0000] {base.py:84} INFO - Using connection ID 'snowflake_conn' for task execution.
[2024-12-05T20:37:00.890+0000] {processor.py:840} INFO - DAG(s) 'ELT_dbt' retrieved from /opt/airflow/dags/ELT_metrics.py
[2024-12-05T20:37:00.901+0000] {logging_mixin.py:188} INFO - [2024-12-05T20:37:00.901+0000] {dag.py:3096} INFO - Sync 1 DAGs
[2024-12-05T20:37:00.911+0000] {logging_mixin.py:188} INFO - [2024-12-05T20:37:00.911+0000] {dag.py:3954} INFO - Setting next_dagrun for ELT_dbt to None, run_after=None
[2024-12-05T20:37:00.924+0000] {processor.py:183} INFO - Processing /opt/airflow/dags/ELT_metrics.py took 0.066 seconds
[2024-12-05T20:37:31.369+0000] {processor.py:161} INFO - Started process (PID=1205) to work on /opt/airflow/dags/ELT_metrics.py
[2024-12-05T20:37:31.370+0000] {processor.py:830} INFO - Processing file /opt/airflow/dags/ELT_metrics.py for tasks to queue
[2024-12-05T20:37:31.373+0000] {logging_mixin.py:188} INFO - [2024-12-05T20:37:31.373+0000] {dagbag.py:545} INFO - Filling up the DagBag from /opt/airflow/dags/ELT_metrics.py
[2024-12-05T20:37:31.396+0000] {logging_mixin.py:188} INFO - [2024-12-05T20:37:31.396+0000] {base.py:84} INFO - Using connection ID 'snowflake_conn' for task execution.
[2024-12-05T20:37:31.403+0000] {processor.py:840} INFO - DAG(s) 'ELT_dbt' retrieved from /opt/airflow/dags/ELT_metrics.py
[2024-12-05T20:37:31.413+0000] {logging_mixin.py:188} INFO - [2024-12-05T20:37:31.413+0000] {dag.py:3096} INFO - Sync 1 DAGs
[2024-12-05T20:37:31.421+0000] {logging_mixin.py:188} INFO - [2024-12-05T20:37:31.421+0000] {dag.py:3954} INFO - Setting next_dagrun for ELT_dbt to None, run_after=None
[2024-12-05T20:37:31.434+0000] {processor.py:183} INFO - Processing /opt/airflow/dags/ELT_metrics.py took 0.074 seconds
[2024-12-05T20:38:01.901+0000] {processor.py:161} INFO - Started process (PID=1231) to work on /opt/airflow/dags/ELT_metrics.py
[2024-12-05T20:38:01.904+0000] {processor.py:830} INFO - Processing file /opt/airflow/dags/ELT_metrics.py for tasks to queue
[2024-12-05T20:38:01.907+0000] {logging_mixin.py:188} INFO - [2024-12-05T20:38:01.906+0000] {dagbag.py:545} INFO - Filling up the DagBag from /opt/airflow/dags/ELT_metrics.py
[2024-12-05T20:38:01.923+0000] {logging_mixin.py:188} INFO - [2024-12-05T20:38:01.922+0000] {base.py:84} INFO - Using connection ID 'snowflake_conn' for task execution.
[2024-12-05T20:38:01.929+0000] {processor.py:840} INFO - DAG(s) 'ELT_dbt' retrieved from /opt/airflow/dags/ELT_metrics.py
[2024-12-05T20:38:01.941+0000] {logging_mixin.py:188} INFO - [2024-12-05T20:38:01.941+0000] {dag.py:3096} INFO - Sync 1 DAGs
[2024-12-05T20:38:01.950+0000] {logging_mixin.py:188} INFO - [2024-12-05T20:38:01.950+0000] {dag.py:3954} INFO - Setting next_dagrun for ELT_dbt to None, run_after=None
[2024-12-05T20:38:01.962+0000] {processor.py:183} INFO - Processing /opt/airflow/dags/ELT_metrics.py took 0.074 seconds
[2024-12-05T20:38:32.418+0000] {processor.py:161} INFO - Started process (PID=1257) to work on /opt/airflow/dags/ELT_metrics.py
[2024-12-05T20:38:32.420+0000] {processor.py:830} INFO - Processing file /opt/airflow/dags/ELT_metrics.py for tasks to queue
[2024-12-05T20:38:32.422+0000] {logging_mixin.py:188} INFO - [2024-12-05T20:38:32.422+0000] {dagbag.py:545} INFO - Filling up the DagBag from /opt/airflow/dags/ELT_metrics.py
[2024-12-05T20:38:32.440+0000] {logging_mixin.py:188} INFO - [2024-12-05T20:38:32.440+0000] {base.py:84} INFO - Using connection ID 'snowflake_conn' for task execution.
[2024-12-05T20:38:32.444+0000] {processor.py:840} INFO - DAG(s) 'ELT_dbt' retrieved from /opt/airflow/dags/ELT_metrics.py
[2024-12-05T20:38:32.456+0000] {logging_mixin.py:188} INFO - [2024-12-05T20:38:32.456+0000] {dag.py:3096} INFO - Sync 1 DAGs
[2024-12-05T20:38:32.465+0000] {logging_mixin.py:188} INFO - [2024-12-05T20:38:32.465+0000] {dag.py:3954} INFO - Setting next_dagrun for ELT_dbt to None, run_after=None
[2024-12-05T20:38:32.476+0000] {processor.py:183} INFO - Processing /opt/airflow/dags/ELT_metrics.py took 0.062 seconds
[2024-12-05T20:39:02.903+0000] {processor.py:161} INFO - Started process (PID=1283) to work on /opt/airflow/dags/ELT_metrics.py
[2024-12-05T20:39:02.903+0000] {processor.py:830} INFO - Processing file /opt/airflow/dags/ELT_metrics.py for tasks to queue
[2024-12-05T20:39:02.905+0000] {logging_mixin.py:188} INFO - [2024-12-05T20:39:02.905+0000] {dagbag.py:545} INFO - Filling up the DagBag from /opt/airflow/dags/ELT_metrics.py
[2024-12-05T20:39:02.919+0000] {logging_mixin.py:188} INFO - [2024-12-05T20:39:02.918+0000] {base.py:84} INFO - Using connection ID 'snowflake_conn' for task execution.
[2024-12-05T20:39:02.922+0000] {processor.py:840} INFO - DAG(s) 'ELT_dbt' retrieved from /opt/airflow/dags/ELT_metrics.py
[2024-12-05T20:39:02.931+0000] {logging_mixin.py:188} INFO - [2024-12-05T20:39:02.931+0000] {dag.py:3096} INFO - Sync 1 DAGs
[2024-12-05T20:39:02.938+0000] {logging_mixin.py:188} INFO - [2024-12-05T20:39:02.938+0000] {dag.py:3954} INFO - Setting next_dagrun for ELT_dbt to None, run_after=None
[2024-12-05T20:39:02.950+0000] {processor.py:183} INFO - Processing /opt/airflow/dags/ELT_metrics.py took 0.051 seconds
[2024-12-05T20:39:33.418+0000] {processor.py:161} INFO - Started process (PID=1309) to work on /opt/airflow/dags/ELT_metrics.py
[2024-12-05T20:39:33.420+0000] {processor.py:830} INFO - Processing file /opt/airflow/dags/ELT_metrics.py for tasks to queue
[2024-12-05T20:39:33.424+0000] {logging_mixin.py:188} INFO - [2024-12-05T20:39:33.424+0000] {dagbag.py:545} INFO - Filling up the DagBag from /opt/airflow/dags/ELT_metrics.py
[2024-12-05T20:39:33.466+0000] {logging_mixin.py:188} INFO - [2024-12-05T20:39:33.466+0000] {base.py:84} INFO - Using connection ID 'snowflake_conn' for task execution.
[2024-12-05T20:39:33.479+0000] {processor.py:840} INFO - DAG(s) 'ELT_dbt' retrieved from /opt/airflow/dags/ELT_metrics.py
[2024-12-05T20:39:33.495+0000] {logging_mixin.py:188} INFO - [2024-12-05T20:39:33.495+0000] {dag.py:3096} INFO - Sync 1 DAGs
[2024-12-05T20:39:33.511+0000] {logging_mixin.py:188} INFO - [2024-12-05T20:39:33.510+0000] {dag.py:3954} INFO - Setting next_dagrun for ELT_dbt to None, run_after=None
[2024-12-05T20:39:33.541+0000] {processor.py:183} INFO - Processing /opt/airflow/dags/ELT_metrics.py took 0.149 seconds
[2024-12-05T20:40:04.130+0000] {processor.py:161} INFO - Started process (PID=1335) to work on /opt/airflow/dags/ELT_metrics.py
[2024-12-05T20:40:04.133+0000] {processor.py:830} INFO - Processing file /opt/airflow/dags/ELT_metrics.py for tasks to queue
[2024-12-05T20:40:04.135+0000] {logging_mixin.py:188} INFO - [2024-12-05T20:40:04.135+0000] {dagbag.py:545} INFO - Filling up the DagBag from /opt/airflow/dags/ELT_metrics.py
[2024-12-05T20:40:04.166+0000] {logging_mixin.py:188} INFO - [2024-12-05T20:40:04.166+0000] {base.py:84} INFO - Using connection ID 'snowflake_conn' for task execution.
[2024-12-05T20:40:04.172+0000] {processor.py:840} INFO - DAG(s) 'ELT_dbt' retrieved from /opt/airflow/dags/ELT_metrics.py
[2024-12-05T20:40:04.186+0000] {logging_mixin.py:188} INFO - [2024-12-05T20:40:04.186+0000] {dag.py:3096} INFO - Sync 1 DAGs
[2024-12-05T20:40:04.199+0000] {logging_mixin.py:188} INFO - [2024-12-05T20:40:04.199+0000] {dag.py:3954} INFO - Setting next_dagrun for ELT_dbt to None, run_after=None
[2024-12-05T20:40:04.213+0000] {processor.py:183} INFO - Processing /opt/airflow/dags/ELT_metrics.py took 0.098 seconds
[2024-12-05T20:40:34.673+0000] {processor.py:161} INFO - Started process (PID=1361) to work on /opt/airflow/dags/ELT_metrics.py
[2024-12-05T20:40:34.675+0000] {processor.py:830} INFO - Processing file /opt/airflow/dags/ELT_metrics.py for tasks to queue
[2024-12-05T20:40:34.677+0000] {logging_mixin.py:188} INFO - [2024-12-05T20:40:34.676+0000] {dagbag.py:545} INFO - Filling up the DagBag from /opt/airflow/dags/ELT_metrics.py
[2024-12-05T20:40:34.693+0000] {logging_mixin.py:188} INFO - [2024-12-05T20:40:34.693+0000] {base.py:84} INFO - Using connection ID 'snowflake_conn' for task execution.
[2024-12-05T20:40:34.699+0000] {processor.py:840} INFO - DAG(s) 'ELT_dbt' retrieved from /opt/airflow/dags/ELT_metrics.py
[2024-12-05T20:40:34.708+0000] {logging_mixin.py:188} INFO - [2024-12-05T20:40:34.708+0000] {dag.py:3096} INFO - Sync 1 DAGs
[2024-12-05T20:40:34.716+0000] {logging_mixin.py:188} INFO - [2024-12-05T20:40:34.715+0000] {dag.py:3954} INFO - Setting next_dagrun for ELT_dbt to None, run_after=None
[2024-12-05T20:40:34.728+0000] {processor.py:183} INFO - Processing /opt/airflow/dags/ELT_metrics.py took 0.063 seconds
