[2024-11-26T22:12:48.436+0000] {local_task_job_runner.py:120} INFO - ::group::Pre task execution logs
[2024-11-26T22:12:48.446+0000] {taskinstance.py:2076} INFO - Dependencies all met for dep_context=non-requeueable deps ti=<TaskInstance: Weather_Realtime_Data_ETL.transform_weather_current_data scheduled__2024-11-26T21:30:00+00:00 [queued]>
[2024-11-26T22:12:48.451+0000] {taskinstance.py:2076} INFO - Dependencies all met for dep_context=requeueable deps ti=<TaskInstance: Weather_Realtime_Data_ETL.transform_weather_current_data scheduled__2024-11-26T21:30:00+00:00 [queued]>
[2024-11-26T22:12:48.451+0000] {taskinstance.py:2306} INFO - Starting attempt 1 of 2
[2024-11-26T22:12:48.457+0000] {taskinstance.py:2330} INFO - Executing <Task(_PythonDecoratedOperator): transform_weather_current_data> on 2024-11-26 21:30:00+00:00
[2024-11-26T22:12:48.462+0000] {logging_mixin.py:188} WARNING - /home/***/.local/lib/python3.12/site-packages/***/task/task_runner/standard_task_runner.py:61 DeprecationWarning: This process (pid=23036) is multi-threaded, use of fork() may lead to deadlocks in the child.
[2024-11-26T22:12:48.462+0000] {standard_task_runner.py:63} INFO - Started process 23050 to run task
[2024-11-26T22:12:48.462+0000] {standard_task_runner.py:90} INFO - Running: ['***', 'tasks', 'run', 'Weather_Realtime_Data_ETL', 'transform_weather_current_data', 'scheduled__2024-11-26T21:30:00+00:00', '--job-id', '275', '--raw', '--subdir', 'DAGS_FOLDER/ETL_weather_realtime.py', '--cfg-path', '/tmp/tmp4linrlqv']
[2024-11-26T22:12:48.464+0000] {standard_task_runner.py:91} INFO - Job 275: Subtask transform_weather_current_data
[2024-11-26T22:12:48.487+0000] {task_command.py:426} INFO - Running <TaskInstance: Weather_Realtime_Data_ETL.transform_weather_current_data scheduled__2024-11-26T21:30:00+00:00 [running]> on host 5de3b6ca18a7
[2024-11-26T22:12:48.559+0000] {taskinstance.py:2648} INFO - Exporting env vars: AIRFLOW_CTX_DAG_EMAIL='shatayu.thakur@sjsu.edu' AIRFLOW_CTX_DAG_OWNER='Shatayu' AIRFLOW_CTX_DAG_ID='Weather_Realtime_Data_ETL' AIRFLOW_CTX_TASK_ID='transform_weather_current_data' AIRFLOW_CTX_EXECUTION_DATE='2024-11-26T21:30:00+00:00' AIRFLOW_CTX_TRY_NUMBER='1' AIRFLOW_CTX_DAG_RUN_ID='scheduled__2024-11-26T21:30:00+00:00'
[2024-11-26T22:12:48.560+0000] {taskinstance.py:430} INFO - ::endgroup::
[2024-11-26T22:12:48.564+0000] {logging_mixin.py:188} INFO - Transformed Data for Jersey City, New Jersey:
[2024-11-26T22:12:48.567+0000] {logging_mixin.py:188} INFO -                   date  temp  temp_feel  humidity  rain  year  month  day  hour
0 2024-11-26 17:00:00  60.1       60.1        40   0.0  2024     11   26    17
[2024-11-26T22:12:48.567+0000] {logging_mixin.py:188} INFO - Transformed Data Features:  Index(['date', 'temp', 'temp_feel', 'humidity', 'rain', 'year', 'month', 'day',
       'hour'],
      dtype='object')
[2024-11-26T22:12:48.567+0000] {python.py:237} INFO - Done. Returned value was:                  date  temp  temp_feel  humidity  rain  year  month  day  hour
0 2024-11-26 17:00:00  60.1       60.1        40   0.0  2024     11   26    17
[2024-11-26T22:12:48.570+0000] {taskinstance.py:441} INFO - ::group::Post task execution logs
[2024-11-26T22:12:48.582+0000] {taskinstance.py:1206} INFO - Marking task as SUCCESS. dag_id=Weather_Realtime_Data_ETL, task_id=transform_weather_current_data, run_id=scheduled__2024-11-26T21:30:00+00:00, execution_date=20241126T213000, start_date=20241126T221248, end_date=20241126T221248
[2024-11-26T22:12:48.601+0000] {local_task_job_runner.py:240} INFO - Task exited with return code 0
[2024-11-26T22:12:48.613+0000] {taskinstance.py:3498} INFO - 1 downstream tasks scheduled from follow-on schedule check
[2024-11-26T22:12:48.614+0000] {local_task_job_runner.py:222} INFO - ::endgroup::
