[2024-11-26T19:43:31.803+0000] {local_task_job_runner.py:120} INFO - ::group::Pre task execution logs
[2024-11-26T19:43:31.813+0000] {taskinstance.py:2076} INFO - Dependencies all met for dep_context=non-requeueable deps ti=<TaskInstance: Citibike_Hist_Data_ETL.extract_citibike_data manual__2024-11-26T19:43:30.461399+00:00 [queued]>
[2024-11-26T19:43:31.818+0000] {taskinstance.py:2076} INFO - Dependencies all met for dep_context=requeueable deps ti=<TaskInstance: Citibike_Hist_Data_ETL.extract_citibike_data manual__2024-11-26T19:43:30.461399+00:00 [queued]>
[2024-11-26T19:43:31.819+0000] {taskinstance.py:2306} INFO - Starting attempt 1 of 2
[2024-11-26T19:43:31.828+0000] {taskinstance.py:2330} INFO - Executing <Task(_PythonDecoratedOperator): extract_citibike_data> on 2024-11-26 19:43:30.461399+00:00
[2024-11-26T19:43:31.843+0000] {standard_task_runner.py:90} INFO - Running: ['***', 'tasks', 'run', 'Citibike_Hist_Data_ETL', 'extract_citibike_data', 'manual__2024-11-26T19:43:30.461399+00:00', '--job-id', '234', '--raw', '--subdir', 'DAGS_FOLDER/ETL_citibike.py', '--cfg-path', '/tmp/tmppdip8qzr']
[2024-11-26T19:43:31.845+0000] {standard_task_runner.py:91} INFO - Job 234: Subtask extract_citibike_data
[2024-11-26T19:43:31.843+0000] {logging_mixin.py:188} WARNING - /home/***/.local/lib/python3.12/site-packages/***/task/task_runner/standard_task_runner.py:61 DeprecationWarning: This process (pid=21269) is multi-threaded, use of fork() may lead to deadlocks in the child.
[2024-11-26T19:43:31.846+0000] {standard_task_runner.py:63} INFO - Started process 21272 to run task
[2024-11-26T19:43:31.884+0000] {task_command.py:426} INFO - Running <TaskInstance: Citibike_Hist_Data_ETL.extract_citibike_data manual__2024-11-26T19:43:30.461399+00:00 [running]> on host 5de3b6ca18a7
[2024-11-26T19:43:31.942+0000] {taskinstance.py:2648} INFO - Exporting env vars: AIRFLOW_CTX_DAG_EMAIL='shatayu.thakur@sjsu.edu' AIRFLOW_CTX_DAG_OWNER='Shatayu' AIRFLOW_CTX_DAG_ID='Citibike_Hist_Data_ETL' AIRFLOW_CTX_TASK_ID='extract_citibike_data' AIRFLOW_CTX_EXECUTION_DATE='2024-11-26T19:43:30.461399+00:00' AIRFLOW_CTX_TRY_NUMBER='1' AIRFLOW_CTX_DAG_RUN_ID='manual__2024-11-26T19:43:30.461399+00:00'
[2024-11-26T19:43:31.943+0000] {taskinstance.py:430} INFO - ::endgroup::
[2024-11-26T19:43:31.943+0000] {logging_mixin.py:188} INFO - Fetching citibike ride data from 2021-10 to 2024-10
[2024-11-26T19:43:33.118+0000] {logging_mixin.py:188} INFO - Successfully processed: JC-202110-citibike-tripdata.csv
[2024-11-26T19:43:34.134+0000] {logging_mixin.py:188} INFO - Successfully processed: JC-202111-citibike-tripdata.csv
[2024-11-26T19:43:35.035+0000] {logging_mixin.py:188} INFO - Successfully processed: JC-202112-citibike-tripdata.csv
[2024-11-26T19:43:35.841+0000] {logging_mixin.py:188} INFO - Successfully processed: JC-202201-citibike-tripdata.csv
[2024-11-26T19:43:36.684+0000] {logging_mixin.py:188} INFO - Successfully processed: JC-202202-citibike-tripdata.csv
[2024-11-26T19:43:37.567+0000] {logging_mixin.py:188} INFO - Successfully processed: JC-202203-citibike-tripdata.csv
[2024-11-26T19:43:38.540+0000] {logging_mixin.py:188} INFO - Successfully processed: JC-202204-citibike-tripdata.csv
[2024-11-26T19:43:39.590+0000] {logging_mixin.py:188} INFO - Successfully processed: JC-202205-citibike-tripdata.csv
[2024-11-26T19:43:40.746+0000] {logging_mixin.py:188} INFO - Successfully processed: JC-202206-citibike-tripdata.csv
[2024-11-26T19:43:41.906+0000] {logging_mixin.py:188} INFO - Successfully processed: JC-202207-citbike-tripdata.csv
[2024-11-26T19:43:43.077+0000] {logging_mixin.py:188} INFO - Successfully processed: JC-202208-citibike-tripdata.csv
[2024-11-26T19:43:44.293+0000] {logging_mixin.py:188} INFO - Successfully processed: JC-202209-citibike-tripdata.csv
[2024-11-26T19:43:45.377+0000] {logging_mixin.py:188} INFO - Successfully processed: JC-202210-citibike-tripdata.csv
[2024-11-26T19:43:46.453+0000] {logging_mixin.py:188} INFO - Successfully processed: JC-202211-citibike-tripdata.csv
[2024-11-26T19:43:47.350+0000] {logging_mixin.py:188} INFO - Successfully processed: JC-202212-citibike-tripdata.csv
[2024-11-26T19:43:48.314+0000] {logging_mixin.py:188} INFO - Successfully processed: JC-202301-citibike-tripdata.csv
[2024-11-26T19:43:49.231+0000] {logging_mixin.py:188} INFO - Successfully processed: JC-202302-citibike-tripdata.csv
[2024-11-26T19:43:50.158+0000] {logging_mixin.py:188} INFO - Successfully processed: JC-202303-citibike-tripdata.csv
[2024-11-26T19:43:55.192+0000] {logging_mixin.py:188} INFO - Successfully processed: JC-202304-citibike-tripdata.csv
[2024-11-26T19:43:56.277+0000] {logging_mixin.py:188} INFO - Successfully processed: JC-202305-citibike-tripdata.csv
[2024-11-26T19:43:57.310+0000] {logging_mixin.py:188} INFO - Successfully processed: JC-202306-citibike-tripdata.csv
[2024-11-26T19:43:58.447+0000] {logging_mixin.py:188} INFO - Successfully processed: JC-202307-citibike-tripdata.csv
[2024-11-26T19:43:59.684+0000] {logging_mixin.py:188} INFO - Successfully processed: JC-202308-citibike-tripdata.csv
[2024-11-26T19:44:00.745+0000] {logging_mixin.py:188} INFO - Successfully processed: JC-202309-citibike-tripdata.csv
[2024-11-26T19:44:01.804+0000] {logging_mixin.py:188} INFO - Successfully processed: JC-202310-citibike-tripdata.csv
[2024-11-26T19:44:02.867+0000] {logging_mixin.py:188} INFO - Successfully processed: JC-202311-citibike-tripdata.csv
[2024-11-26T19:44:03.799+0000] {logging_mixin.py:188} INFO - Successfully processed: JC-202312-citibike-tripdata.csv
[2024-11-26T19:44:04.719+0000] {logging_mixin.py:188} INFO - Successfully processed: JC-202401-citibike-tripdata.csv
[2024-11-26T19:44:05.652+0000] {logging_mixin.py:188} INFO - Successfully processed: JC-202402-citibike-tripdata.csv
[2024-11-26T19:44:06.642+0000] {logging_mixin.py:188} INFO - Successfully processed: JC-202403-citibike-tripdata.csv
[2024-11-26T19:44:07.795+0000] {logging_mixin.py:188} INFO - Successfully processed: JC-202404-citibike-tripdata.csv
[2024-11-26T19:44:08.911+0000] {logging_mixin.py:188} INFO - Successfully processed: JC-202405-citibike-tripdata.csv
[2024-11-26T19:44:10.084+0000] {logging_mixin.py:188} INFO - Successfully processed: JC-202406-citibike-tripdata.csv
[2024-11-26T19:44:11.358+0000] {logging_mixin.py:188} INFO - Successfully processed: JC-202407-citibike-tripdata.csv
[2024-11-26T19:44:12.495+0000] {logging_mixin.py:188} INFO - Successfully processed: JC-202408-citibike-tripdata.csv
[2024-11-26T19:44:13.686+0000] {logging_mixin.py:188} INFO - Successfully processed: JC-202409-citibike-tripdata.csv
[2024-11-26T19:44:15.020+0000] {logging_mixin.py:188} INFO - Successfully processed: JC-202410-citibike-tripdata.csv
[2024-11-26T19:44:30.154+0000] {python.py:237} INFO - Done. Returned value was: /opt/***/temp_store_proj/extracted_data.csv
[2024-11-26T19:44:30.157+0000] {taskinstance.py:441} INFO - ::group::Post task execution logs
[2024-11-26T19:44:30.180+0000] {taskinstance.py:1206} INFO - Marking task as SUCCESS. dag_id=Citibike_Hist_Data_ETL, task_id=extract_citibike_data, run_id=manual__2024-11-26T19:43:30.461399+00:00, execution_date=20241126T194330, start_date=20241126T194331, end_date=20241126T194430
[2024-11-26T19:44:30.221+0000] {local_task_job_runner.py:240} INFO - Task exited with return code 0
[2024-11-26T19:44:30.246+0000] {taskinstance.py:3498} INFO - 1 downstream tasks scheduled from follow-on schedule check
[2024-11-26T19:44:30.249+0000] {local_task_job_runner.py:222} INFO - ::endgroup::
