[2024-11-25T07:04:22.750+0000] {local_task_job_runner.py:120} INFO - ::group::Pre task execution logs
[2024-11-25T07:04:22.758+0000] {taskinstance.py:2076} INFO - Dependencies all met for dep_context=non-requeueable deps ti=<TaskInstance: Citibike_Data_ETL.extract_citibike_data manual__2024-11-25T07:04:21.460384+00:00 [queued]>
[2024-11-25T07:04:22.762+0000] {taskinstance.py:2076} INFO - Dependencies all met for dep_context=requeueable deps ti=<TaskInstance: Citibike_Data_ETL.extract_citibike_data manual__2024-11-25T07:04:21.460384+00:00 [queued]>
[2024-11-25T07:04:22.762+0000] {taskinstance.py:2306} INFO - Starting attempt 1 of 2
[2024-11-25T07:04:22.767+0000] {taskinstance.py:2330} INFO - Executing <Task(_PythonDecoratedOperator): extract_citibike_data> on 2024-11-25 07:04:21.460384+00:00
[2024-11-25T07:04:22.773+0000] {logging_mixin.py:188} WARNING - /home/***/.local/lib/python3.12/site-packages/***/task/task_runner/standard_task_runner.py:61 DeprecationWarning: This process (pid=8268) is multi-threaded, use of fork() may lead to deadlocks in the child.
[2024-11-25T07:04:22.774+0000] {standard_task_runner.py:63} INFO - Started process 8271 to run task
[2024-11-25T07:04:22.773+0000] {standard_task_runner.py:90} INFO - Running: ['***', 'tasks', 'run', 'Citibike_Data_ETL', 'extract_citibike_data', 'manual__2024-11-25T07:04:21.460384+00:00', '--job-id', '79', '--raw', '--subdir', 'DAGS_FOLDER/ETL_citibike.py', '--cfg-path', '/tmp/tmp8ek_6sa5']
[2024-11-25T07:04:22.775+0000] {standard_task_runner.py:91} INFO - Job 79: Subtask extract_citibike_data
[2024-11-25T07:04:22.802+0000] {task_command.py:426} INFO - Running <TaskInstance: Citibike_Data_ETL.extract_citibike_data manual__2024-11-25T07:04:21.460384+00:00 [running]> on host 5de3b6ca18a7
[2024-11-25T07:04:22.851+0000] {taskinstance.py:2648} INFO - Exporting env vars: AIRFLOW_CTX_DAG_EMAIL='shatayu.thakur@sjsu.edu' AIRFLOW_CTX_DAG_OWNER='Shatayu' AIRFLOW_CTX_DAG_ID='Citibike_Data_ETL' AIRFLOW_CTX_TASK_ID='extract_citibike_data' AIRFLOW_CTX_EXECUTION_DATE='2024-11-25T07:04:21.460384+00:00' AIRFLOW_CTX_TRY_NUMBER='1' AIRFLOW_CTX_DAG_RUN_ID='manual__2024-11-25T07:04:21.460384+00:00'
[2024-11-25T07:04:22.852+0000] {taskinstance.py:430} INFO - ::endgroup::
[2024-11-25T07:04:24.044+0000] {logging_mixin.py:188} INFO - Successfully processed: JC-202110-citibike-tripdata.csv
[2024-11-25T07:04:25.057+0000] {logging_mixin.py:188} INFO - Successfully processed: JC-202111-citibike-tripdata.csv
[2024-11-25T07:04:25.956+0000] {logging_mixin.py:188} INFO - Successfully processed: JC-202112-citibike-tripdata.csv
[2024-11-25T07:04:26.680+0000] {logging_mixin.py:188} INFO - Successfully processed: JC-202201-citibike-tripdata.csv
[2024-11-25T07:04:27.476+0000] {logging_mixin.py:188} INFO - Successfully processed: JC-202202-citibike-tripdata.csv
[2024-11-25T07:04:28.395+0000] {logging_mixin.py:188} INFO - Successfully processed: JC-202203-citibike-tripdata.csv
[2024-11-25T07:04:29.351+0000] {logging_mixin.py:188} INFO - Successfully processed: JC-202204-citibike-tripdata.csv
[2024-11-25T07:04:30.397+0000] {logging_mixin.py:188} INFO - Successfully processed: JC-202205-citibike-tripdata.csv
[2024-11-25T07:04:31.538+0000] {logging_mixin.py:188} INFO - Successfully processed: JC-202206-citibike-tripdata.csv
[2024-11-25T07:04:32.725+0000] {logging_mixin.py:188} INFO - Successfully processed: JC-202207-citbike-tripdata.csv
[2024-11-25T07:04:33.948+0000] {logging_mixin.py:188} INFO - Successfully processed: JC-202208-citibike-tripdata.csv
[2024-11-25T07:04:35.194+0000] {logging_mixin.py:188} INFO - Successfully processed: JC-202209-citibike-tripdata.csv
[2024-11-25T07:04:36.357+0000] {logging_mixin.py:188} INFO - Successfully processed: JC-202210-citibike-tripdata.csv
[2024-11-25T07:04:37.477+0000] {logging_mixin.py:188} INFO - Successfully processed: JC-202211-citibike-tripdata.csv
[2024-11-25T07:04:38.405+0000] {logging_mixin.py:188} INFO - Successfully processed: JC-202212-citibike-tripdata.csv
[2024-11-25T07:04:39.355+0000] {logging_mixin.py:188} INFO - Successfully processed: JC-202301-citibike-tripdata.csv
[2024-11-25T07:04:43.387+0000] {logging_mixin.py:188} INFO - Successfully processed: JC-202302-citibike-tripdata.csv
[2024-11-25T07:04:44.323+0000] {logging_mixin.py:188} INFO - Successfully processed: JC-202303-citibike-tripdata.csv
[2024-11-25T07:04:45.412+0000] {logging_mixin.py:188} INFO - Successfully processed: JC-202304-citibike-tripdata.csv
[2024-11-25T07:04:46.540+0000] {logging_mixin.py:188} INFO - Successfully processed: JC-202305-citibike-tripdata.csv
[2024-11-25T07:04:47.735+0000] {logging_mixin.py:188} INFO - Successfully processed: JC-202306-citibike-tripdata.csv
[2024-11-25T07:04:48.850+0000] {logging_mixin.py:188} INFO - Successfully processed: JC-202307-citibike-tripdata.csv
[2024-11-25T07:04:49.964+0000] {logging_mixin.py:188} INFO - Successfully processed: JC-202308-citibike-tripdata.csv
[2024-11-25T07:04:51.023+0000] {logging_mixin.py:188} INFO - Successfully processed: JC-202309-citibike-tripdata.csv
[2024-11-25T07:04:52.202+0000] {logging_mixin.py:188} INFO - Successfully processed: JC-202310-citibike-tripdata.csv
[2024-11-25T07:04:53.167+0000] {logging_mixin.py:188} INFO - Successfully processed: JC-202311-citibike-tripdata.csv
[2024-11-25T07:04:54.098+0000] {logging_mixin.py:188} INFO - Successfully processed: JC-202312-citibike-tripdata.csv
[2024-11-25T07:04:55.022+0000] {logging_mixin.py:188} INFO - Successfully processed: JC-202401-citibike-tripdata.csv
[2024-11-25T07:04:55.977+0000] {logging_mixin.py:188} INFO - Successfully processed: JC-202402-citibike-tripdata.csv
[2024-11-25T07:04:57.018+0000] {logging_mixin.py:188} INFO - Successfully processed: JC-202403-citibike-tripdata.csv
[2024-11-25T07:04:58.153+0000] {logging_mixin.py:188} INFO - Successfully processed: JC-202404-citibike-tripdata.csv
[2024-11-25T07:04:59.277+0000] {logging_mixin.py:188} INFO - Successfully processed: JC-202405-citibike-tripdata.csv
[2024-11-25T07:05:00.439+0000] {logging_mixin.py:188} INFO - Successfully processed: JC-202406-citibike-tripdata.csv
[2024-11-25T07:05:01.608+0000] {logging_mixin.py:188} INFO - Successfully processed: JC-202407-citibike-tripdata.csv
[2024-11-25T07:05:02.861+0000] {logging_mixin.py:188} INFO - Successfully processed: JC-202408-citibike-tripdata.csv
[2024-11-25T07:05:04.085+0000] {logging_mixin.py:188} INFO - Successfully processed: JC-202409-citibike-tripdata.csv
[2024-11-25T07:05:05.399+0000] {logging_mixin.py:188} INFO - Successfully processed: JC-202410-citibike-tripdata.csv
[2024-11-25T07:05:18.464+0000] {python.py:237} INFO - Done. Returned value was: /opt/***/temp_store_proj/extracted_data.csv
[2024-11-25T07:05:18.466+0000] {taskinstance.py:441} INFO - ::group::Post task execution logs
[2024-11-25T07:05:18.575+0000] {taskinstance.py:1206} INFO - Marking task as SUCCESS. dag_id=Citibike_Data_ETL, task_id=extract_citibike_data, run_id=manual__2024-11-25T07:04:21.460384+00:00, execution_date=20241125T070421, start_date=20241125T070422, end_date=20241125T070518
[2024-11-25T07:05:18.626+0000] {local_task_job_runner.py:240} INFO - Task exited with return code 0
[2024-11-25T07:05:18.641+0000] {taskinstance.py:3498} INFO - 1 downstream tasks scheduled from follow-on schedule check
[2024-11-25T07:05:18.642+0000] {local_task_job_runner.py:222} INFO - ::endgroup::
