[2024-11-26T19:24:43.632+0000] {local_task_job_runner.py:120} INFO - ::group::Pre task execution logs
[2024-11-26T19:24:43.640+0000] {taskinstance.py:2076} INFO - Dependencies all met for dep_context=non-requeueable deps ti=<TaskInstance: Weather_Realtime_Data_ETL.load_weather_current_data manual__2024-11-26T19:24:40.868478+00:00 [queued]>
[2024-11-26T19:24:43.645+0000] {taskinstance.py:2076} INFO - Dependencies all met for dep_context=requeueable deps ti=<TaskInstance: Weather_Realtime_Data_ETL.load_weather_current_data manual__2024-11-26T19:24:40.868478+00:00 [queued]>
[2024-11-26T19:24:43.645+0000] {taskinstance.py:2306} INFO - Starting attempt 1 of 2
[2024-11-26T19:24:43.650+0000] {taskinstance.py:2330} INFO - Executing <Task(_PythonDecoratedOperator): load_weather_current_data> on 2024-11-26 19:24:40.868478+00:00
[2024-11-26T19:24:43.654+0000] {logging_mixin.py:188} WARNING - /home/***/.local/lib/python3.12/site-packages/***/task/task_runner/standard_task_runner.py:61 DeprecationWarning: This process (pid=20457) is multi-threaded, use of fork() may lead to deadlocks in the child.
[2024-11-26T19:24:43.655+0000] {standard_task_runner.py:63} INFO - Started process 20460 to run task
[2024-11-26T19:24:43.654+0000] {standard_task_runner.py:90} INFO - Running: ['***', 'tasks', 'run', 'Weather_Realtime_Data_ETL', 'load_weather_current_data', 'manual__2024-11-26T19:24:40.868478+00:00', '--job-id', '230', '--raw', '--subdir', 'DAGS_FOLDER/ETL_weather_realtime.py', '--cfg-path', '/tmp/tmpxkjmeo34']
[2024-11-26T19:24:43.656+0000] {standard_task_runner.py:91} INFO - Job 230: Subtask load_weather_current_data
[2024-11-26T19:24:43.679+0000] {task_command.py:426} INFO - Running <TaskInstance: Weather_Realtime_Data_ETL.load_weather_current_data manual__2024-11-26T19:24:40.868478+00:00 [running]> on host 5de3b6ca18a7
[2024-11-26T19:24:43.753+0000] {taskinstance.py:2648} INFO - Exporting env vars: AIRFLOW_CTX_DAG_EMAIL='shatayu.thakur@sjsu.edu' AIRFLOW_CTX_DAG_OWNER='Shatayu' AIRFLOW_CTX_DAG_ID='Weather_Realtime_Data_ETL' AIRFLOW_CTX_TASK_ID='load_weather_current_data' AIRFLOW_CTX_EXECUTION_DATE='2024-11-26T19:24:40.868478+00:00' AIRFLOW_CTX_TRY_NUMBER='1' AIRFLOW_CTX_DAG_RUN_ID='manual__2024-11-26T19:24:40.868478+00:00'
[2024-11-26T19:24:43.754+0000] {taskinstance.py:430} INFO - ::endgroup::
[2024-11-26T19:24:43.759+0000] {base.py:84} INFO - Using connection ID 'snowflake_conn' for task execution.
[2024-11-26T19:24:43.760+0000] {connection.py:399} INFO - Snowflake Connector for Python Version: 3.10.0, Python Version: 3.12.3, Platform: Linux-6.10.11-linuxkit-aarch64-with-glibc2.36
[2024-11-26T19:24:43.760+0000] {connection.py:1239} INFO - This connection is in OCSP Fail Open Mode. TLS Certificates would be checked for validity and revocation status. Any other Certificate Revocation related exceptions or OCSP Responder failures would be disregarded in favor of connectivity.
[2024-11-26T19:24:44.460+0000] {cursor.py:1149} INFO - Number of results in first chunk: 1
[2024-11-26T19:24:44.464+0000] {logging_mixin.py:188} INFO - Realtime Record to be pushed to snowflake table:                   date  temp  temp_feel  humidity  rain  year  month  day  hour
0 2024-11-26 14:15:00  60.1       60.1        60  2.01  2024     11   26    14
[2024-11-26T19:24:44.562+0000] {cursor.py:1149} INFO - Number of results in first chunk: 1
[2024-11-26T19:24:44.685+0000] {cursor.py:1149} INFO - Number of results in first chunk: 1
[2024-11-26T19:24:45.044+0000] {cursor.py:1149} INFO - Number of results in first chunk: 1
[2024-11-26T19:24:45.045+0000] {logging_mixin.py:188} INFO - Target Table Initialized and Ready to Store Realtime Weather Data from ETL
[2024-11-26T19:24:45.790+0000] {logging_mixin.py:188} INFO - Inserted current weather for date: 2024-11-26 14:15:00
[2024-11-26T19:24:46.468+0000] {logging_mixin.py:188} INFO - Inserted current weather record successfully to dev.raw_data.weather_current through query: 
            INSERT INTO dev.raw_data.weather_current (date, temp, temp_feel, humidity, rain, year, month, day, hour) 
            VALUES ('2024-11-26 14:15:00', 60.1, 60.1, 60, 
                    2.01, 2024, 11, 26, 14);
            
[2024-11-26T19:24:46.608+0000] {cursor.py:1149} INFO - Number of results in first chunk: 1
[2024-11-26T19:24:46.609+0000] {logging_mixin.py:188} INFO - Transaction committed. Data load complete.
[2024-11-26T19:24:46.610+0000] {connection.py:762} INFO - closed
[2024-11-26T19:24:46.656+0000] {connection.py:768} INFO - No async queries seem to be running, deleting session
[2024-11-26T19:24:46.713+0000] {python.py:237} INFO - Done. Returned value was: None
[2024-11-26T19:24:46.715+0000] {taskinstance.py:441} INFO - ::group::Post task execution logs
[2024-11-26T19:24:46.727+0000] {taskinstance.py:1206} INFO - Marking task as SUCCESS. dag_id=Weather_Realtime_Data_ETL, task_id=load_weather_current_data, run_id=manual__2024-11-26T19:24:40.868478+00:00, execution_date=20241126T192440, start_date=20241126T192443, end_date=20241126T192446
[2024-11-26T19:24:46.780+0000] {local_task_job_runner.py:240} INFO - Task exited with return code 0
[2024-11-26T19:24:46.797+0000] {taskinstance.py:3498} INFO - 0 downstream tasks scheduled from follow-on schedule check
[2024-11-26T19:24:46.799+0000] {local_task_job_runner.py:222} INFO - ::endgroup::
