[2024-12-05T17:26:57.792+0000] {local_task_job_runner.py:120} INFO - ::group::Pre task execution logs
[2024-12-05T17:26:57.801+0000] {taskinstance.py:2076} INFO - Dependencies all met for dep_context=non-requeueable deps ti=<TaskInstance: Weather_Realtime_Data_ETL.transform_weather_current_data scheduled__2024-11-28T02:00:00+00:00 [queued]>
[2024-12-05T17:26:57.805+0000] {taskinstance.py:2076} INFO - Dependencies all met for dep_context=requeueable deps ti=<TaskInstance: Weather_Realtime_Data_ETL.transform_weather_current_data scheduled__2024-11-28T02:00:00+00:00 [queued]>
[2024-12-05T17:26:57.806+0000] {taskinstance.py:2306} INFO - Starting attempt 1 of 2
[2024-12-05T17:26:57.812+0000] {taskinstance.py:2330} INFO - Executing <Task(_PythonDecoratedOperator): transform_weather_current_data> on 2024-11-28 02:00:00+00:00
[2024-12-05T17:26:57.817+0000] {standard_task_runner.py:90} INFO - Running: ['***', 'tasks', 'run', 'Weather_Realtime_Data_ETL', 'transform_weather_current_data', 'scheduled__2024-11-28T02:00:00+00:00', '--job-id', '442', '--raw', '--subdir', 'DAGS_FOLDER/ETL_weather_realtime.py', '--cfg-path', '/tmp/tmpcxzo893u']
[2024-12-05T17:26:57.818+0000] {standard_task_runner.py:91} INFO - Job 442: Subtask transform_weather_current_data
[2024-12-05T17:26:57.818+0000] {logging_mixin.py:188} WARNING - /home/***/.local/lib/python3.12/site-packages/***/task/task_runner/standard_task_runner.py:61 DeprecationWarning: This process (pid=232) is multi-threaded, use of fork() may lead to deadlocks in the child.
[2024-12-05T17:26:57.819+0000] {standard_task_runner.py:63} INFO - Started process 238 to run task
[2024-12-05T17:26:57.849+0000] {task_command.py:426} INFO - Running <TaskInstance: Weather_Realtime_Data_ETL.transform_weather_current_data scheduled__2024-11-28T02:00:00+00:00 [running]> on host 5de3b6ca18a7
[2024-12-05T17:26:57.948+0000] {taskinstance.py:2648} INFO - Exporting env vars: AIRFLOW_CTX_DAG_EMAIL='shatayu.thakur@sjsu.edu' AIRFLOW_CTX_DAG_OWNER='Shatayu' AIRFLOW_CTX_DAG_ID='Weather_Realtime_Data_ETL' AIRFLOW_CTX_TASK_ID='transform_weather_current_data' AIRFLOW_CTX_EXECUTION_DATE='2024-11-28T02:00:00+00:00' AIRFLOW_CTX_TRY_NUMBER='1' AIRFLOW_CTX_DAG_RUN_ID='scheduled__2024-11-28T02:00:00+00:00'
[2024-12-05T17:26:57.950+0000] {taskinstance.py:430} INFO - ::endgroup::
[2024-12-05T17:26:57.954+0000] {logging_mixin.py:188} INFO - Transformed Data for Jersey City, New Jersey:
[2024-12-05T17:26:57.956+0000] {logging_mixin.py:188} INFO -                   date  temp  temp_feel  humidity  rain  year  month  day  hour
0 2024-12-05 12:15:00  39.9       29.7        53   0.0  2024     12    5    12
[2024-12-05T17:26:57.957+0000] {logging_mixin.py:188} INFO - Transformed Data Features:  Index(['date', 'temp', 'temp_feel', 'humidity', 'rain', 'year', 'month', 'day',
       'hour'],
      dtype='object')
[2024-12-05T17:26:57.957+0000] {python.py:237} INFO - Done. Returned value was:                  date  temp  temp_feel  humidity  rain  year  month  day  hour
0 2024-12-05 12:15:00  39.9       29.7        53   0.0  2024     12    5    12
[2024-12-05T17:26:57.959+0000] {taskinstance.py:441} INFO - ::group::Post task execution logs
[2024-12-05T17:26:57.972+0000] {taskinstance.py:1206} INFO - Marking task as SUCCESS. dag_id=Weather_Realtime_Data_ETL, task_id=transform_weather_current_data, run_id=scheduled__2024-11-28T02:00:00+00:00, execution_date=20241128T020000, start_date=20241205T172657, end_date=20241205T172657
[2024-12-05T17:26:57.997+0000] {local_task_job_runner.py:240} INFO - Task exited with return code 0
[2024-12-05T17:26:58.009+0000] {taskinstance.py:3498} INFO - 1 downstream tasks scheduled from follow-on schedule check
[2024-12-05T17:26:58.009+0000] {local_task_job_runner.py:222} INFO - ::endgroup::
