[2024-11-28T00:21:55.049+0000] {processor.py:161} INFO - Started process (PID=40733) to work on /opt/airflow/dags/ETL_weather_historical.py
[2024-11-28T00:21:55.052+0000] {processor.py:830} INFO - Processing file /opt/airflow/dags/ETL_weather_historical.py for tasks to queue
[2024-11-28T00:21:55.058+0000] {logging_mixin.py:188} INFO - [2024-11-28T00:21:55.058+0000] {dagbag.py:545} INFO - Filling up the DagBag from /opt/airflow/dags/ETL_weather_historical.py
[2024-11-28T00:21:55.268+0000] {processor.py:840} INFO - DAG(s) 'Weather_Hist_Data_ETL' retrieved from /opt/airflow/dags/ETL_weather_historical.py
[2024-11-28T00:21:55.280+0000] {logging_mixin.py:188} INFO - [2024-11-28T00:21:55.280+0000] {dag.py:3096} INFO - Sync 1 DAGs
[2024-11-28T00:21:55.287+0000] {logging_mixin.py:188} INFO - [2024-11-28T00:21:55.286+0000] {dag.py:3954} INFO - Setting next_dagrun for Weather_Hist_Data_ETL to None, run_after=None
[2024-11-28T00:21:55.297+0000] {processor.py:183} INFO - Processing /opt/airflow/dags/ETL_weather_historical.py took 0.260 seconds
[2024-11-28T01:39:41.164+0000] {processor.py:161} INFO - Started process (PID=40766) to work on /opt/airflow/dags/ETL_weather_historical.py
[2024-11-28T01:39:41.166+0000] {processor.py:830} INFO - Processing file /opt/airflow/dags/ETL_weather_historical.py for tasks to queue
[2024-11-28T01:39:41.168+0000] {logging_mixin.py:188} INFO - [2024-11-28T01:39:41.167+0000] {dagbag.py:545} INFO - Filling up the DagBag from /opt/airflow/dags/ETL_weather_historical.py
[2024-11-28T01:39:41.356+0000] {processor.py:840} INFO - DAG(s) 'Weather_Hist_Data_ETL' retrieved from /opt/airflow/dags/ETL_weather_historical.py
[2024-11-28T01:39:41.377+0000] {logging_mixin.py:188} INFO - [2024-11-28T01:39:41.377+0000] {dag.py:3096} INFO - Sync 1 DAGs
[2024-11-28T01:39:41.389+0000] {logging_mixin.py:188} INFO - [2024-11-28T01:39:41.388+0000] {dag.py:3954} INFO - Setting next_dagrun for Weather_Hist_Data_ETL to None, run_after=None
[2024-11-28T01:39:41.428+0000] {processor.py:183} INFO - Processing /opt/airflow/dags/ETL_weather_historical.py took 0.274 seconds
[2024-11-28T01:57:18.346+0000] {processor.py:161} INFO - Started process (PID=40807) to work on /opt/airflow/dags/ETL_weather_historical.py
[2024-11-28T01:57:18.347+0000] {processor.py:830} INFO - Processing file /opt/airflow/dags/ETL_weather_historical.py for tasks to queue
[2024-11-28T01:57:18.349+0000] {logging_mixin.py:188} INFO - [2024-11-28T01:57:18.349+0000] {dagbag.py:545} INFO - Filling up the DagBag from /opt/airflow/dags/ETL_weather_historical.py
[2024-11-28T01:57:18.528+0000] {processor.py:840} INFO - DAG(s) 'Weather_Hist_Data_ETL' retrieved from /opt/airflow/dags/ETL_weather_historical.py
[2024-11-28T01:57:18.545+0000] {logging_mixin.py:188} INFO - [2024-11-28T01:57:18.545+0000] {dag.py:3096} INFO - Sync 1 DAGs
[2024-11-28T01:57:18.553+0000] {logging_mixin.py:188} INFO - [2024-11-28T01:57:18.552+0000] {dag.py:3954} INFO - Setting next_dagrun for Weather_Hist_Data_ETL to None, run_after=None
[2024-11-28T01:57:18.563+0000] {processor.py:183} INFO - Processing /opt/airflow/dags/ETL_weather_historical.py took 0.224 seconds
[2024-11-28T01:57:48.848+0000] {processor.py:161} INFO - Started process (PID=40836) to work on /opt/airflow/dags/ETL_weather_historical.py
[2024-11-28T01:57:48.849+0000] {processor.py:830} INFO - Processing file /opt/airflow/dags/ETL_weather_historical.py for tasks to queue
[2024-11-28T01:57:48.853+0000] {logging_mixin.py:188} INFO - [2024-11-28T01:57:48.852+0000] {dagbag.py:545} INFO - Filling up the DagBag from /opt/airflow/dags/ETL_weather_historical.py
[2024-11-28T01:57:48.948+0000] {processor.py:840} INFO - DAG(s) 'Weather_Hist_Data_ETL' retrieved from /opt/airflow/dags/ETL_weather_historical.py
[2024-11-28T01:57:48.963+0000] {logging_mixin.py:188} INFO - [2024-11-28T01:57:48.963+0000] {dag.py:3096} INFO - Sync 1 DAGs
[2024-11-28T01:57:48.969+0000] {logging_mixin.py:188} INFO - [2024-11-28T01:57:48.969+0000] {dag.py:3954} INFO - Setting next_dagrun for Weather_Hist_Data_ETL to None, run_after=None
[2024-11-28T01:57:48.977+0000] {processor.py:183} INFO - Processing /opt/airflow/dags/ETL_weather_historical.py took 0.134 seconds
[2024-11-28T01:58:19.303+0000] {processor.py:161} INFO - Started process (PID=40857) to work on /opt/airflow/dags/ETL_weather_historical.py
[2024-11-28T01:58:19.307+0000] {processor.py:830} INFO - Processing file /opt/airflow/dags/ETL_weather_historical.py for tasks to queue
[2024-11-28T01:58:19.308+0000] {logging_mixin.py:188} INFO - [2024-11-28T01:58:19.308+0000] {dagbag.py:545} INFO - Filling up the DagBag from /opt/airflow/dags/ETL_weather_historical.py
[2024-11-28T01:58:19.393+0000] {processor.py:840} INFO - DAG(s) 'Weather_Hist_Data_ETL' retrieved from /opt/airflow/dags/ETL_weather_historical.py
[2024-11-28T01:58:19.408+0000] {logging_mixin.py:188} INFO - [2024-11-28T01:58:19.408+0000] {dag.py:3096} INFO - Sync 1 DAGs
[2024-11-28T01:58:19.416+0000] {logging_mixin.py:188} INFO - [2024-11-28T01:58:19.416+0000] {dag.py:3954} INFO - Setting next_dagrun for Weather_Hist_Data_ETL to None, run_after=None
[2024-11-28T01:58:19.427+0000] {processor.py:183} INFO - Processing /opt/airflow/dags/ETL_weather_historical.py took 0.128 seconds
[2024-11-28T01:58:49.774+0000] {processor.py:161} INFO - Started process (PID=40878) to work on /opt/airflow/dags/ETL_weather_historical.py
[2024-11-28T01:58:49.775+0000] {processor.py:830} INFO - Processing file /opt/airflow/dags/ETL_weather_historical.py for tasks to queue
[2024-11-28T01:58:49.777+0000] {logging_mixin.py:188} INFO - [2024-11-28T01:58:49.776+0000] {dagbag.py:545} INFO - Filling up the DagBag from /opt/airflow/dags/ETL_weather_historical.py
[2024-11-28T01:58:49.929+0000] {processor.py:840} INFO - DAG(s) 'Weather_Hist_Data_ETL' retrieved from /opt/airflow/dags/ETL_weather_historical.py
[2024-11-28T01:58:49.944+0000] {logging_mixin.py:188} INFO - [2024-11-28T01:58:49.944+0000] {dag.py:3096} INFO - Sync 1 DAGs
[2024-11-28T01:58:49.952+0000] {logging_mixin.py:188} INFO - [2024-11-28T01:58:49.951+0000] {dag.py:3954} INFO - Setting next_dagrun for Weather_Hist_Data_ETL to None, run_after=None
[2024-11-28T01:58:49.964+0000] {processor.py:183} INFO - Processing /opt/airflow/dags/ETL_weather_historical.py took 0.197 seconds
[2024-11-28T01:59:20.268+0000] {processor.py:161} INFO - Started process (PID=40899) to work on /opt/airflow/dags/ETL_weather_historical.py
[2024-11-28T01:59:20.271+0000] {processor.py:830} INFO - Processing file /opt/airflow/dags/ETL_weather_historical.py for tasks to queue
[2024-11-28T01:59:20.275+0000] {logging_mixin.py:188} INFO - [2024-11-28T01:59:20.275+0000] {dagbag.py:545} INFO - Filling up the DagBag from /opt/airflow/dags/ETL_weather_historical.py
[2024-11-28T01:59:20.378+0000] {processor.py:840} INFO - DAG(s) 'Weather_Hist_Data_ETL' retrieved from /opt/airflow/dags/ETL_weather_historical.py
[2024-11-28T01:59:20.392+0000] {logging_mixin.py:188} INFO - [2024-11-28T01:59:20.392+0000] {dag.py:3096} INFO - Sync 1 DAGs
[2024-11-28T01:59:20.398+0000] {logging_mixin.py:188} INFO - [2024-11-28T01:59:20.398+0000] {dag.py:3954} INFO - Setting next_dagrun for Weather_Hist_Data_ETL to None, run_after=None
[2024-11-28T01:59:20.407+0000] {processor.py:183} INFO - Processing /opt/airflow/dags/ETL_weather_historical.py took 0.145 seconds
[2024-11-28T01:59:50.733+0000] {processor.py:161} INFO - Started process (PID=40920) to work on /opt/airflow/dags/ETL_weather_historical.py
[2024-11-28T01:59:50.734+0000] {processor.py:830} INFO - Processing file /opt/airflow/dags/ETL_weather_historical.py for tasks to queue
[2024-11-28T01:59:50.734+0000] {logging_mixin.py:188} INFO - [2024-11-28T01:59:50.734+0000] {dagbag.py:545} INFO - Filling up the DagBag from /opt/airflow/dags/ETL_weather_historical.py
[2024-11-28T01:59:50.823+0000] {processor.py:840} INFO - DAG(s) 'Weather_Hist_Data_ETL' retrieved from /opt/airflow/dags/ETL_weather_historical.py
[2024-11-28T01:59:50.835+0000] {logging_mixin.py:188} INFO - [2024-11-28T01:59:50.835+0000] {dag.py:3096} INFO - Sync 1 DAGs
[2024-11-28T01:59:50.844+0000] {logging_mixin.py:188} INFO - [2024-11-28T01:59:50.844+0000] {dag.py:3954} INFO - Setting next_dagrun for Weather_Hist_Data_ETL to None, run_after=None
[2024-11-28T01:59:50.858+0000] {processor.py:183} INFO - Processing /opt/airflow/dags/ETL_weather_historical.py took 0.129 seconds
[2024-11-28T02:00:21.195+0000] {processor.py:161} INFO - Started process (PID=40945) to work on /opt/airflow/dags/ETL_weather_historical.py
[2024-11-28T02:00:21.201+0000] {processor.py:830} INFO - Processing file /opt/airflow/dags/ETL_weather_historical.py for tasks to queue
[2024-11-28T02:00:21.202+0000] {logging_mixin.py:188} INFO - [2024-11-28T02:00:21.202+0000] {dagbag.py:545} INFO - Filling up the DagBag from /opt/airflow/dags/ETL_weather_historical.py
[2024-11-28T02:00:21.292+0000] {processor.py:840} INFO - DAG(s) 'Weather_Hist_Data_ETL' retrieved from /opt/airflow/dags/ETL_weather_historical.py
[2024-11-28T02:00:21.307+0000] {logging_mixin.py:188} INFO - [2024-11-28T02:00:21.307+0000] {dag.py:3096} INFO - Sync 1 DAGs
[2024-11-28T02:00:21.314+0000] {logging_mixin.py:188} INFO - [2024-11-28T02:00:21.313+0000] {dag.py:3954} INFO - Setting next_dagrun for Weather_Hist_Data_ETL to None, run_after=None
[2024-11-28T02:00:21.322+0000] {processor.py:183} INFO - Processing /opt/airflow/dags/ETL_weather_historical.py took 0.131 seconds
[2024-11-28T02:00:51.623+0000] {processor.py:161} INFO - Started process (PID=40966) to work on /opt/airflow/dags/ETL_weather_historical.py
[2024-11-28T02:00:51.624+0000] {processor.py:830} INFO - Processing file /opt/airflow/dags/ETL_weather_historical.py for tasks to queue
[2024-11-28T02:00:51.625+0000] {logging_mixin.py:188} INFO - [2024-11-28T02:00:51.625+0000] {dagbag.py:545} INFO - Filling up the DagBag from /opt/airflow/dags/ETL_weather_historical.py
[2024-11-28T02:00:51.715+0000] {processor.py:840} INFO - DAG(s) 'Weather_Hist_Data_ETL' retrieved from /opt/airflow/dags/ETL_weather_historical.py
[2024-11-28T02:00:51.730+0000] {logging_mixin.py:188} INFO - [2024-11-28T02:00:51.730+0000] {dag.py:3096} INFO - Sync 1 DAGs
[2024-11-28T02:00:51.736+0000] {logging_mixin.py:188} INFO - [2024-11-28T02:00:51.736+0000] {dag.py:3954} INFO - Setting next_dagrun for Weather_Hist_Data_ETL to None, run_after=None
[2024-11-28T02:00:51.744+0000] {processor.py:183} INFO - Processing /opt/airflow/dags/ETL_weather_historical.py took 0.124 seconds
[2024-11-28T02:01:22.087+0000] {processor.py:161} INFO - Started process (PID=40987) to work on /opt/airflow/dags/ETL_weather_historical.py
[2024-11-28T02:01:22.088+0000] {processor.py:830} INFO - Processing file /opt/airflow/dags/ETL_weather_historical.py for tasks to queue
[2024-11-28T02:01:22.089+0000] {logging_mixin.py:188} INFO - [2024-11-28T02:01:22.089+0000] {dagbag.py:545} INFO - Filling up the DagBag from /opt/airflow/dags/ETL_weather_historical.py
[2024-11-28T02:01:22.179+0000] {processor.py:840} INFO - DAG(s) 'Weather_Hist_Data_ETL' retrieved from /opt/airflow/dags/ETL_weather_historical.py
[2024-11-28T02:01:22.192+0000] {logging_mixin.py:188} INFO - [2024-11-28T02:01:22.192+0000] {dag.py:3096} INFO - Sync 1 DAGs
[2024-11-28T02:01:22.199+0000] {logging_mixin.py:188} INFO - [2024-11-28T02:01:22.199+0000] {dag.py:3954} INFO - Setting next_dagrun for Weather_Hist_Data_ETL to None, run_after=None
[2024-11-28T02:01:22.207+0000] {processor.py:183} INFO - Processing /opt/airflow/dags/ETL_weather_historical.py took 0.123 seconds
[2024-11-28T02:01:52.516+0000] {processor.py:161} INFO - Started process (PID=41008) to work on /opt/airflow/dags/ETL_weather_historical.py
[2024-11-28T02:01:52.520+0000] {processor.py:830} INFO - Processing file /opt/airflow/dags/ETL_weather_historical.py for tasks to queue
[2024-11-28T02:01:52.521+0000] {logging_mixin.py:188} INFO - [2024-11-28T02:01:52.521+0000] {dagbag.py:545} INFO - Filling up the DagBag from /opt/airflow/dags/ETL_weather_historical.py
[2024-11-28T02:01:52.607+0000] {processor.py:840} INFO - DAG(s) 'Weather_Hist_Data_ETL' retrieved from /opt/airflow/dags/ETL_weather_historical.py
[2024-11-28T02:01:52.621+0000] {logging_mixin.py:188} INFO - [2024-11-28T02:01:52.621+0000] {dag.py:3096} INFO - Sync 1 DAGs
[2024-11-28T02:01:52.627+0000] {logging_mixin.py:188} INFO - [2024-11-28T02:01:52.627+0000] {dag.py:3954} INFO - Setting next_dagrun for Weather_Hist_Data_ETL to None, run_after=None
[2024-11-28T02:01:52.635+0000] {processor.py:183} INFO - Processing /opt/airflow/dags/ETL_weather_historical.py took 0.123 seconds
[2024-11-28T02:02:23.016+0000] {processor.py:161} INFO - Started process (PID=41029) to work on /opt/airflow/dags/ETL_weather_historical.py
[2024-11-28T02:02:23.019+0000] {processor.py:830} INFO - Processing file /opt/airflow/dags/ETL_weather_historical.py for tasks to queue
[2024-11-28T02:02:23.021+0000] {logging_mixin.py:188} INFO - [2024-11-28T02:02:23.021+0000] {dagbag.py:545} INFO - Filling up the DagBag from /opt/airflow/dags/ETL_weather_historical.py
[2024-11-28T02:02:23.106+0000] {processor.py:840} INFO - DAG(s) 'Weather_Hist_Data_ETL' retrieved from /opt/airflow/dags/ETL_weather_historical.py
[2024-11-28T02:02:23.120+0000] {logging_mixin.py:188} INFO - [2024-11-28T02:02:23.120+0000] {dag.py:3096} INFO - Sync 1 DAGs
[2024-11-28T02:02:23.126+0000] {logging_mixin.py:188} INFO - [2024-11-28T02:02:23.126+0000] {dag.py:3954} INFO - Setting next_dagrun for Weather_Hist_Data_ETL to None, run_after=None
[2024-11-28T02:02:23.135+0000] {processor.py:183} INFO - Processing /opt/airflow/dags/ETL_weather_historical.py took 0.124 seconds
[2024-11-28T02:02:53.478+0000] {processor.py:161} INFO - Started process (PID=41050) to work on /opt/airflow/dags/ETL_weather_historical.py
[2024-11-28T02:02:53.481+0000] {processor.py:830} INFO - Processing file /opt/airflow/dags/ETL_weather_historical.py for tasks to queue
[2024-11-28T02:02:53.482+0000] {logging_mixin.py:188} INFO - [2024-11-28T02:02:53.482+0000] {dagbag.py:545} INFO - Filling up the DagBag from /opt/airflow/dags/ETL_weather_historical.py
[2024-11-28T02:02:53.606+0000] {processor.py:840} INFO - DAG(s) 'Weather_Hist_Data_ETL' retrieved from /opt/airflow/dags/ETL_weather_historical.py
[2024-11-28T02:02:53.619+0000] {logging_mixin.py:188} INFO - [2024-11-28T02:02:53.619+0000] {dag.py:3096} INFO - Sync 1 DAGs
[2024-11-28T02:02:53.628+0000] {logging_mixin.py:188} INFO - [2024-11-28T02:02:53.627+0000] {dag.py:3954} INFO - Setting next_dagrun for Weather_Hist_Data_ETL to None, run_after=None
[2024-11-28T02:02:53.638+0000] {processor.py:183} INFO - Processing /opt/airflow/dags/ETL_weather_historical.py took 0.165 seconds
[2024-11-28T02:03:23.971+0000] {processor.py:161} INFO - Started process (PID=41071) to work on /opt/airflow/dags/ETL_weather_historical.py
[2024-11-28T02:03:23.972+0000] {processor.py:830} INFO - Processing file /opt/airflow/dags/ETL_weather_historical.py for tasks to queue
[2024-11-28T02:03:23.973+0000] {logging_mixin.py:188} INFO - [2024-11-28T02:03:23.972+0000] {dagbag.py:545} INFO - Filling up the DagBag from /opt/airflow/dags/ETL_weather_historical.py
[2024-11-28T02:03:24.071+0000] {processor.py:840} INFO - DAG(s) 'Weather_Hist_Data_ETL' retrieved from /opt/airflow/dags/ETL_weather_historical.py
[2024-11-28T02:03:24.082+0000] {logging_mixin.py:188} INFO - [2024-11-28T02:03:24.082+0000] {dag.py:3096} INFO - Sync 1 DAGs
[2024-11-28T02:03:24.089+0000] {logging_mixin.py:188} INFO - [2024-11-28T02:03:24.089+0000] {dag.py:3954} INFO - Setting next_dagrun for Weather_Hist_Data_ETL to None, run_after=None
[2024-11-28T02:03:24.100+0000] {processor.py:183} INFO - Processing /opt/airflow/dags/ETL_weather_historical.py took 0.133 seconds
[2024-11-28T02:03:54.412+0000] {processor.py:161} INFO - Started process (PID=41091) to work on /opt/airflow/dags/ETL_weather_historical.py
[2024-11-28T02:03:54.414+0000] {processor.py:830} INFO - Processing file /opt/airflow/dags/ETL_weather_historical.py for tasks to queue
[2024-11-28T02:03:54.415+0000] {logging_mixin.py:188} INFO - [2024-11-28T02:03:54.415+0000] {dagbag.py:545} INFO - Filling up the DagBag from /opt/airflow/dags/ETL_weather_historical.py
[2024-11-28T02:03:54.505+0000] {processor.py:840} INFO - DAG(s) 'Weather_Hist_Data_ETL' retrieved from /opt/airflow/dags/ETL_weather_historical.py
[2024-11-28T02:03:54.520+0000] {logging_mixin.py:188} INFO - [2024-11-28T02:03:54.520+0000] {dag.py:3096} INFO - Sync 1 DAGs
[2024-11-28T02:03:54.527+0000] {logging_mixin.py:188} INFO - [2024-11-28T02:03:54.527+0000] {dag.py:3954} INFO - Setting next_dagrun for Weather_Hist_Data_ETL to None, run_after=None
[2024-11-28T02:03:54.535+0000] {processor.py:183} INFO - Processing /opt/airflow/dags/ETL_weather_historical.py took 0.128 seconds
[2024-11-28T02:04:24.771+0000] {processor.py:161} INFO - Started process (PID=41112) to work on /opt/airflow/dags/ETL_weather_historical.py
[2024-11-28T02:04:24.774+0000] {processor.py:830} INFO - Processing file /opt/airflow/dags/ETL_weather_historical.py for tasks to queue
[2024-11-28T02:04:24.777+0000] {logging_mixin.py:188} INFO - [2024-11-28T02:04:24.777+0000] {dagbag.py:545} INFO - Filling up the DagBag from /opt/airflow/dags/ETL_weather_historical.py
[2024-11-28T02:04:24.863+0000] {processor.py:840} INFO - DAG(s) 'Weather_Hist_Data_ETL' retrieved from /opt/airflow/dags/ETL_weather_historical.py
[2024-11-28T02:04:24.876+0000] {logging_mixin.py:188} INFO - [2024-11-28T02:04:24.876+0000] {dag.py:3096} INFO - Sync 1 DAGs
[2024-11-28T02:04:24.882+0000] {logging_mixin.py:188} INFO - [2024-11-28T02:04:24.882+0000] {dag.py:3954} INFO - Setting next_dagrun for Weather_Hist_Data_ETL to None, run_after=None
[2024-11-28T02:04:24.890+0000] {processor.py:183} INFO - Processing /opt/airflow/dags/ETL_weather_historical.py took 0.123 seconds
[2024-11-28T02:04:54.971+0000] {processor.py:161} INFO - Started process (PID=41135) to work on /opt/airflow/dags/ETL_weather_historical.py
[2024-11-28T02:04:54.972+0000] {processor.py:830} INFO - Processing file /opt/airflow/dags/ETL_weather_historical.py for tasks to queue
[2024-11-28T02:04:54.973+0000] {logging_mixin.py:188} INFO - [2024-11-28T02:04:54.972+0000] {dagbag.py:545} INFO - Filling up the DagBag from /opt/airflow/dags/ETL_weather_historical.py
[2024-11-28T02:04:55.080+0000] {processor.py:840} INFO - DAG(s) 'Weather_Hist_Data_ETL' retrieved from /opt/airflow/dags/ETL_weather_historical.py
[2024-11-28T02:04:55.092+0000] {logging_mixin.py:188} INFO - [2024-11-28T02:04:55.092+0000] {dag.py:3096} INFO - Sync 1 DAGs
[2024-11-28T02:04:55.098+0000] {logging_mixin.py:188} INFO - [2024-11-28T02:04:55.098+0000] {dag.py:3954} INFO - Setting next_dagrun for Weather_Hist_Data_ETL to None, run_after=None
[2024-11-28T02:04:55.107+0000] {processor.py:183} INFO - Processing /opt/airflow/dags/ETL_weather_historical.py took 0.141 seconds
[2024-11-28T02:05:25.420+0000] {processor.py:161} INFO - Started process (PID=41180) to work on /opt/airflow/dags/ETL_weather_historical.py
[2024-11-28T02:05:25.423+0000] {processor.py:830} INFO - Processing file /opt/airflow/dags/ETL_weather_historical.py for tasks to queue
[2024-11-28T02:05:25.424+0000] {logging_mixin.py:188} INFO - [2024-11-28T02:05:25.424+0000] {dagbag.py:545} INFO - Filling up the DagBag from /opt/airflow/dags/ETL_weather_historical.py
[2024-11-28T02:05:25.544+0000] {processor.py:840} INFO - DAG(s) 'Weather_Hist_Data_ETL' retrieved from /opt/airflow/dags/ETL_weather_historical.py
[2024-11-28T02:05:25.559+0000] {logging_mixin.py:188} INFO - [2024-11-28T02:05:25.559+0000] {dag.py:3096} INFO - Sync 1 DAGs
[2024-11-28T02:05:25.565+0000] {logging_mixin.py:188} INFO - [2024-11-28T02:05:25.565+0000] {dag.py:3954} INFO - Setting next_dagrun for Weather_Hist_Data_ETL to None, run_after=None
[2024-11-28T02:05:25.578+0000] {processor.py:183} INFO - Processing /opt/airflow/dags/ETL_weather_historical.py took 0.162 seconds
[2024-11-28T02:05:55.894+0000] {processor.py:161} INFO - Started process (PID=41201) to work on /opt/airflow/dags/ETL_weather_historical.py
[2024-11-28T02:05:55.895+0000] {processor.py:830} INFO - Processing file /opt/airflow/dags/ETL_weather_historical.py for tasks to queue
[2024-11-28T02:05:55.897+0000] {logging_mixin.py:188} INFO - [2024-11-28T02:05:55.897+0000] {dagbag.py:545} INFO - Filling up the DagBag from /opt/airflow/dags/ETL_weather_historical.py
[2024-11-28T02:05:55.996+0000] {processor.py:840} INFO - DAG(s) 'Weather_Hist_Data_ETL' retrieved from /opt/airflow/dags/ETL_weather_historical.py
[2024-11-28T02:05:56.008+0000] {logging_mixin.py:188} INFO - [2024-11-28T02:05:56.007+0000] {dag.py:3096} INFO - Sync 1 DAGs
[2024-11-28T02:05:56.014+0000] {logging_mixin.py:188} INFO - [2024-11-28T02:05:56.014+0000] {dag.py:3954} INFO - Setting next_dagrun for Weather_Hist_Data_ETL to None, run_after=None
[2024-11-28T02:05:56.025+0000] {processor.py:183} INFO - Processing /opt/airflow/dags/ETL_weather_historical.py took 0.136 seconds
