[2024-11-28T00:21:55.241+0000] {processor.py:161} INFO - Started process (PID=40738) to work on /opt/airflow/dags/ETL_citibike.py
[2024-11-28T00:21:55.247+0000] {processor.py:830} INFO - Processing file /opt/airflow/dags/ETL_citibike.py for tasks to queue
[2024-11-28T00:21:55.251+0000] {logging_mixin.py:188} INFO - [2024-11-28T00:21:55.250+0000] {dagbag.py:545} INFO - Filling up the DagBag from /opt/airflow/dags/ETL_citibike.py
[2024-11-28T00:21:55.274+0000] {processor.py:840} INFO - DAG(s) 'Citibike_Hist_Data_ETL' retrieved from /opt/airflow/dags/ETL_citibike.py
[2024-11-28T00:21:55.314+0000] {logging_mixin.py:188} INFO - [2024-11-28T00:21:55.313+0000] {dag.py:3096} INFO - Sync 1 DAGs
[2024-11-28T00:21:55.332+0000] {logging_mixin.py:188} INFO - [2024-11-28T00:21:55.331+0000] {dag.py:3954} INFO - Setting next_dagrun for Citibike_Hist_Data_ETL to 2024-11-27 21:30:00+00:00, run_after=2024-11-28 21:30:00+00:00
[2024-11-28T00:21:55.355+0000] {processor.py:183} INFO - Processing /opt/airflow/dags/ETL_citibike.py took 0.125 seconds
[2024-11-28T01:39:41.393+0000] {processor.py:161} INFO - Started process (PID=40781) to work on /opt/airflow/dags/ETL_citibike.py
[2024-11-28T01:39:41.394+0000] {processor.py:830} INFO - Processing file /opt/airflow/dags/ETL_citibike.py for tasks to queue
[2024-11-28T01:39:41.395+0000] {logging_mixin.py:188} INFO - [2024-11-28T01:39:41.395+0000] {dagbag.py:545} INFO - Filling up the DagBag from /opt/airflow/dags/ETL_citibike.py
[2024-11-28T01:39:41.423+0000] {processor.py:840} INFO - DAG(s) 'Citibike_Hist_Data_ETL' retrieved from /opt/airflow/dags/ETL_citibike.py
[2024-11-28T01:39:41.452+0000] {logging_mixin.py:188} INFO - [2024-11-28T01:39:41.451+0000] {dag.py:3096} INFO - Sync 1 DAGs
[2024-11-28T01:39:41.469+0000] {logging_mixin.py:188} INFO - [2024-11-28T01:39:41.469+0000] {dag.py:3954} INFO - Setting next_dagrun for Citibike_Hist_Data_ETL to 2024-11-27 21:30:00+00:00, run_after=2024-11-28 21:30:00+00:00
[2024-11-28T01:39:41.478+0000] {processor.py:183} INFO - Processing /opt/airflow/dags/ETL_citibike.py took 0.090 seconds
[2024-11-28T01:57:18.466+0000] {processor.py:161} INFO - Started process (PID=40812) to work on /opt/airflow/dags/ETL_citibike.py
[2024-11-28T01:57:18.467+0000] {processor.py:830} INFO - Processing file /opt/airflow/dags/ETL_citibike.py for tasks to queue
[2024-11-28T01:57:18.467+0000] {logging_mixin.py:188} INFO - [2024-11-28T01:57:18.467+0000] {dagbag.py:545} INFO - Filling up the DagBag from /opt/airflow/dags/ETL_citibike.py
[2024-11-28T01:57:18.475+0000] {processor.py:840} INFO - DAG(s) 'Citibike_Hist_Data_ETL' retrieved from /opt/airflow/dags/ETL_citibike.py
[2024-11-28T01:57:18.489+0000] {logging_mixin.py:188} INFO - [2024-11-28T01:57:18.489+0000] {dag.py:3096} INFO - Sync 1 DAGs
[2024-11-28T01:57:18.506+0000] {logging_mixin.py:188} INFO - [2024-11-28T01:57:18.506+0000] {dag.py:3954} INFO - Setting next_dagrun for Citibike_Hist_Data_ETL to 2024-11-27 21:30:00+00:00, run_after=2024-11-28 21:30:00+00:00
[2024-11-28T01:57:18.528+0000] {processor.py:183} INFO - Processing /opt/airflow/dags/ETL_citibike.py took 0.070 seconds
[2024-11-28T01:57:48.913+0000] {processor.py:161} INFO - Started process (PID=40841) to work on /opt/airflow/dags/ETL_citibike.py
[2024-11-28T01:57:48.914+0000] {processor.py:830} INFO - Processing file /opt/airflow/dags/ETL_citibike.py for tasks to queue
[2024-11-28T01:57:48.914+0000] {logging_mixin.py:188} INFO - [2024-11-28T01:57:48.914+0000] {dagbag.py:545} INFO - Filling up the DagBag from /opt/airflow/dags/ETL_citibike.py
[2024-11-28T01:57:48.923+0000] {processor.py:840} INFO - DAG(s) 'Citibike_Hist_Data_ETL' retrieved from /opt/airflow/dags/ETL_citibike.py
[2024-11-28T01:57:48.935+0000] {logging_mixin.py:188} INFO - [2024-11-28T01:57:48.934+0000] {dag.py:3096} INFO - Sync 1 DAGs
[2024-11-28T01:57:48.945+0000] {logging_mixin.py:188} INFO - [2024-11-28T01:57:48.945+0000] {dag.py:3954} INFO - Setting next_dagrun for Citibike_Hist_Data_ETL to 2024-11-27 21:30:00+00:00, run_after=2024-11-28 21:30:00+00:00
[2024-11-28T01:57:48.956+0000] {processor.py:183} INFO - Processing /opt/airflow/dags/ETL_citibike.py took 0.048 seconds
[2024-11-28T01:58:19.374+0000] {processor.py:161} INFO - Started process (PID=40862) to work on /opt/airflow/dags/ETL_citibike.py
[2024-11-28T01:58:19.374+0000] {processor.py:830} INFO - Processing file /opt/airflow/dags/ETL_citibike.py for tasks to queue
[2024-11-28T01:58:19.375+0000] {logging_mixin.py:188} INFO - [2024-11-28T01:58:19.374+0000] {dagbag.py:545} INFO - Filling up the DagBag from /opt/airflow/dags/ETL_citibike.py
[2024-11-28T01:58:19.383+0000] {processor.py:840} INFO - DAG(s) 'Citibike_Hist_Data_ETL' retrieved from /opt/airflow/dags/ETL_citibike.py
[2024-11-28T01:58:19.396+0000] {logging_mixin.py:188} INFO - [2024-11-28T01:58:19.396+0000] {dag.py:3096} INFO - Sync 1 DAGs
[2024-11-28T01:58:19.408+0000] {logging_mixin.py:188} INFO - [2024-11-28T01:58:19.408+0000] {dag.py:3954} INFO - Setting next_dagrun for Citibike_Hist_Data_ETL to 2024-11-27 21:30:00+00:00, run_after=2024-11-28 21:30:00+00:00
[2024-11-28T01:58:19.419+0000] {processor.py:183} INFO - Processing /opt/airflow/dags/ETL_citibike.py took 0.049 seconds
[2024-11-28T01:58:49.902+0000] {processor.py:161} INFO - Started process (PID=40883) to work on /opt/airflow/dags/ETL_citibike.py
[2024-11-28T01:58:49.903+0000] {processor.py:830} INFO - Processing file /opt/airflow/dags/ETL_citibike.py for tasks to queue
[2024-11-28T01:58:49.904+0000] {logging_mixin.py:188} INFO - [2024-11-28T01:58:49.903+0000] {dagbag.py:545} INFO - Filling up the DagBag from /opt/airflow/dags/ETL_citibike.py
[2024-11-28T01:58:49.913+0000] {processor.py:840} INFO - DAG(s) 'Citibike_Hist_Data_ETL' retrieved from /opt/airflow/dags/ETL_citibike.py
[2024-11-28T01:58:49.928+0000] {logging_mixin.py:188} INFO - [2024-11-28T01:58:49.928+0000] {dag.py:3096} INFO - Sync 1 DAGs
[2024-11-28T01:58:49.940+0000] {logging_mixin.py:188} INFO - [2024-11-28T01:58:49.940+0000] {dag.py:3954} INFO - Setting next_dagrun for Citibike_Hist_Data_ETL to 2024-11-27 21:30:00+00:00, run_after=2024-11-28 21:30:00+00:00
[2024-11-28T01:58:49.951+0000] {processor.py:183} INFO - Processing /opt/airflow/dags/ETL_citibike.py took 0.055 seconds
[2024-11-28T01:59:20.338+0000] {processor.py:161} INFO - Started process (PID=40904) to work on /opt/airflow/dags/ETL_citibike.py
[2024-11-28T01:59:20.340+0000] {processor.py:830} INFO - Processing file /opt/airflow/dags/ETL_citibike.py for tasks to queue
[2024-11-28T01:59:20.340+0000] {logging_mixin.py:188} INFO - [2024-11-28T01:59:20.340+0000] {dagbag.py:545} INFO - Filling up the DagBag from /opt/airflow/dags/ETL_citibike.py
[2024-11-28T01:59:20.348+0000] {processor.py:840} INFO - DAG(s) 'Citibike_Hist_Data_ETL' retrieved from /opt/airflow/dags/ETL_citibike.py
[2024-11-28T01:59:20.360+0000] {logging_mixin.py:188} INFO - [2024-11-28T01:59:20.360+0000] {dag.py:3096} INFO - Sync 1 DAGs
[2024-11-28T01:59:20.371+0000] {logging_mixin.py:188} INFO - [2024-11-28T01:59:20.371+0000] {dag.py:3954} INFO - Setting next_dagrun for Citibike_Hist_Data_ETL to 2024-11-27 21:30:00+00:00, run_after=2024-11-28 21:30:00+00:00
[2024-11-28T01:59:20.382+0000] {processor.py:183} INFO - Processing /opt/airflow/dags/ETL_citibike.py took 0.049 seconds
[2024-11-28T01:59:50.810+0000] {processor.py:161} INFO - Started process (PID=40925) to work on /opt/airflow/dags/ETL_citibike.py
[2024-11-28T01:59:50.810+0000] {processor.py:830} INFO - Processing file /opt/airflow/dags/ETL_citibike.py for tasks to queue
[2024-11-28T01:59:50.811+0000] {logging_mixin.py:188} INFO - [2024-11-28T01:59:50.811+0000] {dagbag.py:545} INFO - Filling up the DagBag from /opt/airflow/dags/ETL_citibike.py
[2024-11-28T01:59:50.820+0000] {processor.py:840} INFO - DAG(s) 'Citibike_Hist_Data_ETL' retrieved from /opt/airflow/dags/ETL_citibike.py
[2024-11-28T01:59:50.833+0000] {logging_mixin.py:188} INFO - [2024-11-28T01:59:50.832+0000] {dag.py:3096} INFO - Sync 1 DAGs
[2024-11-28T01:59:50.844+0000] {logging_mixin.py:188} INFO - [2024-11-28T01:59:50.844+0000] {dag.py:3954} INFO - Setting next_dagrun for Citibike_Hist_Data_ETL to 2024-11-27 21:30:00+00:00, run_after=2024-11-28 21:30:00+00:00
[2024-11-28T01:59:50.857+0000] {processor.py:183} INFO - Processing /opt/airflow/dags/ETL_citibike.py took 0.051 seconds
[2024-11-28T02:00:21.265+0000] {processor.py:161} INFO - Started process (PID=40950) to work on /opt/airflow/dags/ETL_citibike.py
[2024-11-28T02:00:21.265+0000] {processor.py:830} INFO - Processing file /opt/airflow/dags/ETL_citibike.py for tasks to queue
[2024-11-28T02:00:21.266+0000] {logging_mixin.py:188} INFO - [2024-11-28T02:00:21.266+0000] {dagbag.py:545} INFO - Filling up the DagBag from /opt/airflow/dags/ETL_citibike.py
[2024-11-28T02:00:21.274+0000] {processor.py:840} INFO - DAG(s) 'Citibike_Hist_Data_ETL' retrieved from /opt/airflow/dags/ETL_citibike.py
[2024-11-28T02:00:21.285+0000] {logging_mixin.py:188} INFO - [2024-11-28T02:00:21.285+0000] {dag.py:3096} INFO - Sync 1 DAGs
[2024-11-28T02:00:21.297+0000] {logging_mixin.py:188} INFO - [2024-11-28T02:00:21.297+0000] {dag.py:3954} INFO - Setting next_dagrun for Citibike_Hist_Data_ETL to 2024-11-27 21:30:00+00:00, run_after=2024-11-28 21:30:00+00:00
[2024-11-28T02:00:21.307+0000] {processor.py:183} INFO - Processing /opt/airflow/dags/ETL_citibike.py took 0.046 seconds
[2024-11-28T02:00:51.689+0000] {processor.py:161} INFO - Started process (PID=40971) to work on /opt/airflow/dags/ETL_citibike.py
[2024-11-28T02:00:51.689+0000] {processor.py:830} INFO - Processing file /opt/airflow/dags/ETL_citibike.py for tasks to queue
[2024-11-28T02:00:51.690+0000] {logging_mixin.py:188} INFO - [2024-11-28T02:00:51.690+0000] {dagbag.py:545} INFO - Filling up the DagBag from /opt/airflow/dags/ETL_citibike.py
[2024-11-28T02:00:51.699+0000] {processor.py:840} INFO - DAG(s) 'Citibike_Hist_Data_ETL' retrieved from /opt/airflow/dags/ETL_citibike.py
[2024-11-28T02:00:51.710+0000] {logging_mixin.py:188} INFO - [2024-11-28T02:00:51.710+0000] {dag.py:3096} INFO - Sync 1 DAGs
[2024-11-28T02:00:51.721+0000] {logging_mixin.py:188} INFO - [2024-11-28T02:00:51.720+0000] {dag.py:3954} INFO - Setting next_dagrun for Citibike_Hist_Data_ETL to 2024-11-27 21:30:00+00:00, run_after=2024-11-28 21:30:00+00:00
[2024-11-28T02:00:51.731+0000] {processor.py:183} INFO - Processing /opt/airflow/dags/ETL_citibike.py took 0.045 seconds
[2024-11-28T02:01:22.149+0000] {processor.py:161} INFO - Started process (PID=40992) to work on /opt/airflow/dags/ETL_citibike.py
[2024-11-28T02:01:22.149+0000] {processor.py:830} INFO - Processing file /opt/airflow/dags/ETL_citibike.py for tasks to queue
[2024-11-28T02:01:22.151+0000] {logging_mixin.py:188} INFO - [2024-11-28T02:01:22.150+0000] {dagbag.py:545} INFO - Filling up the DagBag from /opt/airflow/dags/ETL_citibike.py
[2024-11-28T02:01:22.158+0000] {processor.py:840} INFO - DAG(s) 'Citibike_Hist_Data_ETL' retrieved from /opt/airflow/dags/ETL_citibike.py
[2024-11-28T02:01:22.169+0000] {logging_mixin.py:188} INFO - [2024-11-28T02:01:22.169+0000] {dag.py:3096} INFO - Sync 1 DAGs
[2024-11-28T02:01:22.180+0000] {logging_mixin.py:188} INFO - [2024-11-28T02:01:22.180+0000] {dag.py:3954} INFO - Setting next_dagrun for Citibike_Hist_Data_ETL to 2024-11-27 21:30:00+00:00, run_after=2024-11-28 21:30:00+00:00
[2024-11-28T02:01:22.192+0000] {processor.py:183} INFO - Processing /opt/airflow/dags/ETL_citibike.py took 0.047 seconds
[2024-11-28T02:01:52.578+0000] {processor.py:161} INFO - Started process (PID=41013) to work on /opt/airflow/dags/ETL_citibike.py
[2024-11-28T02:01:52.579+0000] {processor.py:830} INFO - Processing file /opt/airflow/dags/ETL_citibike.py for tasks to queue
[2024-11-28T02:01:52.579+0000] {logging_mixin.py:188} INFO - [2024-11-28T02:01:52.579+0000] {dagbag.py:545} INFO - Filling up the DagBag from /opt/airflow/dags/ETL_citibike.py
[2024-11-28T02:01:52.587+0000] {processor.py:840} INFO - DAG(s) 'Citibike_Hist_Data_ETL' retrieved from /opt/airflow/dags/ETL_citibike.py
[2024-11-28T02:01:52.597+0000] {logging_mixin.py:188} INFO - [2024-11-28T02:01:52.597+0000] {dag.py:3096} INFO - Sync 1 DAGs
[2024-11-28T02:01:52.607+0000] {logging_mixin.py:188} INFO - [2024-11-28T02:01:52.607+0000] {dag.py:3954} INFO - Setting next_dagrun for Citibike_Hist_Data_ETL to 2024-11-27 21:30:00+00:00, run_after=2024-11-28 21:30:00+00:00
[2024-11-28T02:01:52.621+0000] {processor.py:183} INFO - Processing /opt/airflow/dags/ETL_citibike.py took 0.045 seconds
[2024-11-28T02:02:23.084+0000] {processor.py:161} INFO - Started process (PID=41034) to work on /opt/airflow/dags/ETL_citibike.py
[2024-11-28T02:02:23.085+0000] {processor.py:830} INFO - Processing file /opt/airflow/dags/ETL_citibike.py for tasks to queue
[2024-11-28T02:02:23.085+0000] {logging_mixin.py:188} INFO - [2024-11-28T02:02:23.085+0000] {dagbag.py:545} INFO - Filling up the DagBag from /opt/airflow/dags/ETL_citibike.py
[2024-11-28T02:02:23.093+0000] {processor.py:840} INFO - DAG(s) 'Citibike_Hist_Data_ETL' retrieved from /opt/airflow/dags/ETL_citibike.py
[2024-11-28T02:02:23.105+0000] {logging_mixin.py:188} INFO - [2024-11-28T02:02:23.105+0000] {dag.py:3096} INFO - Sync 1 DAGs
[2024-11-28T02:02:23.115+0000] {logging_mixin.py:188} INFO - [2024-11-28T02:02:23.115+0000] {dag.py:3954} INFO - Setting next_dagrun for Citibike_Hist_Data_ETL to 2024-11-27 21:30:00+00:00, run_after=2024-11-28 21:30:00+00:00
[2024-11-28T02:02:23.125+0000] {processor.py:183} INFO - Processing /opt/airflow/dags/ETL_citibike.py took 0.044 seconds
[2024-11-28T02:02:53.568+0000] {processor.py:161} INFO - Started process (PID=41055) to work on /opt/airflow/dags/ETL_citibike.py
[2024-11-28T02:02:53.569+0000] {processor.py:830} INFO - Processing file /opt/airflow/dags/ETL_citibike.py for tasks to queue
[2024-11-28T02:02:53.570+0000] {logging_mixin.py:188} INFO - [2024-11-28T02:02:53.569+0000] {dagbag.py:545} INFO - Filling up the DagBag from /opt/airflow/dags/ETL_citibike.py
[2024-11-28T02:02:53.579+0000] {processor.py:840} INFO - DAG(s) 'Citibike_Hist_Data_ETL' retrieved from /opt/airflow/dags/ETL_citibike.py
[2024-11-28T02:02:53.593+0000] {logging_mixin.py:188} INFO - [2024-11-28T02:02:53.593+0000] {dag.py:3096} INFO - Sync 1 DAGs
[2024-11-28T02:02:53.606+0000] {logging_mixin.py:188} INFO - [2024-11-28T02:02:53.606+0000] {dag.py:3954} INFO - Setting next_dagrun for Citibike_Hist_Data_ETL to 2024-11-27 21:30:00+00:00, run_after=2024-11-28 21:30:00+00:00
[2024-11-28T02:02:53.619+0000] {processor.py:183} INFO - Processing /opt/airflow/dags/ETL_citibike.py took 0.056 seconds
[2024-11-28T02:03:24.051+0000] {processor.py:161} INFO - Started process (PID=41076) to work on /opt/airflow/dags/ETL_citibike.py
[2024-11-28T02:03:24.052+0000] {processor.py:830} INFO - Processing file /opt/airflow/dags/ETL_citibike.py for tasks to queue
[2024-11-28T02:03:24.052+0000] {logging_mixin.py:188} INFO - [2024-11-28T02:03:24.052+0000] {dagbag.py:545} INFO - Filling up the DagBag from /opt/airflow/dags/ETL_citibike.py
[2024-11-28T02:03:24.060+0000] {processor.py:840} INFO - DAG(s) 'Citibike_Hist_Data_ETL' retrieved from /opt/airflow/dags/ETL_citibike.py
[2024-11-28T02:03:24.072+0000] {logging_mixin.py:188} INFO - [2024-11-28T02:03:24.072+0000] {dag.py:3096} INFO - Sync 1 DAGs
[2024-11-28T02:03:24.084+0000] {logging_mixin.py:188} INFO - [2024-11-28T02:03:24.083+0000] {dag.py:3954} INFO - Setting next_dagrun for Citibike_Hist_Data_ETL to 2024-11-27 21:30:00+00:00, run_after=2024-11-28 21:30:00+00:00
[2024-11-28T02:03:24.096+0000] {processor.py:183} INFO - Processing /opt/airflow/dags/ETL_citibike.py took 0.049 seconds
[2024-11-28T02:03:54.479+0000] {processor.py:161} INFO - Started process (PID=41096) to work on /opt/airflow/dags/ETL_citibike.py
[2024-11-28T02:03:54.480+0000] {processor.py:830} INFO - Processing file /opt/airflow/dags/ETL_citibike.py for tasks to queue
[2024-11-28T02:03:54.480+0000] {logging_mixin.py:188} INFO - [2024-11-28T02:03:54.480+0000] {dagbag.py:545} INFO - Filling up the DagBag from /opt/airflow/dags/ETL_citibike.py
[2024-11-28T02:03:54.488+0000] {processor.py:840} INFO - DAG(s) 'Citibike_Hist_Data_ETL' retrieved from /opt/airflow/dags/ETL_citibike.py
[2024-11-28T02:03:54.499+0000] {logging_mixin.py:188} INFO - [2024-11-28T02:03:54.499+0000] {dag.py:3096} INFO - Sync 1 DAGs
[2024-11-28T02:03:54.510+0000] {logging_mixin.py:188} INFO - [2024-11-28T02:03:54.510+0000] {dag.py:3954} INFO - Setting next_dagrun for Citibike_Hist_Data_ETL to 2024-11-27 21:30:00+00:00, run_after=2024-11-28 21:30:00+00:00
[2024-11-28T02:03:54.521+0000] {processor.py:183} INFO - Processing /opt/airflow/dags/ETL_citibike.py took 0.045 seconds
[2024-11-28T02:04:24.835+0000] {processor.py:161} INFO - Started process (PID=41117) to work on /opt/airflow/dags/ETL_citibike.py
[2024-11-28T02:04:24.836+0000] {processor.py:830} INFO - Processing file /opt/airflow/dags/ETL_citibike.py for tasks to queue
[2024-11-28T02:04:24.836+0000] {logging_mixin.py:188} INFO - [2024-11-28T02:04:24.836+0000] {dagbag.py:545} INFO - Filling up the DagBag from /opt/airflow/dags/ETL_citibike.py
[2024-11-28T02:04:24.844+0000] {processor.py:840} INFO - DAG(s) 'Citibike_Hist_Data_ETL' retrieved from /opt/airflow/dags/ETL_citibike.py
[2024-11-28T02:04:24.855+0000] {logging_mixin.py:188} INFO - [2024-11-28T02:04:24.855+0000] {dag.py:3096} INFO - Sync 1 DAGs
[2024-11-28T02:04:24.866+0000] {logging_mixin.py:188} INFO - [2024-11-28T02:04:24.866+0000] {dag.py:3954} INFO - Setting next_dagrun for Citibike_Hist_Data_ETL to 2024-11-27 21:30:00+00:00, run_after=2024-11-28 21:30:00+00:00
[2024-11-28T02:04:24.878+0000] {processor.py:183} INFO - Processing /opt/airflow/dags/ETL_citibike.py took 0.046 seconds
[2024-11-28T02:04:54.975+0000] {processor.py:161} INFO - Started process (PID=41138) to work on /opt/airflow/dags/ETL_citibike.py
[2024-11-28T02:04:54.978+0000] {processor.py:830} INFO - Processing file /opt/airflow/dags/ETL_citibike.py for tasks to queue
[2024-11-28T02:04:54.981+0000] {logging_mixin.py:188} INFO - [2024-11-28T02:04:54.980+0000] {dagbag.py:545} INFO - Filling up the DagBag from /opt/airflow/dags/ETL_citibike.py
[2024-11-28T02:04:54.989+0000] {processor.py:840} INFO - DAG(s) 'Citibike_Hist_Data_ETL' retrieved from /opt/airflow/dags/ETL_citibike.py
[2024-11-28T02:04:55.003+0000] {logging_mixin.py:188} INFO - [2024-11-28T02:04:55.003+0000] {dag.py:3096} INFO - Sync 1 DAGs
[2024-11-28T02:04:55.015+0000] {logging_mixin.py:188} INFO - [2024-11-28T02:04:55.015+0000] {dag.py:3954} INFO - Setting next_dagrun for Citibike_Hist_Data_ETL to 2024-11-27 21:30:00+00:00, run_after=2024-11-28 21:30:00+00:00
[2024-11-28T02:04:55.026+0000] {processor.py:183} INFO - Processing /opt/airflow/dags/ETL_citibike.py took 0.057 seconds
[2024-11-28T02:05:25.522+0000] {processor.py:161} INFO - Started process (PID=41185) to work on /opt/airflow/dags/ETL_citibike.py
[2024-11-28T02:05:25.523+0000] {processor.py:830} INFO - Processing file /opt/airflow/dags/ETL_citibike.py for tasks to queue
[2024-11-28T02:05:25.524+0000] {logging_mixin.py:188} INFO - [2024-11-28T02:05:25.524+0000] {dagbag.py:545} INFO - Filling up the DagBag from /opt/airflow/dags/ETL_citibike.py
[2024-11-28T02:05:25.536+0000] {processor.py:840} INFO - DAG(s) 'Citibike_Hist_Data_ETL' retrieved from /opt/airflow/dags/ETL_citibike.py
[2024-11-28T02:05:25.549+0000] {logging_mixin.py:188} INFO - [2024-11-28T02:05:25.549+0000] {dag.py:3096} INFO - Sync 1 DAGs
[2024-11-28T02:05:25.561+0000] {logging_mixin.py:188} INFO - [2024-11-28T02:05:25.561+0000] {dag.py:3954} INFO - Setting next_dagrun for Citibike_Hist_Data_ETL to 2024-11-27 21:30:00+00:00, run_after=2024-11-28 21:30:00+00:00
[2024-11-28T02:05:25.575+0000] {processor.py:183} INFO - Processing /opt/airflow/dags/ETL_citibike.py took 0.057 seconds
[2024-11-28T02:05:55.971+0000] {processor.py:161} INFO - Started process (PID=41206) to work on /opt/airflow/dags/ETL_citibike.py
[2024-11-28T02:05:55.971+0000] {processor.py:830} INFO - Processing file /opt/airflow/dags/ETL_citibike.py for tasks to queue
[2024-11-28T02:05:55.972+0000] {logging_mixin.py:188} INFO - [2024-11-28T02:05:55.972+0000] {dagbag.py:545} INFO - Filling up the DagBag from /opt/airflow/dags/ETL_citibike.py
[2024-11-28T02:05:55.980+0000] {processor.py:840} INFO - DAG(s) 'Citibike_Hist_Data_ETL' retrieved from /opt/airflow/dags/ETL_citibike.py
[2024-11-28T02:05:55.992+0000] {logging_mixin.py:188} INFO - [2024-11-28T02:05:55.992+0000] {dag.py:3096} INFO - Sync 1 DAGs
[2024-11-28T02:05:56.004+0000] {logging_mixin.py:188} INFO - [2024-11-28T02:05:56.004+0000] {dag.py:3954} INFO - Setting next_dagrun for Citibike_Hist_Data_ETL to 2024-11-27 21:30:00+00:00, run_after=2024-11-28 21:30:00+00:00
[2024-11-28T02:05:56.016+0000] {processor.py:183} INFO - Processing /opt/airflow/dags/ETL_citibike.py took 0.049 seconds
