[2024-11-24T23:24:55.437+0000] {local_task_job_runner.py:120} INFO - ::group::Pre task execution logs
[2024-11-24T23:24:55.447+0000] {taskinstance.py:2076} INFO - Dependencies all met for dep_context=non-requeueable deps ti=<TaskInstance: Citibike_Data_ETL.transform_data manual__2024-11-24T23:24:53.893362+00:00 [queued]>
[2024-11-24T23:24:55.453+0000] {taskinstance.py:2076} INFO - Dependencies all met for dep_context=requeueable deps ti=<TaskInstance: Citibike_Data_ETL.transform_data manual__2024-11-24T23:24:53.893362+00:00 [queued]>
[2024-11-24T23:24:55.454+0000] {taskinstance.py:2306} INFO - Starting attempt 1 of 2
[2024-11-24T23:24:55.462+0000] {taskinstance.py:2330} INFO - Executing <Task(_PythonDecoratedOperator): transform_data> on 2024-11-24 23:24:53.893362+00:00
[2024-11-24T23:24:55.469+0000] {standard_task_runner.py:90} INFO - Running: ['***', 'tasks', 'run', 'Citibike_Data_ETL', 'transform_data', 'manual__2024-11-24T23:24:53.893362+00:00', '--job-id', '34', '--raw', '--subdir', 'DAGS_FOLDER/ETL.py', '--cfg-path', '/tmp/tmppnb95wba']
[2024-11-24T23:24:55.471+0000] {logging_mixin.py:188} WARNING - /home/***/.local/lib/python3.12/site-packages/***/task/task_runner/standard_task_runner.py:61 DeprecationWarning: This process (pid=3901) is multi-threaded, use of fork() may lead to deadlocks in the child.
[2024-11-24T23:24:55.472+0000] {standard_task_runner.py:63} INFO - Started process 3907 to run task
[2024-11-24T23:24:55.472+0000] {standard_task_runner.py:91} INFO - Job 34: Subtask transform_data
[2024-11-24T23:24:55.503+0000] {task_command.py:426} INFO - Running <TaskInstance: Citibike_Data_ETL.transform_data manual__2024-11-24T23:24:53.893362+00:00 [running]> on host a04e18a8aa10
[2024-11-24T23:24:55.555+0000] {taskinstance.py:2648} INFO - Exporting env vars: AIRFLOW_CTX_DAG_EMAIL='shatayu.thakur@sjsu.edu' AIRFLOW_CTX_DAG_OWNER='Shatayu' AIRFLOW_CTX_DAG_ID='Citibike_Data_ETL' AIRFLOW_CTX_TASK_ID='transform_data' AIRFLOW_CTX_EXECUTION_DATE='2024-11-24T23:24:53.893362+00:00' AIRFLOW_CTX_TRY_NUMBER='1' AIRFLOW_CTX_DAG_RUN_ID='manual__2024-11-24T23:24:53.893362+00:00'
[2024-11-24T23:24:55.556+0000] {taskinstance.py:430} INFO - ::endgroup::
[2024-11-24T23:25:01.256+0000] {logging_mixin.py:188} INFO - Extracted Rows:  2993504
[2024-11-24T23:25:02.034+0000] {logging_mixin.py:188} INFO - Rows after dropping na:  2982755
[2024-11-24T23:25:09.729+0000] {logging_mixin.py:188} INFO - Rows after dropping dup:  2982715
[2024-11-24T23:25:22.916+0000] {logging_mixin.py:188} INFO - Saved cleaned data to: /opt/***/temp_store_proj/cleaned_data.csv
[2024-11-24T23:25:23.045+0000] {logging_mixin.py:188} INFO - Deleted extracted file: /opt/***/temp_store_proj/extracted_data.csv
[2024-11-24T23:25:23.521+0000] {python.py:237} INFO - Done. Returned value was: None
[2024-11-24T23:25:23.523+0000] {taskinstance.py:441} INFO - ::group::Post task execution logs
[2024-11-24T23:25:23.536+0000] {taskinstance.py:1206} INFO - Marking task as SUCCESS. dag_id=Citibike_Data_ETL, task_id=transform_data, run_id=manual__2024-11-24T23:24:53.893362+00:00, execution_date=20241124T232453, start_date=20241124T232455, end_date=20241124T232523
[2024-11-24T23:25:23.580+0000] {local_task_job_runner.py:240} INFO - Task exited with return code 0
[2024-11-24T23:25:23.597+0000] {taskinstance.py:3498} INFO - 0 downstream tasks scheduled from follow-on schedule check
[2024-11-24T23:25:23.597+0000] {local_task_job_runner.py:222} INFO - ::endgroup::
