[2024-11-25T05:22:50.308+0000] {local_task_job_runner.py:120} INFO - ::group::Pre task execution logs
[2024-11-25T05:22:50.320+0000] {taskinstance.py:2076} INFO - Dependencies all met for dep_context=non-requeueable deps ti=<TaskInstance: Citibike_Data_ETL.extract_citibike_data manual__2024-11-24T08:22:38.703181+00:00 [queued]>
[2024-11-25T05:22:50.326+0000] {taskinstance.py:2076} INFO - Dependencies all met for dep_context=requeueable deps ti=<TaskInstance: Citibike_Data_ETL.extract_citibike_data manual__2024-11-24T08:22:38.703181+00:00 [queued]>
[2024-11-25T05:22:50.326+0000] {taskinstance.py:2306} INFO - Starting attempt 3 of 4
[2024-11-25T05:22:50.334+0000] {taskinstance.py:2330} INFO - Executing <Task(_PythonDecoratedOperator): extract_citibike_data> on 2024-11-24 08:22:38.703181+00:00
[2024-11-25T05:22:50.339+0000] {standard_task_runner.py:90} INFO - Running: ['***', 'tasks', 'run', 'Citibike_Data_ETL', 'extract_citibike_data', 'manual__2024-11-24T08:22:38.703181+00:00', '--job-id', '54', '--raw', '--subdir', 'DAGS_FOLDER/ETL_citibike.py', '--cfg-path', '/tmp/tmp0vckgqh5']
[2024-11-25T05:22:50.344+0000] {logging_mixin.py:188} WARNING - /home/***/.local/lib/python3.12/site-packages/***/task/task_runner/standard_task_runner.py:61 DeprecationWarning: This process (pid=5743) is multi-threaded, use of fork() may lead to deadlocks in the child.
[2024-11-25T05:22:50.344+0000] {standard_task_runner.py:91} INFO - Job 54: Subtask extract_citibike_data
[2024-11-25T05:22:50.344+0000] {standard_task_runner.py:63} INFO - Started process 5749 to run task
[2024-11-25T05:22:50.396+0000] {task_command.py:426} INFO - Running <TaskInstance: Citibike_Data_ETL.extract_citibike_data manual__2024-11-24T08:22:38.703181+00:00 [running]> on host 5de3b6ca18a7
[2024-11-25T05:22:50.453+0000] {taskinstance.py:2648} INFO - Exporting env vars: AIRFLOW_CTX_DAG_EMAIL='shatayu.thakur@sjsu.edu' AIRFLOW_CTX_DAG_OWNER='Shatayu' AIRFLOW_CTX_DAG_ID='Citibike_Data_ETL' AIRFLOW_CTX_TASK_ID='extract_citibike_data' AIRFLOW_CTX_EXECUTION_DATE='2024-11-24T08:22:38.703181+00:00' AIRFLOW_CTX_TRY_NUMBER='3' AIRFLOW_CTX_DAG_RUN_ID='manual__2024-11-24T08:22:38.703181+00:00'
[2024-11-25T05:22:50.454+0000] {taskinstance.py:430} INFO - ::endgroup::
[2024-11-25T05:22:51.450+0000] {logging_mixin.py:188} INFO - Successfully processed: JC-202110-citibike-tripdata.csv
[2024-11-25T05:22:52.615+0000] {logging_mixin.py:188} INFO - Successfully processed: JC-202111-citibike-tripdata.csv
[2024-11-25T05:22:53.695+0000] {logging_mixin.py:188} INFO - Successfully processed: JC-202112-citibike-tripdata.csv
[2024-11-25T05:22:54.384+0000] {logging_mixin.py:188} INFO - Successfully processed: JC-202201-citibike-tripdata.csv
[2024-11-25T05:22:55.801+0000] {logging_mixin.py:188} INFO - Successfully processed: JC-202202-citibike-tripdata.csv
[2024-11-25T05:22:57.153+0000] {logging_mixin.py:188} INFO - Successfully processed: JC-202203-citibike-tripdata.csv
[2024-11-25T05:22:58.661+0000] {logging_mixin.py:188} INFO - Successfully processed: JC-202204-citibike-tripdata.csv
[2024-11-25T05:22:59.869+0000] {logging_mixin.py:188} INFO - Successfully processed: JC-202205-citibike-tripdata.csv
[2024-11-25T05:23:03.771+0000] {logging_mixin.py:188} INFO - Successfully processed: JC-202206-citibike-tripdata.csv
[2024-11-25T05:23:05.326+0000] {logging_mixin.py:188} INFO - Successfully processed: JC-202207-citbike-tripdata.csv
[2024-11-25T05:23:06.753+0000] {logging_mixin.py:188} INFO - Successfully processed: JC-202208-citibike-tripdata.csv
[2024-11-25T05:23:08.388+0000] {logging_mixin.py:188} INFO - Successfully processed: JC-202209-citibike-tripdata.csv
[2024-11-25T05:23:09.625+0000] {logging_mixin.py:188} INFO - Successfully processed: JC-202210-citibike-tripdata.csv
[2024-11-25T05:23:10.954+0000] {logging_mixin.py:188} INFO - Successfully processed: JC-202211-citibike-tripdata.csv
[2024-11-25T05:23:12.430+0000] {logging_mixin.py:188} INFO - Successfully processed: JC-202212-citibike-tripdata.csv
[2024-11-25T05:23:14.258+0000] {logging_mixin.py:188} INFO - Successfully processed: JC-202301-citibike-tripdata.csv
[2024-11-25T05:23:15.535+0000] {logging_mixin.py:188} INFO - Successfully processed: JC-202302-citibike-tripdata.csv
[2024-11-25T05:23:17.320+0000] {logging_mixin.py:188} INFO - Successfully processed: JC-202303-citibike-tripdata.csv
[2024-11-25T05:23:18.531+0000] {logging_mixin.py:188} INFO - Successfully processed: JC-202304-citibike-tripdata.csv
[2024-11-25T05:23:19.663+0000] {logging_mixin.py:188} INFO - Successfully processed: JC-202305-citibike-tripdata.csv
[2024-11-25T05:23:26.109+0000] {logging_mixin.py:188} INFO - Successfully processed: JC-202306-citibike-tripdata.csv
[2024-11-25T05:23:27.814+0000] {logging_mixin.py:188} INFO - Successfully processed: JC-202307-citibike-tripdata.csv
[2024-11-25T05:23:29.083+0000] {logging_mixin.py:188} INFO - Successfully processed: JC-202308-citibike-tripdata.csv
[2024-11-25T05:23:30.099+0000] {logging_mixin.py:188} INFO - Successfully processed: JC-202309-citibike-tripdata.csv
[2024-11-25T05:23:31.429+0000] {logging_mixin.py:188} INFO - Successfully processed: JC-202310-citibike-tripdata.csv
[2024-11-25T05:23:32.765+0000] {logging_mixin.py:188} INFO - Successfully processed: JC-202311-citibike-tripdata.csv
[2024-11-25T05:23:33.849+0000] {logging_mixin.py:188} INFO - Successfully processed: JC-202312-citibike-tripdata.csv
[2024-11-25T05:23:34.855+0000] {logging_mixin.py:188} INFO - Successfully processed: JC-202401-citibike-tripdata.csv
[2024-11-25T05:23:35.788+0000] {logging_mixin.py:188} INFO - Successfully processed: JC-202402-citibike-tripdata.csv
[2024-11-25T05:23:37.414+0000] {logging_mixin.py:188} INFO - Successfully processed: JC-202403-citibike-tripdata.csv
[2024-11-25T05:23:38.421+0000] {logging_mixin.py:188} INFO - Successfully processed: JC-202404-citibike-tripdata.csv
[2024-11-25T05:23:39.636+0000] {logging_mixin.py:188} INFO - Successfully processed: JC-202405-citibike-tripdata.csv
[2024-11-25T05:23:40.947+0000] {logging_mixin.py:188} INFO - Successfully processed: JC-202406-citibike-tripdata.csv
[2024-11-25T05:23:42.560+0000] {logging_mixin.py:188} INFO - Successfully processed: JC-202407-citibike-tripdata.csv
[2024-11-25T05:23:50.169+0000] {logging_mixin.py:188} INFO - Successfully processed: JC-202408-citibike-tripdata.csv
[2024-11-25T05:23:51.479+0000] {logging_mixin.py:188} INFO - Successfully processed: JC-202409-citibike-tripdata.csv
[2024-11-25T05:23:58.345+0000] {logging_mixin.py:188} INFO - Successfully processed: JC-202410-citibike-tripdata.csv
[2024-11-25T05:24:06.420+0000] {local_task_job_runner.py:240} INFO - Task exited with return code -9
[2024-11-25T05:24:06.556+0000] {taskinstance.py:3498} INFO - 0 downstream tasks scheduled from follow-on schedule check
[2024-11-25T05:24:06.558+0000] {local_task_job_runner.py:222} INFO - ::endgroup::
