[2024-12-05T20:30:08.368+0000] {local_task_job_runner.py:120} INFO - ::group::Pre task execution logs
[2024-12-05T20:30:08.384+0000] {taskinstance.py:2076} INFO - Dependencies all met for dep_context=non-requeueable deps ti=<TaskInstance: ELT_dbt.dbt_run manual__2024-12-05T20:30:07.216672+00:00 [queued]>
[2024-12-05T20:30:08.387+0000] {taskinstance.py:2076} INFO - Dependencies all met for dep_context=requeueable deps ti=<TaskInstance: ELT_dbt.dbt_run manual__2024-12-05T20:30:07.216672+00:00 [queued]>
[2024-12-05T20:30:08.387+0000] {taskinstance.py:2306} INFO - Starting attempt 1 of 1
[2024-12-05T20:30:08.393+0000] {taskinstance.py:2330} INFO - Executing <Task(BashOperator): dbt_run> on 2024-12-05 20:30:07.216672+00:00
[2024-12-05T20:30:08.397+0000] {standard_task_runner.py:90} INFO - Running: ['***', 'tasks', 'run', 'ELT_dbt', 'dbt_run', 'manual__2024-12-05T20:30:07.216672+00:00', '--job-id', '514', '--raw', '--subdir', 'DAGS_FOLDER/ELT_metrics.py', '--cfg-path', '/tmp/tmpawfhuw1v']
[2024-12-05T20:30:08.398+0000] {standard_task_runner.py:91} INFO - Job 514: Subtask dbt_run
[2024-12-05T20:30:08.399+0000] {logging_mixin.py:188} WARNING - /home/***/.local/lib/python3.12/site-packages/***/task/task_runner/standard_task_runner.py:61 DeprecationWarning: This process (pid=784) is multi-threaded, use of fork() may lead to deadlocks in the child.
[2024-12-05T20:30:08.399+0000] {standard_task_runner.py:63} INFO - Started process 785 to run task
[2024-12-05T20:30:08.425+0000] {task_command.py:426} INFO - Running <TaskInstance: ELT_dbt.dbt_run manual__2024-12-05T20:30:07.216672+00:00 [running]> on host bd7c71f68e16
[2024-12-05T20:30:08.466+0000] {taskinstance.py:2648} INFO - Exporting env vars: AIRFLOW_CTX_DAG_OWNER='***' AIRFLOW_CTX_DAG_ID='ELT_dbt' AIRFLOW_CTX_TASK_ID='dbt_run' AIRFLOW_CTX_EXECUTION_DATE='2024-12-05T20:30:07.216672+00:00' AIRFLOW_CTX_TRY_NUMBER='1' AIRFLOW_CTX_DAG_RUN_ID='manual__2024-12-05T20:30:07.216672+00:00'
[2024-12-05T20:30:08.466+0000] {taskinstance.py:430} INFO - ::endgroup::
[2024-12-05T20:30:08.474+0000] {subprocess.py:63} INFO - Tmp dir root location: /tmp
[2024-12-05T20:30:08.474+0000] {subprocess.py:75} INFO - Running command: ['/usr/bin/bash', '-c', '/home/***/.local/bin/dbt run --profiles-dir /opt/***/dbt_proj --project-dir /opt/***/dbt_proj']
[2024-12-05T20:30:08.478+0000] {subprocess.py:86} INFO - Output:
[2024-12-05T20:30:09.606+0000] {subprocess.py:93} INFO - [0m20:30:09  Running with dbt=1.8.7
[2024-12-05T20:30:10.075+0000] {subprocess.py:93} INFO - [0m20:30:10  Registered adapter: snowflake=1.8.4
[2024-12-05T20:30:10.288+0000] {subprocess.py:93} INFO - [0m20:30:10  Found 4 models, 3 snapshots, 4 data tests, 5 sources, 459 macros
[2024-12-05T20:30:10.290+0000] {subprocess.py:93} INFO - [0m20:30:10
[2024-12-05T20:30:12.021+0000] {subprocess.py:93} INFO - [0m20:30:12  Concurrency: 1 threads (target='dev')
[2024-12-05T20:30:12.023+0000] {subprocess.py:93} INFO - [0m20:30:12
[2024-12-05T20:30:12.049+0000] {subprocess.py:93} INFO - [0m20:30:12  1 of 2 START sql table model analytics.citibike_historical_summary ............. [RUN]
[2024-12-05T20:30:13.500+0000] {subprocess.py:93} INFO - [0m20:30:13  1 of 2 OK created sql table model analytics.citibike_historical_summary ........ [[32mSUCCESS 1[0m in 1.45s]
[2024-12-05T20:30:13.509+0000] {subprocess.py:93} INFO - [0m20:30:13  2 of 2 START sql table model analytics.weather_current_summary ................. [RUN]
[2024-12-05T20:30:14.747+0000] {subprocess.py:93} INFO - [0m20:30:14  2 of 2 OK created sql table model analytics.weather_current_summary ............ [[32mSUCCESS 1[0m in 1.24s]
[2024-12-05T20:30:14.752+0000] {subprocess.py:93} INFO - [0m20:30:14
[2024-12-05T20:30:14.752+0000] {subprocess.py:93} INFO - [0m20:30:14  Finished running 2 table models in 0 hours 0 minutes and 4.46 seconds (4.46s).
[2024-12-05T20:30:14.785+0000] {subprocess.py:93} INFO - [0m20:30:14
[2024-12-05T20:30:14.786+0000] {subprocess.py:93} INFO - [0m20:30:14  [32mCompleted successfully[0m
[2024-12-05T20:30:14.787+0000] {subprocess.py:93} INFO - [0m20:30:14
[2024-12-05T20:30:14.787+0000] {subprocess.py:93} INFO - [0m20:30:14  Done. PASS=2 WARN=0 ERROR=0 SKIP=0 TOTAL=2
[2024-12-05T20:30:15.416+0000] {subprocess.py:97} INFO - Command exited with return code 0
[2024-12-05T20:30:15.417+0000] {taskinstance.py:441} INFO - ::group::Post task execution logs
[2024-12-05T20:30:15.431+0000] {taskinstance.py:1206} INFO - Marking task as SUCCESS. dag_id=ELT_dbt, task_id=dbt_run, run_id=manual__2024-12-05T20:30:07.216672+00:00, execution_date=20241205T203007, start_date=20241205T203008, end_date=20241205T203015
[2024-12-05T20:30:15.444+0000] {local_task_job_runner.py:240} INFO - Task exited with return code 0
[2024-12-05T20:30:15.455+0000] {taskinstance.py:3498} INFO - 1 downstream tasks scheduled from follow-on schedule check
[2024-12-05T20:30:15.455+0000] {local_task_job_runner.py:222} INFO - ::endgroup::
