[2024-11-26T20:27:51.225+0000] {local_task_job_runner.py:120} INFO - ::group::Pre task execution logs
[2024-11-26T20:27:51.232+0000] {taskinstance.py:2076} INFO - Dependencies all met for dep_context=non-requeueable deps ti=<TaskInstance: Weather_Realtime_Data_ETL.extract_weather_current_data scheduled__2024-11-26T19:30:00+00:00 [queued]>
[2024-11-26T20:27:51.235+0000] {taskinstance.py:2076} INFO - Dependencies all met for dep_context=requeueable deps ti=<TaskInstance: Weather_Realtime_Data_ETL.extract_weather_current_data scheduled__2024-11-26T19:30:00+00:00 [queued]>
[2024-11-26T20:27:51.236+0000] {taskinstance.py:2306} INFO - Starting attempt 1 of 2
[2024-11-26T20:27:51.240+0000] {taskinstance.py:2330} INFO - Executing <Task(_PythonDecoratedOperator): extract_weather_current_data> on 2024-11-26 19:30:00+00:00
[2024-11-26T20:27:51.246+0000] {logging_mixin.py:188} WARNING - /home/***/.local/lib/python3.12/site-packages/***/task/task_runner/standard_task_runner.py:61 DeprecationWarning: This process (pid=22503) is multi-threaded, use of fork() may lead to deadlocks in the child.
[2024-11-26T20:27:51.247+0000] {standard_task_runner.py:63} INFO - Started process 22506 to run task
[2024-11-26T20:27:51.246+0000] {standard_task_runner.py:90} INFO - Running: ['***', 'tasks', 'run', 'Weather_Realtime_Data_ETL', 'extract_weather_current_data', 'scheduled__2024-11-26T19:30:00+00:00', '--job-id', '252', '--raw', '--subdir', 'DAGS_FOLDER/ETL_weather_realtime.py', '--cfg-path', '/tmp/tmpkoow6rxi']
[2024-11-26T20:27:51.248+0000] {standard_task_runner.py:91} INFO - Job 252: Subtask extract_weather_current_data
[2024-11-26T20:27:51.276+0000] {task_command.py:426} INFO - Running <TaskInstance: Weather_Realtime_Data_ETL.extract_weather_current_data scheduled__2024-11-26T19:30:00+00:00 [running]> on host 5de3b6ca18a7
[2024-11-26T20:27:51.324+0000] {taskinstance.py:2648} INFO - Exporting env vars: AIRFLOW_CTX_DAG_EMAIL='shatayu.thakur@sjsu.edu' AIRFLOW_CTX_DAG_OWNER='Shatayu' AIRFLOW_CTX_DAG_ID='Weather_Realtime_Data_ETL' AIRFLOW_CTX_TASK_ID='extract_weather_current_data' AIRFLOW_CTX_EXECUTION_DATE='2024-11-26T19:30:00+00:00' AIRFLOW_CTX_TRY_NUMBER='1' AIRFLOW_CTX_DAG_RUN_ID='scheduled__2024-11-26T19:30:00+00:00'
[2024-11-26T20:27:51.326+0000] {taskinstance.py:430} INFO - ::endgroup::
[2024-11-26T20:27:51.760+0000] {logging_mixin.py:188} INFO - Raw Output in JSON {'location': {'name': 'Jersey City', 'region': 'New Jersey', 'country': 'United States of America', 'lat': 40.7281, 'lon': -74.0781, 'tz_id': 'America/New_York', 'localtime_epoch': 1732652632, 'localtime': '2024-11-26 15:23'}, 'current': {'last_updated_epoch': 1732652100, 'last_updated': '2024-11-26 15:15', 'temp_c': 16.1, 'temp_f': 61.0, 'is_day': 1, 'condition': {'text': 'Partly cloudy', 'icon': '//cdn.weatherapi.com/weather/64x64/day/116.png', 'code': 1003}, 'wind_mph': 13.4, 'wind_kph': 21.6, 'wind_degree': 290, 'wind_dir': 'WNW', 'pressure_mb': 1010.0, 'pressure_in': 29.81, 'precip_mm': 0.0, 'precip_in': 0.0, 'humidity': 42, 'cloud': 50, 'feelslike_c': 16.1, 'feelslike_f': 61.0, 'windchill_c': 14.7, 'windchill_f': 58.5, 'heatindex_c': 15.2, 'heatindex_f': 59.4, 'dewpoint_c': 11.1, 'dewpoint_f': 51.9, 'vis_km': 16.0, 'vis_miles': 9.0, 'uv': 0.5, 'gust_mph': 18.5, 'gust_kph': 29.7}}
[2024-11-26T20:27:51.765+0000] {logging_mixin.py:188} INFO - Current Data for Jersey City, New Jersey:
[2024-11-26T20:27:51.774+0000] {logging_mixin.py:188} INFO -         last_updated  temp_f  feelslike_f  humidity  precip_mm
0  2024-11-26 15:15    61.0         61.0        42        0.0
[2024-11-26T20:27:51.775+0000] {python.py:237} INFO - Done. Returned value was:        last_updated  temp_f  feelslike_f  humidity  precip_mm
0  2024-11-26 15:15    61.0         61.0        42        0.0
[2024-11-26T20:27:51.779+0000] {taskinstance.py:441} INFO - ::group::Post task execution logs
[2024-11-26T20:27:51.816+0000] {taskinstance.py:1206} INFO - Marking task as SUCCESS. dag_id=Weather_Realtime_Data_ETL, task_id=extract_weather_current_data, run_id=scheduled__2024-11-26T19:30:00+00:00, execution_date=20241126T193000, start_date=20241126T202751, end_date=20241126T202751
[2024-11-26T20:27:51.846+0000] {local_task_job_runner.py:240} INFO - Task exited with return code 0
[2024-11-26T20:27:51.865+0000] {taskinstance.py:3498} INFO - 1 downstream tasks scheduled from follow-on schedule check
[2024-11-26T20:27:51.866+0000] {local_task_job_runner.py:222} INFO - ::endgroup::
