[2024-11-24T22:40:07.393+0000] {local_task_job_runner.py:120} INFO - ::group::Pre task execution logs
[2024-11-24T22:40:07.407+0000] {taskinstance.py:2076} INFO - Dependencies all met for dep_context=non-requeueable deps ti=<TaskInstance: Citibike_Data_ETL.extract_citibike_data scheduled__2024-11-23T21:30:00+00:00 [queued]>
[2024-11-24T22:40:07.419+0000] {taskinstance.py:2076} INFO - Dependencies all met for dep_context=requeueable deps ti=<TaskInstance: Citibike_Data_ETL.extract_citibike_data scheduled__2024-11-23T21:30:00+00:00 [queued]>
[2024-11-24T22:40:07.420+0000] {taskinstance.py:2306} INFO - Starting attempt 1 of 2
[2024-11-24T22:40:07.429+0000] {taskinstance.py:2330} INFO - Executing <Task(_PythonDecoratedOperator): extract_citibike_data> on 2024-11-23 21:30:00+00:00
[2024-11-24T22:40:07.436+0000] {standard_task_runner.py:90} INFO - Running: ['***', 'tasks', 'run', 'Citibike_Data_ETL', 'extract_citibike_data', 'scheduled__2024-11-23T21:30:00+00:00', '--job-id', '21', '--raw', '--subdir', 'DAGS_FOLDER/ETL.py', '--cfg-path', '/tmp/tmpz9kvujyb']
[2024-11-24T22:40:07.442+0000] {standard_task_runner.py:91} INFO - Job 21: Subtask extract_citibike_data
[2024-11-24T22:40:07.443+0000] {logging_mixin.py:188} WARNING - /home/***/.local/lib/python3.12/site-packages/***/task/task_runner/standard_task_runner.py:61 DeprecationWarning: This process (pid=2844) is multi-threaded, use of fork() may lead to deadlocks in the child.
[2024-11-24T22:40:07.443+0000] {standard_task_runner.py:63} INFO - Started process 2851 to run task
[2024-11-24T22:40:07.519+0000] {task_command.py:426} INFO - Running <TaskInstance: Citibike_Data_ETL.extract_citibike_data scheduled__2024-11-23T21:30:00+00:00 [running]> on host a04e18a8aa10
[2024-11-24T22:40:07.571+0000] {taskinstance.py:2648} INFO - Exporting env vars: AIRFLOW_CTX_DAG_EMAIL='shatayu.thakur@sjsu.edu' AIRFLOW_CTX_DAG_OWNER='Shatayu' AIRFLOW_CTX_DAG_ID='Citibike_Data_ETL' AIRFLOW_CTX_TASK_ID='extract_citibike_data' AIRFLOW_CTX_EXECUTION_DATE='2024-11-23T21:30:00+00:00' AIRFLOW_CTX_TRY_NUMBER='1' AIRFLOW_CTX_DAG_RUN_ID='scheduled__2024-11-23T21:30:00+00:00'
[2024-11-24T22:40:07.573+0000] {taskinstance.py:430} INFO - ::endgroup::
[2024-11-24T22:40:08.347+0000] {logging_mixin.py:188} INFO - Successfully processed: JC-202010-citibike-tripdata.csv
[2024-11-24T22:40:09.042+0000] {logging_mixin.py:188} INFO - Successfully processed: JC-202011-citibike-tripdata.csv
[2024-11-24T22:40:09.600+0000] {logging_mixin.py:188} INFO - Successfully processed: JC-202012-citibike-tripdata.csv
[2024-11-24T22:40:10.167+0000] {logging_mixin.py:188} INFO - Successfully processed: JC-202101-citibike-tripdata.csv
[2024-11-24T22:40:10.685+0000] {logging_mixin.py:188} INFO - Successfully processed: JC-202102-citibike-tripdata.csv
[2024-11-24T22:40:11.404+0000] {logging_mixin.py:188} INFO - Successfully processed: JC-202103-citibike-tripdata.csv
[2024-11-24T22:40:12.129+0000] {logging_mixin.py:188} INFO - Successfully processed: JC-202104-citibike-tripdata.csv
[2024-11-24T22:40:12.932+0000] {logging_mixin.py:188} INFO - Successfully processed: JC-202105-citibike-tripdata.csv
[2024-11-24T22:40:13.872+0000] {logging_mixin.py:188} INFO - Successfully processed: JC-202106-citibike-tripdata.csv
[2024-11-24T22:40:14.914+0000] {logging_mixin.py:188} INFO - Successfully processed: JC-202107-citibike-tripdata.csv
[2024-11-24T22:40:15.999+0000] {logging_mixin.py:188} INFO - Successfully processed: JC-202108-citibike-tripdata.csv
[2024-11-24T22:40:17.088+0000] {logging_mixin.py:188} INFO - Successfully processed: JC-202109-citibike-tripdata.csv
[2024-11-24T22:40:18.112+0000] {logging_mixin.py:188} INFO - Successfully processed: JC-202110-citibike-tripdata.csv
[2024-11-24T22:40:19.089+0000] {logging_mixin.py:188} INFO - Successfully processed: JC-202111-citibike-tripdata.csv
[2024-11-24T22:40:19.925+0000] {logging_mixin.py:188} INFO - Successfully processed: JC-202112-citibike-tripdata.csv
[2024-11-24T22:40:20.640+0000] {logging_mixin.py:188} INFO - Successfully processed: JC-202201-citibike-tripdata.csv
[2024-11-24T22:40:21.420+0000] {logging_mixin.py:188} INFO - Successfully processed: JC-202202-citibike-tripdata.csv
[2024-11-24T22:40:22.264+0000] {logging_mixin.py:188} INFO - Successfully processed: JC-202203-citibike-tripdata.csv
[2024-11-24T22:40:23.250+0000] {logging_mixin.py:188} INFO - Successfully processed: JC-202204-citibike-tripdata.csv
[2024-11-24T22:40:24.324+0000] {logging_mixin.py:188} INFO - Successfully processed: JC-202205-citibike-tripdata.csv
[2024-11-24T22:40:25.501+0000] {logging_mixin.py:188} INFO - Successfully processed: JC-202206-citibike-tripdata.csv
[2024-11-24T22:40:26.625+0000] {logging_mixin.py:188} INFO - Successfully processed: JC-202207-citbike-tripdata.csv
[2024-11-24T22:40:27.871+0000] {logging_mixin.py:188} INFO - Successfully processed: JC-202208-citibike-tripdata.csv
[2024-11-24T22:40:29.031+0000] {logging_mixin.py:188} INFO - Successfully processed: JC-202209-citibike-tripdata.csv
[2024-11-24T22:40:30.136+0000] {logging_mixin.py:188} INFO - Successfully processed: JC-202210-citibike-tripdata.csv
[2024-11-24T22:40:31.167+0000] {logging_mixin.py:188} INFO - Successfully processed: JC-202211-citibike-tripdata.csv
[2024-11-24T22:40:32.022+0000] {logging_mixin.py:188} INFO - Successfully processed: JC-202212-citibike-tripdata.csv
[2024-11-24T22:40:32.920+0000] {logging_mixin.py:188} INFO - Successfully processed: JC-202301-citibike-tripdata.csv
[2024-11-24T22:40:33.835+0000] {logging_mixin.py:188} INFO - Successfully processed: JC-202302-citibike-tripdata.csv
[2024-11-24T22:40:34.765+0000] {logging_mixin.py:188} INFO - Successfully processed: JC-202303-citibike-tripdata.csv
[2024-11-24T22:40:35.892+0000] {logging_mixin.py:188} INFO - Successfully processed: JC-202304-citibike-tripdata.csv
[2024-11-24T22:40:36.980+0000] {logging_mixin.py:188} INFO - Successfully processed: JC-202305-citibike-tripdata.csv
[2024-11-24T22:40:38.122+0000] {logging_mixin.py:188} INFO - Successfully processed: JC-202306-citibike-tripdata.csv
[2024-11-24T22:40:39.304+0000] {logging_mixin.py:188} INFO - Successfully processed: JC-202307-citibike-tripdata.csv
[2024-11-24T22:40:40.500+0000] {logging_mixin.py:188} INFO - Successfully processed: JC-202308-citibike-tripdata.csv
[2024-11-24T22:40:41.660+0000] {logging_mixin.py:188} INFO - Successfully processed: JC-202309-citibike-tripdata.csv
[2024-11-24T22:40:42.868+0000] {logging_mixin.py:188} INFO - Successfully processed: JC-202310-citibike-tripdata.csv
[2024-11-24T22:40:43.949+0000] {logging_mixin.py:188} INFO - Successfully processed: JC-202311-citibike-tripdata.csv
[2024-11-24T22:40:44.897+0000] {logging_mixin.py:188} INFO - Successfully processed: JC-202312-citibike-tripdata.csv
[2024-11-24T22:40:49.010+0000] {logging_mixin.py:188} INFO - Successfully processed: JC-202401-citibike-tripdata.csv
[2024-11-24T22:40:53.260+0000] {logging_mixin.py:188} INFO - Successfully processed: JC-202402-citibike-tripdata.csv
[2024-11-24T22:40:54.315+0000] {logging_mixin.py:188} INFO - Successfully processed: JC-202403-citibike-tripdata.csv
[2024-11-24T22:40:55.406+0000] {logging_mixin.py:188} INFO - Successfully processed: JC-202404-citibike-tripdata.csv
[2024-11-24T22:40:56.575+0000] {logging_mixin.py:188} INFO - Successfully processed: JC-202405-citibike-tripdata.csv
[2024-11-24T22:40:57.837+0000] {logging_mixin.py:188} INFO - Successfully processed: JC-202406-citibike-tripdata.csv
[2024-11-24T22:40:59.049+0000] {logging_mixin.py:188} INFO - Successfully processed: JC-202407-citibike-tripdata.csv
[2024-11-24T22:41:00.225+0000] {logging_mixin.py:188} INFO - Successfully processed: JC-202408-citibike-tripdata.csv
[2024-11-24T22:41:01.458+0000] {logging_mixin.py:188} INFO - Successfully processed: JC-202409-citibike-tripdata.csv
[2024-11-24T22:41:02.737+0000] {logging_mixin.py:188} INFO - Successfully processed: JC-202410-citibike-tripdata.csv
[2024-11-24T22:41:28.359+0000] {python.py:237} INFO - Done. Returned value was: /opt/***/temp_store_proj/extracted_data_.csv
[2024-11-24T22:41:28.362+0000] {taskinstance.py:441} INFO - ::group::Post task execution logs
[2024-11-24T22:41:28.385+0000] {taskinstance.py:1206} INFO - Marking task as SUCCESS. dag_id=Citibike_Data_ETL, task_id=extract_citibike_data, run_id=scheduled__2024-11-23T21:30:00+00:00, execution_date=20241123T213000, start_date=20241124T224007, end_date=20241124T224128
[2024-11-24T22:41:28.439+0000] {local_task_job_runner.py:240} INFO - Task exited with return code 0
[2024-11-24T22:41:28.452+0000] {taskinstance.py:3498} INFO - 0 downstream tasks scheduled from follow-on schedule check
[2024-11-24T22:41:28.454+0000] {local_task_job_runner.py:222} INFO - ::endgroup::
