[2024-11-26T08:41:41.651+0000] {local_task_job_runner.py:120} INFO - ::group::Pre task execution logs
[2024-11-26T08:41:41.658+0000] {taskinstance.py:2076} INFO - Dependencies all met for dep_context=non-requeueable deps ti=<TaskInstance: Citibike_Hist_Data_ETL.transform_citibike_data scheduled__2024-11-24T21:30:00+00:00 [queued]>
[2024-11-26T08:41:41.662+0000] {taskinstance.py:2076} INFO - Dependencies all met for dep_context=requeueable deps ti=<TaskInstance: Citibike_Hist_Data_ETL.transform_citibike_data scheduled__2024-11-24T21:30:00+00:00 [queued]>
[2024-11-26T08:41:41.663+0000] {taskinstance.py:2306} INFO - Starting attempt 1 of 2
[2024-11-26T08:41:41.668+0000] {taskinstance.py:2330} INFO - Executing <Task(_PythonDecoratedOperator): transform_citibike_data> on 2024-11-24 21:30:00+00:00
[2024-11-26T08:41:41.674+0000] {logging_mixin.py:188} WARNING - /home/***/.local/lib/python3.12/site-packages/***/task/task_runner/standard_task_runner.py:61 DeprecationWarning: This process (pid=1441) is multi-threaded, use of fork() may lead to deadlocks in the child.
[2024-11-26T08:41:41.673+0000] {standard_task_runner.py:90} INFO - Running: ['***', 'tasks', 'run', 'Citibike_Hist_Data_ETL', 'transform_citibike_data', 'scheduled__2024-11-24T21:30:00+00:00', '--job-id', '138', '--raw', '--subdir', 'DAGS_FOLDER/ETL_citibike.py', '--cfg-path', '/tmp/tmpxmkjw7lf']
[2024-11-26T08:41:41.674+0000] {standard_task_runner.py:63} INFO - Started process 1444 to run task
[2024-11-26T08:41:41.674+0000] {standard_task_runner.py:91} INFO - Job 138: Subtask transform_citibike_data
[2024-11-26T08:41:41.702+0000] {task_command.py:426} INFO - Running <TaskInstance: Citibike_Hist_Data_ETL.transform_citibike_data scheduled__2024-11-24T21:30:00+00:00 [running]> on host 5de3b6ca18a7
[2024-11-26T08:41:41.741+0000] {taskinstance.py:2648} INFO - Exporting env vars: AIRFLOW_CTX_DAG_EMAIL='shatayu.thakur@sjsu.edu' AIRFLOW_CTX_DAG_OWNER='Shatayu' AIRFLOW_CTX_DAG_ID='Citibike_Hist_Data_ETL' AIRFLOW_CTX_TASK_ID='transform_citibike_data' AIRFLOW_CTX_EXECUTION_DATE='2024-11-24T21:30:00+00:00' AIRFLOW_CTX_TRY_NUMBER='1' AIRFLOW_CTX_DAG_RUN_ID='scheduled__2024-11-24T21:30:00+00:00'
[2024-11-26T08:41:41.741+0000] {taskinstance.py:430} INFO - ::endgroup::
[2024-11-26T08:41:45.797+0000] {logging_mixin.py:188} INFO - Extracted Rows:  2143338
[2024-11-26T08:41:48.132+0000] {logging_mixin.py:188} INFO - Row count after dropping records with any null attributes:  2135468
[2024-11-26T08:41:53.701+0000] {logging_mixin.py:188} INFO - Row count after dropping duplicates:  2135428
[2024-11-26T08:42:08.073+0000] {logging_mixin.py:188} INFO - 
Saved transformed data to: /opt/***/temp_store_proj/cleaned_data.csv
[2024-11-26T08:42:08.093+0000] {logging_mixin.py:188} INFO - 
Features in transformed data:  Index(['ride_id', 'rideable_type', 'started_at', 'ended_at',
       'start_station_name', 'start_station_id', 'end_station_name',
       'end_station_id', 'start_lat', 'start_lng', 'end_lat', 'end_lng',
       'member_casual', 'start_year', 'start_month', 'start_day', 'duration'],
      dtype='object')
[2024-11-26T08:42:08.095+0000] {logging_mixin.py:188} INFO - Sample records:
[2024-11-26T08:42:08.136+0000] {logging_mixin.py:188} INFO -              ride_id  rideable_type  ... start_day duration
0  1F77B1214EC26C33  electric_bike  ...         6    50.37
1  2C4DBFEC79FAE712   classic_bike  ...        11    10.48
2  3C533F406407D755   classic_bike  ...        30     1.43
3  D46E9259B84BE225   classic_bike  ...        22    82.40
4  0A6B5D4CC23FC8E5   classic_bike  ...         7    10.32

[5 rows x 17 columns]
[2024-11-26T08:42:08.920+0000] {python.py:237} INFO - Done. Returned value was: None
[2024-11-26T08:42:08.922+0000] {taskinstance.py:441} INFO - ::group::Post task execution logs
[2024-11-26T08:42:08.948+0000] {taskinstance.py:1206} INFO - Marking task as SUCCESS. dag_id=Citibike_Hist_Data_ETL, task_id=transform_citibike_data, run_id=scheduled__2024-11-24T21:30:00+00:00, execution_date=20241124T213000, start_date=20241126T084141, end_date=20241126T084208
[2024-11-26T08:42:09.044+0000] {local_task_job_runner.py:240} INFO - Task exited with return code 0
[2024-11-26T08:42:09.053+0000] {local_task_job_runner.py:222} INFO - ::endgroup::
