[2024-11-27T01:30:00.746+0000] {local_task_job_runner.py:120} INFO - ::group::Pre task execution logs
[2024-11-27T01:30:00.756+0000] {taskinstance.py:2076} INFO - Dependencies all met for dep_context=non-requeueable deps ti=<TaskInstance: Weather_Realtime_Data_ETL.extract_weather_current_data scheduled__2024-11-27T01:00:00+00:00 [queued]>
[2024-11-27T01:30:00.759+0000] {taskinstance.py:2076} INFO - Dependencies all met for dep_context=requeueable deps ti=<TaskInstance: Weather_Realtime_Data_ETL.extract_weather_current_data scheduled__2024-11-27T01:00:00+00:00 [queued]>
[2024-11-27T01:30:00.759+0000] {taskinstance.py:2306} INFO - Starting attempt 1 of 2
[2024-11-27T01:30:00.764+0000] {taskinstance.py:2330} INFO - Executing <Task(_PythonDecoratedOperator): extract_weather_current_data> on 2024-11-27 01:00:00+00:00
[2024-11-27T01:30:00.769+0000] {logging_mixin.py:188} WARNING - /home/***/.local/lib/python3.12/site-packages/***/task/task_runner/standard_task_runner.py:61 DeprecationWarning: This process (pid=28721) is multi-threaded, use of fork() may lead to deadlocks in the child.
[2024-11-27T01:30:00.769+0000] {standard_task_runner.py:63} INFO - Started process 28733 to run task
[2024-11-27T01:30:00.769+0000] {standard_task_runner.py:90} INFO - Running: ['***', 'tasks', 'run', 'Weather_Realtime_Data_ETL', 'extract_weather_current_data', 'scheduled__2024-11-27T01:00:00+00:00', '--job-id', '290', '--raw', '--subdir', 'DAGS_FOLDER/ETL_weather_realtime.py', '--cfg-path', '/tmp/tmp4if773in']
[2024-11-27T01:30:00.771+0000] {standard_task_runner.py:91} INFO - Job 290: Subtask extract_weather_current_data
[2024-11-27T01:30:00.794+0000] {task_command.py:426} INFO - Running <TaskInstance: Weather_Realtime_Data_ETL.extract_weather_current_data scheduled__2024-11-27T01:00:00+00:00 [running]> on host 5de3b6ca18a7
[2024-11-27T01:30:00.834+0000] {taskinstance.py:2648} INFO - Exporting env vars: AIRFLOW_CTX_DAG_EMAIL='shatayu.thakur@sjsu.edu' AIRFLOW_CTX_DAG_OWNER='Shatayu' AIRFLOW_CTX_DAG_ID='Weather_Realtime_Data_ETL' AIRFLOW_CTX_TASK_ID='extract_weather_current_data' AIRFLOW_CTX_EXECUTION_DATE='2024-11-27T01:00:00+00:00' AIRFLOW_CTX_TRY_NUMBER='1' AIRFLOW_CTX_DAG_RUN_ID='scheduled__2024-11-27T01:00:00+00:00'
[2024-11-27T01:30:00.834+0000] {taskinstance.py:430} INFO - ::endgroup::
[2024-11-27T01:30:01.448+0000] {logging_mixin.py:188} INFO - Raw Output in JSON {'location': {'name': 'Jersey City', 'region': 'New Jersey', 'country': 'United States of America', 'lat': 40.7281, 'lon': -74.0781, 'tz_id': 'America/New_York', 'localtime_epoch': 1732671001, 'localtime': '2024-11-26 20:30'}, 'current': {'last_updated_epoch': 1732671000, 'last_updated': '2024-11-26 20:30', 'temp_c': 11.1, 'temp_f': 52.0, 'is_day': 0, 'condition': {'text': 'Partly cloudy', 'icon': '//cdn.weatherapi.com/weather/64x64/night/116.png', 'code': 1003}, 'wind_mph': 10.3, 'wind_kph': 16.6, 'wind_degree': 312, 'wind_dir': 'NW', 'pressure_mb': 1015.0, 'pressure_in': 29.96, 'precip_mm': 0.0, 'precip_in': 0.0, 'humidity': 50, 'cloud': 25, 'feelslike_c': 9.1, 'feelslike_f': 48.4, 'windchill_c': 8.1, 'windchill_f': 46.5, 'heatindex_c': 9.9, 'heatindex_f': 49.9, 'dewpoint_c': 3.9, 'dewpoint_f': 38.9, 'vis_km': 16.0, 'vis_miles': 9.0, 'uv': 0.0, 'gust_mph': 14.4, 'gust_kph': 23.2}}
[2024-11-27T01:30:01.452+0000] {logging_mixin.py:188} INFO - Current Data for Jersey City, New Jersey:
[2024-11-27T01:30:01.459+0000] {logging_mixin.py:188} INFO -         last_updated  temp_f  feelslike_f  humidity  precip_mm
0  2024-11-26 20:30    52.0         48.4        50        0.0
[2024-11-27T01:30:01.460+0000] {python.py:237} INFO - Done. Returned value was:        last_updated  temp_f  feelslike_f  humidity  precip_mm
0  2024-11-26 20:30    52.0         48.4        50        0.0
[2024-11-27T01:30:01.466+0000] {taskinstance.py:441} INFO - ::group::Post task execution logs
[2024-11-27T01:30:01.491+0000] {taskinstance.py:1206} INFO - Marking task as SUCCESS. dag_id=Weather_Realtime_Data_ETL, task_id=extract_weather_current_data, run_id=scheduled__2024-11-27T01:00:00+00:00, execution_date=20241127T010000, start_date=20241127T013000, end_date=20241127T013001
[2024-11-27T01:30:01.501+0000] {local_task_job_runner.py:240} INFO - Task exited with return code 0
[2024-11-27T01:30:01.514+0000] {taskinstance.py:3498} INFO - 1 downstream tasks scheduled from follow-on schedule check
[2024-11-27T01:30:01.514+0000] {local_task_job_runner.py:222} INFO - ::endgroup::
