[2024-11-26T23:30:03.251+0000] {local_task_job_runner.py:120} INFO - ::group::Pre task execution logs
[2024-11-26T23:30:03.259+0000] {taskinstance.py:2076} INFO - Dependencies all met for dep_context=non-requeueable deps ti=<TaskInstance: Weather_Realtime_Data_ETL.transform_weather_current_data scheduled__2024-11-26T23:00:00+00:00 [queued]>
[2024-11-26T23:30:03.263+0000] {taskinstance.py:2076} INFO - Dependencies all met for dep_context=requeueable deps ti=<TaskInstance: Weather_Realtime_Data_ETL.transform_weather_current_data scheduled__2024-11-26T23:00:00+00:00 [queued]>
[2024-11-26T23:30:03.263+0000] {taskinstance.py:2306} INFO - Starting attempt 1 of 2
[2024-11-26T23:30:03.269+0000] {taskinstance.py:2330} INFO - Executing <Task(_PythonDecoratedOperator): transform_weather_current_data> on 2024-11-26 23:00:00+00:00
[2024-11-26T23:30:03.274+0000] {logging_mixin.py:188} WARNING - /home/***/.local/lib/python3.12/site-packages/***/task/task_runner/standard_task_runner.py:61 DeprecationWarning: This process (pid=24548) is multi-threaded, use of fork() may lead to deadlocks in the child.
[2024-11-26T23:30:03.275+0000] {standard_task_runner.py:63} INFO - Started process 24551 to run task
[2024-11-26T23:30:03.274+0000] {standard_task_runner.py:90} INFO - Running: ['***', 'tasks', 'run', 'Weather_Realtime_Data_ETL', 'transform_weather_current_data', 'scheduled__2024-11-26T23:00:00+00:00', '--job-id', '280', '--raw', '--subdir', 'DAGS_FOLDER/ETL_weather_realtime.py', '--cfg-path', '/tmp/tmpfnag1plt']
[2024-11-26T23:30:03.276+0000] {standard_task_runner.py:91} INFO - Job 280: Subtask transform_weather_current_data
[2024-11-26T23:30:03.300+0000] {task_command.py:426} INFO - Running <TaskInstance: Weather_Realtime_Data_ETL.transform_weather_current_data scheduled__2024-11-26T23:00:00+00:00 [running]> on host 5de3b6ca18a7
[2024-11-26T23:30:03.370+0000] {taskinstance.py:2648} INFO - Exporting env vars: AIRFLOW_CTX_DAG_EMAIL='shatayu.thakur@sjsu.edu' AIRFLOW_CTX_DAG_OWNER='Shatayu' AIRFLOW_CTX_DAG_ID='Weather_Realtime_Data_ETL' AIRFLOW_CTX_TASK_ID='transform_weather_current_data' AIRFLOW_CTX_EXECUTION_DATE='2024-11-26T23:00:00+00:00' AIRFLOW_CTX_TRY_NUMBER='1' AIRFLOW_CTX_DAG_RUN_ID='scheduled__2024-11-26T23:00:00+00:00'
[2024-11-26T23:30:03.370+0000] {taskinstance.py:430} INFO - ::endgroup::
[2024-11-26T23:30:03.374+0000] {logging_mixin.py:188} INFO - Transformed Data for Jersey City, New Jersey:
[2024-11-26T23:30:03.377+0000] {logging_mixin.py:188} INFO -                   date  temp  temp_feel  humidity  rain  year  month  day  hour
0 2024-11-26 18:15:00  55.9       53.4        47   0.0  2024     11   26    18
[2024-11-26T23:30:03.377+0000] {logging_mixin.py:188} INFO - Transformed Data Features:  Index(['date', 'temp', 'temp_feel', 'humidity', 'rain', 'year', 'month', 'day',
       'hour'],
      dtype='object')
[2024-11-26T23:30:03.377+0000] {python.py:237} INFO - Done. Returned value was:                  date  temp  temp_feel  humidity  rain  year  month  day  hour
0 2024-11-26 18:15:00  55.9       53.4        47   0.0  2024     11   26    18
[2024-11-26T23:30:03.380+0000] {taskinstance.py:441} INFO - ::group::Post task execution logs
[2024-11-26T23:30:03.392+0000] {taskinstance.py:1206} INFO - Marking task as SUCCESS. dag_id=Weather_Realtime_Data_ETL, task_id=transform_weather_current_data, run_id=scheduled__2024-11-26T23:00:00+00:00, execution_date=20241126T230000, start_date=20241126T233003, end_date=20241126T233003
[2024-11-26T23:30:03.413+0000] {local_task_job_runner.py:240} INFO - Task exited with return code 0
[2024-11-26T23:30:03.426+0000] {taskinstance.py:3498} INFO - 1 downstream tasks scheduled from follow-on schedule check
[2024-11-26T23:30:03.427+0000] {local_task_job_runner.py:222} INFO - ::endgroup::
