[2024-11-24T22:47:13.275+0000] {local_task_job_runner.py:120} INFO - ::group::Pre task execution logs
[2024-11-24T22:47:13.284+0000] {taskinstance.py:2076} INFO - Dependencies all met for dep_context=non-requeueable deps ti=<TaskInstance: Citibike_Data_ETL.extract_citibike_data manual__2024-11-24T22:47:11.747552+00:00 [queued]>
[2024-11-24T22:47:13.290+0000] {taskinstance.py:2076} INFO - Dependencies all met for dep_context=requeueable deps ti=<TaskInstance: Citibike_Data_ETL.extract_citibike_data manual__2024-11-24T22:47:11.747552+00:00 [queued]>
[2024-11-24T22:47:13.290+0000] {taskinstance.py:2306} INFO - Starting attempt 1 of 2
[2024-11-24T22:47:13.296+0000] {taskinstance.py:2330} INFO - Executing <Task(_PythonDecoratedOperator): extract_citibike_data> on 2024-11-24 22:47:11.747552+00:00
[2024-11-24T22:47:13.302+0000] {standard_task_runner.py:90} INFO - Running: ['***', 'tasks', 'run', 'Citibike_Data_ETL', 'extract_citibike_data', 'manual__2024-11-24T22:47:11.747552+00:00', '--job-id', '25', '--raw', '--subdir', 'DAGS_FOLDER/ETL.py', '--cfg-path', '/tmp/tmp3pv0yl3y']
[2024-11-24T22:47:13.304+0000] {logging_mixin.py:188} WARNING - /home/***/.local/lib/python3.12/site-packages/***/task/task_runner/standard_task_runner.py:61 DeprecationWarning: This process (pid=3016) is multi-threaded, use of fork() may lead to deadlocks in the child.
[2024-11-24T22:47:13.305+0000] {standard_task_runner.py:91} INFO - Job 25: Subtask extract_citibike_data
[2024-11-24T22:47:13.305+0000] {standard_task_runner.py:63} INFO - Started process 3022 to run task
[2024-11-24T22:47:13.336+0000] {task_command.py:426} INFO - Running <TaskInstance: Citibike_Data_ETL.extract_citibike_data manual__2024-11-24T22:47:11.747552+00:00 [running]> on host a04e18a8aa10
[2024-11-24T22:47:13.376+0000] {taskinstance.py:2648} INFO - Exporting env vars: AIRFLOW_CTX_DAG_EMAIL='shatayu.thakur@sjsu.edu' AIRFLOW_CTX_DAG_OWNER='Shatayu' AIRFLOW_CTX_DAG_ID='Citibike_Data_ETL' AIRFLOW_CTX_TASK_ID='extract_citibike_data' AIRFLOW_CTX_EXECUTION_DATE='2024-11-24T22:47:11.747552+00:00' AIRFLOW_CTX_TRY_NUMBER='1' AIRFLOW_CTX_DAG_RUN_ID='manual__2024-11-24T22:47:11.747552+00:00'
[2024-11-24T22:47:13.379+0000] {taskinstance.py:430} INFO - ::endgroup::
[2024-11-24T22:47:14.107+0000] {logging_mixin.py:188} INFO - Successfully processed: JC-202010-citibike-tripdata.csv
[2024-11-24T22:47:14.801+0000] {logging_mixin.py:188} INFO - Successfully processed: JC-202011-citibike-tripdata.csv
[2024-11-24T22:47:15.368+0000] {logging_mixin.py:188} INFO - Successfully processed: JC-202012-citibike-tripdata.csv
[2024-11-24T22:47:15.923+0000] {logging_mixin.py:188} INFO - Successfully processed: JC-202101-citibike-tripdata.csv
[2024-11-24T22:47:16.426+0000] {logging_mixin.py:188} INFO - Successfully processed: JC-202102-citibike-tripdata.csv
[2024-11-24T22:47:17.110+0000] {logging_mixin.py:188} INFO - Successfully processed: JC-202103-citibike-tripdata.csv
[2024-11-24T22:47:17.795+0000] {logging_mixin.py:188} INFO - Successfully processed: JC-202104-citibike-tripdata.csv
[2024-11-24T22:47:18.619+0000] {logging_mixin.py:188} INFO - Successfully processed: JC-202105-citibike-tripdata.csv
[2024-11-24T22:47:19.542+0000] {logging_mixin.py:188} INFO - Successfully processed: JC-202106-citibike-tripdata.csv
[2024-11-24T22:47:20.506+0000] {logging_mixin.py:188} INFO - Successfully processed: JC-202107-citibike-tripdata.csv
[2024-11-24T22:47:21.526+0000] {logging_mixin.py:188} INFO - Successfully processed: JC-202108-citibike-tripdata.csv
[2024-11-24T22:47:22.580+0000] {logging_mixin.py:188} INFO - Successfully processed: JC-202109-citibike-tripdata.csv
[2024-11-24T22:47:27.876+0000] {logging_mixin.py:188} INFO - Successfully processed: JC-202110-citibike-tripdata.csv
[2024-11-24T22:47:28.772+0000] {logging_mixin.py:188} INFO - Successfully processed: JC-202111-citibike-tripdata.csv
[2024-11-24T22:47:29.660+0000] {logging_mixin.py:188} INFO - Successfully processed: JC-202112-citibike-tripdata.csv
[2024-11-24T22:47:30.342+0000] {logging_mixin.py:188} INFO - Successfully processed: JC-202201-citibike-tripdata.csv
[2024-11-24T22:47:31.137+0000] {logging_mixin.py:188} INFO - Successfully processed: JC-202202-citibike-tripdata.csv
[2024-11-24T22:47:31.968+0000] {logging_mixin.py:188} INFO - Successfully processed: JC-202203-citibike-tripdata.csv
[2024-11-24T22:47:32.878+0000] {logging_mixin.py:188} INFO - Successfully processed: JC-202204-citibike-tripdata.csv
[2024-11-24T22:47:33.968+0000] {logging_mixin.py:188} INFO - Successfully processed: JC-202205-citibike-tripdata.csv
[2024-11-24T22:47:35.089+0000] {logging_mixin.py:188} INFO - Successfully processed: JC-202206-citibike-tripdata.csv
[2024-11-24T22:47:36.184+0000] {logging_mixin.py:188} INFO - Successfully processed: JC-202207-citbike-tripdata.csv
[2024-11-24T22:47:37.359+0000] {logging_mixin.py:188} INFO - Successfully processed: JC-202208-citibike-tripdata.csv
[2024-11-24T22:47:38.554+0000] {logging_mixin.py:188} INFO - Successfully processed: JC-202209-citibike-tripdata.csv
[2024-11-24T22:47:39.550+0000] {logging_mixin.py:188} INFO - Successfully processed: JC-202210-citibike-tripdata.csv
[2024-11-24T22:47:40.515+0000] {logging_mixin.py:188} INFO - Successfully processed: JC-202211-citibike-tripdata.csv
[2024-11-24T22:47:41.416+0000] {logging_mixin.py:188} INFO - Successfully processed: JC-202212-citibike-tripdata.csv
[2024-11-24T22:47:42.353+0000] {logging_mixin.py:188} INFO - Successfully processed: JC-202301-citibike-tripdata.csv
[2024-11-24T22:47:43.212+0000] {logging_mixin.py:188} INFO - Successfully processed: JC-202302-citibike-tripdata.csv
[2024-11-24T22:47:44.168+0000] {logging_mixin.py:188} INFO - Successfully processed: JC-202303-citibike-tripdata.csv
[2024-11-24T22:47:45.186+0000] {logging_mixin.py:188} INFO - Successfully processed: JC-202304-citibike-tripdata.csv
[2024-11-24T22:47:46.289+0000] {logging_mixin.py:188} INFO - Successfully processed: JC-202305-citibike-tripdata.csv
[2024-11-24T22:47:47.367+0000] {logging_mixin.py:188} INFO - Successfully processed: JC-202306-citibike-tripdata.csv
[2024-11-24T22:47:48.577+0000] {logging_mixin.py:188} INFO - Successfully processed: JC-202307-citibike-tripdata.csv
[2024-11-24T22:47:49.699+0000] {logging_mixin.py:188} INFO - Successfully processed: JC-202308-citibike-tripdata.csv
[2024-11-24T22:47:50.744+0000] {logging_mixin.py:188} INFO - Successfully processed: JC-202309-citibike-tripdata.csv
[2024-11-24T22:47:51.867+0000] {logging_mixin.py:188} INFO - Successfully processed: JC-202310-citibike-tripdata.csv
[2024-11-24T22:47:52.855+0000] {logging_mixin.py:188} INFO - Successfully processed: JC-202311-citibike-tripdata.csv
[2024-11-24T22:47:53.780+0000] {logging_mixin.py:188} INFO - Successfully processed: JC-202312-citibike-tripdata.csv
[2024-11-24T22:47:54.699+0000] {logging_mixin.py:188} INFO - Successfully processed: JC-202401-citibike-tripdata.csv
[2024-11-24T22:47:55.630+0000] {logging_mixin.py:188} INFO - Successfully processed: JC-202402-citibike-tripdata.csv
[2024-11-24T22:47:56.607+0000] {logging_mixin.py:188} INFO - Successfully processed: JC-202403-citibike-tripdata.csv
[2024-11-24T22:47:57.622+0000] {logging_mixin.py:188} INFO - Successfully processed: JC-202404-citibike-tripdata.csv
[2024-11-24T22:47:58.782+0000] {logging_mixin.py:188} INFO - Successfully processed: JC-202405-citibike-tripdata.csv
[2024-11-24T22:48:00.051+0000] {logging_mixin.py:188} INFO - Successfully processed: JC-202406-citibike-tripdata.csv
[2024-11-24T22:48:01.204+0000] {logging_mixin.py:188} INFO - Successfully processed: JC-202407-citibike-tripdata.csv
[2024-11-24T22:48:02.262+0000] {logging_mixin.py:188} INFO - Successfully processed: JC-202408-citibike-tripdata.csv
[2024-11-24T22:48:03.452+0000] {logging_mixin.py:188} INFO - Successfully processed: JC-202409-citibike-tripdata.csv
[2024-11-24T22:48:04.639+0000] {logging_mixin.py:188} INFO - Successfully processed: JC-202410-citibike-tripdata.csv
[2024-11-24T22:48:27.379+0000] {python.py:237} INFO - Done. Returned value was: /opt/***/temp_store_proj/extracted_data.csv
[2024-11-24T22:48:27.383+0000] {taskinstance.py:441} INFO - ::group::Post task execution logs
[2024-11-24T22:48:27.415+0000] {taskinstance.py:1206} INFO - Marking task as SUCCESS. dag_id=Citibike_Data_ETL, task_id=extract_citibike_data, run_id=manual__2024-11-24T22:47:11.747552+00:00, execution_date=20241124T224711, start_date=20241124T224713, end_date=20241124T224827
[2024-11-24T22:48:27.484+0000] {local_task_job_runner.py:240} INFO - Task exited with return code 0
[2024-11-24T22:48:27.505+0000] {taskinstance.py:3498} INFO - 0 downstream tasks scheduled from follow-on schedule check
[2024-11-24T22:48:27.506+0000] {local_task_job_runner.py:222} INFO - ::endgroup::
