[2024-11-25T01:11:41.652+0000] {local_task_job_runner.py:120} INFO - ::group::Pre task execution logs
[2024-11-25T01:11:41.660+0000] {taskinstance.py:2076} INFO - Dependencies all met for dep_context=non-requeueable deps ti=<TaskInstance: Citibike_Data_ETL.transform_citibike_data manual__2024-11-25T01:11:40.048921+00:00 [queued]>
[2024-11-25T01:11:41.666+0000] {taskinstance.py:2076} INFO - Dependencies all met for dep_context=requeueable deps ti=<TaskInstance: Citibike_Data_ETL.transform_citibike_data manual__2024-11-25T01:11:40.048921+00:00 [queued]>
[2024-11-25T01:11:41.666+0000] {taskinstance.py:2306} INFO - Starting attempt 1 of 2
[2024-11-25T01:11:41.674+0000] {taskinstance.py:2330} INFO - Executing <Task(_PythonDecoratedOperator): transform_citibike_data> on 2024-11-25 01:11:40.048921+00:00
[2024-11-25T01:11:41.682+0000] {logging_mixin.py:188} WARNING - /home/***/.local/lib/python3.12/site-packages/***/task/task_runner/standard_task_runner.py:61 DeprecationWarning: This process (pid=1221) is multi-threaded, use of fork() may lead to deadlocks in the child.
[2024-11-25T01:11:41.680+0000] {standard_task_runner.py:90} INFO - Running: ['***', 'tasks', 'run', 'Citibike_Data_ETL', 'transform_citibike_data', 'manual__2024-11-25T01:11:40.048921+00:00', '--job-id', '45', '--raw', '--subdir', 'DAGS_FOLDER/ETL_citibike.py', '--cfg-path', '/tmp/tmpfchf4wbd']
[2024-11-25T01:11:41.682+0000] {standard_task_runner.py:63} INFO - Started process 1227 to run task
[2024-11-25T01:11:41.683+0000] {standard_task_runner.py:91} INFO - Job 45: Subtask transform_citibike_data
[2024-11-25T01:11:41.710+0000] {task_command.py:426} INFO - Running <TaskInstance: Citibike_Data_ETL.transform_citibike_data manual__2024-11-25T01:11:40.048921+00:00 [running]> on host 5de3b6ca18a7
[2024-11-25T01:11:41.754+0000] {taskinstance.py:2648} INFO - Exporting env vars: AIRFLOW_CTX_DAG_EMAIL='shatayu.thakur@sjsu.edu' AIRFLOW_CTX_DAG_OWNER='Shatayu' AIRFLOW_CTX_DAG_ID='Citibike_Data_ETL' AIRFLOW_CTX_TASK_ID='transform_citibike_data' AIRFLOW_CTX_EXECUTION_DATE='2024-11-25T01:11:40.048921+00:00' AIRFLOW_CTX_TRY_NUMBER='1' AIRFLOW_CTX_DAG_RUN_ID='manual__2024-11-25T01:11:40.048921+00:00'
[2024-11-25T01:11:41.755+0000] {taskinstance.py:430} INFO - ::endgroup::
[2024-11-25T01:11:47.451+0000] {logging_mixin.py:188} INFO - Extracted Rows:  2993504
[2024-11-25T01:11:47.463+0000] {logging_mixin.py:188} INFO - An error occurred during citibike data transformation: time data "2021-10-06 18:56:43" doesn't match format "%Y-%m-%d %H:%M:%S.%f", at position 0. You might want to try:
    - passing `format` if your strings have a consistent format;
    - passing `format='ISO8601'` if your strings are all ISO8601 but not necessarily in exactly the same format;
    - passing `format='mixed'`, and the format will be inferred for each element individually. You might want to use `dayfirst` alongside this.
[2024-11-25T01:11:47.571+0000] {python.py:237} INFO - Done. Returned value was: None
[2024-11-25T01:11:47.572+0000] {taskinstance.py:441} INFO - ::group::Post task execution logs
[2024-11-25T01:11:47.578+0000] {taskinstance.py:1206} INFO - Marking task as SUCCESS. dag_id=Citibike_Data_ETL, task_id=transform_citibike_data, run_id=manual__2024-11-25T01:11:40.048921+00:00, execution_date=20241125T011140, start_date=20241125T011141, end_date=20241125T011147
[2024-11-25T01:11:47.617+0000] {local_task_job_runner.py:240} INFO - Task exited with return code 0
[2024-11-25T01:11:47.629+0000] {taskinstance.py:3498} INFO - 0 downstream tasks scheduled from follow-on schedule check
[2024-11-25T01:11:47.630+0000] {local_task_job_runner.py:222} INFO - ::endgroup::
