[2024-12-05T19:00:00.853+0000] {local_task_job_runner.py:120} INFO - ::group::Pre task execution logs
[2024-12-05T19:00:00.861+0000] {taskinstance.py:2076} INFO - Dependencies all met for dep_context=non-requeueable deps ti=<TaskInstance: Weather_Realtime_Data_ETL.extract_weather_current_data scheduled__2024-12-05T18:30:00+00:00 [queued]>
[2024-12-05T19:00:00.865+0000] {taskinstance.py:2076} INFO - Dependencies all met for dep_context=requeueable deps ti=<TaskInstance: Weather_Realtime_Data_ETL.extract_weather_current_data scheduled__2024-12-05T18:30:00+00:00 [queued]>
[2024-12-05T19:00:00.865+0000] {taskinstance.py:2306} INFO - Starting attempt 1 of 2
[2024-12-05T19:00:00.870+0000] {taskinstance.py:2330} INFO - Executing <Task(_PythonDecoratedOperator): extract_weather_current_data> on 2024-12-05 18:30:00+00:00
[2024-12-05T19:00:00.875+0000] {standard_task_runner.py:90} INFO - Running: ['***', 'tasks', 'run', 'Weather_Realtime_Data_ETL', 'extract_weather_current_data', 'scheduled__2024-12-05T18:30:00+00:00', '--job-id', '471', '--raw', '--subdir', 'DAGS_FOLDER/ETL_weather_realtime.py', '--cfg-path', '/tmp/tmpv7soj6gu']
[2024-12-05T19:00:00.878+0000] {standard_task_runner.py:91} INFO - Job 471: Subtask extract_weather_current_data
[2024-12-05T19:00:00.877+0000] {logging_mixin.py:188} WARNING - /home/***/.local/lib/python3.12/site-packages/***/task/task_runner/standard_task_runner.py:61 DeprecationWarning: This process (pid=1664) is multi-threaded, use of fork() may lead to deadlocks in the child.
[2024-12-05T19:00:00.879+0000] {standard_task_runner.py:63} INFO - Started process 1667 to run task
[2024-12-05T19:00:00.904+0000] {task_command.py:426} INFO - Running <TaskInstance: Weather_Realtime_Data_ETL.extract_weather_current_data scheduled__2024-12-05T18:30:00+00:00 [running]> on host 6e2291a208b6
[2024-12-05T19:00:00.946+0000] {taskinstance.py:2648} INFO - Exporting env vars: AIRFLOW_CTX_DAG_EMAIL='shatayu.thakur@sjsu.edu' AIRFLOW_CTX_DAG_OWNER='Shatayu' AIRFLOW_CTX_DAG_ID='Weather_Realtime_Data_ETL' AIRFLOW_CTX_TASK_ID='extract_weather_current_data' AIRFLOW_CTX_EXECUTION_DATE='2024-12-05T18:30:00+00:00' AIRFLOW_CTX_TRY_NUMBER='1' AIRFLOW_CTX_DAG_RUN_ID='scheduled__2024-12-05T18:30:00+00:00'
[2024-12-05T19:00:00.947+0000] {taskinstance.py:430} INFO - ::endgroup::
[2024-12-05T19:00:01.543+0000] {logging_mixin.py:188} INFO - Raw Output in JSON {'location': {'name': 'Jersey City', 'region': 'New Jersey', 'country': 'United States of America', 'lat': 40.7281, 'lon': -74.0781, 'tz_id': 'America/New_York', 'localtime_epoch': 1733425162, 'localtime': '2024-12-05 13:59'}, 'current': {'last_updated_epoch': 1733424300, 'last_updated': '2024-12-05 13:45', 'temp_c': 3.9, 'temp_f': 39.0, 'is_day': 1, 'condition': {'text': 'Partly cloudy', 'icon': '//cdn.weatherapi.com/weather/64x64/day/116.png', 'code': 1003}, 'wind_mph': 21.5, 'wind_kph': 34.6, 'wind_degree': 263, 'wind_dir': 'W', 'pressure_mb': 1002.0, 'pressure_in': 29.58, 'precip_mm': 0.0, 'precip_in': 0.0, 'humidity': 41, 'cloud': 75, 'feelslike_c': -1.8, 'feelslike_f': 28.8, 'windchill_c': -0.7, 'windchill_f': 30.7, 'heatindex_c': 4.6, 'heatindex_f': 40.2, 'dewpoint_c': -3.7, 'dewpoint_f': 25.3, 'vis_km': 16.0, 'vis_miles': 9.0, 'uv': 1.2, 'gust_mph': 24.7, 'gust_kph': 39.7}}
[2024-12-05T19:00:01.548+0000] {logging_mixin.py:188} INFO - Current Data for Jersey City, New Jersey:
[2024-12-05T19:00:01.558+0000] {logging_mixin.py:188} INFO -         last_updated  temp_f  feelslike_f  humidity  precip_mm
0  2024-12-05 13:45    39.0         28.8        41        0.0
[2024-12-05T19:00:01.559+0000] {python.py:237} INFO - Done. Returned value was:        last_updated  temp_f  feelslike_f  humidity  precip_mm
0  2024-12-05 13:45    39.0         28.8        41        0.0
[2024-12-05T19:00:01.562+0000] {taskinstance.py:441} INFO - ::group::Post task execution logs
[2024-12-05T19:00:01.608+0000] {taskinstance.py:1206} INFO - Marking task as SUCCESS. dag_id=Weather_Realtime_Data_ETL, task_id=extract_weather_current_data, run_id=scheduled__2024-12-05T18:30:00+00:00, execution_date=20241205T183000, start_date=20241205T190000, end_date=20241205T190001
[2024-12-05T19:00:01.627+0000] {local_task_job_runner.py:240} INFO - Task exited with return code 0
[2024-12-05T19:00:01.643+0000] {taskinstance.py:3498} INFO - 1 downstream tasks scheduled from follow-on schedule check
[2024-12-05T19:00:01.644+0000] {local_task_job_runner.py:222} INFO - ::endgroup::
