[2024-11-26T08:40:53.369+0000] {local_task_job_runner.py:120} INFO - ::group::Pre task execution logs
[2024-11-26T08:40:53.376+0000] {taskinstance.py:2076} INFO - Dependencies all met for dep_context=non-requeueable deps ti=<TaskInstance: Citibike_Hist_Data_ETL.extract_citibike_data manual__2024-11-26T08:40:51.575385+00:00 [queued]>
[2024-11-26T08:40:53.380+0000] {taskinstance.py:2076} INFO - Dependencies all met for dep_context=requeueable deps ti=<TaskInstance: Citibike_Hist_Data_ETL.extract_citibike_data manual__2024-11-26T08:40:51.575385+00:00 [queued]>
[2024-11-26T08:40:53.380+0000] {taskinstance.py:2306} INFO - Starting attempt 1 of 2
[2024-11-26T08:40:53.386+0000] {taskinstance.py:2330} INFO - Executing <Task(_PythonDecoratedOperator): extract_citibike_data> on 2024-11-26 08:40:51.575385+00:00
[2024-11-26T08:40:53.390+0000] {standard_task_runner.py:90} INFO - Running: ['***', 'tasks', 'run', 'Citibike_Hist_Data_ETL', 'extract_citibike_data', 'manual__2024-11-26T08:40:51.575385+00:00', '--job-id', '137', '--raw', '--subdir', 'DAGS_FOLDER/ETL_citibike.py', '--cfg-path', '/tmp/tmpqlcuvxem']
[2024-11-26T08:40:53.391+0000] {logging_mixin.py:188} WARNING - /home/***/.local/lib/python3.12/site-packages/***/task/task_runner/standard_task_runner.py:61 DeprecationWarning: This process (pid=1411) is multi-threaded, use of fork() may lead to deadlocks in the child.
[2024-11-26T08:40:53.392+0000] {standard_task_runner.py:91} INFO - Job 137: Subtask extract_citibike_data
[2024-11-26T08:40:53.392+0000] {standard_task_runner.py:63} INFO - Started process 1414 to run task
[2024-11-26T08:40:53.417+0000] {task_command.py:426} INFO - Running <TaskInstance: Citibike_Hist_Data_ETL.extract_citibike_data manual__2024-11-26T08:40:51.575385+00:00 [running]> on host 5de3b6ca18a7
[2024-11-26T08:40:53.457+0000] {taskinstance.py:2648} INFO - Exporting env vars: AIRFLOW_CTX_DAG_EMAIL='shatayu.thakur@sjsu.edu' AIRFLOW_CTX_DAG_OWNER='Shatayu' AIRFLOW_CTX_DAG_ID='Citibike_Hist_Data_ETL' AIRFLOW_CTX_TASK_ID='extract_citibike_data' AIRFLOW_CTX_EXECUTION_DATE='2024-11-26T08:40:51.575385+00:00' AIRFLOW_CTX_TRY_NUMBER='1' AIRFLOW_CTX_DAG_RUN_ID='manual__2024-11-26T08:40:51.575385+00:00'
[2024-11-26T08:40:53.458+0000] {taskinstance.py:430} INFO - ::endgroup::
[2024-11-26T08:40:53.458+0000] {logging_mixin.py:188} INFO - Fetching citibike ride data from 2021-10 to 2024-10
[2024-11-26T08:40:54.476+0000] {logging_mixin.py:188} INFO - Successfully processed: JC-202110-citibike-tripdata.csv
[2024-11-26T08:40:55.310+0000] {logging_mixin.py:188} INFO - Successfully processed: JC-202111-citibike-tripdata.csv
[2024-11-26T08:40:56.103+0000] {logging_mixin.py:188} INFO - Successfully processed: JC-202112-citibike-tripdata.csv
[2024-11-26T08:40:56.759+0000] {logging_mixin.py:188} INFO - Successfully processed: JC-202201-citibike-tripdata.csv
[2024-11-26T08:40:57.485+0000] {logging_mixin.py:188} INFO - Successfully processed: JC-202202-citibike-tripdata.csv
[2024-11-26T08:40:58.309+0000] {logging_mixin.py:188} INFO - Successfully processed: JC-202203-citibike-tripdata.csv
[2024-11-26T08:40:59.219+0000] {logging_mixin.py:188} INFO - Successfully processed: JC-202204-citibike-tripdata.csv
[2024-11-26T08:41:00.157+0000] {logging_mixin.py:188} INFO - Successfully processed: JC-202205-citibike-tripdata.csv
[2024-11-26T08:41:01.133+0000] {logging_mixin.py:188} INFO - Successfully processed: JC-202206-citibike-tripdata.csv
[2024-11-26T08:41:02.179+0000] {logging_mixin.py:188} INFO - Successfully processed: JC-202207-citbike-tripdata.csv
[2024-11-26T08:41:03.235+0000] {logging_mixin.py:188} INFO - Successfully processed: JC-202208-citibike-tripdata.csv
[2024-11-26T08:41:04.344+0000] {logging_mixin.py:188} INFO - Successfully processed: JC-202209-citibike-tripdata.csv
[2024-11-26T08:41:05.285+0000] {logging_mixin.py:188} INFO - Successfully processed: JC-202210-citibike-tripdata.csv
[2024-11-26T08:41:06.237+0000] {logging_mixin.py:188} INFO - Successfully processed: JC-202211-citibike-tripdata.csv
[2024-11-26T08:41:07.003+0000] {logging_mixin.py:188} INFO - Successfully processed: JC-202212-citibike-tripdata.csv
[2024-11-26T08:41:07.842+0000] {logging_mixin.py:188} INFO - Successfully processed: JC-202301-citibike-tripdata.csv
[2024-11-26T08:41:08.695+0000] {logging_mixin.py:188} INFO - Successfully processed: JC-202302-citibike-tripdata.csv
[2024-11-26T08:41:09.573+0000] {logging_mixin.py:188} INFO - Successfully processed: JC-202303-citibike-tripdata.csv
[2024-11-26T08:41:10.506+0000] {logging_mixin.py:188} INFO - Successfully processed: JC-202304-citibike-tripdata.csv
[2024-11-26T08:41:15.901+0000] {logging_mixin.py:188} INFO - Successfully processed: JC-202305-citibike-tripdata.csv
[2024-11-26T08:41:16.975+0000] {logging_mixin.py:188} INFO - Successfully processed: JC-202306-citibike-tripdata.csv
[2024-11-26T08:41:17.941+0000] {logging_mixin.py:188} INFO - Successfully processed: JC-202307-citibike-tripdata.csv
[2024-11-26T08:41:18.992+0000] {logging_mixin.py:188} INFO - Successfully processed: JC-202308-citibike-tripdata.csv
[2024-11-26T08:41:20.023+0000] {logging_mixin.py:188} INFO - Successfully processed: JC-202309-citibike-tripdata.csv
[2024-11-26T08:41:21.104+0000] {logging_mixin.py:188} INFO - Successfully processed: JC-202310-citibike-tripdata.csv
[2024-11-26T08:41:22.027+0000] {logging_mixin.py:188} INFO - Successfully processed: JC-202311-citibike-tripdata.csv
[2024-11-26T08:41:26.528+0000] {logging_mixin.py:188} INFO - Successfully processed: JC-202312-citibike-tripdata.csv
[2024-11-26T08:41:27.376+0000] {logging_mixin.py:188} INFO - Successfully processed: JC-202401-citibike-tripdata.csv
[2024-11-26T08:41:28.255+0000] {logging_mixin.py:188} INFO - Successfully processed: JC-202402-citibike-tripdata.csv
[2024-11-26T08:41:29.128+0000] {logging_mixin.py:188} INFO - Successfully processed: JC-202403-citibike-tripdata.csv
[2024-11-26T08:41:30.193+0000] {logging_mixin.py:188} INFO - Successfully processed: JC-202404-citibike-tripdata.csv
[2024-11-26T08:41:31.231+0000] {logging_mixin.py:188} INFO - Successfully processed: JC-202405-citibike-tripdata.csv
[2024-11-26T08:41:32.373+0000] {logging_mixin.py:188} INFO - Successfully processed: JC-202406-citibike-tripdata.csv
[2024-11-26T08:41:33.428+0000] {logging_mixin.py:188} INFO - Successfully processed: JC-202407-citibike-tripdata.csv
[2024-11-26T08:41:34.418+0000] {logging_mixin.py:188} INFO - Successfully processed: JC-202408-citibike-tripdata.csv
[2024-11-26T08:41:35.474+0000] {logging_mixin.py:188} INFO - Successfully processed: JC-202409-citibike-tripdata.csv
[2024-11-26T08:41:36.722+0000] {logging_mixin.py:188} INFO - Successfully processed: JC-202410-citibike-tripdata.csv
[2024-11-26T08:41:51.472+0000] {python.py:237} INFO - Done. Returned value was: /opt/***/temp_store_proj/extracted_data.csv
[2024-11-26T08:41:51.475+0000] {taskinstance.py:441} INFO - ::group::Post task execution logs
[2024-11-26T08:41:51.500+0000] {taskinstance.py:1206} INFO - Marking task as SUCCESS. dag_id=Citibike_Hist_Data_ETL, task_id=extract_citibike_data, run_id=manual__2024-11-26T08:40:51.575385+00:00, execution_date=20241126T084051, start_date=20241126T084053, end_date=20241126T084151
[2024-11-26T08:41:51.534+0000] {local_task_job_runner.py:240} INFO - Task exited with return code 0
[2024-11-26T08:41:51.553+0000] {taskinstance.py:3498} INFO - 1 downstream tasks scheduled from follow-on schedule check
[2024-11-26T08:41:51.554+0000] {local_task_job_runner.py:222} INFO - ::endgroup::
