[2024-12-05T20:26:44.820+0000] {local_task_job_runner.py:120} INFO - ::group::Pre task execution logs
[2024-12-05T20:26:44.831+0000] {taskinstance.py:2076} INFO - Dependencies all met for dep_context=non-requeueable deps ti=<TaskInstance: Weather_Realtime_Data_ETL.extract_weather_current_data manual__2024-12-05T20:26:43.668543+00:00 [queued]>
[2024-12-05T20:26:44.835+0000] {taskinstance.py:2076} INFO - Dependencies all met for dep_context=requeueable deps ti=<TaskInstance: Weather_Realtime_Data_ETL.extract_weather_current_data manual__2024-12-05T20:26:43.668543+00:00 [queued]>
[2024-12-05T20:26:44.835+0000] {taskinstance.py:2306} INFO - Starting attempt 1 of 2
[2024-12-05T20:26:44.841+0000] {taskinstance.py:2330} INFO - Executing <Task(_PythonDecoratedOperator): extract_weather_current_data> on 2024-12-05 20:26:43.668543+00:00
[2024-12-05T20:26:44.850+0000] {logging_mixin.py:188} WARNING - /home/***/.local/lib/python3.12/site-packages/***/task/task_runner/standard_task_runner.py:61 DeprecationWarning: This process (pid=498) is multi-threaded, use of fork() may lead to deadlocks in the child.
[2024-12-05T20:26:44.852+0000] {standard_task_runner.py:63} INFO - Started process 501 to run task
[2024-12-05T20:26:44.850+0000] {standard_task_runner.py:90} INFO - Running: ['***', 'tasks', 'run', 'Weather_Realtime_Data_ETL', 'extract_weather_current_data', 'manual__2024-12-05T20:26:43.668543+00:00', '--job-id', '503', '--raw', '--subdir', 'DAGS_FOLDER/ETL_weather_realtime.py', '--cfg-path', '/tmp/tmpo41iiqhz']
[2024-12-05T20:26:44.853+0000] {standard_task_runner.py:91} INFO - Job 503: Subtask extract_weather_current_data
[2024-12-05T20:26:44.881+0000] {task_command.py:426} INFO - Running <TaskInstance: Weather_Realtime_Data_ETL.extract_weather_current_data manual__2024-12-05T20:26:43.668543+00:00 [running]> on host bd7c71f68e16
[2024-12-05T20:26:44.931+0000] {taskinstance.py:2648} INFO - Exporting env vars: AIRFLOW_CTX_DAG_EMAIL='shatayu.thakur@sjsu.edu' AIRFLOW_CTX_DAG_OWNER='Shatayu' AIRFLOW_CTX_DAG_ID='Weather_Realtime_Data_ETL' AIRFLOW_CTX_TASK_ID='extract_weather_current_data' AIRFLOW_CTX_EXECUTION_DATE='2024-12-05T20:26:43.668543+00:00' AIRFLOW_CTX_TRY_NUMBER='1' AIRFLOW_CTX_DAG_RUN_ID='manual__2024-12-05T20:26:43.668543+00:00'
[2024-12-05T20:26:44.932+0000] {taskinstance.py:430} INFO - ::endgroup::
[2024-12-05T20:26:45.172+0000] {logging_mixin.py:188} INFO - Raw Output in JSON {'location': {'name': 'Jersey City', 'region': 'New Jersey', 'country': 'United States of America', 'lat': 40.7281, 'lon': -74.0781, 'tz_id': 'America/New_York', 'localtime_epoch': 1733431416, 'localtime': '2024-12-05 15:43'}, 'current': {'last_updated_epoch': 1733430600, 'last_updated': '2024-12-05 15:30', 'temp_c': 3.3, 'temp_f': 37.9, 'is_day': 1, 'condition': {'text': 'Partly cloudy', 'icon': '//cdn.weatherapi.com/weather/64x64/day/116.png', 'code': 1003}, 'wind_mph': 21.0, 'wind_kph': 33.8, 'wind_degree': 266, 'wind_dir': 'W', 'pressure_mb': 1004.0, 'pressure_in': 29.65, 'precip_mm': 0.0, 'precip_in': 0.0, 'humidity': 42, 'cloud': 50, 'feelslike_c': -2.5, 'feelslike_f': 27.5, 'windchill_c': -2.7, 'windchill_f': 27.2, 'heatindex_c': 3.1, 'heatindex_f': 37.6, 'dewpoint_c': -5.6, 'dewpoint_f': 21.9, 'vis_km': 16.0, 'vis_miles': 9.0, 'uv': 0.4, 'gust_mph': 24.2, 'gust_kph': 38.9}}
[2024-12-05T20:26:45.174+0000] {logging_mixin.py:188} INFO - Current Data for Jersey City, New Jersey:
[2024-12-05T20:26:45.181+0000] {logging_mixin.py:188} INFO -         last_updated  temp_f  feelslike_f  humidity  precip_mm
0  2024-12-05 15:30    37.9         27.5        42        0.0
[2024-12-05T20:26:45.181+0000] {python.py:237} INFO - Done. Returned value was:        last_updated  temp_f  feelslike_f  humidity  precip_mm
0  2024-12-05 15:30    37.9         27.5        42        0.0
[2024-12-05T20:26:45.184+0000] {taskinstance.py:441} INFO - ::group::Post task execution logs
[2024-12-05T20:26:45.221+0000] {taskinstance.py:1206} INFO - Marking task as SUCCESS. dag_id=Weather_Realtime_Data_ETL, task_id=extract_weather_current_data, run_id=manual__2024-12-05T20:26:43.668543+00:00, execution_date=20241205T202643, start_date=20241205T202644, end_date=20241205T202645
[2024-12-05T20:26:45.247+0000] {local_task_job_runner.py:240} INFO - Task exited with return code 0
[2024-12-05T20:26:45.259+0000] {taskinstance.py:3498} INFO - 1 downstream tasks scheduled from follow-on schedule check
[2024-12-05T20:26:45.260+0000] {local_task_job_runner.py:222} INFO - ::endgroup::
