[2024-11-26T20:27:59.684+0000] {local_task_job_runner.py:120} INFO - ::group::Pre task execution logs
[2024-11-26T20:27:59.701+0000] {taskinstance.py:2076} INFO - Dependencies all met for dep_context=non-requeueable deps ti=<TaskInstance: Citibike_Hist_Data_ETL.extract_citibike_data manual__2024-11-26T20:27:57.950285+00:00 [queued]>
[2024-11-26T20:27:59.709+0000] {taskinstance.py:2076} INFO - Dependencies all met for dep_context=requeueable deps ti=<TaskInstance: Citibike_Hist_Data_ETL.extract_citibike_data manual__2024-11-26T20:27:57.950285+00:00 [queued]>
[2024-11-26T20:27:59.709+0000] {taskinstance.py:2306} INFO - Starting attempt 1 of 2
[2024-11-26T20:27:59.717+0000] {taskinstance.py:2330} INFO - Executing <Task(_PythonDecoratedOperator): extract_citibike_data> on 2024-11-26 20:27:57.950285+00:00
[2024-11-26T20:27:59.723+0000] {logging_mixin.py:188} WARNING - /home/***/.local/lib/python3.12/site-packages/***/task/task_runner/standard_task_runner.py:61 DeprecationWarning: This process (pid=22535) is multi-threaded, use of fork() may lead to deadlocks in the child.
[2024-11-26T20:27:59.724+0000] {standard_task_runner.py:63} INFO - Started process 22548 to run task
[2024-11-26T20:27:59.726+0000] {standard_task_runner.py:90} INFO - Running: ['***', 'tasks', 'run', 'Citibike_Hist_Data_ETL', 'extract_citibike_data', 'manual__2024-11-26T20:27:57.950285+00:00', '--job-id', '255', '--raw', '--subdir', 'DAGS_FOLDER/ETL_citibike.py', '--cfg-path', '/tmp/tmp7o79w9vp']
[2024-11-26T20:27:59.729+0000] {standard_task_runner.py:91} INFO - Job 255: Subtask extract_citibike_data
[2024-11-26T20:27:59.767+0000] {task_command.py:426} INFO - Running <TaskInstance: Citibike_Hist_Data_ETL.extract_citibike_data manual__2024-11-26T20:27:57.950285+00:00 [running]> on host 5de3b6ca18a7
[2024-11-26T20:27:59.815+0000] {taskinstance.py:2648} INFO - Exporting env vars: AIRFLOW_CTX_DAG_EMAIL='shatayu.thakur@sjsu.edu' AIRFLOW_CTX_DAG_OWNER='Shatayu' AIRFLOW_CTX_DAG_ID='Citibike_Hist_Data_ETL' AIRFLOW_CTX_TASK_ID='extract_citibike_data' AIRFLOW_CTX_EXECUTION_DATE='2024-11-26T20:27:57.950285+00:00' AIRFLOW_CTX_TRY_NUMBER='1' AIRFLOW_CTX_DAG_RUN_ID='manual__2024-11-26T20:27:57.950285+00:00'
[2024-11-26T20:27:59.816+0000] {taskinstance.py:430} INFO - ::endgroup::
[2024-11-26T20:27:59.816+0000] {logging_mixin.py:188} INFO - Fetching citibike ride data from 2021-10 to 2024-10
[2024-11-26T20:28:00.961+0000] {logging_mixin.py:188} INFO - Successfully processed: JC-202110-citibike-tripdata.csv
[2024-11-26T20:28:01.969+0000] {logging_mixin.py:188} INFO - Successfully processed: JC-202111-citibike-tripdata.csv
[2024-11-26T20:28:02.833+0000] {logging_mixin.py:188} INFO - Successfully processed: JC-202112-citibike-tripdata.csv
[2024-11-26T20:28:03.594+0000] {logging_mixin.py:188} INFO - Successfully processed: JC-202201-citibike-tripdata.csv
[2024-11-26T20:28:04.369+0000] {logging_mixin.py:188} INFO - Successfully processed: JC-202202-citibike-tripdata.csv
[2024-11-26T20:28:05.290+0000] {logging_mixin.py:188} INFO - Successfully processed: JC-202203-citibike-tripdata.csv
[2024-11-26T20:28:06.277+0000] {logging_mixin.py:188} INFO - Successfully processed: JC-202204-citibike-tripdata.csv
[2024-11-26T20:28:07.374+0000] {logging_mixin.py:188} INFO - Successfully processed: JC-202205-citibike-tripdata.csv
[2024-11-26T20:28:08.493+0000] {logging_mixin.py:188} INFO - Successfully processed: JC-202206-citibike-tripdata.csv
[2024-11-26T20:28:09.719+0000] {logging_mixin.py:188} INFO - Successfully processed: JC-202207-citbike-tripdata.csv
[2024-11-26T20:28:10.980+0000] {logging_mixin.py:188} INFO - Successfully processed: JC-202208-citibike-tripdata.csv
[2024-11-26T20:28:12.144+0000] {logging_mixin.py:188} INFO - Successfully processed: JC-202209-citibike-tripdata.csv
[2024-11-26T20:28:13.212+0000] {logging_mixin.py:188} INFO - Successfully processed: JC-202210-citibike-tripdata.csv
[2024-11-26T20:28:14.216+0000] {logging_mixin.py:188} INFO - Successfully processed: JC-202211-citibike-tripdata.csv
[2024-11-26T20:28:18.142+0000] {logging_mixin.py:188} INFO - Successfully processed: JC-202212-citibike-tripdata.csv
[2024-11-26T20:28:19.068+0000] {logging_mixin.py:188} INFO - Successfully processed: JC-202301-citibike-tripdata.csv
[2024-11-26T20:28:19.978+0000] {logging_mixin.py:188} INFO - Successfully processed: JC-202302-citibike-tripdata.csv
[2024-11-26T20:28:24.787+0000] {logging_mixin.py:188} INFO - Successfully processed: JC-202303-citibike-tripdata.csv
[2024-11-26T20:28:25.840+0000] {logging_mixin.py:188} INFO - Successfully processed: JC-202304-citibike-tripdata.csv
[2024-11-26T20:28:26.970+0000] {logging_mixin.py:188} INFO - Successfully processed: JC-202305-citibike-tripdata.csv
[2024-11-26T20:28:28.133+0000] {logging_mixin.py:188} INFO - Successfully processed: JC-202306-citibike-tripdata.csv
[2024-11-26T20:28:34.071+0000] {logging_mixin.py:188} INFO - Successfully processed: JC-202307-citibike-tripdata.csv
[2024-11-26T20:28:35.308+0000] {logging_mixin.py:188} INFO - Successfully processed: JC-202308-citibike-tripdata.csv
[2024-11-26T20:28:36.421+0000] {logging_mixin.py:188} INFO - Successfully processed: JC-202309-citibike-tripdata.csv
[2024-11-26T20:28:37.552+0000] {logging_mixin.py:188} INFO - Successfully processed: JC-202310-citibike-tripdata.csv
[2024-11-26T20:28:38.529+0000] {logging_mixin.py:188} INFO - Successfully processed: JC-202311-citibike-tripdata.csv
[2024-11-26T20:28:39.522+0000] {logging_mixin.py:188} INFO - Successfully processed: JC-202312-citibike-tripdata.csv
[2024-11-26T20:28:40.438+0000] {logging_mixin.py:188} INFO - Successfully processed: JC-202401-citibike-tripdata.csv
[2024-11-26T20:28:41.404+0000] {logging_mixin.py:188} INFO - Successfully processed: JC-202402-citibike-tripdata.csv
[2024-11-26T20:28:42.406+0000] {logging_mixin.py:188} INFO - Successfully processed: JC-202403-citibike-tripdata.csv
[2024-11-26T20:28:43.402+0000] {logging_mixin.py:188} INFO - Successfully processed: JC-202404-citibike-tripdata.csv
[2024-11-26T20:28:44.556+0000] {logging_mixin.py:188} INFO - Successfully processed: JC-202405-citibike-tripdata.csv
[2024-11-26T20:28:45.801+0000] {logging_mixin.py:188} INFO - Successfully processed: JC-202406-citibike-tripdata.csv
[2024-11-26T20:28:47.013+0000] {logging_mixin.py:188} INFO - Successfully processed: JC-202407-citibike-tripdata.csv
[2024-11-26T20:28:48.131+0000] {logging_mixin.py:188} INFO - Successfully processed: JC-202408-citibike-tripdata.csv
[2024-11-26T20:28:49.358+0000] {logging_mixin.py:188} INFO - Successfully processed: JC-202409-citibike-tripdata.csv
[2024-11-26T20:28:50.633+0000] {logging_mixin.py:188} INFO - Successfully processed: JC-202410-citibike-tripdata.csv
[2024-11-26T20:29:05.489+0000] {python.py:237} INFO - Done. Returned value was: /opt/***/temp_store_proj/extracted_data.csv
[2024-11-26T20:29:05.492+0000] {taskinstance.py:441} INFO - ::group::Post task execution logs
[2024-11-26T20:29:05.515+0000] {taskinstance.py:1206} INFO - Marking task as SUCCESS. dag_id=Citibike_Hist_Data_ETL, task_id=extract_citibike_data, run_id=manual__2024-11-26T20:27:57.950285+00:00, execution_date=20241126T202757, start_date=20241126T202759, end_date=20241126T202905
[2024-11-26T20:29:05.540+0000] {local_task_job_runner.py:240} INFO - Task exited with return code 0
[2024-11-26T20:29:05.561+0000] {taskinstance.py:3498} INFO - 1 downstream tasks scheduled from follow-on schedule check
[2024-11-26T20:29:05.561+0000] {local_task_job_runner.py:222} INFO - ::endgroup::
