[2024-11-24T23:16:40.245+0000] {local_task_job_runner.py:120} INFO - ::group::Pre task execution logs
[2024-11-24T23:16:40.254+0000] {taskinstance.py:2076} INFO - Dependencies all met for dep_context=non-requeueable deps ti=<TaskInstance: Citibike_Data_ETL.extract_citibike_data manual__2024-11-24T23:16:38.991282+00:00 [queued]>
[2024-11-24T23:16:40.258+0000] {taskinstance.py:2076} INFO - Dependencies all met for dep_context=requeueable deps ti=<TaskInstance: Citibike_Data_ETL.extract_citibike_data manual__2024-11-24T23:16:38.991282+00:00 [queued]>
[2024-11-24T23:16:40.258+0000] {taskinstance.py:2306} INFO - Starting attempt 1 of 2
[2024-11-24T23:16:40.264+0000] {taskinstance.py:2330} INFO - Executing <Task(_PythonDecoratedOperator): extract_citibike_data> on 2024-11-24 23:16:38.991282+00:00
[2024-11-24T23:16:40.271+0000] {logging_mixin.py:188} WARNING - /home/***/.local/lib/python3.12/site-packages/***/task/task_runner/standard_task_runner.py:61 DeprecationWarning: This process (pid=3717) is multi-threaded, use of fork() may lead to deadlocks in the child.
[2024-11-24T23:16:40.269+0000] {standard_task_runner.py:90} INFO - Running: ['***', 'tasks', 'run', 'Citibike_Data_ETL', 'extract_citibike_data', 'manual__2024-11-24T23:16:38.991282+00:00', '--job-id', '31', '--raw', '--subdir', 'DAGS_FOLDER/ETL.py', '--cfg-path', '/tmp/tmpjyygof2h']
[2024-11-24T23:16:40.272+0000] {standard_task_runner.py:91} INFO - Job 31: Subtask extract_citibike_data
[2024-11-24T23:16:40.272+0000] {standard_task_runner.py:63} INFO - Started process 3722 to run task
[2024-11-24T23:16:40.300+0000] {task_command.py:426} INFO - Running <TaskInstance: Citibike_Data_ETL.extract_citibike_data manual__2024-11-24T23:16:38.991282+00:00 [running]> on host a04e18a8aa10
[2024-11-24T23:16:40.349+0000] {taskinstance.py:2648} INFO - Exporting env vars: AIRFLOW_CTX_DAG_EMAIL='shatayu.thakur@sjsu.edu' AIRFLOW_CTX_DAG_OWNER='Shatayu' AIRFLOW_CTX_DAG_ID='Citibike_Data_ETL' AIRFLOW_CTX_TASK_ID='extract_citibike_data' AIRFLOW_CTX_EXECUTION_DATE='2024-11-24T23:16:38.991282+00:00' AIRFLOW_CTX_TRY_NUMBER='1' AIRFLOW_CTX_DAG_RUN_ID='manual__2024-11-24T23:16:38.991282+00:00'
[2024-11-24T23:16:40.349+0000] {taskinstance.py:430} INFO - ::endgroup::
[2024-11-24T23:16:41.460+0000] {logging_mixin.py:188} INFO - Successfully processed: JC-202110-citibike-tripdata.csv
[2024-11-24T23:16:42.405+0000] {logging_mixin.py:188} INFO - Successfully processed: JC-202111-citibike-tripdata.csv
[2024-11-24T23:16:43.221+0000] {logging_mixin.py:188} INFO - Successfully processed: JC-202112-citibike-tripdata.csv
[2024-11-24T23:16:43.924+0000] {logging_mixin.py:188} INFO - Successfully processed: JC-202201-citibike-tripdata.csv
[2024-11-24T23:16:44.646+0000] {logging_mixin.py:188} INFO - Successfully processed: JC-202202-citibike-tripdata.csv
[2024-11-24T23:16:45.498+0000] {logging_mixin.py:188} INFO - Successfully processed: JC-202203-citibike-tripdata.csv
[2024-11-24T23:16:46.396+0000] {logging_mixin.py:188} INFO - Successfully processed: JC-202204-citibike-tripdata.csv
[2024-11-24T23:16:47.407+0000] {logging_mixin.py:188} INFO - Successfully processed: JC-202205-citibike-tripdata.csv
[2024-11-24T23:16:48.494+0000] {logging_mixin.py:188} INFO - Successfully processed: JC-202206-citibike-tripdata.csv
[2024-11-24T23:16:49.687+0000] {logging_mixin.py:188} INFO - Successfully processed: JC-202207-citbike-tripdata.csv
[2024-11-24T23:16:50.848+0000] {logging_mixin.py:188} INFO - Successfully processed: JC-202208-citibike-tripdata.csv
[2024-11-24T23:16:51.907+0000] {logging_mixin.py:188} INFO - Successfully processed: JC-202209-citibike-tripdata.csv
[2024-11-24T23:16:53.029+0000] {logging_mixin.py:188} INFO - Successfully processed: JC-202210-citibike-tripdata.csv
[2024-11-24T23:16:54.021+0000] {logging_mixin.py:188} INFO - Successfully processed: JC-202211-citibike-tripdata.csv
[2024-11-24T23:16:54.855+0000] {logging_mixin.py:188} INFO - Successfully processed: JC-202212-citibike-tripdata.csv
[2024-11-24T23:16:55.747+0000] {logging_mixin.py:188} INFO - Successfully processed: JC-202301-citibike-tripdata.csv
[2024-11-24T23:16:56.633+0000] {logging_mixin.py:188} INFO - Successfully processed: JC-202302-citibike-tripdata.csv
[2024-11-24T23:16:57.588+0000] {logging_mixin.py:188} INFO - Successfully processed: JC-202303-citibike-tripdata.csv
[2024-11-24T23:16:58.573+0000] {logging_mixin.py:188} INFO - Successfully processed: JC-202304-citibike-tripdata.csv
[2024-11-24T23:16:59.646+0000] {logging_mixin.py:188} INFO - Successfully processed: JC-202305-citibike-tripdata.csv
[2024-11-24T23:17:00.766+0000] {logging_mixin.py:188} INFO - Successfully processed: JC-202306-citibike-tripdata.csv
[2024-11-24T23:17:01.820+0000] {logging_mixin.py:188} INFO - Successfully processed: JC-202307-citibike-tripdata.csv
[2024-11-24T23:17:03.040+0000] {logging_mixin.py:188} INFO - Successfully processed: JC-202308-citibike-tripdata.csv
[2024-11-24T23:17:04.084+0000] {logging_mixin.py:188} INFO - Successfully processed: JC-202309-citibike-tripdata.csv
[2024-11-24T23:17:05.118+0000] {logging_mixin.py:188} INFO - Successfully processed: JC-202310-citibike-tripdata.csv
[2024-11-24T23:17:06.258+0000] {logging_mixin.py:188} INFO - Successfully processed: JC-202311-citibike-tripdata.csv
[2024-11-24T23:17:07.187+0000] {logging_mixin.py:188} INFO - Successfully processed: JC-202312-citibike-tripdata.csv
[2024-11-24T23:17:08.072+0000] {logging_mixin.py:188} INFO - Successfully processed: JC-202401-citibike-tripdata.csv
[2024-11-24T23:17:08.981+0000] {logging_mixin.py:188} INFO - Successfully processed: JC-202402-citibike-tripdata.csv
[2024-11-24T23:17:09.996+0000] {logging_mixin.py:188} INFO - Successfully processed: JC-202403-citibike-tripdata.csv
[2024-11-24T23:17:11.106+0000] {logging_mixin.py:188} INFO - Successfully processed: JC-202404-citibike-tripdata.csv
[2024-11-24T23:17:12.248+0000] {logging_mixin.py:188} INFO - Successfully processed: JC-202405-citibike-tripdata.csv
[2024-11-24T23:17:13.395+0000] {logging_mixin.py:188} INFO - Successfully processed: JC-202406-citibike-tripdata.csv
[2024-11-24T23:17:14.500+0000] {logging_mixin.py:188} INFO - Successfully processed: JC-202407-citibike-tripdata.csv
[2024-11-24T23:17:15.595+0000] {logging_mixin.py:188} INFO - Successfully processed: JC-202408-citibike-tripdata.csv
[2024-11-24T23:17:16.745+0000] {logging_mixin.py:188} INFO - Successfully processed: JC-202409-citibike-tripdata.csv
[2024-11-24T23:17:17.877+0000] {logging_mixin.py:188} INFO - Successfully processed: JC-202410-citibike-tripdata.csv
[2024-11-24T23:17:31.247+0000] {python.py:237} INFO - Done. Returned value was: /opt/***/temp_store_proj/extracted_data.csv
[2024-11-24T23:17:31.248+0000] {taskinstance.py:441} INFO - ::group::Post task execution logs
[2024-11-24T23:17:31.278+0000] {taskinstance.py:1206} INFO - Marking task as SUCCESS. dag_id=Citibike_Data_ETL, task_id=extract_citibike_data, run_id=manual__2024-11-24T23:16:38.991282+00:00, execution_date=20241124T231638, start_date=20241124T231640, end_date=20241124T231731
[2024-11-24T23:17:31.302+0000] {local_task_job_runner.py:240} INFO - Task exited with return code 0
[2024-11-24T23:17:31.315+0000] {taskinstance.py:3498} INFO - 0 downstream tasks scheduled from follow-on schedule check
[2024-11-24T23:17:31.316+0000] {local_task_job_runner.py:222} INFO - ::endgroup::
