[2024-11-15T00:38:11.652+0000] {processor.py:161} INFO - Started process (PID=221) to work on /opt/airflow/dags/helloWorld.py
[2024-11-15T00:38:11.654+0000] {processor.py:830} INFO - Processing file /opt/airflow/dags/helloWorld.py for tasks to queue
[2024-11-15T00:38:11.655+0000] {logging_mixin.py:188} INFO - [2024-11-15T00:38:11.654+0000] {dagbag.py:545} INFO - Filling up the DagBag from /opt/airflow/dags/helloWorld.py
[2024-11-15T00:38:11.670+0000] {processor.py:840} INFO - DAG(s) 'HelloWorld' retrieved from /opt/airflow/dags/helloWorld.py
[2024-11-15T00:38:11.823+0000] {logging_mixin.py:188} INFO - [2024-11-15T00:38:11.823+0000] {override.py:1829} INFO - Created Permission View: can edit on DAG:HelloWorld
[2024-11-15T00:38:11.830+0000] {logging_mixin.py:188} INFO - [2024-11-15T00:38:11.830+0000] {override.py:1829} INFO - Created Permission View: can delete on DAG:HelloWorld
[2024-11-15T00:38:11.835+0000] {logging_mixin.py:188} INFO - [2024-11-15T00:38:11.835+0000] {override.py:1829} INFO - Created Permission View: can read on DAG:HelloWorld
[2024-11-15T00:38:11.835+0000] {logging_mixin.py:188} INFO - [2024-11-15T00:38:11.835+0000] {dag.py:3096} INFO - Sync 1 DAGs
[2024-11-15T00:38:11.842+0000] {logging_mixin.py:188} INFO - [2024-11-15T00:38:11.842+0000] {dag.py:3118} INFO - Creating ORM DAG for HelloWorld
[2024-11-15T00:38:11.848+0000] {logging_mixin.py:188} INFO - [2024-11-15T00:38:11.848+0000] {dag.py:3954} INFO - Setting next_dagrun for HelloWorld to 2024-11-13 02:00:00+00:00, run_after=2024-11-14 02:00:00+00:00
[2024-11-15T00:38:11.862+0000] {processor.py:183} INFO - Processing /opt/airflow/dags/helloWorld.py took 0.214 seconds
[2024-11-15T00:38:43.453+0000] {processor.py:161} INFO - Started process (PID=268) to work on /opt/airflow/dags/helloWorld.py
[2024-11-15T00:38:43.453+0000] {processor.py:830} INFO - Processing file /opt/airflow/dags/helloWorld.py for tasks to queue
[2024-11-15T00:38:43.455+0000] {logging_mixin.py:188} INFO - [2024-11-15T00:38:43.455+0000] {dagbag.py:545} INFO - Filling up the DagBag from /opt/airflow/dags/helloWorld.py
[2024-11-15T00:38:43.463+0000] {processor.py:840} INFO - DAG(s) 'HelloWorld' retrieved from /opt/airflow/dags/helloWorld.py
[2024-11-15T00:38:43.489+0000] {logging_mixin.py:188} INFO - [2024-11-15T00:38:43.489+0000] {dag.py:3096} INFO - Sync 1 DAGs
[2024-11-15T00:38:43.504+0000] {logging_mixin.py:188} INFO - [2024-11-15T00:38:43.504+0000] {dag.py:3954} INFO - Setting next_dagrun for HelloWorld to 2024-11-13 02:00:00+00:00, run_after=2024-11-14 02:00:00+00:00
[2024-11-15T00:38:43.514+0000] {processor.py:183} INFO - Processing /opt/airflow/dags/helloWorld.py took 0.067 seconds
[2024-11-15T00:39:13.892+0000] {processor.py:161} INFO - Started process (PID=284) to work on /opt/airflow/dags/helloWorld.py
[2024-11-15T00:39:13.893+0000] {processor.py:830} INFO - Processing file /opt/airflow/dags/helloWorld.py for tasks to queue
[2024-11-15T00:39:13.894+0000] {logging_mixin.py:188} INFO - [2024-11-15T00:39:13.894+0000] {dagbag.py:545} INFO - Filling up the DagBag from /opt/airflow/dags/helloWorld.py
[2024-11-15T00:39:13.902+0000] {processor.py:840} INFO - DAG(s) 'HelloWorld' retrieved from /opt/airflow/dags/helloWorld.py
[2024-11-15T00:39:13.920+0000] {logging_mixin.py:188} INFO - [2024-11-15T00:39:13.920+0000] {dag.py:3096} INFO - Sync 1 DAGs
[2024-11-15T00:39:13.931+0000] {logging_mixin.py:188} INFO - [2024-11-15T00:39:13.931+0000] {dag.py:3954} INFO - Setting next_dagrun for HelloWorld to 2024-11-13 02:00:00+00:00, run_after=2024-11-14 02:00:00+00:00
[2024-11-15T00:39:13.939+0000] {processor.py:183} INFO - Processing /opt/airflow/dags/helloWorld.py took 0.054 seconds
[2024-11-15T00:39:44.281+0000] {processor.py:161} INFO - Started process (PID=300) to work on /opt/airflow/dags/helloWorld.py
[2024-11-15T00:39:44.282+0000] {processor.py:830} INFO - Processing file /opt/airflow/dags/helloWorld.py for tasks to queue
[2024-11-15T00:39:44.284+0000] {logging_mixin.py:188} INFO - [2024-11-15T00:39:44.283+0000] {dagbag.py:545} INFO - Filling up the DagBag from /opt/airflow/dags/helloWorld.py
[2024-11-15T00:39:44.292+0000] {processor.py:840} INFO - DAG(s) 'HelloWorld' retrieved from /opt/airflow/dags/helloWorld.py
[2024-11-15T00:39:44.307+0000] {logging_mixin.py:188} INFO - [2024-11-15T00:39:44.307+0000] {dag.py:3096} INFO - Sync 1 DAGs
[2024-11-15T00:39:44.322+0000] {logging_mixin.py:188} INFO - [2024-11-15T00:39:44.322+0000] {dag.py:3954} INFO - Setting next_dagrun for HelloWorld to 2024-11-13 02:00:00+00:00, run_after=2024-11-14 02:00:00+00:00
[2024-11-15T00:39:44.332+0000] {processor.py:183} INFO - Processing /opt/airflow/dags/helloWorld.py took 0.057 seconds
[2024-11-15T00:40:14.609+0000] {processor.py:161} INFO - Started process (PID=316) to work on /opt/airflow/dags/helloWorld.py
[2024-11-15T00:40:14.610+0000] {processor.py:830} INFO - Processing file /opt/airflow/dags/helloWorld.py for tasks to queue
[2024-11-15T00:40:14.612+0000] {logging_mixin.py:188} INFO - [2024-11-15T00:40:14.612+0000] {dagbag.py:545} INFO - Filling up the DagBag from /opt/airflow/dags/helloWorld.py
[2024-11-15T00:40:14.621+0000] {processor.py:840} INFO - DAG(s) 'HelloWorld' retrieved from /opt/airflow/dags/helloWorld.py
[2024-11-15T00:40:14.636+0000] {logging_mixin.py:188} INFO - [2024-11-15T00:40:14.636+0000] {dag.py:3096} INFO - Sync 1 DAGs
[2024-11-15T00:40:14.651+0000] {logging_mixin.py:188} INFO - [2024-11-15T00:40:14.651+0000] {dag.py:3954} INFO - Setting next_dagrun for HelloWorld to 2024-11-13 02:00:00+00:00, run_after=2024-11-14 02:00:00+00:00
[2024-11-15T00:40:14.660+0000] {processor.py:183} INFO - Processing /opt/airflow/dags/helloWorld.py took 0.057 seconds
[2024-11-15T00:40:44.953+0000] {processor.py:161} INFO - Started process (PID=332) to work on /opt/airflow/dags/helloWorld.py
[2024-11-15T00:40:44.954+0000] {processor.py:830} INFO - Processing file /opt/airflow/dags/helloWorld.py for tasks to queue
[2024-11-15T00:40:44.956+0000] {logging_mixin.py:188} INFO - [2024-11-15T00:40:44.955+0000] {dagbag.py:545} INFO - Filling up the DagBag from /opt/airflow/dags/helloWorld.py
[2024-11-15T00:40:44.963+0000] {processor.py:840} INFO - DAG(s) 'HelloWorld' retrieved from /opt/airflow/dags/helloWorld.py
[2024-11-15T00:40:44.983+0000] {logging_mixin.py:188} INFO - [2024-11-15T00:40:44.983+0000] {dag.py:3096} INFO - Sync 1 DAGs
[2024-11-15T00:40:44.995+0000] {logging_mixin.py:188} INFO - [2024-11-15T00:40:44.995+0000] {dag.py:3954} INFO - Setting next_dagrun for HelloWorld to 2024-11-13 02:00:00+00:00, run_after=2024-11-14 02:00:00+00:00
[2024-11-15T00:40:45.003+0000] {processor.py:183} INFO - Processing /opt/airflow/dags/helloWorld.py took 0.056 seconds
[2024-11-15T00:41:15.367+0000] {processor.py:161} INFO - Started process (PID=348) to work on /opt/airflow/dags/helloWorld.py
[2024-11-15T00:41:15.371+0000] {processor.py:830} INFO - Processing file /opt/airflow/dags/helloWorld.py for tasks to queue
[2024-11-15T00:41:15.373+0000] {logging_mixin.py:188} INFO - [2024-11-15T00:41:15.373+0000] {dagbag.py:545} INFO - Filling up the DagBag from /opt/airflow/dags/helloWorld.py
[2024-11-15T00:41:15.386+0000] {processor.py:840} INFO - DAG(s) 'HelloWorld' retrieved from /opt/airflow/dags/helloWorld.py
[2024-11-15T00:41:15.401+0000] {logging_mixin.py:188} INFO - [2024-11-15T00:41:15.400+0000] {dag.py:3096} INFO - Sync 1 DAGs
[2024-11-15T00:41:15.412+0000] {logging_mixin.py:188} INFO - [2024-11-15T00:41:15.412+0000] {dag.py:3954} INFO - Setting next_dagrun for HelloWorld to 2024-11-13 02:00:00+00:00, run_after=2024-11-14 02:00:00+00:00
[2024-11-15T00:41:15.421+0000] {processor.py:183} INFO - Processing /opt/airflow/dags/helloWorld.py took 0.060 seconds
[2024-11-15T00:41:45.793+0000] {processor.py:161} INFO - Started process (PID=364) to work on /opt/airflow/dags/helloWorld.py
[2024-11-15T00:41:45.794+0000] {processor.py:830} INFO - Processing file /opt/airflow/dags/helloWorld.py for tasks to queue
[2024-11-15T00:41:45.796+0000] {logging_mixin.py:188} INFO - [2024-11-15T00:41:45.796+0000] {dagbag.py:545} INFO - Filling up the DagBag from /opt/airflow/dags/helloWorld.py
[2024-11-15T00:41:45.806+0000] {processor.py:840} INFO - DAG(s) 'HelloWorld' retrieved from /opt/airflow/dags/helloWorld.py
[2024-11-15T00:41:45.822+0000] {logging_mixin.py:188} INFO - [2024-11-15T00:41:45.822+0000] {dag.py:3096} INFO - Sync 1 DAGs
[2024-11-15T00:41:45.834+0000] {logging_mixin.py:188} INFO - [2024-11-15T00:41:45.834+0000] {dag.py:3954} INFO - Setting next_dagrun for HelloWorld to 2024-11-13 02:00:00+00:00, run_after=2024-11-14 02:00:00+00:00
[2024-11-15T00:41:45.842+0000] {processor.py:183} INFO - Processing /opt/airflow/dags/helloWorld.py took 0.053 seconds
[2024-11-15T00:42:16.211+0000] {processor.py:161} INFO - Started process (PID=380) to work on /opt/airflow/dags/helloWorld.py
[2024-11-15T00:42:16.213+0000] {processor.py:830} INFO - Processing file /opt/airflow/dags/helloWorld.py for tasks to queue
[2024-11-15T00:42:16.214+0000] {logging_mixin.py:188} INFO - [2024-11-15T00:42:16.214+0000] {dagbag.py:545} INFO - Filling up the DagBag from /opt/airflow/dags/helloWorld.py
[2024-11-15T00:42:16.222+0000] {processor.py:840} INFO - DAG(s) 'HelloWorld' retrieved from /opt/airflow/dags/helloWorld.py
[2024-11-15T00:42:16.238+0000] {logging_mixin.py:188} INFO - [2024-11-15T00:42:16.238+0000] {dag.py:3096} INFO - Sync 1 DAGs
[2024-11-15T00:42:16.253+0000] {logging_mixin.py:188} INFO - [2024-11-15T00:42:16.253+0000] {dag.py:3954} INFO - Setting next_dagrun for HelloWorld to 2024-11-13 02:00:00+00:00, run_after=2024-11-14 02:00:00+00:00
[2024-11-15T00:42:16.262+0000] {processor.py:183} INFO - Processing /opt/airflow/dags/helloWorld.py took 0.057 seconds
[2024-11-15T00:42:46.607+0000] {processor.py:161} INFO - Started process (PID=396) to work on /opt/airflow/dags/helloWorld.py
[2024-11-15T00:42:46.608+0000] {processor.py:830} INFO - Processing file /opt/airflow/dags/helloWorld.py for tasks to queue
[2024-11-15T00:42:46.610+0000] {logging_mixin.py:188} INFO - [2024-11-15T00:42:46.609+0000] {dagbag.py:545} INFO - Filling up the DagBag from /opt/airflow/dags/helloWorld.py
[2024-11-15T00:42:46.620+0000] {processor.py:840} INFO - DAG(s) 'HelloWorld' retrieved from /opt/airflow/dags/helloWorld.py
[2024-11-15T00:42:46.637+0000] {logging_mixin.py:188} INFO - [2024-11-15T00:42:46.637+0000] {dag.py:3096} INFO - Sync 1 DAGs
[2024-11-15T00:42:46.648+0000] {logging_mixin.py:188} INFO - [2024-11-15T00:42:46.648+0000] {dag.py:3954} INFO - Setting next_dagrun for HelloWorld to 2024-11-13 02:00:00+00:00, run_after=2024-11-14 02:00:00+00:00
[2024-11-15T00:42:46.660+0000] {processor.py:183} INFO - Processing /opt/airflow/dags/helloWorld.py took 0.057 seconds
[2024-11-15T00:43:17.037+0000] {processor.py:161} INFO - Started process (PID=412) to work on /opt/airflow/dags/helloWorld.py
[2024-11-15T00:43:17.038+0000] {processor.py:830} INFO - Processing file /opt/airflow/dags/helloWorld.py for tasks to queue
[2024-11-15T00:43:17.039+0000] {logging_mixin.py:188} INFO - [2024-11-15T00:43:17.038+0000] {dagbag.py:545} INFO - Filling up the DagBag from /opt/airflow/dags/helloWorld.py
[2024-11-15T00:43:17.046+0000] {processor.py:840} INFO - DAG(s) 'HelloWorld' retrieved from /opt/airflow/dags/helloWorld.py
[2024-11-15T00:43:17.062+0000] {logging_mixin.py:188} INFO - [2024-11-15T00:43:17.062+0000] {dag.py:3096} INFO - Sync 1 DAGs
[2024-11-15T00:43:17.073+0000] {logging_mixin.py:188} INFO - [2024-11-15T00:43:17.073+0000] {dag.py:3954} INFO - Setting next_dagrun for HelloWorld to 2024-11-13 02:00:00+00:00, run_after=2024-11-14 02:00:00+00:00
[2024-11-15T00:43:17.085+0000] {processor.py:183} INFO - Processing /opt/airflow/dags/helloWorld.py took 0.064 seconds
[2024-11-15T00:43:47.429+0000] {processor.py:161} INFO - Started process (PID=428) to work on /opt/airflow/dags/helloWorld.py
[2024-11-15T00:43:47.430+0000] {processor.py:830} INFO - Processing file /opt/airflow/dags/helloWorld.py for tasks to queue
[2024-11-15T00:43:47.431+0000] {logging_mixin.py:188} INFO - [2024-11-15T00:43:47.431+0000] {dagbag.py:545} INFO - Filling up the DagBag from /opt/airflow/dags/helloWorld.py
[2024-11-15T00:43:47.441+0000] {processor.py:840} INFO - DAG(s) 'HelloWorld' retrieved from /opt/airflow/dags/helloWorld.py
[2024-11-15T00:43:47.457+0000] {logging_mixin.py:188} INFO - [2024-11-15T00:43:47.457+0000] {dag.py:3096} INFO - Sync 1 DAGs
[2024-11-15T00:43:47.470+0000] {logging_mixin.py:188} INFO - [2024-11-15T00:43:47.470+0000] {dag.py:3954} INFO - Setting next_dagrun for HelloWorld to 2024-11-13 02:00:00+00:00, run_after=2024-11-14 02:00:00+00:00
[2024-11-15T00:43:47.480+0000] {processor.py:183} INFO - Processing /opt/airflow/dags/helloWorld.py took 0.058 seconds
[2024-11-15T00:44:17.775+0000] {processor.py:161} INFO - Started process (PID=444) to work on /opt/airflow/dags/helloWorld.py
[2024-11-15T00:44:17.776+0000] {processor.py:830} INFO - Processing file /opt/airflow/dags/helloWorld.py for tasks to queue
[2024-11-15T00:44:17.778+0000] {logging_mixin.py:188} INFO - [2024-11-15T00:44:17.778+0000] {dagbag.py:545} INFO - Filling up the DagBag from /opt/airflow/dags/helloWorld.py
[2024-11-15T00:44:17.792+0000] {processor.py:840} INFO - DAG(s) 'HelloWorld' retrieved from /opt/airflow/dags/helloWorld.py
[2024-11-15T00:44:17.809+0000] {logging_mixin.py:188} INFO - [2024-11-15T00:44:17.808+0000] {dag.py:3096} INFO - Sync 1 DAGs
[2024-11-15T00:44:17.821+0000] {logging_mixin.py:188} INFO - [2024-11-15T00:44:17.821+0000] {dag.py:3954} INFO - Setting next_dagrun for HelloWorld to 2024-11-13 02:00:00+00:00, run_after=2024-11-14 02:00:00+00:00
[2024-11-15T00:44:17.830+0000] {processor.py:183} INFO - Processing /opt/airflow/dags/helloWorld.py took 0.062 seconds
[2024-11-15T00:44:48.138+0000] {processor.py:161} INFO - Started process (PID=460) to work on /opt/airflow/dags/helloWorld.py
[2024-11-15T00:44:48.138+0000] {processor.py:830} INFO - Processing file /opt/airflow/dags/helloWorld.py for tasks to queue
[2024-11-15T00:44:48.139+0000] {logging_mixin.py:188} INFO - [2024-11-15T00:44:48.139+0000] {dagbag.py:545} INFO - Filling up the DagBag from /opt/airflow/dags/helloWorld.py
[2024-11-15T00:44:48.146+0000] {processor.py:840} INFO - DAG(s) 'HelloWorld' retrieved from /opt/airflow/dags/helloWorld.py
[2024-11-15T00:44:48.162+0000] {logging_mixin.py:188} INFO - [2024-11-15T00:44:48.162+0000] {dag.py:3096} INFO - Sync 1 DAGs
[2024-11-15T00:44:48.175+0000] {logging_mixin.py:188} INFO - [2024-11-15T00:44:48.175+0000] {dag.py:3954} INFO - Setting next_dagrun for HelloWorld to 2024-11-13 02:00:00+00:00, run_after=2024-11-14 02:00:00+00:00
[2024-11-15T00:44:48.183+0000] {processor.py:183} INFO - Processing /opt/airflow/dags/helloWorld.py took 0.049 seconds
[2024-11-15T00:45:18.480+0000] {processor.py:161} INFO - Started process (PID=476) to work on /opt/airflow/dags/helloWorld.py
[2024-11-15T00:45:18.480+0000] {processor.py:830} INFO - Processing file /opt/airflow/dags/helloWorld.py for tasks to queue
[2024-11-15T00:45:18.481+0000] {logging_mixin.py:188} INFO - [2024-11-15T00:45:18.481+0000] {dagbag.py:545} INFO - Filling up the DagBag from /opt/airflow/dags/helloWorld.py
[2024-11-15T00:45:18.488+0000] {processor.py:840} INFO - DAG(s) 'HelloWorld' retrieved from /opt/airflow/dags/helloWorld.py
[2024-11-15T00:45:18.505+0000] {logging_mixin.py:188} INFO - [2024-11-15T00:45:18.505+0000] {dag.py:3096} INFO - Sync 1 DAGs
[2024-11-15T00:45:18.517+0000] {logging_mixin.py:188} INFO - [2024-11-15T00:45:18.517+0000] {dag.py:3954} INFO - Setting next_dagrun for HelloWorld to 2024-11-13 02:00:00+00:00, run_after=2024-11-14 02:00:00+00:00
[2024-11-15T00:45:18.530+0000] {processor.py:183} INFO - Processing /opt/airflow/dags/helloWorld.py took 0.054 seconds
[2024-11-15T00:45:53.859+0000] {processor.py:161} INFO - Started process (PID=221) to work on /opt/airflow/dags/helloWorld.py
[2024-11-15T00:45:53.860+0000] {processor.py:830} INFO - Processing file /opt/airflow/dags/helloWorld.py for tasks to queue
[2024-11-15T00:45:53.863+0000] {logging_mixin.py:188} INFO - [2024-11-15T00:45:53.862+0000] {dagbag.py:545} INFO - Filling up the DagBag from /opt/airflow/dags/helloWorld.py
[2024-11-15T00:45:53.869+0000] {processor.py:840} INFO - DAG(s) 'HelloWorld' retrieved from /opt/airflow/dags/helloWorld.py
[2024-11-15T00:45:53.982+0000] {logging_mixin.py:188} INFO - [2024-11-15T00:45:53.982+0000] {dag.py:3096} INFO - Sync 1 DAGs
[2024-11-15T00:45:53.990+0000] {logging_mixin.py:188} INFO - [2024-11-15T00:45:53.990+0000] {dag.py:3954} INFO - Setting next_dagrun for HelloWorld to 2024-11-13 02:00:00+00:00, run_after=2024-11-14 02:00:00+00:00
[2024-11-15T00:45:53.998+0000] {processor.py:183} INFO - Processing /opt/airflow/dags/helloWorld.py took 0.142 seconds
[2024-11-15T00:46:41.718+0000] {processor.py:161} INFO - Started process (PID=222) to work on /opt/airflow/dags/helloWorld.py
[2024-11-15T00:46:41.720+0000] {processor.py:830} INFO - Processing file /opt/airflow/dags/helloWorld.py for tasks to queue
[2024-11-15T00:46:41.721+0000] {logging_mixin.py:188} INFO - [2024-11-15T00:46:41.721+0000] {dagbag.py:545} INFO - Filling up the DagBag from /opt/airflow/dags/helloWorld.py
[2024-11-15T00:46:41.728+0000] {processor.py:840} INFO - DAG(s) 'HelloWorld' retrieved from /opt/airflow/dags/helloWorld.py
[2024-11-15T00:46:41.844+0000] {logging_mixin.py:188} INFO - [2024-11-15T00:46:41.844+0000] {dag.py:3096} INFO - Sync 1 DAGs
[2024-11-15T00:46:41.853+0000] {logging_mixin.py:188} INFO - [2024-11-15T00:46:41.853+0000] {dag.py:3954} INFO - Setting next_dagrun for HelloWorld to 2024-11-13 02:00:00+00:00, run_after=2024-11-14 02:00:00+00:00
[2024-11-15T00:46:41.862+0000] {processor.py:183} INFO - Processing /opt/airflow/dags/helloWorld.py took 0.147 seconds
[2024-11-15T00:47:13.170+0000] {processor.py:161} INFO - Started process (PID=269) to work on /opt/airflow/dags/helloWorld.py
[2024-11-15T00:47:13.171+0000] {processor.py:830} INFO - Processing file /opt/airflow/dags/helloWorld.py for tasks to queue
[2024-11-15T00:47:13.172+0000] {logging_mixin.py:188} INFO - [2024-11-15T00:47:13.172+0000] {dagbag.py:545} INFO - Filling up the DagBag from /opt/airflow/dags/helloWorld.py
[2024-11-15T00:47:13.179+0000] {processor.py:840} INFO - DAG(s) 'HelloWorld' retrieved from /opt/airflow/dags/helloWorld.py
[2024-11-15T00:47:13.199+0000] {logging_mixin.py:188} INFO - [2024-11-15T00:47:13.198+0000] {dag.py:3096} INFO - Sync 1 DAGs
[2024-11-15T00:47:13.212+0000] {logging_mixin.py:188} INFO - [2024-11-15T00:47:13.212+0000] {dag.py:3954} INFO - Setting next_dagrun for HelloWorld to 2024-11-13 02:00:00+00:00, run_after=2024-11-14 02:00:00+00:00
[2024-11-15T00:47:13.222+0000] {processor.py:183} INFO - Processing /opt/airflow/dags/helloWorld.py took 0.058 seconds
[2024-11-15T00:47:43.552+0000] {processor.py:161} INFO - Started process (PID=285) to work on /opt/airflow/dags/helloWorld.py
[2024-11-15T00:47:43.553+0000] {processor.py:830} INFO - Processing file /opt/airflow/dags/helloWorld.py for tasks to queue
[2024-11-15T00:47:43.555+0000] {logging_mixin.py:188} INFO - [2024-11-15T00:47:43.555+0000] {dagbag.py:545} INFO - Filling up the DagBag from /opt/airflow/dags/helloWorld.py
[2024-11-15T00:47:43.568+0000] {processor.py:840} INFO - DAG(s) 'HelloWorld' retrieved from /opt/airflow/dags/helloWorld.py
[2024-11-15T00:47:43.585+0000] {logging_mixin.py:188} INFO - [2024-11-15T00:47:43.585+0000] {dag.py:3096} INFO - Sync 1 DAGs
[2024-11-15T00:47:43.596+0000] {logging_mixin.py:188} INFO - [2024-11-15T00:47:43.596+0000] {dag.py:3954} INFO - Setting next_dagrun for HelloWorld to 2024-11-13 02:00:00+00:00, run_after=2024-11-14 02:00:00+00:00
[2024-11-15T00:47:43.607+0000] {processor.py:183} INFO - Processing /opt/airflow/dags/helloWorld.py took 0.061 seconds
[2024-11-15T00:48:13.955+0000] {processor.py:161} INFO - Started process (PID=301) to work on /opt/airflow/dags/helloWorld.py
[2024-11-15T00:48:13.956+0000] {processor.py:830} INFO - Processing file /opt/airflow/dags/helloWorld.py for tasks to queue
[2024-11-15T00:48:13.961+0000] {logging_mixin.py:188} INFO - [2024-11-15T00:48:13.960+0000] {dagbag.py:545} INFO - Filling up the DagBag from /opt/airflow/dags/helloWorld.py
[2024-11-15T00:48:13.978+0000] {processor.py:840} INFO - DAG(s) 'HelloWorld' retrieved from /opt/airflow/dags/helloWorld.py
[2024-11-15T00:48:13.993+0000] {logging_mixin.py:188} INFO - [2024-11-15T00:48:13.993+0000] {dag.py:3096} INFO - Sync 1 DAGs
[2024-11-15T00:48:14.004+0000] {logging_mixin.py:188} INFO - [2024-11-15T00:48:14.004+0000] {dag.py:3954} INFO - Setting next_dagrun for HelloWorld to 2024-11-13 02:00:00+00:00, run_after=2024-11-14 02:00:00+00:00
[2024-11-15T00:48:14.013+0000] {processor.py:183} INFO - Processing /opt/airflow/dags/helloWorld.py took 0.064 seconds
[2024-11-15T00:48:44.381+0000] {processor.py:161} INFO - Started process (PID=317) to work on /opt/airflow/dags/helloWorld.py
[2024-11-15T00:48:44.382+0000] {processor.py:830} INFO - Processing file /opt/airflow/dags/helloWorld.py for tasks to queue
[2024-11-15T00:48:44.384+0000] {logging_mixin.py:188} INFO - [2024-11-15T00:48:44.384+0000] {dagbag.py:545} INFO - Filling up the DagBag from /opt/airflow/dags/helloWorld.py
[2024-11-15T00:48:44.399+0000] {processor.py:840} INFO - DAG(s) 'HelloWorld' retrieved from /opt/airflow/dags/helloWorld.py
[2024-11-15T00:48:44.416+0000] {logging_mixin.py:188} INFO - [2024-11-15T00:48:44.416+0000] {dag.py:3096} INFO - Sync 1 DAGs
[2024-11-15T00:48:44.427+0000] {logging_mixin.py:188} INFO - [2024-11-15T00:48:44.427+0000] {dag.py:3954} INFO - Setting next_dagrun for HelloWorld to 2024-11-13 02:00:00+00:00, run_after=2024-11-14 02:00:00+00:00
[2024-11-15T00:48:44.436+0000] {processor.py:183} INFO - Processing /opt/airflow/dags/helloWorld.py took 0.062 seconds
[2024-11-15T00:49:14.794+0000] {processor.py:161} INFO - Started process (PID=333) to work on /opt/airflow/dags/helloWorld.py
[2024-11-15T00:49:14.795+0000] {processor.py:830} INFO - Processing file /opt/airflow/dags/helloWorld.py for tasks to queue
[2024-11-15T00:49:14.797+0000] {logging_mixin.py:188} INFO - [2024-11-15T00:49:14.797+0000] {dagbag.py:545} INFO - Filling up the DagBag from /opt/airflow/dags/helloWorld.py
[2024-11-15T00:49:14.814+0000] {processor.py:840} INFO - DAG(s) 'HelloWorld' retrieved from /opt/airflow/dags/helloWorld.py
[2024-11-15T00:49:14.831+0000] {logging_mixin.py:188} INFO - [2024-11-15T00:49:14.831+0000] {dag.py:3096} INFO - Sync 1 DAGs
[2024-11-15T00:49:14.842+0000] {logging_mixin.py:188} INFO - [2024-11-15T00:49:14.842+0000] {dag.py:3954} INFO - Setting next_dagrun for HelloWorld to 2024-11-13 02:00:00+00:00, run_after=2024-11-14 02:00:00+00:00
[2024-11-15T00:49:14.851+0000] {processor.py:183} INFO - Processing /opt/airflow/dags/helloWorld.py took 0.063 seconds
[2024-11-15T00:49:45.225+0000] {processor.py:161} INFO - Started process (PID=349) to work on /opt/airflow/dags/helloWorld.py
[2024-11-15T00:49:45.226+0000] {processor.py:830} INFO - Processing file /opt/airflow/dags/helloWorld.py for tasks to queue
[2024-11-15T00:49:45.228+0000] {logging_mixin.py:188} INFO - [2024-11-15T00:49:45.227+0000] {dagbag.py:545} INFO - Filling up the DagBag from /opt/airflow/dags/helloWorld.py
[2024-11-15T00:49:45.239+0000] {processor.py:840} INFO - DAG(s) 'HelloWorld' retrieved from /opt/airflow/dags/helloWorld.py
[2024-11-15T00:49:45.254+0000] {logging_mixin.py:188} INFO - [2024-11-15T00:49:45.254+0000] {dag.py:3096} INFO - Sync 1 DAGs
[2024-11-15T00:49:45.265+0000] {logging_mixin.py:188} INFO - [2024-11-15T00:49:45.265+0000] {dag.py:3954} INFO - Setting next_dagrun for HelloWorld to 2024-11-13 02:00:00+00:00, run_after=2024-11-14 02:00:00+00:00
[2024-11-15T00:49:45.273+0000] {processor.py:183} INFO - Processing /opt/airflow/dags/helloWorld.py took 0.053 seconds
[2024-11-15T00:50:15.573+0000] {processor.py:161} INFO - Started process (PID=365) to work on /opt/airflow/dags/helloWorld.py
[2024-11-15T00:50:15.574+0000] {processor.py:830} INFO - Processing file /opt/airflow/dags/helloWorld.py for tasks to queue
[2024-11-15T00:50:15.575+0000] {logging_mixin.py:188} INFO - [2024-11-15T00:50:15.575+0000] {dagbag.py:545} INFO - Filling up the DagBag from /opt/airflow/dags/helloWorld.py
[2024-11-15T00:50:15.580+0000] {processor.py:840} INFO - DAG(s) 'HelloWorld' retrieved from /opt/airflow/dags/helloWorld.py
[2024-11-15T00:50:15.595+0000] {logging_mixin.py:188} INFO - [2024-11-15T00:50:15.595+0000] {dag.py:3096} INFO - Sync 1 DAGs
[2024-11-15T00:50:15.606+0000] {logging_mixin.py:188} INFO - [2024-11-15T00:50:15.606+0000] {dag.py:3954} INFO - Setting next_dagrun for HelloWorld to 2024-11-13 02:00:00+00:00, run_after=2024-11-14 02:00:00+00:00
[2024-11-15T00:50:15.614+0000] {processor.py:183} INFO - Processing /opt/airflow/dags/helloWorld.py took 0.044 seconds
[2024-11-15T00:50:46.010+0000] {processor.py:161} INFO - Started process (PID=381) to work on /opt/airflow/dags/helloWorld.py
[2024-11-15T00:50:46.012+0000] {processor.py:830} INFO - Processing file /opt/airflow/dags/helloWorld.py for tasks to queue
[2024-11-15T00:50:46.014+0000] {logging_mixin.py:188} INFO - [2024-11-15T00:50:46.013+0000] {dagbag.py:545} INFO - Filling up the DagBag from /opt/airflow/dags/helloWorld.py
[2024-11-15T00:50:46.024+0000] {processor.py:840} INFO - DAG(s) 'HelloWorld' retrieved from /opt/airflow/dags/helloWorld.py
[2024-11-15T00:50:46.041+0000] {logging_mixin.py:188} INFO - [2024-11-15T00:50:46.041+0000] {dag.py:3096} INFO - Sync 1 DAGs
[2024-11-15T00:50:46.052+0000] {logging_mixin.py:188} INFO - [2024-11-15T00:50:46.052+0000] {dag.py:3954} INFO - Setting next_dagrun for HelloWorld to 2024-11-13 02:00:00+00:00, run_after=2024-11-14 02:00:00+00:00
[2024-11-15T00:50:46.061+0000] {processor.py:183} INFO - Processing /opt/airflow/dags/helloWorld.py took 0.058 seconds
[2024-11-15T00:51:16.415+0000] {processor.py:161} INFO - Started process (PID=397) to work on /opt/airflow/dags/helloWorld.py
[2024-11-15T00:51:16.415+0000] {processor.py:830} INFO - Processing file /opt/airflow/dags/helloWorld.py for tasks to queue
[2024-11-15T00:51:16.416+0000] {logging_mixin.py:188} INFO - [2024-11-15T00:51:16.416+0000] {dagbag.py:545} INFO - Filling up the DagBag from /opt/airflow/dags/helloWorld.py
[2024-11-15T00:51:16.424+0000] {processor.py:840} INFO - DAG(s) 'HelloWorld' retrieved from /opt/airflow/dags/helloWorld.py
[2024-11-15T00:51:16.439+0000] {logging_mixin.py:188} INFO - [2024-11-15T00:51:16.439+0000] {dag.py:3096} INFO - Sync 1 DAGs
[2024-11-15T00:51:16.451+0000] {logging_mixin.py:188} INFO - [2024-11-15T00:51:16.451+0000] {dag.py:3954} INFO - Setting next_dagrun for HelloWorld to 2024-11-13 02:00:00+00:00, run_after=2024-11-14 02:00:00+00:00
[2024-11-15T00:51:16.461+0000] {processor.py:183} INFO - Processing /opt/airflow/dags/helloWorld.py took 0.051 seconds
[2024-11-15T00:51:46.821+0000] {processor.py:161} INFO - Started process (PID=412) to work on /opt/airflow/dags/helloWorld.py
[2024-11-15T00:51:46.822+0000] {processor.py:830} INFO - Processing file /opt/airflow/dags/helloWorld.py for tasks to queue
[2024-11-15T00:51:46.824+0000] {logging_mixin.py:188} INFO - [2024-11-15T00:51:46.824+0000] {dagbag.py:545} INFO - Filling up the DagBag from /opt/airflow/dags/helloWorld.py
[2024-11-15T00:51:46.844+0000] {processor.py:840} INFO - DAG(s) 'HelloWorld' retrieved from /opt/airflow/dags/helloWorld.py
[2024-11-15T00:51:46.860+0000] {logging_mixin.py:188} INFO - [2024-11-15T00:51:46.860+0000] {dag.py:3096} INFO - Sync 1 DAGs
[2024-11-15T00:51:46.871+0000] {logging_mixin.py:188} INFO - [2024-11-15T00:51:46.871+0000] {dag.py:3954} INFO - Setting next_dagrun for HelloWorld to 2024-11-13 02:00:00+00:00, run_after=2024-11-14 02:00:00+00:00
[2024-11-15T00:51:46.881+0000] {processor.py:183} INFO - Processing /opt/airflow/dags/helloWorld.py took 0.066 seconds
[2024-11-15T00:52:17.270+0000] {processor.py:161} INFO - Started process (PID=428) to work on /opt/airflow/dags/helloWorld.py
[2024-11-15T00:52:17.271+0000] {processor.py:830} INFO - Processing file /opt/airflow/dags/helloWorld.py for tasks to queue
[2024-11-15T00:52:17.272+0000] {logging_mixin.py:188} INFO - [2024-11-15T00:52:17.272+0000] {dagbag.py:545} INFO - Filling up the DagBag from /opt/airflow/dags/helloWorld.py
[2024-11-15T00:52:17.283+0000] {processor.py:840} INFO - DAG(s) 'HelloWorld' retrieved from /opt/airflow/dags/helloWorld.py
[2024-11-15T00:52:17.300+0000] {logging_mixin.py:188} INFO - [2024-11-15T00:52:17.300+0000] {dag.py:3096} INFO - Sync 1 DAGs
[2024-11-15T00:52:17.312+0000] {logging_mixin.py:188} INFO - [2024-11-15T00:52:17.312+0000] {dag.py:3954} INFO - Setting next_dagrun for HelloWorld to 2024-11-13 02:00:00+00:00, run_after=2024-11-14 02:00:00+00:00
[2024-11-15T00:52:17.321+0000] {processor.py:183} INFO - Processing /opt/airflow/dags/helloWorld.py took 0.057 seconds
[2024-11-15T00:52:47.698+0000] {processor.py:161} INFO - Started process (PID=444) to work on /opt/airflow/dags/helloWorld.py
[2024-11-15T00:52:47.699+0000] {processor.py:830} INFO - Processing file /opt/airflow/dags/helloWorld.py for tasks to queue
[2024-11-15T00:52:47.701+0000] {logging_mixin.py:188} INFO - [2024-11-15T00:52:47.701+0000] {dagbag.py:545} INFO - Filling up the DagBag from /opt/airflow/dags/helloWorld.py
[2024-11-15T00:52:47.713+0000] {processor.py:840} INFO - DAG(s) 'HelloWorld' retrieved from /opt/airflow/dags/helloWorld.py
[2024-11-15T00:52:47.731+0000] {logging_mixin.py:188} INFO - [2024-11-15T00:52:47.730+0000] {dag.py:3096} INFO - Sync 1 DAGs
[2024-11-15T00:52:47.743+0000] {logging_mixin.py:188} INFO - [2024-11-15T00:52:47.743+0000] {dag.py:3954} INFO - Setting next_dagrun for HelloWorld to 2024-11-13 02:00:00+00:00, run_after=2024-11-14 02:00:00+00:00
[2024-11-15T00:52:47.753+0000] {processor.py:183} INFO - Processing /opt/airflow/dags/helloWorld.py took 0.063 seconds
[2024-11-15T00:53:18.078+0000] {processor.py:161} INFO - Started process (PID=460) to work on /opt/airflow/dags/helloWorld.py
[2024-11-15T00:53:18.080+0000] {processor.py:830} INFO - Processing file /opt/airflow/dags/helloWorld.py for tasks to queue
[2024-11-15T00:53:18.082+0000] {logging_mixin.py:188} INFO - [2024-11-15T00:53:18.081+0000] {dagbag.py:545} INFO - Filling up the DagBag from /opt/airflow/dags/helloWorld.py
[2024-11-15T00:53:18.090+0000] {processor.py:840} INFO - DAG(s) 'HelloWorld' retrieved from /opt/airflow/dags/helloWorld.py
[2024-11-15T00:53:18.109+0000] {logging_mixin.py:188} INFO - [2024-11-15T00:53:18.109+0000] {dag.py:3096} INFO - Sync 1 DAGs
[2024-11-15T00:53:18.127+0000] {logging_mixin.py:188} INFO - [2024-11-15T00:53:18.127+0000] {dag.py:3954} INFO - Setting next_dagrun for HelloWorld to 2024-11-13 02:00:00+00:00, run_after=2024-11-14 02:00:00+00:00
[2024-11-15T00:53:18.139+0000] {processor.py:183} INFO - Processing /opt/airflow/dags/helloWorld.py took 0.068 seconds
[2024-11-15T00:53:48.499+0000] {processor.py:161} INFO - Started process (PID=476) to work on /opt/airflow/dags/helloWorld.py
[2024-11-15T00:53:48.502+0000] {processor.py:830} INFO - Processing file /opt/airflow/dags/helloWorld.py for tasks to queue
[2024-11-15T00:53:48.504+0000] {logging_mixin.py:188} INFO - [2024-11-15T00:53:48.504+0000] {dagbag.py:545} INFO - Filling up the DagBag from /opt/airflow/dags/helloWorld.py
[2024-11-15T00:53:48.513+0000] {processor.py:840} INFO - DAG(s) 'HelloWorld' retrieved from /opt/airflow/dags/helloWorld.py
[2024-11-15T00:53:48.530+0000] {logging_mixin.py:188} INFO - [2024-11-15T00:53:48.530+0000] {dag.py:3096} INFO - Sync 1 DAGs
[2024-11-15T00:53:48.542+0000] {logging_mixin.py:188} INFO - [2024-11-15T00:53:48.542+0000] {dag.py:3954} INFO - Setting next_dagrun for HelloWorld to 2024-11-13 02:00:00+00:00, run_after=2024-11-14 02:00:00+00:00
[2024-11-15T00:53:48.551+0000] {processor.py:183} INFO - Processing /opt/airflow/dags/helloWorld.py took 0.057 seconds
[2024-11-15T00:54:18.881+0000] {processor.py:161} INFO - Started process (PID=492) to work on /opt/airflow/dags/helloWorld.py
[2024-11-15T00:54:18.882+0000] {processor.py:830} INFO - Processing file /opt/airflow/dags/helloWorld.py for tasks to queue
[2024-11-15T00:54:18.884+0000] {logging_mixin.py:188} INFO - [2024-11-15T00:54:18.884+0000] {dagbag.py:545} INFO - Filling up the DagBag from /opt/airflow/dags/helloWorld.py
[2024-11-15T00:54:18.895+0000] {processor.py:840} INFO - DAG(s) 'HelloWorld' retrieved from /opt/airflow/dags/helloWorld.py
[2024-11-15T00:54:18.913+0000] {logging_mixin.py:188} INFO - [2024-11-15T00:54:18.913+0000] {dag.py:3096} INFO - Sync 1 DAGs
[2024-11-15T00:54:18.925+0000] {logging_mixin.py:188} INFO - [2024-11-15T00:54:18.925+0000] {dag.py:3954} INFO - Setting next_dagrun for HelloWorld to 2024-11-13 02:00:00+00:00, run_after=2024-11-14 02:00:00+00:00
[2024-11-15T00:54:18.935+0000] {processor.py:183} INFO - Processing /opt/airflow/dags/helloWorld.py took 0.062 seconds
[2024-11-15T00:54:49.322+0000] {processor.py:161} INFO - Started process (PID=508) to work on /opt/airflow/dags/helloWorld.py
[2024-11-15T00:54:49.323+0000] {processor.py:830} INFO - Processing file /opt/airflow/dags/helloWorld.py for tasks to queue
[2024-11-15T00:54:49.326+0000] {logging_mixin.py:188} INFO - [2024-11-15T00:54:49.325+0000] {dagbag.py:545} INFO - Filling up the DagBag from /opt/airflow/dags/helloWorld.py
[2024-11-15T00:54:49.339+0000] {processor.py:840} INFO - DAG(s) 'HelloWorld' retrieved from /opt/airflow/dags/helloWorld.py
[2024-11-15T00:54:49.358+0000] {logging_mixin.py:188} INFO - [2024-11-15T00:54:49.358+0000] {dag.py:3096} INFO - Sync 1 DAGs
[2024-11-15T00:54:49.370+0000] {logging_mixin.py:188} INFO - [2024-11-15T00:54:49.370+0000] {dag.py:3954} INFO - Setting next_dagrun for HelloWorld to 2024-11-13 02:00:00+00:00, run_after=2024-11-14 02:00:00+00:00
[2024-11-15T00:54:49.379+0000] {processor.py:183} INFO - Processing /opt/airflow/dags/helloWorld.py took 0.064 seconds
[2024-11-15T00:55:19.732+0000] {processor.py:161} INFO - Started process (PID=524) to work on /opt/airflow/dags/helloWorld.py
[2024-11-15T00:55:19.733+0000] {processor.py:830} INFO - Processing file /opt/airflow/dags/helloWorld.py for tasks to queue
[2024-11-15T00:55:19.735+0000] {logging_mixin.py:188} INFO - [2024-11-15T00:55:19.734+0000] {dagbag.py:545} INFO - Filling up the DagBag from /opt/airflow/dags/helloWorld.py
[2024-11-15T00:55:19.750+0000] {processor.py:840} INFO - DAG(s) 'HelloWorld' retrieved from /opt/airflow/dags/helloWorld.py
[2024-11-15T00:55:19.765+0000] {logging_mixin.py:188} INFO - [2024-11-15T00:55:19.765+0000] {dag.py:3096} INFO - Sync 1 DAGs
[2024-11-15T00:55:19.777+0000] {logging_mixin.py:188} INFO - [2024-11-15T00:55:19.776+0000] {dag.py:3954} INFO - Setting next_dagrun for HelloWorld to 2024-11-13 02:00:00+00:00, run_after=2024-11-14 02:00:00+00:00
[2024-11-15T00:55:19.785+0000] {processor.py:183} INFO - Processing /opt/airflow/dags/helloWorld.py took 0.061 seconds
[2024-11-15T00:55:50.177+0000] {processor.py:161} INFO - Started process (PID=540) to work on /opt/airflow/dags/helloWorld.py
[2024-11-15T00:55:50.178+0000] {processor.py:830} INFO - Processing file /opt/airflow/dags/helloWorld.py for tasks to queue
[2024-11-15T00:55:50.180+0000] {logging_mixin.py:188} INFO - [2024-11-15T00:55:50.179+0000] {dagbag.py:545} INFO - Filling up the DagBag from /opt/airflow/dags/helloWorld.py
[2024-11-15T00:55:50.187+0000] {processor.py:840} INFO - DAG(s) 'HelloWorld' retrieved from /opt/airflow/dags/helloWorld.py
[2024-11-15T00:55:50.206+0000] {logging_mixin.py:188} INFO - [2024-11-15T00:55:50.206+0000] {dag.py:3096} INFO - Sync 1 DAGs
[2024-11-15T00:55:50.218+0000] {logging_mixin.py:188} INFO - [2024-11-15T00:55:50.218+0000] {dag.py:3954} INFO - Setting next_dagrun for HelloWorld to 2024-11-13 02:00:00+00:00, run_after=2024-11-14 02:00:00+00:00
[2024-11-15T00:55:50.226+0000] {processor.py:183} INFO - Processing /opt/airflow/dags/helloWorld.py took 0.056 seconds
[2024-11-15T00:56:20.597+0000] {processor.py:161} INFO - Started process (PID=556) to work on /opt/airflow/dags/helloWorld.py
[2024-11-15T00:56:20.598+0000] {processor.py:830} INFO - Processing file /opt/airflow/dags/helloWorld.py for tasks to queue
[2024-11-15T00:56:20.600+0000] {logging_mixin.py:188} INFO - [2024-11-15T00:56:20.599+0000] {dagbag.py:545} INFO - Filling up the DagBag from /opt/airflow/dags/helloWorld.py
[2024-11-15T00:56:20.612+0000] {processor.py:840} INFO - DAG(s) 'HelloWorld' retrieved from /opt/airflow/dags/helloWorld.py
[2024-11-15T00:56:20.630+0000] {logging_mixin.py:188} INFO - [2024-11-15T00:56:20.630+0000] {dag.py:3096} INFO - Sync 1 DAGs
[2024-11-15T00:56:20.642+0000] {logging_mixin.py:188} INFO - [2024-11-15T00:56:20.641+0000] {dag.py:3954} INFO - Setting next_dagrun for HelloWorld to 2024-11-13 02:00:00+00:00, run_after=2024-11-14 02:00:00+00:00
[2024-11-15T00:56:20.650+0000] {processor.py:183} INFO - Processing /opt/airflow/dags/helloWorld.py took 0.060 seconds
[2024-11-15T00:56:50.942+0000] {processor.py:161} INFO - Started process (PID=572) to work on /opt/airflow/dags/helloWorld.py
[2024-11-15T00:56:50.944+0000] {processor.py:830} INFO - Processing file /opt/airflow/dags/helloWorld.py for tasks to queue
[2024-11-15T00:56:50.946+0000] {logging_mixin.py:188} INFO - [2024-11-15T00:56:50.945+0000] {dagbag.py:545} INFO - Filling up the DagBag from /opt/airflow/dags/helloWorld.py
[2024-11-15T00:56:50.953+0000] {processor.py:840} INFO - DAG(s) 'HelloWorld' retrieved from /opt/airflow/dags/helloWorld.py
[2024-11-15T00:56:50.974+0000] {logging_mixin.py:188} INFO - [2024-11-15T00:56:50.974+0000] {dag.py:3096} INFO - Sync 1 DAGs
[2024-11-15T00:56:50.988+0000] {logging_mixin.py:188} INFO - [2024-11-15T00:56:50.988+0000] {dag.py:3954} INFO - Setting next_dagrun for HelloWorld to 2024-11-13 02:00:00+00:00, run_after=2024-11-14 02:00:00+00:00
[2024-11-15T00:56:50.998+0000] {processor.py:183} INFO - Processing /opt/airflow/dags/helloWorld.py took 0.063 seconds
[2024-11-15T00:57:21.353+0000] {processor.py:161} INFO - Started process (PID=588) to work on /opt/airflow/dags/helloWorld.py
[2024-11-15T00:57:21.354+0000] {processor.py:830} INFO - Processing file /opt/airflow/dags/helloWorld.py for tasks to queue
[2024-11-15T00:57:21.357+0000] {logging_mixin.py:188} INFO - [2024-11-15T00:57:21.357+0000] {dagbag.py:545} INFO - Filling up the DagBag from /opt/airflow/dags/helloWorld.py
[2024-11-15T00:57:21.369+0000] {processor.py:840} INFO - DAG(s) 'HelloWorld' retrieved from /opt/airflow/dags/helloWorld.py
[2024-11-15T00:57:21.385+0000] {logging_mixin.py:188} INFO - [2024-11-15T00:57:21.385+0000] {dag.py:3096} INFO - Sync 1 DAGs
[2024-11-15T00:57:21.401+0000] {logging_mixin.py:188} INFO - [2024-11-15T00:57:21.401+0000] {dag.py:3954} INFO - Setting next_dagrun for HelloWorld to 2024-11-13 02:00:00+00:00, run_after=2024-11-14 02:00:00+00:00
[2024-11-15T00:57:21.412+0000] {processor.py:183} INFO - Processing /opt/airflow/dags/helloWorld.py took 0.065 seconds
[2024-11-15T00:57:51.707+0000] {processor.py:161} INFO - Started process (PID=604) to work on /opt/airflow/dags/helloWorld.py
[2024-11-15T00:57:51.708+0000] {processor.py:830} INFO - Processing file /opt/airflow/dags/helloWorld.py for tasks to queue
[2024-11-15T00:57:51.709+0000] {logging_mixin.py:188} INFO - [2024-11-15T00:57:51.709+0000] {dagbag.py:545} INFO - Filling up the DagBag from /opt/airflow/dags/helloWorld.py
[2024-11-15T00:57:51.720+0000] {processor.py:840} INFO - DAG(s) 'HelloWorld' retrieved from /opt/airflow/dags/helloWorld.py
[2024-11-15T00:57:51.737+0000] {logging_mixin.py:188} INFO - [2024-11-15T00:57:51.737+0000] {dag.py:3096} INFO - Sync 1 DAGs
[2024-11-15T00:57:51.748+0000] {logging_mixin.py:188} INFO - [2024-11-15T00:57:51.748+0000] {dag.py:3954} INFO - Setting next_dagrun for HelloWorld to 2024-11-13 02:00:00+00:00, run_after=2024-11-14 02:00:00+00:00
[2024-11-15T00:57:51.757+0000] {processor.py:183} INFO - Processing /opt/airflow/dags/helloWorld.py took 0.056 seconds
[2024-11-15T00:58:22.113+0000] {processor.py:161} INFO - Started process (PID=620) to work on /opt/airflow/dags/helloWorld.py
[2024-11-15T00:58:22.114+0000] {processor.py:830} INFO - Processing file /opt/airflow/dags/helloWorld.py for tasks to queue
[2024-11-15T00:58:22.116+0000] {logging_mixin.py:188} INFO - [2024-11-15T00:58:22.116+0000] {dagbag.py:545} INFO - Filling up the DagBag from /opt/airflow/dags/helloWorld.py
[2024-11-15T00:58:22.129+0000] {processor.py:840} INFO - DAG(s) 'HelloWorld' retrieved from /opt/airflow/dags/helloWorld.py
[2024-11-15T00:58:22.147+0000] {logging_mixin.py:188} INFO - [2024-11-15T00:58:22.147+0000] {dag.py:3096} INFO - Sync 1 DAGs
[2024-11-15T00:58:22.160+0000] {logging_mixin.py:188} INFO - [2024-11-15T00:58:22.160+0000] {dag.py:3954} INFO - Setting next_dagrun for HelloWorld to 2024-11-13 02:00:00+00:00, run_after=2024-11-14 02:00:00+00:00
[2024-11-15T00:58:22.169+0000] {processor.py:183} INFO - Processing /opt/airflow/dags/helloWorld.py took 0.063 seconds
[2024-11-15T00:58:52.546+0000] {processor.py:161} INFO - Started process (PID=636) to work on /opt/airflow/dags/helloWorld.py
[2024-11-15T00:58:52.547+0000] {processor.py:830} INFO - Processing file /opt/airflow/dags/helloWorld.py for tasks to queue
[2024-11-15T00:58:52.549+0000] {logging_mixin.py:188} INFO - [2024-11-15T00:58:52.548+0000] {dagbag.py:545} INFO - Filling up the DagBag from /opt/airflow/dags/helloWorld.py
[2024-11-15T00:58:52.565+0000] {processor.py:840} INFO - DAG(s) 'HelloWorld' retrieved from /opt/airflow/dags/helloWorld.py
[2024-11-15T00:58:52.582+0000] {logging_mixin.py:188} INFO - [2024-11-15T00:58:52.581+0000] {dag.py:3096} INFO - Sync 1 DAGs
[2024-11-15T00:58:52.592+0000] {logging_mixin.py:188} INFO - [2024-11-15T00:58:52.592+0000] {dag.py:3954} INFO - Setting next_dagrun for HelloWorld to 2024-11-13 02:00:00+00:00, run_after=2024-11-14 02:00:00+00:00
[2024-11-15T00:58:52.602+0000] {processor.py:183} INFO - Processing /opt/airflow/dags/helloWorld.py took 0.062 seconds
[2024-11-15T00:59:22.983+0000] {processor.py:161} INFO - Started process (PID=652) to work on /opt/airflow/dags/helloWorld.py
[2024-11-15T00:59:22.984+0000] {processor.py:830} INFO - Processing file /opt/airflow/dags/helloWorld.py for tasks to queue
[2024-11-15T00:59:22.986+0000] {logging_mixin.py:188} INFO - [2024-11-15T00:59:22.986+0000] {dagbag.py:545} INFO - Filling up the DagBag from /opt/airflow/dags/helloWorld.py
[2024-11-15T00:59:22.998+0000] {processor.py:840} INFO - DAG(s) 'HelloWorld' retrieved from /opt/airflow/dags/helloWorld.py
[2024-11-15T00:59:23.015+0000] {logging_mixin.py:188} INFO - [2024-11-15T00:59:23.014+0000] {dag.py:3096} INFO - Sync 1 DAGs
[2024-11-15T00:59:23.026+0000] {logging_mixin.py:188} INFO - [2024-11-15T00:59:23.026+0000] {dag.py:3954} INFO - Setting next_dagrun for HelloWorld to 2024-11-13 02:00:00+00:00, run_after=2024-11-14 02:00:00+00:00
[2024-11-15T00:59:23.035+0000] {processor.py:183} INFO - Processing /opt/airflow/dags/helloWorld.py took 0.058 seconds
[2024-11-15T00:59:53.428+0000] {processor.py:161} INFO - Started process (PID=668) to work on /opt/airflow/dags/helloWorld.py
[2024-11-15T00:59:53.429+0000] {processor.py:830} INFO - Processing file /opt/airflow/dags/helloWorld.py for tasks to queue
[2024-11-15T00:59:53.430+0000] {logging_mixin.py:188} INFO - [2024-11-15T00:59:53.430+0000] {dagbag.py:545} INFO - Filling up the DagBag from /opt/airflow/dags/helloWorld.py
[2024-11-15T00:59:53.439+0000] {processor.py:840} INFO - DAG(s) 'HelloWorld' retrieved from /opt/airflow/dags/helloWorld.py
[2024-11-15T00:59:53.455+0000] {logging_mixin.py:188} INFO - [2024-11-15T00:59:53.454+0000] {dag.py:3096} INFO - Sync 1 DAGs
[2024-11-15T00:59:53.472+0000] {logging_mixin.py:188} INFO - [2024-11-15T00:59:53.472+0000] {dag.py:3954} INFO - Setting next_dagrun for HelloWorld to 2024-11-13 02:00:00+00:00, run_after=2024-11-14 02:00:00+00:00
[2024-11-15T00:59:53.483+0000] {processor.py:183} INFO - Processing /opt/airflow/dags/helloWorld.py took 0.061 seconds
[2024-11-15T01:00:23.790+0000] {processor.py:161} INFO - Started process (PID=684) to work on /opt/airflow/dags/helloWorld.py
[2024-11-15T01:00:23.791+0000] {processor.py:830} INFO - Processing file /opt/airflow/dags/helloWorld.py for tasks to queue
[2024-11-15T01:00:23.793+0000] {logging_mixin.py:188} INFO - [2024-11-15T01:00:23.793+0000] {dagbag.py:545} INFO - Filling up the DagBag from /opt/airflow/dags/helloWorld.py
[2024-11-15T01:00:23.800+0000] {processor.py:840} INFO - DAG(s) 'HelloWorld' retrieved from /opt/airflow/dags/helloWorld.py
[2024-11-15T01:00:23.816+0000] {logging_mixin.py:188} INFO - [2024-11-15T01:00:23.815+0000] {dag.py:3096} INFO - Sync 1 DAGs
[2024-11-15T01:00:23.828+0000] {logging_mixin.py:188} INFO - [2024-11-15T01:00:23.828+0000] {dag.py:3954} INFO - Setting next_dagrun for HelloWorld to 2024-11-13 02:00:00+00:00, run_after=2024-11-14 02:00:00+00:00
[2024-11-15T01:00:23.837+0000] {processor.py:183} INFO - Processing /opt/airflow/dags/helloWorld.py took 0.052 seconds
[2024-11-15T01:00:54.182+0000] {processor.py:161} INFO - Started process (PID=700) to work on /opt/airflow/dags/helloWorld.py
[2024-11-15T01:00:54.184+0000] {processor.py:830} INFO - Processing file /opt/airflow/dags/helloWorld.py for tasks to queue
[2024-11-15T01:00:54.186+0000] {logging_mixin.py:188} INFO - [2024-11-15T01:00:54.186+0000] {dagbag.py:545} INFO - Filling up the DagBag from /opt/airflow/dags/helloWorld.py
[2024-11-15T01:00:54.196+0000] {processor.py:840} INFO - DAG(s) 'HelloWorld' retrieved from /opt/airflow/dags/helloWorld.py
[2024-11-15T01:00:54.212+0000] {logging_mixin.py:188} INFO - [2024-11-15T01:00:54.211+0000] {dag.py:3096} INFO - Sync 1 DAGs
[2024-11-15T01:00:54.224+0000] {logging_mixin.py:188} INFO - [2024-11-15T01:00:54.224+0000] {dag.py:3954} INFO - Setting next_dagrun for HelloWorld to 2024-11-13 02:00:00+00:00, run_after=2024-11-14 02:00:00+00:00
[2024-11-15T01:00:54.236+0000] {processor.py:183} INFO - Processing /opt/airflow/dags/helloWorld.py took 0.061 seconds
[2024-11-15T01:01:24.549+0000] {processor.py:161} INFO - Started process (PID=716) to work on /opt/airflow/dags/helloWorld.py
[2024-11-15T01:01:24.550+0000] {processor.py:830} INFO - Processing file /opt/airflow/dags/helloWorld.py for tasks to queue
[2024-11-15T01:01:24.552+0000] {logging_mixin.py:188} INFO - [2024-11-15T01:01:24.551+0000] {dagbag.py:545} INFO - Filling up the DagBag from /opt/airflow/dags/helloWorld.py
[2024-11-15T01:01:24.566+0000] {processor.py:840} INFO - DAG(s) 'HelloWorld' retrieved from /opt/airflow/dags/helloWorld.py
[2024-11-15T01:01:24.585+0000] {logging_mixin.py:188} INFO - [2024-11-15T01:01:24.584+0000] {dag.py:3096} INFO - Sync 1 DAGs
[2024-11-15T01:01:24.596+0000] {logging_mixin.py:188} INFO - [2024-11-15T01:01:24.596+0000] {dag.py:3954} INFO - Setting next_dagrun for HelloWorld to 2024-11-13 02:00:00+00:00, run_after=2024-11-14 02:00:00+00:00
[2024-11-15T01:01:24.606+0000] {processor.py:183} INFO - Processing /opt/airflow/dags/helloWorld.py took 0.064 seconds
[2024-11-15T01:01:54.979+0000] {processor.py:161} INFO - Started process (PID=732) to work on /opt/airflow/dags/helloWorld.py
[2024-11-15T01:01:54.980+0000] {processor.py:830} INFO - Processing file /opt/airflow/dags/helloWorld.py for tasks to queue
[2024-11-15T01:01:54.982+0000] {logging_mixin.py:188} INFO - [2024-11-15T01:01:54.982+0000] {dagbag.py:545} INFO - Filling up the DagBag from /opt/airflow/dags/helloWorld.py
[2024-11-15T01:01:54.990+0000] {processor.py:840} INFO - DAG(s) 'HelloWorld' retrieved from /opt/airflow/dags/helloWorld.py
[2024-11-15T01:01:55.006+0000] {logging_mixin.py:188} INFO - [2024-11-15T01:01:55.006+0000] {dag.py:3096} INFO - Sync 1 DAGs
[2024-11-15T01:01:55.021+0000] {logging_mixin.py:188} INFO - [2024-11-15T01:01:55.020+0000] {dag.py:3954} INFO - Setting next_dagrun for HelloWorld to 2024-11-13 02:00:00+00:00, run_after=2024-11-14 02:00:00+00:00
[2024-11-15T01:01:55.028+0000] {processor.py:183} INFO - Processing /opt/airflow/dags/helloWorld.py took 0.056 seconds
[2024-11-15T01:02:25.381+0000] {processor.py:161} INFO - Started process (PID=748) to work on /opt/airflow/dags/helloWorld.py
[2024-11-15T01:02:25.382+0000] {processor.py:830} INFO - Processing file /opt/airflow/dags/helloWorld.py for tasks to queue
[2024-11-15T01:02:25.383+0000] {logging_mixin.py:188} INFO - [2024-11-15T01:02:25.383+0000] {dagbag.py:545} INFO - Filling up the DagBag from /opt/airflow/dags/helloWorld.py
[2024-11-15T01:02:25.391+0000] {processor.py:840} INFO - DAG(s) 'HelloWorld' retrieved from /opt/airflow/dags/helloWorld.py
[2024-11-15T01:02:25.413+0000] {logging_mixin.py:188} INFO - [2024-11-15T01:02:25.412+0000] {dag.py:3096} INFO - Sync 1 DAGs
[2024-11-15T01:02:25.424+0000] {logging_mixin.py:188} INFO - [2024-11-15T01:02:25.424+0000] {dag.py:3954} INFO - Setting next_dagrun for HelloWorld to 2024-11-13 02:00:00+00:00, run_after=2024-11-14 02:00:00+00:00
[2024-11-15T01:02:25.436+0000] {processor.py:183} INFO - Processing /opt/airflow/dags/helloWorld.py took 0.061 seconds
[2024-11-15T01:02:55.812+0000] {processor.py:161} INFO - Started process (PID=770) to work on /opt/airflow/dags/helloWorld.py
[2024-11-15T01:02:55.813+0000] {processor.py:830} INFO - Processing file /opt/airflow/dags/helloWorld.py for tasks to queue
[2024-11-15T01:02:55.815+0000] {logging_mixin.py:188} INFO - [2024-11-15T01:02:55.815+0000] {dagbag.py:545} INFO - Filling up the DagBag from /opt/airflow/dags/helloWorld.py
[2024-11-15T01:02:55.826+0000] {processor.py:840} INFO - DAG(s) 'HelloWorld' retrieved from /opt/airflow/dags/helloWorld.py
[2024-11-15T01:02:55.843+0000] {logging_mixin.py:188} INFO - [2024-11-15T01:02:55.843+0000] {dag.py:3096} INFO - Sync 1 DAGs
[2024-11-15T01:02:55.855+0000] {logging_mixin.py:188} INFO - [2024-11-15T01:02:55.854+0000] {dag.py:3954} INFO - Setting next_dagrun for HelloWorld to 2024-11-13 02:00:00+00:00, run_after=2024-11-14 02:00:00+00:00
[2024-11-15T01:02:55.864+0000] {processor.py:183} INFO - Processing /opt/airflow/dags/helloWorld.py took 0.059 seconds
[2024-11-15T01:03:26.216+0000] {processor.py:161} INFO - Started process (PID=786) to work on /opt/airflow/dags/helloWorld.py
[2024-11-15T01:03:26.217+0000] {processor.py:830} INFO - Processing file /opt/airflow/dags/helloWorld.py for tasks to queue
[2024-11-15T01:03:26.218+0000] {logging_mixin.py:188} INFO - [2024-11-15T01:03:26.218+0000] {dagbag.py:545} INFO - Filling up the DagBag from /opt/airflow/dags/helloWorld.py
[2024-11-15T01:03:26.226+0000] {processor.py:840} INFO - DAG(s) 'HelloWorld' retrieved from /opt/airflow/dags/helloWorld.py
[2024-11-15T01:03:26.241+0000] {logging_mixin.py:188} INFO - [2024-11-15T01:03:26.241+0000] {dag.py:3096} INFO - Sync 1 DAGs
[2024-11-15T01:03:26.252+0000] {logging_mixin.py:188} INFO - [2024-11-15T01:03:26.252+0000] {dag.py:3954} INFO - Setting next_dagrun for HelloWorld to 2024-11-13 02:00:00+00:00, run_after=2024-11-14 02:00:00+00:00
[2024-11-15T01:03:26.263+0000] {processor.py:183} INFO - Processing /opt/airflow/dags/helloWorld.py took 0.051 seconds
[2024-11-15T01:03:56.631+0000] {processor.py:161} INFO - Started process (PID=802) to work on /opt/airflow/dags/helloWorld.py
[2024-11-15T01:03:56.631+0000] {processor.py:830} INFO - Processing file /opt/airflow/dags/helloWorld.py for tasks to queue
[2024-11-15T01:03:56.633+0000] {logging_mixin.py:188} INFO - [2024-11-15T01:03:56.633+0000] {dagbag.py:545} INFO - Filling up the DagBag from /opt/airflow/dags/helloWorld.py
[2024-11-15T01:03:56.641+0000] {processor.py:840} INFO - DAG(s) 'HelloWorld' retrieved from /opt/airflow/dags/helloWorld.py
[2024-11-15T01:03:56.660+0000] {logging_mixin.py:188} INFO - [2024-11-15T01:03:56.659+0000] {dag.py:3096} INFO - Sync 1 DAGs
[2024-11-15T01:03:56.672+0000] {logging_mixin.py:188} INFO - [2024-11-15T01:03:56.672+0000] {dag.py:3954} INFO - Setting next_dagrun for HelloWorld to 2024-11-13 02:00:00+00:00, run_after=2024-11-14 02:00:00+00:00
[2024-11-15T01:03:56.684+0000] {processor.py:183} INFO - Processing /opt/airflow/dags/helloWorld.py took 0.060 seconds
