[2024-11-27T00:00:01.026+0000] {local_task_job_runner.py:120} INFO - ::group::Pre task execution logs
[2024-11-27T00:00:01.035+0000] {taskinstance.py:2076} INFO - Dependencies all met for dep_context=non-requeueable deps ti=<TaskInstance: Weather_Realtime_Data_ETL.extract_weather_current_data scheduled__2024-11-26T23:30:00+00:00 [queued]>
[2024-11-27T00:00:01.038+0000] {taskinstance.py:2076} INFO - Dependencies all met for dep_context=requeueable deps ti=<TaskInstance: Weather_Realtime_Data_ETL.extract_weather_current_data scheduled__2024-11-26T23:30:00+00:00 [queued]>
[2024-11-27T00:00:01.038+0000] {taskinstance.py:2306} INFO - Starting attempt 1 of 2
[2024-11-27T00:00:01.043+0000] {taskinstance.py:2330} INFO - Executing <Task(_PythonDecoratedOperator): extract_weather_current_data> on 2024-11-26 23:30:00+00:00
[2024-11-27T00:00:01.048+0000] {logging_mixin.py:188} WARNING - /home/***/.local/lib/python3.12/site-packages/***/task/task_runner/standard_task_runner.py:61 DeprecationWarning: This process (pid=25796) is multi-threaded, use of fork() may lead to deadlocks in the child.
[2024-11-27T00:00:01.048+0000] {standard_task_runner.py:63} INFO - Started process 25814 to run task
[2024-11-27T00:00:01.051+0000] {standard_task_runner.py:90} INFO - Running: ['***', 'tasks', 'run', 'Weather_Realtime_Data_ETL', 'extract_weather_current_data', 'scheduled__2024-11-26T23:30:00+00:00', '--job-id', '282', '--raw', '--subdir', 'DAGS_FOLDER/ETL_weather_realtime.py', '--cfg-path', '/tmp/tmpdl9tduzq']
[2024-11-27T00:00:01.053+0000] {standard_task_runner.py:91} INFO - Job 282: Subtask extract_weather_current_data
[2024-11-27T00:00:01.074+0000] {task_command.py:426} INFO - Running <TaskInstance: Weather_Realtime_Data_ETL.extract_weather_current_data scheduled__2024-11-26T23:30:00+00:00 [running]> on host 5de3b6ca18a7
[2024-11-27T00:00:01.122+0000] {taskinstance.py:2648} INFO - Exporting env vars: AIRFLOW_CTX_DAG_EMAIL='shatayu.thakur@sjsu.edu' AIRFLOW_CTX_DAG_OWNER='Shatayu' AIRFLOW_CTX_DAG_ID='Weather_Realtime_Data_ETL' AIRFLOW_CTX_TASK_ID='extract_weather_current_data' AIRFLOW_CTX_EXECUTION_DATE='2024-11-26T23:30:00+00:00' AIRFLOW_CTX_TRY_NUMBER='1' AIRFLOW_CTX_DAG_RUN_ID='scheduled__2024-11-26T23:30:00+00:00'
[2024-11-27T00:00:01.123+0000] {taskinstance.py:430} INFO - ::endgroup::
[2024-11-27T00:00:01.915+0000] {logging_mixin.py:188} INFO - Raw Output in JSON {'location': {'name': 'Jersey City', 'region': 'New Jersey', 'country': 'United States of America', 'lat': 40.7281, 'lon': -74.0781, 'tz_id': 'America/New_York', 'localtime_epoch': 1732664937, 'localtime': '2024-11-26 18:48'}, 'current': {'last_updated_epoch': 1732664700, 'last_updated': '2024-11-26 18:45', 'temp_c': 12.2, 'temp_f': 54.0, 'is_day': 0, 'condition': {'text': 'Partly cloudy', 'icon': '//cdn.weatherapi.com/weather/64x64/night/116.png', 'code': 1003}, 'wind_mph': 11.6, 'wind_kph': 18.7, 'wind_degree': 319, 'wind_dir': 'NW', 'pressure_mb': 1014.0, 'pressure_in': 29.94, 'precip_mm': 0.0, 'precip_in': 0.0, 'humidity': 49, 'cloud': 25, 'feelslike_c': 10.3, 'feelslike_f': 50.5, 'windchill_c': 10.0, 'windchill_f': 50.1, 'heatindex_c': 11.8, 'heatindex_f': 53.2, 'dewpoint_c': 5.5, 'dewpoint_f': 41.9, 'vis_km': 16.0, 'vis_miles': 9.0, 'uv': 0.0, 'gust_mph': 16.8, 'gust_kph': 27.1}}
[2024-11-27T00:00:01.921+0000] {logging_mixin.py:188} INFO - Current Data for Jersey City, New Jersey:
[2024-11-27T00:00:01.928+0000] {logging_mixin.py:188} INFO -         last_updated  temp_f  feelslike_f  humidity  precip_mm
0  2024-11-26 18:45    54.0         50.5        49        0.0
[2024-11-27T00:00:01.929+0000] {python.py:237} INFO - Done. Returned value was:        last_updated  temp_f  feelslike_f  humidity  precip_mm
0  2024-11-26 18:45    54.0         50.5        49        0.0
[2024-11-27T00:00:01.933+0000] {taskinstance.py:441} INFO - ::group::Post task execution logs
[2024-11-27T00:00:01.961+0000] {taskinstance.py:1206} INFO - Marking task as SUCCESS. dag_id=Weather_Realtime_Data_ETL, task_id=extract_weather_current_data, run_id=scheduled__2024-11-26T23:30:00+00:00, execution_date=20241126T233000, start_date=20241127T000001, end_date=20241127T000001
[2024-11-27T00:00:01.993+0000] {local_task_job_runner.py:240} INFO - Task exited with return code 0
[2024-11-27T00:00:02.006+0000] {taskinstance.py:3498} INFO - 1 downstream tasks scheduled from follow-on schedule check
[2024-11-27T00:00:02.007+0000] {local_task_job_runner.py:222} INFO - ::endgroup::
