[2024-11-26T19:46:01.445+0000] {local_task_job_runner.py:120} INFO - ::group::Pre task execution logs
[2024-11-26T19:46:01.453+0000] {taskinstance.py:2076} INFO - Dependencies all met for dep_context=non-requeueable deps ti=<TaskInstance: Citibike_Hist_Data_ETL.trigger_etl_historical_weather manual__2024-11-26T19:43:30.461399+00:00 [queued]>
[2024-11-26T19:46:01.458+0000] {taskinstance.py:2076} INFO - Dependencies all met for dep_context=requeueable deps ti=<TaskInstance: Citibike_Hist_Data_ETL.trigger_etl_historical_weather manual__2024-11-26T19:43:30.461399+00:00 [queued]>
[2024-11-26T19:46:01.458+0000] {taskinstance.py:2306} INFO - Starting attempt 1 of 2
[2024-11-26T19:46:01.464+0000] {taskinstance.py:2330} INFO - Executing <Task(TriggerDagRunOperator): trigger_etl_historical_weather> on 2024-11-26 19:43:30.461399+00:00
[2024-11-26T19:46:01.471+0000] {logging_mixin.py:188} WARNING - /home/***/.local/lib/python3.12/site-packages/***/task/task_runner/standard_task_runner.py:61 DeprecationWarning: This process (pid=21456) is multi-threaded, use of fork() may lead to deadlocks in the child.
[2024-11-26T19:46:01.472+0000] {standard_task_runner.py:63} INFO - Started process 21459 to run task
[2024-11-26T19:46:01.471+0000] {standard_task_runner.py:90} INFO - Running: ['***', 'tasks', 'run', 'Citibike_Hist_Data_ETL', 'trigger_etl_historical_weather', 'manual__2024-11-26T19:43:30.461399+00:00', '--job-id', '244', '--raw', '--subdir', 'DAGS_FOLDER/ETL_citibike.py', '--cfg-path', '/tmp/tmp6x62hblp']
[2024-11-26T19:46:01.473+0000] {standard_task_runner.py:91} INFO - Job 244: Subtask trigger_etl_historical_weather
[2024-11-26T19:46:01.506+0000] {task_command.py:426} INFO - Running <TaskInstance: Citibike_Hist_Data_ETL.trigger_etl_historical_weather manual__2024-11-26T19:43:30.461399+00:00 [running]> on host 5de3b6ca18a7
[2024-11-26T19:46:01.555+0000] {taskinstance.py:2648} INFO - Exporting env vars: AIRFLOW_CTX_DAG_EMAIL='shatayu.thakur@sjsu.edu' AIRFLOW_CTX_DAG_OWNER='Shatayu' AIRFLOW_CTX_DAG_ID='Citibike_Hist_Data_ETL' AIRFLOW_CTX_TASK_ID='trigger_etl_historical_weather' AIRFLOW_CTX_EXECUTION_DATE='2024-11-26T19:43:30.461399+00:00' AIRFLOW_CTX_TRY_NUMBER='1' AIRFLOW_CTX_DAG_RUN_ID='manual__2024-11-26T19:43:30.461399+00:00'
[2024-11-26T19:46:01.556+0000] {taskinstance.py:430} INFO - ::endgroup::
[2024-11-26T19:46:02.259+0000] {trigger_dagrun.py:222} INFO - Waiting for Weather_Hist_Data_ETL on 2024-11-26 19:46:01.556517+00:00 to become allowed state ['success'] ...
[2024-11-26T19:47:02.304+0000] {trigger_dagrun.py:222} INFO - Waiting for Weather_Hist_Data_ETL on 2024-11-26 19:46:01.556517+00:00 to become allowed state ['success'] ...
[2024-11-26T19:48:02.333+0000] {trigger_dagrun.py:235} INFO - Weather_Hist_Data_ETL finished with allowed state success
[2024-11-26T19:48:02.336+0000] {taskinstance.py:441} INFO - ::group::Post task execution logs
[2024-11-26T19:48:02.348+0000] {taskinstance.py:1206} INFO - Marking task as SUCCESS. dag_id=Citibike_Hist_Data_ETL, task_id=trigger_etl_historical_weather, run_id=manual__2024-11-26T19:43:30.461399+00:00, execution_date=20241126T194330, start_date=20241126T194601, end_date=20241126T194802
[2024-11-26T19:48:02.398+0000] {local_task_job_runner.py:240} INFO - Task exited with return code 0
[2024-11-26T19:48:02.423+0000] {taskinstance.py:3498} INFO - 0 downstream tasks scheduled from follow-on schedule check
[2024-11-26T19:48:02.425+0000] {local_task_job_runner.py:222} INFO - ::endgroup::
