[2024-11-25T17:06:29.837+0000] {local_task_job_runner.py:120} INFO - ::group::Pre task execution logs
[2024-11-25T17:06:29.846+0000] {taskinstance.py:2076} INFO - Dependencies all met for dep_context=non-requeueable deps ti=<TaskInstance: Citibike_Data_ETL.extract_citibike_data manual__2024-11-25T17:06:27.640329+00:00 [queued]>
[2024-11-25T17:06:29.849+0000] {taskinstance.py:2076} INFO - Dependencies all met for dep_context=requeueable deps ti=<TaskInstance: Citibike_Data_ETL.extract_citibike_data manual__2024-11-25T17:06:27.640329+00:00 [queued]>
[2024-11-25T17:06:29.849+0000] {taskinstance.py:2306} INFO - Starting attempt 1 of 2
[2024-11-25T17:06:29.854+0000] {taskinstance.py:2330} INFO - Executing <Task(_PythonDecoratedOperator): extract_citibike_data> on 2024-11-25 17:06:27.640329+00:00
[2024-11-25T17:06:29.860+0000] {logging_mixin.py:188} WARNING - /home/***/.local/lib/python3.12/site-packages/***/task/task_runner/standard_task_runner.py:61 DeprecationWarning: This process (pid=15698) is multi-threaded, use of fork() may lead to deadlocks in the child.
[2024-11-25T17:06:29.860+0000] {standard_task_runner.py:63} INFO - Started process 15701 to run task
[2024-11-25T17:06:29.859+0000] {standard_task_runner.py:90} INFO - Running: ['***', 'tasks', 'run', 'Citibike_Data_ETL', 'extract_citibike_data', 'manual__2024-11-25T17:06:27.640329+00:00', '--job-id', '106', '--raw', '--subdir', 'DAGS_FOLDER/ETL_citibike.py', '--cfg-path', '/tmp/tmpdxfe7_p1']
[2024-11-25T17:06:29.861+0000] {standard_task_runner.py:91} INFO - Job 106: Subtask extract_citibike_data
[2024-11-25T17:06:29.887+0000] {task_command.py:426} INFO - Running <TaskInstance: Citibike_Data_ETL.extract_citibike_data manual__2024-11-25T17:06:27.640329+00:00 [running]> on host 5de3b6ca18a7
[2024-11-25T17:06:29.929+0000] {taskinstance.py:2648} INFO - Exporting env vars: AIRFLOW_CTX_DAG_EMAIL='shatayu.thakur@sjsu.edu' AIRFLOW_CTX_DAG_OWNER='Shatayu' AIRFLOW_CTX_DAG_ID='Citibike_Data_ETL' AIRFLOW_CTX_TASK_ID='extract_citibike_data' AIRFLOW_CTX_EXECUTION_DATE='2024-11-25T17:06:27.640329+00:00' AIRFLOW_CTX_TRY_NUMBER='1' AIRFLOW_CTX_DAG_RUN_ID='manual__2024-11-25T17:06:27.640329+00:00'
[2024-11-25T17:06:29.930+0000] {taskinstance.py:430} INFO - ::endgroup::
[2024-11-25T17:06:29.930+0000] {logging_mixin.py:188} INFO - Fetching citibike ride data from 2021-10 to 2024-10
[2024-11-25T17:06:31.052+0000] {logging_mixin.py:188} INFO - Successfully processed: JC-202110-citibike-tripdata.csv
[2024-11-25T17:06:31.997+0000] {logging_mixin.py:188} INFO - Successfully processed: JC-202111-citibike-tripdata.csv
[2024-11-25T17:06:35.590+0000] {logging_mixin.py:188} INFO - Successfully processed: JC-202112-citibike-tripdata.csv
[2024-11-25T17:06:36.318+0000] {logging_mixin.py:188} INFO - Successfully processed: JC-202201-citibike-tripdata.csv
[2024-11-25T17:06:37.228+0000] {logging_mixin.py:188} INFO - Successfully processed: JC-202202-citibike-tripdata.csv
[2024-11-25T17:06:38.151+0000] {logging_mixin.py:188} INFO - Successfully processed: JC-202203-citibike-tripdata.csv
[2024-11-25T17:06:39.154+0000] {logging_mixin.py:188} INFO - Successfully processed: JC-202204-citibike-tripdata.csv
[2024-11-25T17:06:40.249+0000] {logging_mixin.py:188} INFO - Successfully processed: JC-202205-citibike-tripdata.csv
[2024-11-25T17:06:41.350+0000] {logging_mixin.py:188} INFO - Successfully processed: JC-202206-citibike-tripdata.csv
[2024-11-25T17:06:42.513+0000] {logging_mixin.py:188} INFO - Successfully processed: JC-202207-citbike-tripdata.csv
[2024-11-25T17:06:43.670+0000] {logging_mixin.py:188} INFO - Successfully processed: JC-202208-citibike-tripdata.csv
[2024-11-25T17:06:44.983+0000] {logging_mixin.py:188} INFO - Successfully processed: JC-202209-citibike-tripdata.csv
[2024-11-25T17:06:46.136+0000] {logging_mixin.py:188} INFO - Successfully processed: JC-202210-citibike-tripdata.csv
[2024-11-25T17:06:51.059+0000] {logging_mixin.py:188} INFO - Successfully processed: JC-202211-citibike-tripdata.csv
[2024-11-25T17:06:51.973+0000] {logging_mixin.py:188} INFO - Successfully processed: JC-202212-citibike-tripdata.csv
[2024-11-25T17:06:52.930+0000] {logging_mixin.py:188} INFO - Successfully processed: JC-202301-citibike-tripdata.csv
[2024-11-25T17:06:53.859+0000] {logging_mixin.py:188} INFO - Successfully processed: JC-202302-citibike-tripdata.csv
[2024-11-25T17:06:54.829+0000] {logging_mixin.py:188} INFO - Successfully processed: JC-202303-citibike-tripdata.csv
[2024-11-25T17:06:59.914+0000] {logging_mixin.py:188} INFO - Successfully processed: JC-202304-citibike-tripdata.csv
[2024-11-25T17:07:00.969+0000] {logging_mixin.py:188} INFO - Successfully processed: JC-202305-citibike-tripdata.csv
[2024-11-25T17:07:02.111+0000] {logging_mixin.py:188} INFO - Successfully processed: JC-202306-citibike-tripdata.csv
[2024-11-25T17:07:03.246+0000] {logging_mixin.py:188} INFO - Successfully processed: JC-202307-citibike-tripdata.csv
[2024-11-25T17:07:04.469+0000] {logging_mixin.py:188} INFO - Successfully processed: JC-202308-citibike-tripdata.csv
[2024-11-25T17:07:05.599+0000] {logging_mixin.py:188} INFO - Successfully processed: JC-202309-citibike-tripdata.csv
[2024-11-25T17:07:06.763+0000] {logging_mixin.py:188} INFO - Successfully processed: JC-202310-citibike-tripdata.csv
[2024-11-25T17:07:07.812+0000] {logging_mixin.py:188} INFO - Successfully processed: JC-202311-citibike-tripdata.csv
[2024-11-25T17:07:08.743+0000] {logging_mixin.py:188} INFO - Successfully processed: JC-202312-citibike-tripdata.csv
[2024-11-25T17:07:09.680+0000] {logging_mixin.py:188} INFO - Successfully processed: JC-202401-citibike-tripdata.csv
[2024-11-25T17:07:10.602+0000] {logging_mixin.py:188} INFO - Successfully processed: JC-202402-citibike-tripdata.csv
[2024-11-25T17:07:11.613+0000] {logging_mixin.py:188} INFO - Successfully processed: JC-202403-citibike-tripdata.csv
[2024-11-25T17:07:12.704+0000] {logging_mixin.py:188} INFO - Successfully processed: JC-202404-citibike-tripdata.csv
[2024-11-25T17:07:13.834+0000] {logging_mixin.py:188} INFO - Successfully processed: JC-202405-citibike-tripdata.csv
[2024-11-25T17:07:15.076+0000] {logging_mixin.py:188} INFO - Successfully processed: JC-202406-citibike-tripdata.csv
[2024-11-25T17:07:16.262+0000] {logging_mixin.py:188} INFO - Successfully processed: JC-202407-citibike-tripdata.csv
[2024-11-25T17:07:17.374+0000] {logging_mixin.py:188} INFO - Successfully processed: JC-202408-citibike-tripdata.csv
[2024-11-25T17:07:18.746+0000] {logging_mixin.py:188} INFO - Successfully processed: JC-202409-citibike-tripdata.csv
[2024-11-25T17:07:19.950+0000] {logging_mixin.py:188} INFO - Successfully processed: JC-202410-citibike-tripdata.csv
[2024-11-25T17:07:33.613+0000] {python.py:237} INFO - Done. Returned value was: /opt/***/temp_store_proj/extracted_data.csv
[2024-11-25T17:07:33.614+0000] {taskinstance.py:441} INFO - ::group::Post task execution logs
[2024-11-25T17:07:33.719+0000] {taskinstance.py:1206} INFO - Marking task as SUCCESS. dag_id=Citibike_Data_ETL, task_id=extract_citibike_data, run_id=manual__2024-11-25T17:06:27.640329+00:00, execution_date=20241125T170627, start_date=20241125T170629, end_date=20241125T170733
[2024-11-25T17:07:33.738+0000] {local_task_job_runner.py:240} INFO - Task exited with return code 0
[2024-11-25T17:07:33.756+0000] {taskinstance.py:3498} INFO - 1 downstream tasks scheduled from follow-on schedule check
[2024-11-25T17:07:33.757+0000] {local_task_job_runner.py:222} INFO - ::endgroup::
