[2024-11-26T18:56:25.897+0000] {local_task_job_runner.py:120} INFO - ::group::Pre task execution logs
[2024-11-26T18:56:25.904+0000] {taskinstance.py:2076} INFO - Dependencies all met for dep_context=non-requeueable deps ti=<TaskInstance: Weather_Realtime_Data_ETL.extract_weather_current_data manual__2024-11-26T18:56:24.388168+00:00 [queued]>
[2024-11-26T18:56:25.908+0000] {taskinstance.py:2076} INFO - Dependencies all met for dep_context=requeueable deps ti=<TaskInstance: Weather_Realtime_Data_ETL.extract_weather_current_data manual__2024-11-26T18:56:24.388168+00:00 [queued]>
[2024-11-26T18:56:25.908+0000] {taskinstance.py:2306} INFO - Starting attempt 1 of 2
[2024-11-26T18:56:25.913+0000] {taskinstance.py:2330} INFO - Executing <Task(_PythonDecoratedOperator): extract_weather_current_data> on 2024-11-26 18:56:24.388168+00:00
[2024-11-26T18:56:25.919+0000] {logging_mixin.py:188} WARNING - /home/***/.local/lib/python3.12/site-packages/***/task/task_runner/standard_task_runner.py:61 DeprecationWarning: This process (pid=18984) is multi-threaded, use of fork() may lead to deadlocks in the child.
[2024-11-26T18:56:25.920+0000] {standard_task_runner.py:63} INFO - Started process 18987 to run task
[2024-11-26T18:56:25.919+0000] {standard_task_runner.py:90} INFO - Running: ['***', 'tasks', 'run', 'Weather_Realtime_Data_ETL', 'extract_weather_current_data', 'manual__2024-11-26T18:56:24.388168+00:00', '--job-id', '208', '--raw', '--subdir', 'DAGS_FOLDER/ETL_weather_realtime.py', '--cfg-path', '/tmp/tmpzx3zkb7o']
[2024-11-26T18:56:25.921+0000] {standard_task_runner.py:91} INFO - Job 208: Subtask extract_weather_current_data
[2024-11-26T18:56:25.946+0000] {task_command.py:426} INFO - Running <TaskInstance: Weather_Realtime_Data_ETL.extract_weather_current_data manual__2024-11-26T18:56:24.388168+00:00 [running]> on host 5de3b6ca18a7
[2024-11-26T18:56:25.982+0000] {taskinstance.py:2648} INFO - Exporting env vars: AIRFLOW_CTX_DAG_EMAIL='shatayu.thakur@sjsu.edu' AIRFLOW_CTX_DAG_OWNER='Shatayu' AIRFLOW_CTX_DAG_ID='Weather_Realtime_Data_ETL' AIRFLOW_CTX_TASK_ID='extract_weather_current_data' AIRFLOW_CTX_EXECUTION_DATE='2024-11-26T18:56:24.388168+00:00' AIRFLOW_CTX_TRY_NUMBER='1' AIRFLOW_CTX_DAG_RUN_ID='manual__2024-11-26T18:56:24.388168+00:00'
[2024-11-26T18:56:25.983+0000] {taskinstance.py:430} INFO - ::endgroup::
[2024-11-26T18:56:26.212+0000] {logging_mixin.py:188} INFO - Raw Output in JSON {'location': {'name': 'Jersey City', 'region': 'New Jersey', 'country': 'United States of America', 'lat': 40.7281, 'lon': -74.0781, 'tz_id': 'America/New_York', 'localtime_epoch': 1732646731, 'localtime': '2024-11-26 13:45'}, 'current': {'last_updated_epoch': 1732646700, 'last_updated': '2024-11-26 13:45', 'temp_c': 15.0, 'temp_f': 59.0, 'is_day': 1, 'condition': {'text': 'Partly cloudy', 'icon': '//cdn.weatherapi.com/weather/64x64/day/116.png', 'code': 1003}, 'wind_mph': 10.7, 'wind_kph': 17.3, 'wind_degree': 262, 'wind_dir': 'W', 'pressure_mb': 1009.0, 'pressure_in': 29.8, 'precip_mm': 0.0, 'precip_in': 0.0, 'humidity': 67, 'cloud': 75, 'feelslike_c': 13.9, 'feelslike_f': 57.0, 'windchill_c': 9.8, 'windchill_f': 49.7, 'heatindex_c': 11.9, 'heatindex_f': 53.4, 'dewpoint_c': 9.5, 'dewpoint_f': 49.0, 'vis_km': 16.0, 'vis_miles': 9.0, 'uv': 1.4, 'gust_mph': 15.0, 'gust_kph': 24.2}}
[2024-11-26T18:56:26.216+0000] {logging_mixin.py:188} INFO - Current Data for Jersey City, New Jersey:
[2024-11-26T18:56:26.224+0000] {logging_mixin.py:188} INFO -         last_updated  temp_f  feelslike_f  humidity  precip_mm
0  2024-11-26 13:45    59.0         57.0        67        0.0
[2024-11-26T18:56:26.225+0000] {python.py:237} INFO - Done. Returned value was:        last_updated  temp_f  feelslike_f  humidity  precip_mm
0  2024-11-26 13:45    59.0         57.0        67        0.0
[2024-11-26T18:56:26.227+0000] {taskinstance.py:441} INFO - ::group::Post task execution logs
[2024-11-26T18:56:26.250+0000] {taskinstance.py:1206} INFO - Marking task as SUCCESS. dag_id=Weather_Realtime_Data_ETL, task_id=extract_weather_current_data, run_id=manual__2024-11-26T18:56:24.388168+00:00, execution_date=20241126T185624, start_date=20241126T185625, end_date=20241126T185626
[2024-11-26T18:56:26.280+0000] {local_task_job_runner.py:240} INFO - Task exited with return code 0
[2024-11-26T18:56:26.291+0000] {taskinstance.py:3498} INFO - 1 downstream tasks scheduled from follow-on schedule check
[2024-11-26T18:56:26.292+0000] {local_task_job_runner.py:222} INFO - ::endgroup::
