[2024-11-28T02:05:02.524+0000] {local_task_job_runner.py:120} INFO - ::group::Pre task execution logs
[2024-11-28T02:05:02.532+0000] {taskinstance.py:2076} INFO - Dependencies all met for dep_context=non-requeueable deps ti=<TaskInstance: Weather_Realtime_Data_ETL.extract_weather_current_data scheduled__2024-11-28T01:30:00+00:00 [queued]>
[2024-11-28T02:05:02.536+0000] {taskinstance.py:2076} INFO - Dependencies all met for dep_context=requeueable deps ti=<TaskInstance: Weather_Realtime_Data_ETL.extract_weather_current_data scheduled__2024-11-28T01:30:00+00:00 [queued]>
[2024-11-28T02:05:02.536+0000] {taskinstance.py:2306} INFO - Starting attempt 2 of 2
[2024-11-28T02:05:02.542+0000] {taskinstance.py:2330} INFO - Executing <Task(_PythonDecoratedOperator): extract_weather_current_data> on 2024-11-28 01:30:00+00:00
[2024-11-28T02:05:02.549+0000] {logging_mixin.py:188} WARNING - /home/***/.local/lib/python3.12/site-packages/***/task/task_runner/standard_task_runner.py:61 DeprecationWarning: This process (pid=41145) is multi-threaded, use of fork() may lead to deadlocks in the child.
[2024-11-28T02:05:02.547+0000] {standard_task_runner.py:90} INFO - Running: ['***', 'tasks', 'run', 'Weather_Realtime_Data_ETL', 'extract_weather_current_data', 'scheduled__2024-11-28T01:30:00+00:00', '--job-id', '404', '--raw', '--subdir', 'DAGS_FOLDER/ETL_weather_realtime.py', '--cfg-path', '/tmp/tmpmtffuzn7']
[2024-11-28T02:05:02.550+0000] {standard_task_runner.py:91} INFO - Job 404: Subtask extract_weather_current_data
[2024-11-28T02:05:02.550+0000] {standard_task_runner.py:63} INFO - Started process 41148 to run task
[2024-11-28T02:05:02.602+0000] {task_command.py:426} INFO - Running <TaskInstance: Weather_Realtime_Data_ETL.extract_weather_current_data scheduled__2024-11-28T01:30:00+00:00 [running]> on host 5de3b6ca18a7
[2024-11-28T02:05:02.660+0000] {taskinstance.py:2648} INFO - Exporting env vars: AIRFLOW_CTX_DAG_EMAIL='shatayu.thakur@sjsu.edu' AIRFLOW_CTX_DAG_OWNER='Shatayu' AIRFLOW_CTX_DAG_ID='Weather_Realtime_Data_ETL' AIRFLOW_CTX_TASK_ID='extract_weather_current_data' AIRFLOW_CTX_EXECUTION_DATE='2024-11-28T01:30:00+00:00' AIRFLOW_CTX_TRY_NUMBER='2' AIRFLOW_CTX_DAG_RUN_ID='scheduled__2024-11-28T01:30:00+00:00'
[2024-11-28T02:05:02.662+0000] {taskinstance.py:430} INFO - ::endgroup::
[2024-11-28T02:05:03.413+0000] {logging_mixin.py:188} INFO - Raw Output in JSON {'location': {'name': 'Jersey City', 'region': 'New Jersey', 'country': 'United States of America', 'lat': 40.7281, 'lon': -74.0781, 'tz_id': 'America/New_York', 'localtime_epoch': 1732759472, 'localtime': '2024-11-27 21:04'}, 'current': {'last_updated_epoch': 1732759200, 'last_updated': '2024-11-27 21:00', 'temp_c': 8.3, 'temp_f': 46.9, 'is_day': 0, 'condition': {'text': 'Overcast', 'icon': '//cdn.weatherapi.com/weather/64x64/night/122.png', 'code': 1009}, 'wind_mph': 3.8, 'wind_kph': 6.1, 'wind_degree': 243, 'wind_dir': 'WSW', 'pressure_mb': 1016.0, 'pressure_in': 30.0, 'precip_mm': 0.0, 'precip_in': 0.0, 'humidity': 48, 'cloud': 100, 'feelslike_c': 7.5, 'feelslike_f': 45.5, 'windchill_c': 6.8, 'windchill_f': 44.2, 'heatindex_c': 7.2, 'heatindex_f': 45.0, 'dewpoint_c': 4.0, 'dewpoint_f': 39.1, 'vis_km': 16.0, 'vis_miles': 9.0, 'uv': 0.0, 'gust_mph': 5.8, 'gust_kph': 9.4}}
[2024-11-28T02:05:03.418+0000] {logging_mixin.py:188} INFO - Current Data for Jersey City, New Jersey:
[2024-11-28T02:05:03.429+0000] {logging_mixin.py:188} INFO -         last_updated  temp_f  feelslike_f  humidity  precip_mm
0  2024-11-27 21:00    46.9         45.5        48        0.0
[2024-11-28T02:05:03.429+0000] {python.py:237} INFO - Done. Returned value was:        last_updated  temp_f  feelslike_f  humidity  precip_mm
0  2024-11-27 21:00    46.9         45.5        48        0.0
[2024-11-28T02:05:03.432+0000] {taskinstance.py:441} INFO - ::group::Post task execution logs
[2024-11-28T02:05:03.464+0000] {taskinstance.py:1206} INFO - Marking task as SUCCESS. dag_id=Weather_Realtime_Data_ETL, task_id=extract_weather_current_data, run_id=scheduled__2024-11-28T01:30:00+00:00, execution_date=20241128T013000, start_date=20241128T020502, end_date=20241128T020503
[2024-11-28T02:05:03.501+0000] {local_task_job_runner.py:240} INFO - Task exited with return code 0
[2024-11-28T02:05:03.514+0000] {taskinstance.py:3498} INFO - 1 downstream tasks scheduled from follow-on schedule check
[2024-11-28T02:05:03.515+0000] {local_task_job_runner.py:222} INFO - ::endgroup::
