[2024-11-24T23:16:40.248+0000] {local_task_job_runner.py:120} INFO - ::group::Pre task execution logs
[2024-11-24T23:16:40.259+0000] {taskinstance.py:2076} INFO - Dependencies all met for dep_context=non-requeueable deps ti=<TaskInstance: Citibike_Data_ETL.transform_data manual__2024-11-24T23:16:38.991282+00:00 [queued]>
[2024-11-24T23:16:40.263+0000] {taskinstance.py:2076} INFO - Dependencies all met for dep_context=requeueable deps ti=<TaskInstance: Citibike_Data_ETL.transform_data manual__2024-11-24T23:16:38.991282+00:00 [queued]>
[2024-11-24T23:16:40.264+0000] {taskinstance.py:2306} INFO - Starting attempt 1 of 2
[2024-11-24T23:16:40.271+0000] {taskinstance.py:2330} INFO - Executing <Task(_PythonDecoratedOperator): transform_data> on 2024-11-24 23:16:38.991282+00:00
[2024-11-24T23:16:40.278+0000] {standard_task_runner.py:90} INFO - Running: ['***', 'tasks', 'run', 'Citibike_Data_ETL', 'transform_data', 'manual__2024-11-24T23:16:38.991282+00:00', '--job-id', '32', '--raw', '--subdir', 'DAGS_FOLDER/ETL.py', '--cfg-path', '/tmp/tmpou9vqkzd']
[2024-11-24T23:16:40.280+0000] {logging_mixin.py:188} WARNING - /home/***/.local/lib/python3.12/site-packages/***/task/task_runner/standard_task_runner.py:61 DeprecationWarning: This process (pid=3716) is multi-threaded, use of fork() may lead to deadlocks in the child.
[2024-11-24T23:16:40.281+0000] {standard_task_runner.py:91} INFO - Job 32: Subtask transform_data
[2024-11-24T23:16:40.281+0000] {standard_task_runner.py:63} INFO - Started process 3723 to run task
[2024-11-24T23:16:40.308+0000] {task_command.py:426} INFO - Running <TaskInstance: Citibike_Data_ETL.transform_data manual__2024-11-24T23:16:38.991282+00:00 [running]> on host a04e18a8aa10
[2024-11-24T23:16:40.354+0000] {taskinstance.py:2648} INFO - Exporting env vars: AIRFLOW_CTX_DAG_EMAIL='shatayu.thakur@sjsu.edu' AIRFLOW_CTX_DAG_OWNER='Shatayu' AIRFLOW_CTX_DAG_ID='Citibike_Data_ETL' AIRFLOW_CTX_TASK_ID='transform_data' AIRFLOW_CTX_EXECUTION_DATE='2024-11-24T23:16:38.991282+00:00' AIRFLOW_CTX_TRY_NUMBER='1' AIRFLOW_CTX_DAG_RUN_ID='manual__2024-11-24T23:16:38.991282+00:00'
[2024-11-24T23:16:40.355+0000] {taskinstance.py:430} INFO - ::endgroup::
[2024-11-24T23:16:48.727+0000] {logging_mixin.py:188} WARNING - /opt/***/dags/ETL.py:98 DtypeWarning: Columns (1,2,4,8,12,15,16,17,18,19,20,21,22,27) have mixed types. Specify dtype option on import or set low_memory=False.
[2024-11-24T23:16:50.703+0000] {logging_mixin.py:188} INFO - Extracted Rows:  3504158
[2024-11-24T23:16:51.642+0000] {logging_mixin.py:188} INFO - Rows after dropping na:  0
[2024-11-24T23:16:51.652+0000] {logging_mixin.py:188} INFO - Rows after dropping dup:  0
[2024-11-24T23:16:51.657+0000] {logging_mixin.py:188} INFO - Saved cleaned data to: /opt/***/temp_store_proj/cleaned_data.csv
[2024-11-24T23:16:51.702+0000] {logging_mixin.py:188} INFO - Deleted extracted file: /opt/***/temp_store_proj/extracted_data.csv
[2024-11-24T23:16:52.004+0000] {python.py:237} INFO - Done. Returned value was: None
[2024-11-24T23:16:52.006+0000] {taskinstance.py:441} INFO - ::group::Post task execution logs
[2024-11-24T23:16:52.017+0000] {taskinstance.py:1206} INFO - Marking task as SUCCESS. dag_id=Citibike_Data_ETL, task_id=transform_data, run_id=manual__2024-11-24T23:16:38.991282+00:00, execution_date=20241124T231638, start_date=20241124T231640, end_date=20241124T231652
[2024-11-24T23:16:52.107+0000] {local_task_job_runner.py:240} INFO - Task exited with return code 0
[2024-11-24T23:16:52.132+0000] {taskinstance.py:3498} INFO - 0 downstream tasks scheduled from follow-on schedule check
[2024-11-24T23:16:52.133+0000] {local_task_job_runner.py:222} INFO - ::endgroup::
