[2024-11-26T19:24:41.570+0000] {local_task_job_runner.py:120} INFO - ::group::Pre task execution logs
[2024-11-26T19:24:41.578+0000] {taskinstance.py:2076} INFO - Dependencies all met for dep_context=non-requeueable deps ti=<TaskInstance: Weather_Realtime_Data_ETL.extract_weather_current_data manual__2024-11-26T19:24:40.868478+00:00 [queued]>
[2024-11-26T19:24:41.583+0000] {taskinstance.py:2076} INFO - Dependencies all met for dep_context=requeueable deps ti=<TaskInstance: Weather_Realtime_Data_ETL.extract_weather_current_data manual__2024-11-26T19:24:40.868478+00:00 [queued]>
[2024-11-26T19:24:41.584+0000] {taskinstance.py:2306} INFO - Starting attempt 1 of 2
[2024-11-26T19:24:41.590+0000] {taskinstance.py:2330} INFO - Executing <Task(_PythonDecoratedOperator): extract_weather_current_data> on 2024-11-26 19:24:40.868478+00:00
[2024-11-26T19:24:41.596+0000] {logging_mixin.py:188} WARNING - /home/***/.local/lib/python3.12/site-packages/***/task/task_runner/standard_task_runner.py:61 DeprecationWarning: This process (pid=20442) is multi-threaded, use of fork() may lead to deadlocks in the child.
[2024-11-26T19:24:41.597+0000] {standard_task_runner.py:63} INFO - Started process 20445 to run task
[2024-11-26T19:24:41.596+0000] {standard_task_runner.py:90} INFO - Running: ['***', 'tasks', 'run', 'Weather_Realtime_Data_ETL', 'extract_weather_current_data', 'manual__2024-11-26T19:24:40.868478+00:00', '--job-id', '228', '--raw', '--subdir', 'DAGS_FOLDER/ETL_weather_realtime.py', '--cfg-path', '/tmp/tmpac1z_noj']
[2024-11-26T19:24:41.598+0000] {standard_task_runner.py:91} INFO - Job 228: Subtask extract_weather_current_data
[2024-11-26T19:24:41.626+0000] {task_command.py:426} INFO - Running <TaskInstance: Weather_Realtime_Data_ETL.extract_weather_current_data manual__2024-11-26T19:24:40.868478+00:00 [running]> on host 5de3b6ca18a7
[2024-11-26T19:24:41.677+0000] {taskinstance.py:2648} INFO - Exporting env vars: AIRFLOW_CTX_DAG_EMAIL='shatayu.thakur@sjsu.edu' AIRFLOW_CTX_DAG_OWNER='Shatayu' AIRFLOW_CTX_DAG_ID='Weather_Realtime_Data_ETL' AIRFLOW_CTX_TASK_ID='extract_weather_current_data' AIRFLOW_CTX_EXECUTION_DATE='2024-11-26T19:24:40.868478+00:00' AIRFLOW_CTX_TRY_NUMBER='1' AIRFLOW_CTX_DAG_RUN_ID='manual__2024-11-26T19:24:40.868478+00:00'
[2024-11-26T19:24:41.678+0000] {taskinstance.py:430} INFO - ::endgroup::
[2024-11-26T19:24:41.899+0000] {logging_mixin.py:188} INFO - Raw Output in JSON {'location': {'name': 'Jersey City', 'region': 'New Jersey', 'country': 'United States of America', 'lat': 40.7281, 'lon': -74.0781, 'tz_id': 'America/New_York', 'localtime_epoch': 1732649051, 'localtime': '2024-11-26 14:24'}, 'current': {'last_updated_epoch': 1732648500, 'last_updated': '2024-11-26 14:15', 'temp_c': 15.6, 'temp_f': 60.1, 'is_day': 1, 'condition': {'text': 'Partly cloudy', 'icon': '//cdn.weatherapi.com/weather/64x64/day/116.png', 'code': 1003}, 'wind_mph': 13.4, 'wind_kph': 21.6, 'wind_degree': 284, 'wind_dir': 'WNW', 'pressure_mb': 1010.0, 'pressure_in': 29.81, 'precip_mm': 2.01, 'precip_in': 0.08, 'humidity': 60, 'cloud': 50, 'feelslike_c': 15.6, 'feelslike_f': 60.1, 'windchill_c': 13.1, 'windchill_f': 55.5, 'heatindex_c': 14.1, 'heatindex_f': 57.4, 'dewpoint_c': 9.1, 'dewpoint_f': 48.4, 'vis_km': 16.0, 'vis_miles': 9.0, 'uv': 1.0, 'gust_mph': 17.7, 'gust_kph': 28.5}}
[2024-11-26T19:24:41.902+0000] {logging_mixin.py:188} INFO - Current Data for Jersey City, New Jersey:
[2024-11-26T19:24:41.908+0000] {logging_mixin.py:188} INFO -         last_updated  temp_f  feelslike_f  humidity  precip_mm
0  2024-11-26 14:15    60.1         60.1        60       2.01
[2024-11-26T19:24:41.909+0000] {python.py:237} INFO - Done. Returned value was:        last_updated  temp_f  feelslike_f  humidity  precip_mm
0  2024-11-26 14:15    60.1         60.1        60       2.01
[2024-11-26T19:24:41.912+0000] {taskinstance.py:441} INFO - ::group::Post task execution logs
[2024-11-26T19:24:41.942+0000] {taskinstance.py:1206} INFO - Marking task as SUCCESS. dag_id=Weather_Realtime_Data_ETL, task_id=extract_weather_current_data, run_id=manual__2024-11-26T19:24:40.868478+00:00, execution_date=20241126T192440, start_date=20241126T192441, end_date=20241126T192441
[2024-11-26T19:24:41.996+0000] {local_task_job_runner.py:240} INFO - Task exited with return code 0
[2024-11-26T19:24:42.013+0000] {taskinstance.py:3498} INFO - 1 downstream tasks scheduled from follow-on schedule check
[2024-11-26T19:24:42.014+0000] {local_task_job_runner.py:222} INFO - ::endgroup::
