[2024-12-05T20:03:00.421+0000] {local_task_job_runner.py:120} INFO - ::group::Pre task execution logs
[2024-12-05T20:03:00.430+0000] {taskinstance.py:2076} INFO - Dependencies all met for dep_context=non-requeueable deps ti=<TaskInstance: Weather_Realtime_Data_ETL.extract_weather_current_data manual__2024-12-05T20:02:58.253075+00:00 [queued]>
[2024-12-05T20:03:00.434+0000] {taskinstance.py:2076} INFO - Dependencies all met for dep_context=requeueable deps ti=<TaskInstance: Weather_Realtime_Data_ETL.extract_weather_current_data manual__2024-12-05T20:02:58.253075+00:00 [queued]>
[2024-12-05T20:03:00.434+0000] {taskinstance.py:2306} INFO - Starting attempt 1 of 2
[2024-12-05T20:03:00.439+0000] {taskinstance.py:2330} INFO - Executing <Task(_PythonDecoratedOperator): extract_weather_current_data> on 2024-12-05 20:02:58.253075+00:00
[2024-12-05T20:03:00.444+0000] {standard_task_runner.py:90} INFO - Running: ['***', 'tasks', 'run', 'Weather_Realtime_Data_ETL', 'extract_weather_current_data', 'manual__2024-12-05T20:02:58.253075+00:00', '--job-id', '481', '--raw', '--subdir', 'DAGS_FOLDER/ETL_weather_realtime.py', '--cfg-path', '/tmp/tmpr6k2fm57']
[2024-12-05T20:03:00.450+0000] {standard_task_runner.py:91} INFO - Job 481: Subtask extract_weather_current_data
[2024-12-05T20:03:00.449+0000] {logging_mixin.py:188} WARNING - /home/***/.local/lib/python3.12/site-packages/***/task/task_runner/standard_task_runner.py:61 DeprecationWarning: This process (pid=1589) is multi-threaded, use of fork() may lead to deadlocks in the child.
[2024-12-05T20:03:00.455+0000] {standard_task_runner.py:63} INFO - Started process 1592 to run task
[2024-12-05T20:03:00.497+0000] {task_command.py:426} INFO - Running <TaskInstance: Weather_Realtime_Data_ETL.extract_weather_current_data manual__2024-12-05T20:02:58.253075+00:00 [running]> on host 54099fe05abe
[2024-12-05T20:03:00.545+0000] {taskinstance.py:2648} INFO - Exporting env vars: AIRFLOW_CTX_DAG_EMAIL='shatayu.thakur@sjsu.edu' AIRFLOW_CTX_DAG_OWNER='Shatayu' AIRFLOW_CTX_DAG_ID='Weather_Realtime_Data_ETL' AIRFLOW_CTX_TASK_ID='extract_weather_current_data' AIRFLOW_CTX_EXECUTION_DATE='2024-12-05T20:02:58.253075+00:00' AIRFLOW_CTX_TRY_NUMBER='1' AIRFLOW_CTX_DAG_RUN_ID='manual__2024-12-05T20:02:58.253075+00:00'
[2024-12-05T20:03:00.546+0000] {taskinstance.py:430} INFO - ::endgroup::
[2024-12-05T20:03:00.615+0000] {logging_mixin.py:188} INFO - Raw Output in JSON {'location': {'name': 'Jersey City', 'region': 'New Jersey', 'country': 'United States of America', 'lat': 40.7281, 'lon': -74.0781, 'tz_id': 'America/New_York', 'localtime_epoch': 1733428802, 'localtime': '2024-12-05 15:00'}, 'current': {'last_updated_epoch': 1733427900, 'last_updated': '2024-12-05 14:45', 'temp_c': 3.9, 'temp_f': 39.0, 'is_day': 1, 'condition': {'text': 'Partly cloudy', 'icon': '//cdn.weatherapi.com/weather/64x64/day/116.png', 'code': 1003}, 'wind_mph': 21.7, 'wind_kph': 34.9, 'wind_degree': 266, 'wind_dir': 'W', 'pressure_mb': 1003.0, 'pressure_in': 29.61, 'precip_mm': 0.0, 'precip_in': 0.0, 'humidity': 39, 'cloud': 75, 'feelslike_c': -1.8, 'feelslike_f': 28.8, 'windchill_c': -1.8, 'windchill_f': 28.8, 'heatindex_c': 3.8, 'heatindex_f': 38.9, 'dewpoint_c': -5.3, 'dewpoint_f': 22.6, 'vis_km': 16.0, 'vis_miles': 9.0, 'uv': 0.8, 'gust_mph': 25.0, 'gust_kph': 40.2}}
[2024-12-05T20:03:00.619+0000] {logging_mixin.py:188} INFO - Current Data for Jersey City, New Jersey:
[2024-12-05T20:03:00.629+0000] {logging_mixin.py:188} INFO -         last_updated  temp_f  feelslike_f  humidity  precip_mm
0  2024-12-05 14:45    39.0         28.8        39        0.0
[2024-12-05T20:03:00.629+0000] {python.py:237} INFO - Done. Returned value was:        last_updated  temp_f  feelslike_f  humidity  precip_mm
0  2024-12-05 14:45    39.0         28.8        39        0.0
[2024-12-05T20:03:00.632+0000] {taskinstance.py:441} INFO - ::group::Post task execution logs
[2024-12-05T20:03:00.657+0000] {taskinstance.py:1206} INFO - Marking task as SUCCESS. dag_id=Weather_Realtime_Data_ETL, task_id=extract_weather_current_data, run_id=manual__2024-12-05T20:02:58.253075+00:00, execution_date=20241205T200258, start_date=20241205T200300, end_date=20241205T200300
[2024-12-05T20:03:00.680+0000] {local_task_job_runner.py:240} INFO - Task exited with return code 0
[2024-12-05T20:03:00.693+0000] {taskinstance.py:3498} INFO - 1 downstream tasks scheduled from follow-on schedule check
[2024-12-05T20:03:00.694+0000] {local_task_job_runner.py:222} INFO - ::endgroup::
