[2024-11-26T09:04:07.416+0000] {local_task_job_runner.py:120} INFO - ::group::Pre task execution logs
[2024-11-26T09:04:07.423+0000] {taskinstance.py:2076} INFO - Dependencies all met for dep_context=non-requeueable deps ti=<TaskInstance: Citibike_Hist_Data_ETL.extract_citibike_data manual__2024-11-26T09:04:06.397978+00:00 [queued]>
[2024-11-26T09:04:07.427+0000] {taskinstance.py:2076} INFO - Dependencies all met for dep_context=requeueable deps ti=<TaskInstance: Citibike_Hist_Data_ETL.extract_citibike_data manual__2024-11-26T09:04:06.397978+00:00 [queued]>
[2024-11-26T09:04:07.427+0000] {taskinstance.py:2306} INFO - Starting attempt 1 of 2
[2024-11-26T09:04:07.432+0000] {taskinstance.py:2330} INFO - Executing <Task(_PythonDecoratedOperator): extract_citibike_data> on 2024-11-26 09:04:06.397978+00:00
[2024-11-26T09:04:07.437+0000] {standard_task_runner.py:90} INFO - Running: ['***', 'tasks', 'run', 'Citibike_Hist_Data_ETL', 'extract_citibike_data', 'manual__2024-11-26T09:04:06.397978+00:00', '--job-id', '153', '--raw', '--subdir', 'DAGS_FOLDER/ETL_citibike.py', '--cfg-path', '/tmp/tmpv4lzzalg']
[2024-11-26T09:04:07.439+0000] {standard_task_runner.py:91} INFO - Job 153: Subtask extract_citibike_data
[2024-11-26T09:04:07.439+0000] {logging_mixin.py:188} WARNING - /home/***/.local/lib/python3.12/site-packages/***/task/task_runner/standard_task_runner.py:61 DeprecationWarning: This process (pid=2321) is multi-threaded, use of fork() may lead to deadlocks in the child.
[2024-11-26T09:04:07.441+0000] {standard_task_runner.py:63} INFO - Started process 2324 to run task
[2024-11-26T09:04:07.463+0000] {task_command.py:426} INFO - Running <TaskInstance: Citibike_Hist_Data_ETL.extract_citibike_data manual__2024-11-26T09:04:06.397978+00:00 [running]> on host 5de3b6ca18a7
[2024-11-26T09:04:07.507+0000] {taskinstance.py:2648} INFO - Exporting env vars: AIRFLOW_CTX_DAG_EMAIL='shatayu.thakur@sjsu.edu' AIRFLOW_CTX_DAG_OWNER='Shatayu' AIRFLOW_CTX_DAG_ID='Citibike_Hist_Data_ETL' AIRFLOW_CTX_TASK_ID='extract_citibike_data' AIRFLOW_CTX_EXECUTION_DATE='2024-11-26T09:04:06.397978+00:00' AIRFLOW_CTX_TRY_NUMBER='1' AIRFLOW_CTX_DAG_RUN_ID='manual__2024-11-26T09:04:06.397978+00:00'
[2024-11-26T09:04:07.508+0000] {taskinstance.py:430} INFO - ::endgroup::
[2024-11-26T09:04:07.508+0000] {logging_mixin.py:188} INFO - Fetching citibike ride data from 2021-10 to 2024-10
[2024-11-26T09:04:08.602+0000] {logging_mixin.py:188} INFO - Successfully processed: JC-202110-citibike-tripdata.csv
[2024-11-26T09:04:09.608+0000] {logging_mixin.py:188} INFO - Successfully processed: JC-202111-citibike-tripdata.csv
[2024-11-26T09:04:10.481+0000] {logging_mixin.py:188} INFO - Successfully processed: JC-202112-citibike-tripdata.csv
[2024-11-26T09:04:11.396+0000] {logging_mixin.py:188} INFO - Successfully processed: JC-202201-citibike-tripdata.csv
[2024-11-26T09:04:12.274+0000] {logging_mixin.py:188} INFO - Successfully processed: JC-202202-citibike-tripdata.csv
[2024-11-26T09:04:13.163+0000] {logging_mixin.py:188} INFO - Successfully processed: JC-202203-citibike-tripdata.csv
[2024-11-26T09:04:14.108+0000] {logging_mixin.py:188} INFO - Successfully processed: JC-202204-citibike-tripdata.csv
[2024-11-26T09:04:15.824+0000] {logging_mixin.py:188} INFO - Successfully processed: JC-202205-citibike-tripdata.csv
[2024-11-26T09:04:16.995+0000] {logging_mixin.py:188} INFO - Successfully processed: JC-202206-citibike-tripdata.csv
[2024-11-26T09:04:18.156+0000] {logging_mixin.py:188} INFO - Successfully processed: JC-202207-citbike-tripdata.csv
[2024-11-26T09:04:19.457+0000] {logging_mixin.py:188} INFO - Successfully processed: JC-202208-citibike-tripdata.csv
[2024-11-26T09:04:20.591+0000] {logging_mixin.py:188} INFO - Successfully processed: JC-202209-citibike-tripdata.csv
[2024-11-26T09:04:21.658+0000] {logging_mixin.py:188} INFO - Successfully processed: JC-202210-citibike-tripdata.csv
[2024-11-26T09:04:22.700+0000] {logging_mixin.py:188} INFO - Successfully processed: JC-202211-citibike-tripdata.csv
[2024-11-26T09:04:23.683+0000] {logging_mixin.py:188} INFO - Successfully processed: JC-202212-citibike-tripdata.csv
[2024-11-26T09:04:24.680+0000] {logging_mixin.py:188} INFO - Successfully processed: JC-202301-citibike-tripdata.csv
[2024-11-26T09:04:25.608+0000] {logging_mixin.py:188} INFO - Successfully processed: JC-202302-citibike-tripdata.csv
[2024-11-26T09:04:26.604+0000] {logging_mixin.py:188} INFO - Successfully processed: JC-202303-citibike-tripdata.csv
[2024-11-26T09:04:33.039+0000] {logging_mixin.py:188} INFO - Successfully processed: JC-202304-citibike-tripdata.csv
[2024-11-26T09:04:34.144+0000] {logging_mixin.py:188} INFO - Successfully processed: JC-202305-citibike-tripdata.csv
[2024-11-26T09:04:35.446+0000] {logging_mixin.py:188} INFO - Successfully processed: JC-202306-citibike-tripdata.csv
[2024-11-26T09:04:36.784+0000] {logging_mixin.py:188} INFO - Successfully processed: JC-202307-citibike-tripdata.csv
[2024-11-26T09:04:38.122+0000] {logging_mixin.py:188} INFO - Successfully processed: JC-202308-citibike-tripdata.csv
[2024-11-26T09:04:39.295+0000] {logging_mixin.py:188} INFO - Successfully processed: JC-202309-citibike-tripdata.csv
[2024-11-26T09:04:40.520+0000] {logging_mixin.py:188} INFO - Successfully processed: JC-202310-citibike-tripdata.csv
[2024-11-26T09:04:41.533+0000] {logging_mixin.py:188} INFO - Successfully processed: JC-202311-citibike-tripdata.csv
[2024-11-26T09:04:42.493+0000] {logging_mixin.py:188} INFO - Successfully processed: JC-202312-citibike-tripdata.csv
[2024-11-26T09:04:43.456+0000] {logging_mixin.py:188} INFO - Successfully processed: JC-202401-citibike-tripdata.csv
[2024-11-26T09:04:44.403+0000] {logging_mixin.py:188} INFO - Successfully processed: JC-202402-citibike-tripdata.csv
[2024-11-26T09:04:45.394+0000] {logging_mixin.py:188} INFO - Successfully processed: JC-202403-citibike-tripdata.csv
[2024-11-26T09:04:46.433+0000] {logging_mixin.py:188} INFO - Successfully processed: JC-202404-citibike-tripdata.csv
[2024-11-26T09:04:47.726+0000] {logging_mixin.py:188} INFO - Successfully processed: JC-202405-citibike-tripdata.csv
[2024-11-26T09:04:48.949+0000] {logging_mixin.py:188} INFO - Successfully processed: JC-202406-citibike-tripdata.csv
[2024-11-26T09:04:50.267+0000] {logging_mixin.py:188} INFO - Successfully processed: JC-202407-citibike-tripdata.csv
[2024-11-26T09:04:51.413+0000] {logging_mixin.py:188} INFO - Successfully processed: JC-202408-citibike-tripdata.csv
[2024-11-26T09:04:52.603+0000] {logging_mixin.py:188} INFO - Successfully processed: JC-202409-citibike-tripdata.csv
[2024-11-26T09:04:53.969+0000] {logging_mixin.py:188} INFO - Successfully processed: JC-202410-citibike-tripdata.csv
[2024-11-26T09:05:07.188+0000] {python.py:237} INFO - Done. Returned value was: /opt/***/temp_store_proj/extracted_data.csv
[2024-11-26T09:05:07.190+0000] {taskinstance.py:441} INFO - ::group::Post task execution logs
[2024-11-26T09:05:07.287+0000] {taskinstance.py:1206} INFO - Marking task as SUCCESS. dag_id=Citibike_Hist_Data_ETL, task_id=extract_citibike_data, run_id=manual__2024-11-26T09:04:06.397978+00:00, execution_date=20241126T090406, start_date=20241126T090407, end_date=20241126T090507
[2024-11-26T09:05:07.341+0000] {local_task_job_runner.py:240} INFO - Task exited with return code 0
[2024-11-26T09:05:07.364+0000] {taskinstance.py:3498} INFO - 0 downstream tasks scheduled from follow-on schedule check
[2024-11-26T09:05:07.364+0000] {local_task_job_runner.py:222} INFO - ::endgroup::
