[2024-11-25T01:11:41.652+0000] {local_task_job_runner.py:120} INFO - ::group::Pre task execution logs
[2024-11-25T01:11:41.660+0000] {taskinstance.py:2076} INFO - Dependencies all met for dep_context=non-requeueable deps ti=<TaskInstance: Citibike_Data_ETL.extract_citibike_data manual__2024-11-25T01:11:40.048921+00:00 [queued]>
[2024-11-25T01:11:41.666+0000] {taskinstance.py:2076} INFO - Dependencies all met for dep_context=requeueable deps ti=<TaskInstance: Citibike_Data_ETL.extract_citibike_data manual__2024-11-25T01:11:40.048921+00:00 [queued]>
[2024-11-25T01:11:41.666+0000] {taskinstance.py:2306} INFO - Starting attempt 1 of 2
[2024-11-25T01:11:41.672+0000] {taskinstance.py:2330} INFO - Executing <Task(_PythonDecoratedOperator): extract_citibike_data> on 2024-11-25 01:11:40.048921+00:00
[2024-11-25T01:11:41.680+0000] {logging_mixin.py:188} WARNING - /home/***/.local/lib/python3.12/site-packages/***/task/task_runner/standard_task_runner.py:61 DeprecationWarning: This process (pid=1220) is multi-threaded, use of fork() may lead to deadlocks in the child.
[2024-11-25T01:11:41.680+0000] {standard_task_runner.py:90} INFO - Running: ['***', 'tasks', 'run', 'Citibike_Data_ETL', 'extract_citibike_data', 'manual__2024-11-25T01:11:40.048921+00:00', '--job-id', '44', '--raw', '--subdir', 'DAGS_FOLDER/ETL_citibike.py', '--cfg-path', '/tmp/tmpj84h43q5']
[2024-11-25T01:11:41.682+0000] {standard_task_runner.py:63} INFO - Started process 1226 to run task
[2024-11-25T01:11:41.682+0000] {standard_task_runner.py:91} INFO - Job 44: Subtask extract_citibike_data
[2024-11-25T01:11:41.710+0000] {task_command.py:426} INFO - Running <TaskInstance: Citibike_Data_ETL.extract_citibike_data manual__2024-11-25T01:11:40.048921+00:00 [running]> on host 5de3b6ca18a7
[2024-11-25T01:11:41.754+0000] {taskinstance.py:2648} INFO - Exporting env vars: AIRFLOW_CTX_DAG_EMAIL='shatayu.thakur@sjsu.edu' AIRFLOW_CTX_DAG_OWNER='Shatayu' AIRFLOW_CTX_DAG_ID='Citibike_Data_ETL' AIRFLOW_CTX_TASK_ID='extract_citibike_data' AIRFLOW_CTX_EXECUTION_DATE='2024-11-25T01:11:40.048921+00:00' AIRFLOW_CTX_TRY_NUMBER='1' AIRFLOW_CTX_DAG_RUN_ID='manual__2024-11-25T01:11:40.048921+00:00'
[2024-11-25T01:11:41.755+0000] {taskinstance.py:430} INFO - ::endgroup::
[2024-11-25T01:11:42.937+0000] {logging_mixin.py:188} INFO - Successfully processed: JC-202110-citibike-tripdata.csv
[2024-11-25T01:11:43.839+0000] {logging_mixin.py:188} INFO - Successfully processed: JC-202111-citibike-tripdata.csv
[2024-11-25T01:11:47.395+0000] {logging_mixin.py:188} INFO - Successfully processed: JC-202112-citibike-tripdata.csv
[2024-11-25T01:11:49.756+0000] {logging_mixin.py:188} INFO - Successfully processed: JC-202201-citibike-tripdata.csv
[2024-11-25T01:11:50.570+0000] {logging_mixin.py:188} INFO - Successfully processed: JC-202202-citibike-tripdata.csv
[2024-11-25T01:11:51.447+0000] {logging_mixin.py:188} INFO - Successfully processed: JC-202203-citibike-tripdata.csv
[2024-11-25T01:11:52.410+0000] {logging_mixin.py:188} INFO - Successfully processed: JC-202204-citibike-tripdata.csv
[2024-11-25T01:11:53.382+0000] {logging_mixin.py:188} INFO - Successfully processed: JC-202205-citibike-tripdata.csv
[2024-11-25T01:11:54.469+0000] {logging_mixin.py:188} INFO - Successfully processed: JC-202206-citibike-tripdata.csv
[2024-11-25T01:11:55.726+0000] {logging_mixin.py:188} INFO - Successfully processed: JC-202207-citbike-tripdata.csv
[2024-11-25T01:11:56.874+0000] {logging_mixin.py:188} INFO - Successfully processed: JC-202208-citibike-tripdata.csv
[2024-11-25T01:11:58.113+0000] {logging_mixin.py:188} INFO - Successfully processed: JC-202209-citibike-tripdata.csv
[2024-11-25T01:11:59.168+0000] {logging_mixin.py:188} INFO - Successfully processed: JC-202210-citibike-tripdata.csv
[2024-11-25T01:12:00.217+0000] {logging_mixin.py:188} INFO - Successfully processed: JC-202211-citibike-tripdata.csv
[2024-11-25T01:12:01.062+0000] {logging_mixin.py:188} INFO - Successfully processed: JC-202212-citibike-tripdata.csv
[2024-11-25T01:12:01.941+0000] {logging_mixin.py:188} INFO - Successfully processed: JC-202301-citibike-tripdata.csv
[2024-11-25T01:12:02.770+0000] {logging_mixin.py:188} INFO - Successfully processed: JC-202302-citibike-tripdata.csv
[2024-11-25T01:12:03.781+0000] {logging_mixin.py:188} INFO - Successfully processed: JC-202303-citibike-tripdata.csv
[2024-11-25T01:12:04.840+0000] {logging_mixin.py:188} INFO - Successfully processed: JC-202304-citibike-tripdata.csv
[2024-11-25T01:12:05.872+0000] {logging_mixin.py:188} INFO - Successfully processed: JC-202305-citibike-tripdata.csv
[2024-11-25T01:12:06.946+0000] {logging_mixin.py:188} INFO - Successfully processed: JC-202306-citibike-tripdata.csv
[2024-11-25T01:12:08.054+0000] {logging_mixin.py:188} INFO - Successfully processed: JC-202307-citibike-tripdata.csv
[2024-11-25T01:12:09.174+0000] {logging_mixin.py:188} INFO - Successfully processed: JC-202308-citibike-tripdata.csv
[2024-11-25T01:12:10.181+0000] {logging_mixin.py:188} INFO - Successfully processed: JC-202309-citibike-tripdata.csv
[2024-11-25T01:12:11.219+0000] {logging_mixin.py:188} INFO - Successfully processed: JC-202310-citibike-tripdata.csv
[2024-11-25T01:12:12.212+0000] {logging_mixin.py:188} INFO - Successfully processed: JC-202311-citibike-tripdata.csv
[2024-11-25T01:12:13.203+0000] {logging_mixin.py:188} INFO - Successfully processed: JC-202312-citibike-tripdata.csv
[2024-11-25T01:12:14.095+0000] {logging_mixin.py:188} INFO - Successfully processed: JC-202401-citibike-tripdata.csv
[2024-11-25T01:12:18.312+0000] {logging_mixin.py:188} INFO - Successfully processed: JC-202402-citibike-tripdata.csv
[2024-11-25T01:12:19.248+0000] {logging_mixin.py:188} INFO - Successfully processed: JC-202403-citibike-tripdata.csv
[2024-11-25T01:12:20.262+0000] {logging_mixin.py:188} INFO - Successfully processed: JC-202404-citibike-tripdata.csv
[2024-11-25T01:12:21.348+0000] {logging_mixin.py:188} INFO - Successfully processed: JC-202405-citibike-tripdata.csv
[2024-11-25T01:12:22.452+0000] {logging_mixin.py:188} INFO - Successfully processed: JC-202406-citibike-tripdata.csv
[2024-11-25T01:12:23.605+0000] {logging_mixin.py:188} INFO - Successfully processed: JC-202407-citibike-tripdata.csv
[2024-11-25T01:12:24.663+0000] {logging_mixin.py:188} INFO - Successfully processed: JC-202408-citibike-tripdata.csv
[2024-11-25T01:12:25.799+0000] {logging_mixin.py:188} INFO - Successfully processed: JC-202409-citibike-tripdata.csv
[2024-11-25T01:12:26.966+0000] {logging_mixin.py:188} INFO - Successfully processed: JC-202410-citibike-tripdata.csv
[2024-11-25T01:12:40.207+0000] {python.py:237} INFO - Done. Returned value was: /opt/***/temp_store_proj/extracted_data.csv
[2024-11-25T01:12:40.209+0000] {taskinstance.py:441} INFO - ::group::Post task execution logs
[2024-11-25T01:12:40.265+0000] {taskinstance.py:1206} INFO - Marking task as SUCCESS. dag_id=Citibike_Data_ETL, task_id=extract_citibike_data, run_id=manual__2024-11-25T01:11:40.048921+00:00, execution_date=20241125T011140, start_date=20241125T011141, end_date=20241125T011240
[2024-11-25T01:12:40.315+0000] {local_task_job_runner.py:240} INFO - Task exited with return code 0
[2024-11-25T01:12:40.327+0000] {taskinstance.py:3498} INFO - 0 downstream tasks scheduled from follow-on schedule check
[2024-11-25T01:12:40.328+0000] {local_task_job_runner.py:222} INFO - ::endgroup::
