[2024-11-24T23:30:25.115+0000] {local_task_job_runner.py:120} INFO - ::group::Pre task execution logs
[2024-11-24T23:30:25.124+0000] {taskinstance.py:2076} INFO - Dependencies all met for dep_context=non-requeueable deps ti=<TaskInstance: Citibike_Data_ETL.transform_data manual__2024-11-24T23:30:23.716786+00:00 [queued]>
[2024-11-24T23:30:25.130+0000] {taskinstance.py:2076} INFO - Dependencies all met for dep_context=requeueable deps ti=<TaskInstance: Citibike_Data_ETL.transform_data manual__2024-11-24T23:30:23.716786+00:00 [queued]>
[2024-11-24T23:30:25.132+0000] {taskinstance.py:2306} INFO - Starting attempt 1 of 2
[2024-11-24T23:30:25.139+0000] {taskinstance.py:2330} INFO - Executing <Task(_PythonDecoratedOperator): transform_data> on 2024-11-24 23:30:23.716786+00:00
[2024-11-24T23:30:25.144+0000] {standard_task_runner.py:90} INFO - Running: ['***', 'tasks', 'run', 'Citibike_Data_ETL', 'transform_data', 'manual__2024-11-24T23:30:23.716786+00:00', '--job-id', '36', '--raw', '--subdir', 'DAGS_FOLDER/ETL.py', '--cfg-path', '/tmp/tmpliif3ffz']
[2024-11-24T23:30:25.147+0000] {standard_task_runner.py:91} INFO - Job 36: Subtask transform_data
[2024-11-24T23:30:25.146+0000] {logging_mixin.py:188} WARNING - /home/***/.local/lib/python3.12/site-packages/***/task/task_runner/standard_task_runner.py:61 DeprecationWarning: This process (pid=4035) is multi-threaded, use of fork() may lead to deadlocks in the child.
[2024-11-24T23:30:25.147+0000] {standard_task_runner.py:63} INFO - Started process 4042 to run task
[2024-11-24T23:30:25.173+0000] {task_command.py:426} INFO - Running <TaskInstance: Citibike_Data_ETL.transform_data manual__2024-11-24T23:30:23.716786+00:00 [running]> on host a04e18a8aa10
[2024-11-24T23:30:25.216+0000] {taskinstance.py:2648} INFO - Exporting env vars: AIRFLOW_CTX_DAG_EMAIL='shatayu.thakur@sjsu.edu' AIRFLOW_CTX_DAG_OWNER='Shatayu' AIRFLOW_CTX_DAG_ID='Citibike_Data_ETL' AIRFLOW_CTX_TASK_ID='transform_data' AIRFLOW_CTX_EXECUTION_DATE='2024-11-24T23:30:23.716786+00:00' AIRFLOW_CTX_TRY_NUMBER='1' AIRFLOW_CTX_DAG_RUN_ID='manual__2024-11-24T23:30:23.716786+00:00'
[2024-11-24T23:30:25.217+0000] {taskinstance.py:430} INFO - ::endgroup::
[2024-11-24T23:30:31.216+0000] {logging_mixin.py:188} INFO - Extracted Rows:  2993504
[2024-11-24T23:30:31.993+0000] {logging_mixin.py:188} INFO - Rows after dropping na:  2982755
[2024-11-24T23:30:40.174+0000] {logging_mixin.py:188} INFO - Rows after dropping dup:  2982715
[2024-11-24T23:30:53.061+0000] {logging_mixin.py:188} INFO - Saved cleaned data to: /opt/***/temp_store_proj/cleaned_data.csv
[2024-11-24T23:30:53.065+0000] {logging_mixin.py:188} INFO - Features in cleaned data:  Index(['ride_id', 'rideable_type', 'started_at', 'ended_at',
       'start_station_name', 'start_station_id', 'end_station_name',
       'end_station_id', 'start_lat', 'start_lng', 'end_lat', 'end_lng',
       'member_casual'],
      dtype='object')
[2024-11-24T23:30:53.130+0000] {logging_mixin.py:188} INFO - Deleted extracted file: /opt/***/temp_store_proj/extracted_data.csv
[2024-11-24T23:30:53.806+0000] {python.py:237} INFO - Done. Returned value was: None
[2024-11-24T23:30:53.809+0000] {taskinstance.py:441} INFO - ::group::Post task execution logs
[2024-11-24T23:30:53.823+0000] {taskinstance.py:1206} INFO - Marking task as SUCCESS. dag_id=Citibike_Data_ETL, task_id=transform_data, run_id=manual__2024-11-24T23:30:23.716786+00:00, execution_date=20241124T233023, start_date=20241124T233025, end_date=20241124T233053
[2024-11-24T23:30:53.843+0000] {local_task_job_runner.py:240} INFO - Task exited with return code 0
[2024-11-24T23:30:53.868+0000] {taskinstance.py:3498} INFO - 0 downstream tasks scheduled from follow-on schedule check
[2024-11-24T23:30:53.869+0000] {local_task_job_runner.py:222} INFO - ::endgroup::
