[2024-11-25T07:34:31.773+0000] {local_task_job_runner.py:120} INFO - ::group::Pre task execution logs
[2024-11-25T07:34:31.784+0000] {taskinstance.py:2076} INFO - Dependencies all met for dep_context=non-requeueable deps ti=<TaskInstance: Citibike_Data_ETL.load_citibike_data manual__2024-11-25T07:32:45.916479+00:00 [queued]>
[2024-11-25T07:34:31.787+0000] {taskinstance.py:2076} INFO - Dependencies all met for dep_context=requeueable deps ti=<TaskInstance: Citibike_Data_ETL.load_citibike_data manual__2024-11-25T07:32:45.916479+00:00 [queued]>
[2024-11-25T07:34:31.788+0000] {taskinstance.py:2306} INFO - Starting attempt 1 of 2
[2024-11-25T07:34:31.793+0000] {taskinstance.py:2330} INFO - Executing <Task(_PythonDecoratedOperator): load_citibike_data> on 2024-11-25 07:32:45.916479+00:00
[2024-11-25T07:34:31.804+0000] {logging_mixin.py:188} WARNING - /home/***/.local/lib/python3.12/site-packages/***/task/task_runner/standard_task_runner.py:61 DeprecationWarning: This process (pid=9033) is multi-threaded, use of fork() may lead to deadlocks in the child.
[2024-11-25T07:34:31.802+0000] {standard_task_runner.py:90} INFO - Running: ['***', 'tasks', 'run', 'Citibike_Data_ETL', 'load_citibike_data', 'manual__2024-11-25T07:32:45.916479+00:00', '--job-id', '96', '--raw', '--subdir', 'DAGS_FOLDER/ETL_citibike.py', '--cfg-path', '/tmp/tmp0xeoqyvs']
[2024-11-25T07:34:31.805+0000] {standard_task_runner.py:91} INFO - Job 96: Subtask load_citibike_data
[2024-11-25T07:34:31.805+0000] {standard_task_runner.py:63} INFO - Started process 9036 to run task
[2024-11-25T07:34:31.835+0000] {task_command.py:426} INFO - Running <TaskInstance: Citibike_Data_ETL.load_citibike_data manual__2024-11-25T07:32:45.916479+00:00 [running]> on host 5de3b6ca18a7
[2024-11-25T07:34:31.881+0000] {taskinstance.py:2648} INFO - Exporting env vars: AIRFLOW_CTX_DAG_EMAIL='shatayu.thakur@sjsu.edu' AIRFLOW_CTX_DAG_OWNER='Shatayu' AIRFLOW_CTX_DAG_ID='Citibike_Data_ETL' AIRFLOW_CTX_TASK_ID='load_citibike_data' AIRFLOW_CTX_EXECUTION_DATE='2024-11-25T07:32:45.916479+00:00' AIRFLOW_CTX_TRY_NUMBER='1' AIRFLOW_CTX_DAG_RUN_ID='manual__2024-11-25T07:32:45.916479+00:00'
[2024-11-25T07:34:31.882+0000] {taskinstance.py:430} INFO - ::endgroup::
[2024-11-25T07:34:31.888+0000] {base.py:84} INFO - Using connection ID 'snowflake_conn' for task execution.
[2024-11-25T07:34:31.889+0000] {connection.py:399} INFO - Snowflake Connector for Python Version: 3.10.0, Python Version: 3.12.3, Platform: Linux-6.10.11-linuxkit-aarch64-with-glibc2.36
[2024-11-25T07:34:31.890+0000] {connection.py:1239} INFO - This connection is in OCSP Fail Open Mode. TLS Certificates would be checked for validity and revocation status. Any other Certificate Revocation related exceptions or OCSP Responder failures would be disregarded in favor of connectivity.
[2024-11-25T07:34:32.521+0000] {cursor.py:1149} INFO - Number of results in first chunk: 1
[2024-11-25T07:34:39.380+0000] {logging_mixin.py:188} INFO - Row count for data to be pushed:  2982715
[2024-11-25T07:34:39.517+0000] {cursor.py:1149} INFO - Number of results in first chunk: 1
[2024-11-25T07:34:39.625+0000] {cursor.py:1149} INFO - Number of results in first chunk: 1
[2024-11-25T07:34:39.784+0000] {cursor.py:1149} INFO - Number of results in first chunk: 1
[2024-11-25T07:34:39.785+0000] {logging_mixin.py:188} INFO - Stage created successfully.
[2024-11-25T07:35:09.706+0000] {logging_mixin.py:188} INFO - File uploaded to stage: /opt/***/temp_store_proj/cleaned_data.csv
[2024-11-25T07:35:10.128+0000] {cursor.py:1149} INFO - Number of results in first chunk: 1
[2024-11-25T07:35:10.128+0000] {logging_mixin.py:188} INFO - Target Table Initialized and Ready to Store Data from ETL
[2024-11-25T07:35:10.312+0000] {cursor.py:1149} INFO - Number of results in first chunk: 1
[2024-11-25T07:35:10.313+0000] {logging_mixin.py:188} INFO - An error occurred during stock data load: 001006 (22023): 01b89a47-0004-3869-0002-55f30003f72e: SQL compilation error:
invalid parameter 'LOG'
[2024-11-25T07:35:10.313+0000] {connection.py:762} INFO - closed
[2024-11-25T07:35:10.353+0000] {connection.py:768} INFO - No async queries seem to be running, deleting session
[2024-11-25T07:35:11.053+0000] {python.py:237} INFO - Done. Returned value was: None
[2024-11-25T07:35:11.057+0000] {taskinstance.py:441} INFO - ::group::Post task execution logs
[2024-11-25T07:35:11.073+0000] {taskinstance.py:1206} INFO - Marking task as SUCCESS. dag_id=Citibike_Data_ETL, task_id=load_citibike_data, run_id=manual__2024-11-25T07:32:45.916479+00:00, execution_date=20241125T073245, start_date=20241125T073431, end_date=20241125T073511
[2024-11-25T07:35:11.115+0000] {local_task_job_runner.py:240} INFO - Task exited with return code 0
[2024-11-25T07:35:11.141+0000] {taskinstance.py:3498} INFO - 0 downstream tasks scheduled from follow-on schedule check
[2024-11-25T07:35:11.143+0000] {local_task_job_runner.py:222} INFO - ::endgroup::
