[2024-12-05T17:28:52.488+0000] {local_task_job_runner.py:120} INFO - ::group::Pre task execution logs
[2024-12-05T17:28:52.495+0000] {taskinstance.py:2076} INFO - Dependencies all met for dep_context=non-requeueable deps ti=<TaskInstance: Citibike_Hist_Data_ETL.load_citibike_data scheduled__2024-11-27T21:30:00+00:00 [queued]>
[2024-12-05T17:28:52.499+0000] {taskinstance.py:2076} INFO - Dependencies all met for dep_context=requeueable deps ti=<TaskInstance: Citibike_Hist_Data_ETL.load_citibike_data scheduled__2024-11-27T21:30:00+00:00 [queued]>
[2024-12-05T17:28:52.499+0000] {taskinstance.py:2306} INFO - Starting attempt 1 of 2
[2024-12-05T17:28:52.503+0000] {taskinstance.py:2330} INFO - Executing <Task(_PythonDecoratedOperator): load_citibike_data> on 2024-11-27 21:30:00+00:00
[2024-12-05T17:28:52.508+0000] {standard_task_runner.py:90} INFO - Running: ['***', 'tasks', 'run', 'Citibike_Hist_Data_ETL', 'load_citibike_data', 'scheduled__2024-11-27T21:30:00+00:00', '--job-id', '449', '--raw', '--subdir', 'DAGS_FOLDER/ETL_citibike.py', '--cfg-path', '/tmp/tmphf4lo7no']
[2024-12-05T17:28:52.510+0000] {standard_task_runner.py:91} INFO - Job 449: Subtask load_citibike_data
[2024-12-05T17:28:52.510+0000] {logging_mixin.py:188} WARNING - /home/***/.local/lib/python3.12/site-packages/***/task/task_runner/standard_task_runner.py:61 DeprecationWarning: This process (pid=374) is multi-threaded, use of fork() may lead to deadlocks in the child.
[2024-12-05T17:28:52.511+0000] {standard_task_runner.py:63} INFO - Started process 377 to run task
[2024-12-05T17:28:52.533+0000] {task_command.py:426} INFO - Running <TaskInstance: Citibike_Hist_Data_ETL.load_citibike_data scheduled__2024-11-27T21:30:00+00:00 [running]> on host 5de3b6ca18a7
[2024-12-05T17:28:52.574+0000] {taskinstance.py:2648} INFO - Exporting env vars: AIRFLOW_CTX_DAG_EMAIL='shatayu.thakur@sjsu.edu' AIRFLOW_CTX_DAG_OWNER='Shatayu' AIRFLOW_CTX_DAG_ID='Citibike_Hist_Data_ETL' AIRFLOW_CTX_TASK_ID='load_citibike_data' AIRFLOW_CTX_EXECUTION_DATE='2024-11-27T21:30:00+00:00' AIRFLOW_CTX_TRY_NUMBER='1' AIRFLOW_CTX_DAG_RUN_ID='scheduled__2024-11-27T21:30:00+00:00'
[2024-12-05T17:28:52.575+0000] {taskinstance.py:430} INFO - ::endgroup::
[2024-12-05T17:28:52.579+0000] {base.py:84} INFO - Using connection ID 'snowflake_conn' for task execution.
[2024-12-05T17:28:52.580+0000] {connection.py:399} INFO - Snowflake Connector for Python Version: 3.10.0, Python Version: 3.12.3, Platform: Linux-6.10.11-linuxkit-aarch64-with-glibc2.36
[2024-12-05T17:28:52.580+0000] {connection.py:1239} INFO - This connection is in OCSP Fail Open Mode. TLS Certificates would be checked for validity and revocation status. Any other Certificate Revocation related exceptions or OCSP Responder failures would be disregarded in favor of connectivity.
[2024-12-05T17:28:53.128+0000] {cursor.py:1149} INFO - Number of results in first chunk: 1
[2024-12-05T17:28:54.937+0000] {local_task_job_runner.py:124} ERROR - Received SIGTERM. Terminating subprocesses
[2024-12-05T17:28:54.941+0000] {process_utils.py:132} INFO - Sending 15 to group 377. PIDs of all processes in the group: [377]
[2024-12-05T17:28:54.944+0000] {process_utils.py:87} INFO - Sending the signal 15 to group 377
[2024-12-05T17:28:54.953+0000] {taskinstance.py:2611} ERROR - Received SIGTERM. Terminating subprocesses.
