[2024-11-24T22:55:06.354+0000] {local_task_job_runner.py:120} INFO - ::group::Pre task execution logs
[2024-11-24T22:55:06.364+0000] {taskinstance.py:2076} INFO - Dependencies all met for dep_context=non-requeueable deps ti=<TaskInstance: Citibike_Data_ETL.transform_data manual__2024-11-24T22:55:04.656555+00:00 [queued]>
[2024-11-24T22:55:06.369+0000] {taskinstance.py:2076} INFO - Dependencies all met for dep_context=requeueable deps ti=<TaskInstance: Citibike_Data_ETL.transform_data manual__2024-11-24T22:55:04.656555+00:00 [queued]>
[2024-11-24T22:55:06.369+0000] {taskinstance.py:2306} INFO - Starting attempt 1 of 2
[2024-11-24T22:55:06.375+0000] {taskinstance.py:2330} INFO - Executing <Task(_PythonDecoratedOperator): transform_data> on 2024-11-24 22:55:04.656555+00:00
[2024-11-24T22:55:06.381+0000] {standard_task_runner.py:90} INFO - Running: ['***', 'tasks', 'run', 'Citibike_Data_ETL', 'transform_data', 'manual__2024-11-24T22:55:04.656555+00:00', '--job-id', '27', '--raw', '--subdir', 'DAGS_FOLDER/ETL.py', '--cfg-path', '/tmp/tmpdf51icu6']
[2024-11-24T22:55:06.383+0000] {standard_task_runner.py:91} INFO - Job 27: Subtask transform_data
[2024-11-24T22:55:06.383+0000] {logging_mixin.py:188} WARNING - /home/***/.local/lib/python3.12/site-packages/***/task/task_runner/standard_task_runner.py:61 DeprecationWarning: This process (pid=3201) is multi-threaded, use of fork() may lead to deadlocks in the child.
[2024-11-24T22:55:06.384+0000] {standard_task_runner.py:63} INFO - Started process 3207 to run task
[2024-11-24T22:55:06.415+0000] {task_command.py:426} INFO - Running <TaskInstance: Citibike_Data_ETL.transform_data manual__2024-11-24T22:55:04.656555+00:00 [running]> on host a04e18a8aa10
[2024-11-24T22:55:06.458+0000] {taskinstance.py:2648} INFO - Exporting env vars: AIRFLOW_CTX_DAG_EMAIL='shatayu.thakur@sjsu.edu' AIRFLOW_CTX_DAG_OWNER='Shatayu' AIRFLOW_CTX_DAG_ID='Citibike_Data_ETL' AIRFLOW_CTX_TASK_ID='transform_data' AIRFLOW_CTX_EXECUTION_DATE='2024-11-24T22:55:04.656555+00:00' AIRFLOW_CTX_TRY_NUMBER='1' AIRFLOW_CTX_DAG_RUN_ID='manual__2024-11-24T22:55:04.656555+00:00'
[2024-11-24T22:55:06.460+0000] {taskinstance.py:430} INFO - ::endgroup::
[2024-11-24T22:55:15.228+0000] {logging_mixin.py:188} WARNING - /opt/***/dags/ETL.py:98 DtypeWarning: Columns (1,2,4,8,12,15,16,17,18,19,20,21,22,27) have mixed types. Specify dtype option on import or set low_memory=False.
[2024-11-24T22:55:18.421+0000] {logging_mixin.py:188} INFO - Extracted Rows:  3504158
[2024-11-24T22:55:19.493+0000] {logging_mixin.py:188} INFO - Cleaned Rows:  0
[2024-11-24T22:55:19.507+0000] {logging_mixin.py:188} INFO - Saved cleaned data to: /opt/***/temp_store_proj/cleaned_data.csv
[2024-11-24T22:55:19.904+0000] {python.py:237} INFO - Done. Returned value was: None
[2024-11-24T22:55:19.907+0000] {taskinstance.py:441} INFO - ::group::Post task execution logs
[2024-11-24T22:55:19.944+0000] {taskinstance.py:1206} INFO - Marking task as SUCCESS. dag_id=Citibike_Data_ETL, task_id=transform_data, run_id=manual__2024-11-24T22:55:04.656555+00:00, execution_date=20241124T225504, start_date=20241124T225506, end_date=20241124T225519
[2024-11-24T22:55:20.037+0000] {local_task_job_runner.py:240} INFO - Task exited with return code 0
[2024-11-24T22:55:20.066+0000] {taskinstance.py:3498} INFO - 0 downstream tasks scheduled from follow-on schedule check
[2024-11-24T22:55:20.067+0000] {local_task_job_runner.py:222} INFO - ::endgroup::
