[2024-11-26T10:34:18.226+0000] {local_task_job_runner.py:120} INFO - ::group::Pre task execution logs
[2024-11-26T10:34:18.242+0000] {taskinstance.py:2076} INFO - Dependencies all met for dep_context=non-requeueable deps ti=<TaskInstance: Weather_Realtime_Data_ETL.extract_weather_current_data manual__2024-11-26T10:34:16.846713+00:00 [queued]>
[2024-11-26T10:34:18.246+0000] {taskinstance.py:2076} INFO - Dependencies all met for dep_context=requeueable deps ti=<TaskInstance: Weather_Realtime_Data_ETL.extract_weather_current_data manual__2024-11-26T10:34:16.846713+00:00 [queued]>
[2024-11-26T10:34:18.247+0000] {taskinstance.py:2306} INFO - Starting attempt 1 of 2
[2024-11-26T10:34:18.253+0000] {taskinstance.py:2330} INFO - Executing <Task(_PythonDecoratedOperator): extract_weather_current_data> on 2024-11-26 10:34:16.846713+00:00
[2024-11-26T10:34:18.260+0000] {logging_mixin.py:188} WARNING - /home/***/.local/lib/python3.12/site-packages/***/task/task_runner/standard_task_runner.py:61 DeprecationWarning: This process (pid=6221) is multi-threaded, use of fork() may lead to deadlocks in the child.
[2024-11-26T10:34:18.259+0000] {standard_task_runner.py:90} INFO - Running: ['***', 'tasks', 'run', 'Weather_Realtime_Data_ETL', 'extract_weather_current_data', 'manual__2024-11-26T10:34:16.846713+00:00', '--job-id', '191', '--raw', '--subdir', 'DAGS_FOLDER/ETL_weather_realtime.py', '--cfg-path', '/tmp/tmporrfsulb']
[2024-11-26T10:34:18.261+0000] {standard_task_runner.py:91} INFO - Job 191: Subtask extract_weather_current_data
[2024-11-26T10:34:18.261+0000] {standard_task_runner.py:63} INFO - Started process 6224 to run task
[2024-11-26T10:34:18.302+0000] {task_command.py:426} INFO - Running <TaskInstance: Weather_Realtime_Data_ETL.extract_weather_current_data manual__2024-11-26T10:34:16.846713+00:00 [running]> on host 5de3b6ca18a7
[2024-11-26T10:34:18.354+0000] {taskinstance.py:2648} INFO - Exporting env vars: AIRFLOW_CTX_DAG_EMAIL='shatayu.thakur@sjsu.edu' AIRFLOW_CTX_DAG_OWNER='Shatayu' AIRFLOW_CTX_DAG_ID='Weather_Realtime_Data_ETL' AIRFLOW_CTX_TASK_ID='extract_weather_current_data' AIRFLOW_CTX_EXECUTION_DATE='2024-11-26T10:34:16.846713+00:00' AIRFLOW_CTX_TRY_NUMBER='1' AIRFLOW_CTX_DAG_RUN_ID='manual__2024-11-26T10:34:16.846713+00:00'
[2024-11-26T10:34:18.356+0000] {taskinstance.py:430} INFO - ::endgroup::
[2024-11-26T10:34:18.778+0000] {logging_mixin.py:188} INFO - Raw Output in JSON {'location': {'name': 'Jersey City', 'region': 'New Jersey', 'country': 'United States of America', 'lat': 40.7281, 'lon': -74.0781, 'tz_id': 'America/New_York', 'localtime_epoch': 1732617872, 'localtime': '2024-11-26 05:44'}, 'current': {'last_updated_epoch': 1732617000, 'last_updated': '2024-11-26 05:30', 'temp_c': 11.7, 'temp_f': 53.1, 'is_day': 0, 'condition': {'text': 'Partly cloudy', 'icon': '//cdn.weatherapi.com/weather/64x64/night/116.png', 'code': 1003}, 'wind_mph': 4.5, 'wind_kph': 7.2, 'wind_degree': 161, 'wind_dir': 'SSE', 'pressure_mb': 1011.0, 'pressure_in': 29.86, 'precip_mm': 0.0, 'precip_in': 0.0, 'humidity': 80, 'cloud': 75, 'feelslike_c': 11.2, 'feelslike_f': 52.1, 'windchill_c': 9.0, 'windchill_f': 48.1, 'heatindex_c': 10.5, 'heatindex_f': 50.8, 'dewpoint_c': 7.6, 'dewpoint_f': 45.6, 'vis_km': 16.0, 'vis_miles': 9.0, 'uv': 0.0, 'gust_mph': 7.5, 'gust_kph': 12.1}}
[2024-11-26T10:34:18.784+0000] {logging_mixin.py:188} INFO - Current Data for Jersey City, New Jersey:
[2024-11-26T10:34:18.798+0000] {logging_mixin.py:188} INFO -         last_updated  temp_f  feelslike_f  humidity  precip_mm
0  2024-11-26 05:30    53.1         52.1        80        0.0
[2024-11-26T10:34:18.799+0000] {python.py:237} INFO - Done. Returned value was:        last_updated  temp_f  feelslike_f  humidity  precip_mm
0  2024-11-26 05:30    53.1         52.1        80        0.0
[2024-11-26T10:34:18.803+0000] {taskinstance.py:441} INFO - ::group::Post task execution logs
[2024-11-26T10:34:18.863+0000] {taskinstance.py:1206} INFO - Marking task as SUCCESS. dag_id=Weather_Realtime_Data_ETL, task_id=extract_weather_current_data, run_id=manual__2024-11-26T10:34:16.846713+00:00, execution_date=20241126T103416, start_date=20241126T103418, end_date=20241126T103418
[2024-11-26T10:34:18.873+0000] {local_task_job_runner.py:240} INFO - Task exited with return code 0
[2024-11-26T10:34:18.883+0000] {taskinstance.py:3498} INFO - 1 downstream tasks scheduled from follow-on schedule check
[2024-11-26T10:34:18.884+0000] {local_task_job_runner.py:222} INFO - ::endgroup::
