[2024-11-25T05:31:34.072+0000] {local_task_job_runner.py:120} INFO - ::group::Pre task execution logs
[2024-11-25T05:31:34.079+0000] {taskinstance.py:2076} INFO - Dependencies all met for dep_context=non-requeueable deps ti=<TaskInstance: Citibike_Data_ETL.extract_citibike_data scheduled__2024-11-22T21:30:00+00:00 [queued]>
[2024-11-25T05:31:34.084+0000] {taskinstance.py:2076} INFO - Dependencies all met for dep_context=requeueable deps ti=<TaskInstance: Citibike_Data_ETL.extract_citibike_data scheduled__2024-11-22T21:30:00+00:00 [queued]>
[2024-11-25T05:31:34.085+0000] {taskinstance.py:2306} INFO - Starting attempt 5 of 6
[2024-11-25T05:31:34.092+0000] {taskinstance.py:2330} INFO - Executing <Task(_PythonDecoratedOperator): extract_citibike_data> on 2024-11-22 21:30:00+00:00
[2024-11-25T05:31:34.099+0000] {logging_mixin.py:188} WARNING - /home/***/.local/lib/python3.12/site-packages/***/task/task_runner/standard_task_runner.py:61 DeprecationWarning: This process (pid=6035) is multi-threaded, use of fork() may lead to deadlocks in the child.
[2024-11-25T05:31:34.100+0000] {standard_task_runner.py:63} INFO - Started process 6042 to run task
[2024-11-25T05:31:34.100+0000] {standard_task_runner.py:90} INFO - Running: ['***', 'tasks', 'run', 'Citibike_Data_ETL', 'extract_citibike_data', 'scheduled__2024-11-22T21:30:00+00:00', '--job-id', '73', '--raw', '--subdir', 'DAGS_FOLDER/ETL_citibike.py', '--cfg-path', '/tmp/tmpfrmtofpg']
[2024-11-25T05:31:34.101+0000] {standard_task_runner.py:91} INFO - Job 73: Subtask extract_citibike_data
[2024-11-25T05:31:34.129+0000] {task_command.py:426} INFO - Running <TaskInstance: Citibike_Data_ETL.extract_citibike_data scheduled__2024-11-22T21:30:00+00:00 [running]> on host 5de3b6ca18a7
[2024-11-25T05:31:34.174+0000] {taskinstance.py:2648} INFO - Exporting env vars: AIRFLOW_CTX_DAG_EMAIL='shatayu.thakur@sjsu.edu' AIRFLOW_CTX_DAG_OWNER='Shatayu' AIRFLOW_CTX_DAG_ID='Citibike_Data_ETL' AIRFLOW_CTX_TASK_ID='extract_citibike_data' AIRFLOW_CTX_EXECUTION_DATE='2024-11-22T21:30:00+00:00' AIRFLOW_CTX_TRY_NUMBER='5' AIRFLOW_CTX_DAG_RUN_ID='scheduled__2024-11-22T21:30:00+00:00'
[2024-11-25T05:31:34.177+0000] {taskinstance.py:430} INFO - ::endgroup::
[2024-11-25T05:31:39.448+0000] {logging_mixin.py:188} INFO - Successfully processed: JC-202110-citibike-tripdata.csv
[2024-11-25T05:31:40.451+0000] {logging_mixin.py:188} INFO - Successfully processed: JC-202111-citibike-tripdata.csv
[2024-11-25T05:31:41.303+0000] {logging_mixin.py:188} INFO - Successfully processed: JC-202112-citibike-tripdata.csv
[2024-11-25T05:31:42.020+0000] {logging_mixin.py:188} INFO - Successfully processed: JC-202201-citibike-tripdata.csv
[2024-11-25T05:31:42.782+0000] {logging_mixin.py:188} INFO - Successfully processed: JC-202202-citibike-tripdata.csv
[2024-11-25T05:31:43.595+0000] {logging_mixin.py:188} INFO - Successfully processed: JC-202203-citibike-tripdata.csv
[2024-11-25T05:31:44.622+0000] {logging_mixin.py:188} INFO - Successfully processed: JC-202204-citibike-tripdata.csv
[2024-11-25T05:31:45.706+0000] {logging_mixin.py:188} INFO - Successfully processed: JC-202205-citibike-tripdata.csv
[2024-11-25T05:31:46.828+0000] {logging_mixin.py:188} INFO - Successfully processed: JC-202206-citibike-tripdata.csv
[2024-11-25T05:31:47.885+0000] {logging_mixin.py:188} INFO - Successfully processed: JC-202207-citbike-tripdata.csv
[2024-11-25T05:31:48.953+0000] {logging_mixin.py:188} INFO - Successfully processed: JC-202208-citibike-tripdata.csv
[2024-11-25T05:31:50.071+0000] {logging_mixin.py:188} INFO - Successfully processed: JC-202209-citibike-tripdata.csv
[2024-11-25T05:31:51.116+0000] {logging_mixin.py:188} INFO - Successfully processed: JC-202210-citibike-tripdata.csv
[2024-11-25T05:31:52.162+0000] {logging_mixin.py:188} INFO - Successfully processed: JC-202211-citibike-tripdata.csv
[2024-11-25T05:31:53.012+0000] {logging_mixin.py:188} INFO - Successfully processed: JC-202212-citibike-tripdata.csv
[2024-11-25T05:31:54.027+0000] {logging_mixin.py:188} INFO - Successfully processed: JC-202301-citibike-tripdata.csv
[2024-11-25T05:31:54.966+0000] {logging_mixin.py:188} INFO - Successfully processed: JC-202302-citibike-tripdata.csv
[2024-11-25T05:31:55.998+0000] {logging_mixin.py:188} INFO - Successfully processed: JC-202303-citibike-tripdata.csv
[2024-11-25T05:31:56.940+0000] {logging_mixin.py:188} INFO - Successfully processed: JC-202304-citibike-tripdata.csv
[2024-11-25T05:31:57.970+0000] {logging_mixin.py:188} INFO - Successfully processed: JC-202305-citibike-tripdata.csv
[2024-11-25T05:31:59.210+0000] {logging_mixin.py:188} INFO - Successfully processed: JC-202306-citibike-tripdata.csv
[2024-11-25T05:32:00.252+0000] {logging_mixin.py:188} INFO - Successfully processed: JC-202307-citibike-tripdata.csv
[2024-11-25T05:32:01.451+0000] {logging_mixin.py:188} INFO - Successfully processed: JC-202308-citibike-tripdata.csv
[2024-11-25T05:32:02.527+0000] {logging_mixin.py:188} INFO - Successfully processed: JC-202309-citibike-tripdata.csv
[2024-11-25T05:32:03.536+0000] {logging_mixin.py:188} INFO - Successfully processed: JC-202310-citibike-tripdata.csv
[2024-11-25T05:32:04.518+0000] {logging_mixin.py:188} INFO - Successfully processed: JC-202311-citibike-tripdata.csv
[2024-11-25T05:32:05.419+0000] {logging_mixin.py:188} INFO - Successfully processed: JC-202312-citibike-tripdata.csv
[2024-11-25T05:32:06.364+0000] {logging_mixin.py:188} INFO - Successfully processed: JC-202401-citibike-tripdata.csv
[2024-11-25T05:32:07.257+0000] {logging_mixin.py:188} INFO - Successfully processed: JC-202402-citibike-tripdata.csv
[2024-11-25T05:32:08.230+0000] {logging_mixin.py:188} INFO - Successfully processed: JC-202403-citibike-tripdata.csv
[2024-11-25T05:32:09.311+0000] {logging_mixin.py:188} INFO - Successfully processed: JC-202404-citibike-tripdata.csv
[2024-11-25T05:32:10.340+0000] {logging_mixin.py:188} INFO - Successfully processed: JC-202405-citibike-tripdata.csv
[2024-11-25T05:32:11.503+0000] {logging_mixin.py:188} INFO - Successfully processed: JC-202406-citibike-tripdata.csv
[2024-11-25T05:32:12.637+0000] {logging_mixin.py:188} INFO - Successfully processed: JC-202407-citibike-tripdata.csv
[2024-11-25T05:32:13.684+0000] {logging_mixin.py:188} INFO - Successfully processed: JC-202408-citibike-tripdata.csv
[2024-11-25T05:32:14.832+0000] {logging_mixin.py:188} INFO - Successfully processed: JC-202409-citibike-tripdata.csv
[2024-11-25T05:32:15.954+0000] {logging_mixin.py:188} INFO - Successfully processed: JC-202410-citibike-tripdata.csv
[2024-11-25T05:32:30.445+0000] {python.py:237} INFO - Done. Returned value was: /opt/***/temp_store_proj/extracted_data.csv
[2024-11-25T05:32:30.447+0000] {taskinstance.py:441} INFO - ::group::Post task execution logs
[2024-11-25T05:32:30.465+0000] {taskinstance.py:1206} INFO - Marking task as SUCCESS. dag_id=Citibike_Data_ETL, task_id=extract_citibike_data, run_id=scheduled__2024-11-22T21:30:00+00:00, execution_date=20241122T213000, start_date=20241125T053134, end_date=20241125T053230
[2024-11-25T05:32:30.499+0000] {local_task_job_runner.py:240} INFO - Task exited with return code 0
[2024-11-25T05:32:30.510+0000] {taskinstance.py:3498} INFO - 0 downstream tasks scheduled from follow-on schedule check
[2024-11-25T05:32:30.511+0000] {local_task_job_runner.py:222} INFO - ::endgroup::
