[2024-11-24T08:01:40.044+0000] {local_task_job_runner.py:120} INFO - ::group::Pre task execution logs
[2024-11-24T08:01:40.051+0000] {taskinstance.py:2076} INFO - Dependencies all met for dep_context=non-requeueable deps ti=<TaskInstance: Citibike_Data_ETL.extract_citibike_data scheduled__2024-11-22T21:30:00+00:00 [queued]>
[2024-11-24T08:01:40.055+0000] {taskinstance.py:2076} INFO - Dependencies all met for dep_context=requeueable deps ti=<TaskInstance: Citibike_Data_ETL.extract_citibike_data scheduled__2024-11-22T21:30:00+00:00 [queued]>
[2024-11-24T08:01:40.056+0000] {taskinstance.py:2306} INFO - Starting attempt 2 of 2
[2024-11-24T08:01:40.061+0000] {taskinstance.py:2330} INFO - Executing <Task(_PythonDecoratedOperator): extract_citibike_data> on 2024-11-22 21:30:00+00:00
[2024-11-24T08:01:40.066+0000] {standard_task_runner.py:90} INFO - Running: ['***', 'tasks', 'run', 'Citibike_Data_ETL', 'extract_citibike_data', 'scheduled__2024-11-22T21:30:00+00:00', '--job-id', '8', '--raw', '--subdir', 'DAGS_FOLDER/ETL.py', '--cfg-path', '/tmp/tmpwyvnmdcx']
[2024-11-24T08:01:40.068+0000] {logging_mixin.py:188} WARNING - /home/***/.local/lib/python3.12/site-packages/***/task/task_runner/standard_task_runner.py:61 DeprecationWarning: This process (pid=1364) is multi-threaded, use of fork() may lead to deadlocks in the child.
[2024-11-24T08:01:40.068+0000] {standard_task_runner.py:91} INFO - Job 8: Subtask extract_citibike_data
[2024-11-24T08:01:40.068+0000] {standard_task_runner.py:63} INFO - Started process 1367 to run task
[2024-11-24T08:01:40.098+0000] {task_command.py:426} INFO - Running <TaskInstance: Citibike_Data_ETL.extract_citibike_data scheduled__2024-11-22T21:30:00+00:00 [running]> on host d0062ae4dc93
[2024-11-24T08:01:40.135+0000] {taskinstance.py:2648} INFO - Exporting env vars: AIRFLOW_CTX_DAG_EMAIL='shatayu.thakur@sjsu.edu' AIRFLOW_CTX_DAG_OWNER='Shatayu' AIRFLOW_CTX_DAG_ID='Citibike_Data_ETL' AIRFLOW_CTX_TASK_ID='extract_citibike_data' AIRFLOW_CTX_EXECUTION_DATE='2024-11-22T21:30:00+00:00' AIRFLOW_CTX_TRY_NUMBER='2' AIRFLOW_CTX_DAG_RUN_ID='scheduled__2024-11-22T21:30:00+00:00'
[2024-11-24T08:01:40.137+0000] {taskinstance.py:430} INFO - ::endgroup::
[2024-11-24T08:01:40.938+0000] {logging_mixin.py:188} INFO - Successfully processed: JC-202001-citibike-tripdata.csv
[2024-11-24T08:01:41.604+0000] {logging_mixin.py:188} INFO - Successfully processed: JC-202002-citibike-tripdata.csv
[2024-11-24T08:01:42.288+0000] {logging_mixin.py:188} INFO - Successfully processed: JC-202003-citibike-tripdata.csv
[2024-11-24T08:01:42.825+0000] {logging_mixin.py:188} INFO - Successfully processed: JC-202004-citibike-tripdata.csv
[2024-11-24T08:01:43.489+0000] {logging_mixin.py:188} INFO - Successfully processed: JC-202005-citibike-tripdata.csv
[2024-11-24T08:01:44.250+0000] {logging_mixin.py:188} INFO - Successfully processed: JC-202006-citibike-tripdata.csv
[2024-11-24T08:01:45.038+0000] {logging_mixin.py:188} INFO - Successfully processed: JC-202007-citibike-tripdata.csv
[2024-11-24T08:01:45.822+0000] {logging_mixin.py:188} INFO - Successfully processed: JC-202008-citibike-tripdata.csv
[2024-11-24T08:01:46.703+0000] {logging_mixin.py:188} INFO - Successfully processed: JC-202009-citibike-tripdata.csv
[2024-11-24T08:01:47.330+0000] {logging_mixin.py:188} INFO - Successfully processed: JC-202010-citibike-tripdata.csv
[2024-11-24T08:01:47.967+0000] {logging_mixin.py:188} INFO - Successfully processed: JC-202011-citibike-tripdata.csv
[2024-11-24T08:01:48.569+0000] {logging_mixin.py:188} INFO - Successfully processed: JC-202012-citibike-tripdata.csv
[2024-11-24T08:01:49.136+0000] {logging_mixin.py:188} INFO - Successfully processed: JC-202101-citibike-tripdata.csv
[2024-11-24T08:01:49.594+0000] {logging_mixin.py:188} INFO - Successfully processed: JC-202102-citibike-tripdata.csv
[2024-11-24T08:01:50.231+0000] {logging_mixin.py:188} INFO - Successfully processed: JC-202103-citibike-tripdata.csv
[2024-11-24T08:01:50.919+0000] {logging_mixin.py:188} INFO - Successfully processed: JC-202104-citibike-tripdata.csv
[2024-11-24T08:01:51.699+0000] {logging_mixin.py:188} INFO - Successfully processed: JC-202105-citibike-tripdata.csv
[2024-11-24T08:01:52.667+0000] {logging_mixin.py:188} INFO - Successfully processed: JC-202106-citibike-tripdata.csv
[2024-11-24T08:01:53.717+0000] {logging_mixin.py:188} INFO - Successfully processed: JC-202107-citibike-tripdata.csv
[2024-11-24T08:01:54.797+0000] {logging_mixin.py:188} INFO - Successfully processed: JC-202108-citibike-tripdata.csv
[2024-11-24T08:01:55.934+0000] {logging_mixin.py:188} INFO - Successfully processed: JC-202109-citibike-tripdata.csv
[2024-11-24T08:02:01.184+0000] {logging_mixin.py:188} INFO - Successfully processed: JC-202110-citibike-tripdata.csv
[2024-11-24T08:02:02.123+0000] {logging_mixin.py:188} INFO - Successfully processed: JC-202111-citibike-tripdata.csv
[2024-11-24T08:02:02.991+0000] {logging_mixin.py:188} INFO - Successfully processed: JC-202112-citibike-tripdata.csv
[2024-11-24T08:02:03.717+0000] {logging_mixin.py:188} INFO - Successfully processed: JC-202201-citibike-tripdata.csv
[2024-11-24T08:02:04.490+0000] {logging_mixin.py:188} INFO - Successfully processed: JC-202202-citibike-tripdata.csv
[2024-11-24T08:02:05.411+0000] {logging_mixin.py:188} INFO - Successfully processed: JC-202203-citibike-tripdata.csv
[2024-11-24T08:02:06.362+0000] {logging_mixin.py:188} INFO - Successfully processed: JC-202204-citibike-tripdata.csv
[2024-11-24T08:02:07.374+0000] {logging_mixin.py:188} INFO - Successfully processed: JC-202205-citibike-tripdata.csv
[2024-11-24T08:02:08.504+0000] {logging_mixin.py:188} INFO - Successfully processed: JC-202206-citibike-tripdata.csv
[2024-11-24T08:02:09.613+0000] {logging_mixin.py:188} INFO - Successfully processed: JC-202207-citbike-tripdata.csv
[2024-11-24T08:02:10.644+0000] {logging_mixin.py:188} INFO - Successfully processed: JC-202208-citibike-tripdata.csv
[2024-11-24T08:02:11.788+0000] {logging_mixin.py:188} INFO - Successfully processed: JC-202209-citibike-tripdata.csv
[2024-11-24T08:02:12.857+0000] {logging_mixin.py:188} INFO - Successfully processed: JC-202210-citibike-tripdata.csv
[2024-11-24T08:02:13.824+0000] {logging_mixin.py:188} INFO - Successfully processed: JC-202211-citibike-tripdata.csv
[2024-11-24T08:02:14.690+0000] {logging_mixin.py:188} INFO - Successfully processed: JC-202212-citibike-tripdata.csv
[2024-11-24T08:02:15.599+0000] {logging_mixin.py:188} INFO - Successfully processed: JC-202301-citibike-tripdata.csv
[2024-11-24T08:02:16.452+0000] {logging_mixin.py:188} INFO - Successfully processed: JC-202302-citibike-tripdata.csv
[2024-11-24T08:02:17.462+0000] {logging_mixin.py:188} INFO - Successfully processed: JC-202303-citibike-tripdata.csv
[2024-11-24T08:02:18.532+0000] {logging_mixin.py:188} INFO - Successfully processed: JC-202304-citibike-tripdata.csv
[2024-11-24T08:02:19.654+0000] {logging_mixin.py:188} INFO - Successfully processed: JC-202305-citibike-tripdata.csv
[2024-11-24T08:02:20.833+0000] {logging_mixin.py:188} INFO - Successfully processed: JC-202306-citibike-tripdata.csv
[2024-11-24T08:02:27.001+0000] {logging_mixin.py:188} INFO - Successfully processed: JC-202307-citibike-tripdata.csv
[2024-11-24T08:02:28.234+0000] {logging_mixin.py:188} INFO - Successfully processed: JC-202308-citibike-tripdata.csv
[2024-11-24T08:02:29.360+0000] {logging_mixin.py:188} INFO - Successfully processed: JC-202309-citibike-tripdata.csv
[2024-11-24T08:02:30.475+0000] {logging_mixin.py:188} INFO - Successfully processed: JC-202310-citibike-tripdata.csv
[2024-11-24T08:02:31.540+0000] {logging_mixin.py:188} INFO - Successfully processed: JC-202311-citibike-tripdata.csv
[2024-11-24T08:02:32.479+0000] {logging_mixin.py:188} INFO - Successfully processed: JC-202312-citibike-tripdata.csv
[2024-11-24T08:02:33.386+0000] {logging_mixin.py:188} INFO - Successfully processed: JC-202401-citibike-tripdata.csv
[2024-11-24T08:02:34.343+0000] {logging_mixin.py:188} INFO - Successfully processed: JC-202402-citibike-tripdata.csv
[2024-11-24T08:02:35.345+0000] {logging_mixin.py:188} INFO - Successfully processed: JC-202403-citibike-tripdata.csv
[2024-11-24T08:02:36.386+0000] {logging_mixin.py:188} INFO - Successfully processed: JC-202404-citibike-tripdata.csv
[2024-11-24T08:02:37.523+0000] {logging_mixin.py:188} INFO - Successfully processed: JC-202405-citibike-tripdata.csv
[2024-11-24T08:02:38.717+0000] {logging_mixin.py:188} INFO - Successfully processed: JC-202406-citibike-tripdata.csv
[2024-11-24T08:02:39.860+0000] {logging_mixin.py:188} INFO - Successfully processed: JC-202407-citibike-tripdata.csv
[2024-11-24T08:02:40.975+0000] {logging_mixin.py:188} INFO - Successfully processed: JC-202408-citibike-tripdata.csv
[2024-11-24T08:02:42.163+0000] {logging_mixin.py:188} INFO - Successfully processed: JC-202409-citibike-tripdata.csv
[2024-11-24T08:02:43.768+0000] {logging_mixin.py:188} INFO - Successfully processed: JC-202410-citibike-tripdata.csv
[2024-11-24T08:02:43.769+0000] {logging_mixin.py:188} INFO - Reached 202411, exiting extraction.
[2024-11-24T08:02:44.720+0000] {python.py:237} INFO - Done. Returned value was:          tripduration                 starttime  ...    end_lng  member_casual
0               226.0  2020-01-01 00:04:50.1920  ...        NaN            NaN
1               377.0  2020-01-01 00:16:01.6700  ...        NaN            NaN
2               288.0  2020-01-01 00:17:33.8770  ...        NaN            NaN
3               435.0  2020-01-01 00:32:05.9020  ...        NaN            NaN
4               231.0  2020-01-01 00:46:19.6780  ...        NaN            NaN
...               ...                       ...  ...        ...            ...
3777900           NaN                       NaN  ... -74.028865         casual
3777901           NaN                       NaN  ... -74.028865         member
3777902           NaN                       NaN  ... -74.028865         member
3777903           NaN                       NaN  ... -74.028865         member
3777904           NaN                       NaN  ... -74.028865         member

[3777905 rows x 28 columns]
[2024-11-24T08:02:44.741+0000] {taskinstance.py:441} INFO - ::group::Post task execution logs
[2024-11-24T08:02:53.797+0000] {local_task_job_runner.py:240} INFO - Task exited with return code -9
[2024-11-24T08:02:53.893+0000] {taskinstance.py:3498} INFO - 0 downstream tasks scheduled from follow-on schedule check
[2024-11-24T08:02:53.894+0000] {local_task_job_runner.py:222} INFO - ::endgroup::
