[2024-11-26T22:12:43.546+0000] {local_task_job_runner.py:120} INFO - ::group::Pre task execution logs
[2024-11-26T22:12:43.554+0000] {taskinstance.py:2076} INFO - Dependencies all met for dep_context=non-requeueable deps ti=<TaskInstance: Weather_Realtime_Data_ETL.extract_weather_current_data scheduled__2024-11-26T21:30:00+00:00 [queued]>
[2024-11-26T22:12:43.558+0000] {taskinstance.py:2076} INFO - Dependencies all met for dep_context=requeueable deps ti=<TaskInstance: Weather_Realtime_Data_ETL.extract_weather_current_data scheduled__2024-11-26T21:30:00+00:00 [queued]>
[2024-11-26T22:12:43.559+0000] {taskinstance.py:2306} INFO - Starting attempt 2 of 3
[2024-11-26T22:12:43.564+0000] {taskinstance.py:2330} INFO - Executing <Task(_PythonDecoratedOperator): extract_weather_current_data> on 2024-11-26 21:30:00+00:00
[2024-11-26T22:12:43.570+0000] {logging_mixin.py:188} WARNING - /home/***/.local/lib/python3.12/site-packages/***/task/task_runner/standard_task_runner.py:61 DeprecationWarning: This process (pid=23025) is multi-threaded, use of fork() may lead to deadlocks in the child.
[2024-11-26T22:12:43.571+0000] {standard_task_runner.py:63} INFO - Started process 23028 to run task
[2024-11-26T22:12:43.570+0000] {standard_task_runner.py:90} INFO - Running: ['***', 'tasks', 'run', 'Weather_Realtime_Data_ETL', 'extract_weather_current_data', 'scheduled__2024-11-26T21:30:00+00:00', '--job-id', '273', '--raw', '--subdir', 'DAGS_FOLDER/ETL_weather_realtime.py', '--cfg-path', '/tmp/tmpjrgw5yne']
[2024-11-26T22:12:43.572+0000] {standard_task_runner.py:91} INFO - Job 273: Subtask extract_weather_current_data
[2024-11-26T22:12:43.603+0000] {task_command.py:426} INFO - Running <TaskInstance: Weather_Realtime_Data_ETL.extract_weather_current_data scheduled__2024-11-26T21:30:00+00:00 [running]> on host 5de3b6ca18a7
[2024-11-26T22:12:43.646+0000] {taskinstance.py:2648} INFO - Exporting env vars: AIRFLOW_CTX_DAG_EMAIL='shatayu.thakur@sjsu.edu' AIRFLOW_CTX_DAG_OWNER='Shatayu' AIRFLOW_CTX_DAG_ID='Weather_Realtime_Data_ETL' AIRFLOW_CTX_TASK_ID='extract_weather_current_data' AIRFLOW_CTX_EXECUTION_DATE='2024-11-26T21:30:00+00:00' AIRFLOW_CTX_TRY_NUMBER='2' AIRFLOW_CTX_DAG_RUN_ID='scheduled__2024-11-26T21:30:00+00:00'
[2024-11-26T22:12:43.647+0000] {taskinstance.py:430} INFO - ::endgroup::
[2024-11-26T22:12:47.539+0000] {logging_mixin.py:188} INFO - Raw Output in JSON {'location': {'name': 'Jersey City', 'region': 'New Jersey', 'country': 'United States of America', 'lat': 40.7281, 'lon': -74.0781, 'tz_id': 'America/New_York', 'localtime_epoch': 1732658506, 'localtime': '2024-11-26 17:01'}, 'current': {'last_updated_epoch': 1732658400, 'last_updated': '2024-11-26 17:00', 'temp_c': 15.6, 'temp_f': 60.1, 'is_day': 0, 'condition': {'text': 'Partly cloudy', 'icon': '//cdn.weatherapi.com/weather/64x64/night/116.png', 'code': 1003}, 'wind_mph': 10.5, 'wind_kph': 16.9, 'wind_degree': 298, 'wind_dir': 'WNW', 'pressure_mb': 1011.0, 'pressure_in': 29.84, 'precip_mm': 0.0, 'precip_in': 0.0, 'humidity': 40, 'cloud': 25, 'feelslike_c': 15.6, 'feelslike_f': 60.1, 'windchill_c': 11.8, 'windchill_f': 53.3, 'heatindex_c': 13.3, 'heatindex_f': 56.0, 'dewpoint_c': 7.8, 'dewpoint_f': 46.0, 'vis_km': 16.0, 'vis_miles': 9.0, 'uv': 0.0, 'gust_mph': 15.3, 'gust_kph': 24.6}}
[2024-11-26T22:12:47.545+0000] {logging_mixin.py:188} INFO - Current Data for Jersey City, New Jersey:
[2024-11-26T22:12:47.559+0000] {logging_mixin.py:188} INFO -         last_updated  temp_f  feelslike_f  humidity  precip_mm
0  2024-11-26 17:00    60.1         60.1        40        0.0
[2024-11-26T22:12:47.560+0000] {python.py:237} INFO - Done. Returned value was:        last_updated  temp_f  feelslike_f  humidity  precip_mm
0  2024-11-26 17:00    60.1         60.1        40        0.0
[2024-11-26T22:12:47.564+0000] {taskinstance.py:441} INFO - ::group::Post task execution logs
[2024-11-26T22:12:47.602+0000] {taskinstance.py:1206} INFO - Marking task as SUCCESS. dag_id=Weather_Realtime_Data_ETL, task_id=extract_weather_current_data, run_id=scheduled__2024-11-26T21:30:00+00:00, execution_date=20241126T213000, start_date=20241126T221243, end_date=20241126T221247
[2024-11-26T22:12:47.633+0000] {local_task_job_runner.py:240} INFO - Task exited with return code 0
[2024-11-26T22:12:47.646+0000] {taskinstance.py:3498} INFO - 1 downstream tasks scheduled from follow-on schedule check
[2024-11-26T22:12:47.647+0000] {local_task_job_runner.py:222} INFO - ::endgroup::
