[2024-12-05T17:35:14.028+0000] {local_task_job_runner.py:120} INFO - ::group::Pre task execution logs
[2024-12-05T17:35:14.039+0000] {taskinstance.py:2076} INFO - Dependencies all met for dep_context=non-requeueable deps ti=<TaskInstance: Weather_Hist_Data_ETL.load_weather_hist_data manual__2024-12-05T17:35:11.071342+00:00 [queued]>
[2024-12-05T17:35:14.044+0000] {taskinstance.py:2076} INFO - Dependencies all met for dep_context=requeueable deps ti=<TaskInstance: Weather_Hist_Data_ETL.load_weather_hist_data manual__2024-12-05T17:35:11.071342+00:00 [queued]>
[2024-12-05T17:35:14.044+0000] {taskinstance.py:2306} INFO - Starting attempt 1 of 2
[2024-12-05T17:35:14.050+0000] {taskinstance.py:2330} INFO - Executing <Task(_PythonDecoratedOperator): load_weather_hist_data> on 2024-12-05 17:35:11.071342+00:00
[2024-12-05T17:35:14.057+0000] {logging_mixin.py:188} WARNING - /home/***/.local/lib/python3.12/site-packages/***/task/task_runner/standard_task_runner.py:61 DeprecationWarning: This process (pid=560) is multi-threaded, use of fork() may lead to deadlocks in the child.
[2024-12-05T17:35:14.056+0000] {standard_task_runner.py:90} INFO - Running: ['***', 'tasks', 'run', 'Weather_Hist_Data_ETL', 'load_weather_hist_data', 'manual__2024-12-05T17:35:11.071342+00:00', '--job-id', '462', '--raw', '--subdir', 'DAGS_FOLDER/ETL_weather_historical.py', '--cfg-path', '/tmp/tmpiu084280']
[2024-12-05T17:35:14.058+0000] {standard_task_runner.py:63} INFO - Started process 566 to run task
[2024-12-05T17:35:14.058+0000] {standard_task_runner.py:91} INFO - Job 462: Subtask load_weather_hist_data
[2024-12-05T17:35:14.082+0000] {task_command.py:426} INFO - Running <TaskInstance: Weather_Hist_Data_ETL.load_weather_hist_data manual__2024-12-05T17:35:11.071342+00:00 [running]> on host 5de3b6ca18a7
[2024-12-05T17:35:14.196+0000] {taskinstance.py:2648} INFO - Exporting env vars: AIRFLOW_CTX_DAG_EMAIL='shatayu.thakur@sjsu.edu' AIRFLOW_CTX_DAG_OWNER='Shatayu' AIRFLOW_CTX_DAG_ID='Weather_Hist_Data_ETL' AIRFLOW_CTX_TASK_ID='load_weather_hist_data' AIRFLOW_CTX_EXECUTION_DATE='2024-12-05T17:35:11.071342+00:00' AIRFLOW_CTX_TRY_NUMBER='1' AIRFLOW_CTX_DAG_RUN_ID='manual__2024-12-05T17:35:11.071342+00:00'
[2024-12-05T17:35:14.197+0000] {taskinstance.py:430} INFO - ::endgroup::
[2024-12-05T17:35:14.201+0000] {base.py:84} INFO - Using connection ID 'snowflake_conn' for task execution.
[2024-12-05T17:35:14.202+0000] {connection.py:399} INFO - Snowflake Connector for Python Version: 3.10.0, Python Version: 3.12.3, Platform: Linux-6.10.11-linuxkit-aarch64-with-glibc2.36
[2024-12-05T17:35:14.202+0000] {connection.py:1239} INFO - This connection is in OCSP Fail Open Mode. TLS Certificates would be checked for validity and revocation status. Any other Certificate Revocation related exceptions or OCSP Responder failures would be disregarded in favor of connectivity.
[2024-12-05T17:35:14.741+0000] {cursor.py:1149} INFO - Number of results in first chunk: 1
[2024-12-05T17:35:14.741+0000] {logging_mixin.py:188} INFO - Row count for data to be pushed:  27048
[2024-12-05T17:35:15.000+0000] {cursor.py:1149} INFO - Number of results in first chunk: 1
[2024-12-05T17:35:15.115+0000] {cursor.py:1149} INFO - Number of results in first chunk: 1
[2024-12-05T17:35:15.251+0000] {cursor.py:1149} INFO - Number of results in first chunk: 1
[2024-12-05T17:35:15.252+0000] {logging_mixin.py:188} INFO - File format created successfully.
[2024-12-05T17:35:15.490+0000] {cursor.py:1149} INFO - Number of results in first chunk: 1
[2024-12-05T17:35:15.490+0000] {logging_mixin.py:188} INFO - Stage created successfully.
[2024-12-05T17:35:17.278+0000] {logging_mixin.py:188} INFO - Data uploaded to stage successfully.
[2024-12-05T17:35:17.653+0000] {cursor.py:1149} INFO - Number of results in first chunk: 1
[2024-12-05T17:35:17.653+0000] {logging_mixin.py:188} INFO - Target Table Initialized and Ready to Store Historical Weather Data from ETL
[2024-12-05T17:35:18.087+0000] {cursor.py:1149} INFO - Number of results in first chunk: 1
[2024-12-05T17:35:18.087+0000] {logging_mixin.py:188} INFO - Data loaded successfully into Snowflake table.
[2024-12-05T17:35:18.176+0000] {cursor.py:1149} INFO - Number of results in first chunk: 1
[2024-12-05T17:35:18.176+0000] {logging_mixin.py:188} INFO - Transaction committed. Data load complete.
[2024-12-05T17:35:18.177+0000] {connection.py:762} INFO - closed
[2024-12-05T17:35:18.220+0000] {connection.py:768} INFO - No async queries seem to be running, deleting session
[2024-12-05T17:35:18.269+0000] {python.py:237} INFO - Done. Returned value was: None
[2024-12-05T17:35:18.269+0000] {taskinstance.py:441} INFO - ::group::Post task execution logs
[2024-12-05T17:35:18.275+0000] {taskinstance.py:1206} INFO - Marking task as SUCCESS. dag_id=Weather_Hist_Data_ETL, task_id=load_weather_hist_data, run_id=manual__2024-12-05T17:35:11.071342+00:00, execution_date=20241205T173511, start_date=20241205T173514, end_date=20241205T173518
[2024-12-05T17:35:18.292+0000] {local_task_job_runner.py:240} INFO - Task exited with return code 0
[2024-12-05T17:35:18.302+0000] {taskinstance.py:3498} INFO - 0 downstream tasks scheduled from follow-on schedule check
[2024-12-05T17:35:18.303+0000] {local_task_job_runner.py:222} INFO - ::endgroup::
