[2024-11-27T17:06:03.183+0000] {local_task_job_runner.py:120} INFO - ::group::Pre task execution logs
[2024-11-27T17:06:03.190+0000] {taskinstance.py:2076} INFO - Dependencies all met for dep_context=non-requeueable deps ti=<TaskInstance: Weather_Realtime_Data_ETL.extract_weather_current_data scheduled__2024-11-27T16:30:00+00:00 [queued]>
[2024-11-27T17:06:03.193+0000] {taskinstance.py:2076} INFO - Dependencies all met for dep_context=requeueable deps ti=<TaskInstance: Weather_Realtime_Data_ETL.extract_weather_current_data scheduled__2024-11-27T16:30:00+00:00 [queued]>
[2024-11-27T17:06:03.193+0000] {taskinstance.py:2306} INFO - Starting attempt 1 of 2
[2024-11-27T17:06:03.198+0000] {taskinstance.py:2330} INFO - Executing <Task(_PythonDecoratedOperator): extract_weather_current_data> on 2024-11-27 16:30:00+00:00
[2024-11-27T17:06:03.202+0000] {logging_mixin.py:188} WARNING - /home/***/.local/lib/python3.12/site-packages/***/task/task_runner/standard_task_runner.py:61 DeprecationWarning: This process (pid=36029) is multi-threaded, use of fork() may lead to deadlocks in the child.
[2024-11-27T17:06:03.203+0000] {standard_task_runner.py:63} INFO - Started process 36032 to run task
[2024-11-27T17:06:03.202+0000] {standard_task_runner.py:90} INFO - Running: ['***', 'tasks', 'run', 'Weather_Realtime_Data_ETL', 'extract_weather_current_data', 'scheduled__2024-11-27T16:30:00+00:00', '--job-id', '361', '--raw', '--subdir', 'DAGS_FOLDER/ETL_weather_realtime.py', '--cfg-path', '/tmp/tmpsonrvs6e']
[2024-11-27T17:06:03.204+0000] {standard_task_runner.py:91} INFO - Job 361: Subtask extract_weather_current_data
[2024-11-27T17:06:03.224+0000] {task_command.py:426} INFO - Running <TaskInstance: Weather_Realtime_Data_ETL.extract_weather_current_data scheduled__2024-11-27T16:30:00+00:00 [running]> on host 5de3b6ca18a7
[2024-11-27T17:06:03.261+0000] {taskinstance.py:2648} INFO - Exporting env vars: AIRFLOW_CTX_DAG_EMAIL='shatayu.thakur@sjsu.edu' AIRFLOW_CTX_DAG_OWNER='Shatayu' AIRFLOW_CTX_DAG_ID='Weather_Realtime_Data_ETL' AIRFLOW_CTX_TASK_ID='extract_weather_current_data' AIRFLOW_CTX_EXECUTION_DATE='2024-11-27T16:30:00+00:00' AIRFLOW_CTX_TRY_NUMBER='1' AIRFLOW_CTX_DAG_RUN_ID='scheduled__2024-11-27T16:30:00+00:00'
[2024-11-27T17:06:03.261+0000] {taskinstance.py:430} INFO - ::endgroup::
[2024-11-27T17:06:03.550+0000] {logging_mixin.py:188} INFO - Raw Output in JSON {'location': {'name': 'Jersey City', 'region': 'New Jersey', 'country': 'United States of America', 'lat': 40.7281, 'lon': -74.0781, 'tz_id': 'America/New_York', 'localtime_epoch': 1732726467, 'localtime': '2024-11-27 11:54'}, 'current': {'last_updated_epoch': 1732725900, 'last_updated': '2024-11-27 11:45', 'temp_c': 8.3, 'temp_f': 46.9, 'is_day': 1, 'condition': {'text': 'Sunny', 'icon': '//cdn.weatherapi.com/weather/64x64/day/113.png', 'code': 1000}, 'wind_mph': 8.3, 'wind_kph': 13.3, 'wind_degree': 286, 'wind_dir': 'WNW', 'pressure_mb': 1018.0, 'pressure_in': 30.06, 'precip_mm': 0.0, 'precip_in': 0.0, 'humidity': 45, 'cloud': 0, 'feelslike_c': 6.1, 'feelslike_f': 42.9, 'windchill_c': 4.4, 'windchill_f': 39.9, 'heatindex_c': 6.8, 'heatindex_f': 44.2, 'dewpoint_c': 0.4, 'dewpoint_f': 32.7, 'vis_km': 16.0, 'vis_miles': 9.0, 'uv': 1.5, 'gust_mph': 10.1, 'gust_kph': 16.2}}
[2024-11-27T17:06:03.552+0000] {logging_mixin.py:188} INFO - Current Data for Jersey City, New Jersey:
[2024-11-27T17:06:03.559+0000] {logging_mixin.py:188} INFO -         last_updated  temp_f  feelslike_f  humidity  precip_mm
0  2024-11-27 11:45    46.9         42.9        45        0.0
[2024-11-27T17:06:03.559+0000] {python.py:237} INFO - Done. Returned value was:        last_updated  temp_f  feelslike_f  humidity  precip_mm
0  2024-11-27 11:45    46.9         42.9        45        0.0
[2024-11-27T17:06:03.561+0000] {taskinstance.py:441} INFO - ::group::Post task execution logs
[2024-11-27T17:06:03.596+0000] {taskinstance.py:1206} INFO - Marking task as SUCCESS. dag_id=Weather_Realtime_Data_ETL, task_id=extract_weather_current_data, run_id=scheduled__2024-11-27T16:30:00+00:00, execution_date=20241127T163000, start_date=20241127T170603, end_date=20241127T170603
[2024-11-27T17:06:03.630+0000] {local_task_job_runner.py:240} INFO - Task exited with return code 0
[2024-11-27T17:06:03.644+0000] {taskinstance.py:3498} INFO - 1 downstream tasks scheduled from follow-on schedule check
[2024-11-27T17:06:03.645+0000] {local_task_job_runner.py:222} INFO - ::endgroup::
